ARM GAS  /tmp/cc0EQzmO.s 			page 1


   1              		.arch armv8.1-m.main
   2              		.fpu fpv5-d16
   3              		.arch_extension dsp
   4              		.arch_extension fp
   5              		.arch_extension fp.dp
   6              		.arch_extension mve
   7              		.arch_extension mve.fp
   8              		.eabi_attribute 5, "cortex-m55"
   9              		.eabi_attribute 28, 1
  10              		.eabi_attribute 20, 1
  11              		.eabi_attribute 21, 1
  12              		.eabi_attribute 23, 3
  13              		.eabi_attribute 24, 1
  14              		.eabi_attribute 25, 1
  15              		.eabi_attribute 26, 1
  16              		.eabi_attribute 30, 4
  17              		.eabi_attribute 34, 1
  18              		.eabi_attribute 38, 1
  19              		.eabi_attribute 18, 4
  20              		.file	"crop_img.c"
  21              		.text
  22              	.Ltext0:
  23              		.cfi_sections	.debug_frame
  24              		.file 1 "Src/crop_img.c"
  25              		.section	.text.img_crop,"ax",%progbits
  26              		.align	1
  27              		.global	img_crop
  28              		.syntax unified
  29              		.thumb
  30              		.thumb_func
  32              	img_crop:
  33              	.LVL0:
  34              	.LFB774:
   1:Src/crop_img.c **** #include "crop_img.h"
   2:Src/crop_img.c **** #include <assert.h>
   3:Src/crop_img.c **** 
   4:Src/crop_img.c **** void img_crop(uint8_t *src_image, uint8_t *dst_img, const uint32_t src_stride,
   5:Src/crop_img.c ****               const uint16_t dst_width, const uint16_t height,
   6:Src/crop_img.c ****               const uint16_t dst_bpp)
   7:Src/crop_img.c **** {
  35              		.loc 1 7 1 view -0
  36              		.cfi_startproc
  37              		@ args = 8, pretend = 0, frame = 0
  38              		@ frame_needed = 0, uses_anonymous_args = 0
   8:Src/crop_img.c ****   const uint8_t *pIn = src_image;
  39              		.loc 1 8 3 view .LVU1
   9:Src/crop_img.c ****   uint8_t *pOut = dst_img;
  40              		.loc 1 9 3 view .LVU2
   7:Src/crop_img.c ****   const uint8_t *pIn = src_image;
  41              		.loc 1 7 1 is_stmt 0 view .LVU3
  42 0000 2DE9F843 		push	{r3, r4, r5, r6, r7, r8, r9, lr}
  43              		.cfi_def_cfa_offset 32
  44              		.cfi_offset 3, -32
  45              		.cfi_offset 4, -28
  46              		.cfi_offset 5, -24
  47              		.cfi_offset 6, -20
  48              		.cfi_offset 7, -16
ARM GAS  /tmp/cc0EQzmO.s 			page 2


  49              		.cfi_offset 8, -12
  50              		.cfi_offset 9, -8
  51              		.cfi_offset 14, -4
   7:Src/crop_img.c ****   const uint8_t *pIn = src_image;
  52              		.loc 1 7 1 view .LVU4
  53 0004 0D46     		mov	r5, r1
  54              	.LVL1:
  10:Src/crop_img.c ****   const uint32_t dst_line_size = (dst_width * dst_bpp);
  55              		.loc 1 10 3 is_stmt 1 view .LVU5
  56 0006 0446     		mov	r4, r0
  57              	.LBB2:
  11:Src/crop_img.c **** 
  12:Src/crop_img.c ****   /* Copy line per line */
  13:Src/crop_img.c ****   for (uint32_t i = 0; i < height; i++)
  58              		.loc 1 13 17 is_stmt 0 view .LVU6
  59 0008 0027     		movs	r7, #0
  60              	.LBE2:
   7:Src/crop_img.c ****   const uint8_t *pIn = src_image;
  61              		.loc 1 7 1 view .LVU7
  62 000a 9046     		mov	r8, r2
  10:Src/crop_img.c ****   const uint32_t dst_line_size = (dst_width * dst_bpp);
  63              		.loc 1 10 45 view .LVU8
  64 000c BDF82420 		ldrh	r2, [sp, #36]
  65              	.LVL2:
   7:Src/crop_img.c ****   const uint8_t *pIn = src_image;
  66              		.loc 1 7 1 view .LVU9
  67 0010 BDF82090 		ldrh	r9, [sp, #32]
  10:Src/crop_img.c ****   const uint32_t dst_line_size = (dst_width * dst_bpp);
  68              		.loc 1 10 45 view .LVU10
  69 0014 02FB03F6 		mul	r6, r2, r3
  70              	.LVL3:
  71              		.loc 1 13 3 is_stmt 1 view .LVU11
  72              	.LBB3:
  73              		.loc 1 13 8 view .LVU12
  74              	.L2:
  75              		.loc 1 13 26 discriminator 1 view .LVU13
  76 0018 B945     		cmp	r9, r7
  77 001a 01D8     		bhi	.L3
  78              		.loc 1 13 26 is_stmt 0 discriminator 1 view .LVU14
  79              	.LBE3:
  14:Src/crop_img.c ****   {
  15:Src/crop_img.c ****     memcpy(pOut, pIn + (i * src_stride), dst_line_size);
  16:Src/crop_img.c ****     pOut += dst_line_size;
  17:Src/crop_img.c ****   }
  18:Src/crop_img.c **** }...
  80              		.loc 1 18 1 view .LVU15
  81 001c BDE8F883 		pop	{r3, r4, r5, r6, r7, r8, r9, pc}
  82              	.LVL4:
  83              	.L3:
  84              	.LBB4:
  15:Src/crop_img.c ****     memcpy(pOut, pIn + (i * src_stride), dst_line_size);
  85              		.loc 1 15 5 is_stmt 1 view .LVU16
  86 0020 2146     		mov	r1, r4
  87 0022 2846     		mov	r0, r5
  88 0024 3246     		mov	r2, r6
  89 0026 FFF7FEFF 		bl	memcpy
  90              	.LVL5:
ARM GAS  /tmp/cc0EQzmO.s 			page 3


  16:Src/crop_img.c ****     pOut += dst_line_size;
  91              		.loc 1 16 5 view .LVU17
  16:Src/crop_img.c ****     pOut += dst_line_size;
  92              		.loc 1 16 10 is_stmt 0 view .LVU18
  93 002a 3544     		add	r5, r5, r6
  94              	.LVL6:
  13:Src/crop_img.c ****   for (uint32_t i = 0; i < height; i++)
  95              		.loc 1 13 37 is_stmt 1 discriminator 3 view .LVU19
  96 002c 0137     		adds	r7, r7, #1
  97              	.LVL7:
  13:Src/crop_img.c ****   for (uint32_t i = 0; i < height; i++)
  98              		.loc 1 13 37 is_stmt 0 discriminator 3 view .LVU20
  99 002e 4444     		add	r4, r4, r8
 100 0030 F2E7     		b	.L2
 101              	.LBE4:
 102              		.cfi_endproc
 103              	.LFE774:
 105              		.text
 106              	.Letext0:
 107              		.file 2 "/opt/st/stm32cubeclt_1.21.0/GNU-tools-for-STM32/arm-none-eabi/include/machine/_default_ty
 108              		.file 3 "/opt/st/stm32cubeclt_1.21.0/GNU-tools-for-STM32/arm-none-eabi/include/sys/_stdint.h"
 109              		.file 4 "/opt/st/stm32cubeclt_1.21.0/GNU-tools-for-STM32/arm-none-eabi/include/string.h"
 110              		.file 5 "<built-in>"
ARM GAS  /tmp/cc0EQzmO.s 			page 4


DEFINED SYMBOLS
                            *ABS*:00000000 crop_img.c
     /tmp/cc0EQzmO.s:26     .text.img_crop:00000000 $t
     /tmp/cc0EQzmO.s:32     .text.img_crop:00000000 img_crop
                           .group:00000000 wm4.0.43608cab4da50df6ba2dfee95636a2b5
                           .group:00000000 wm4.arm_math_types.h.28.9e71aea5cdf6aebdd83091bf39b4832a
                           .group:00000000 wm4._newlib_version.h.4.0eb654b64686e2bd29646258853f6c22
                           .group:00000000 wm4.features.h.33.d554620bb17bd3b714c3fb5c268772bc
                           .group:00000000 wm4._default_types.h.15.247e5cd201eca3442cbf5404108c4935
                           .group:00000000 wm4._intsup.h.10.48bafbb683905c4daa4565a85aeeb264
                           .group:00000000 wm4._stdint.h.10.c24fa3af3bc1706662bb5593a907e841
                           .group:00000000 wm4.stdint.h.23.d53047a68f4a85177f80b422d52785ed
                           .group:00000000 wm4.arm_acle.h.28.a0697f530ff2dbf8c463bef049b82760
                           .group:00000000 wm4.cmsis_gcc.h.39.eba7438bc45fd1a6e6376b63ffe44436
                           .group:00000000 wm4.cmsis_gcc_m.h.24.e590ec51aeda3a1242400351d73f5dce
                           .group:00000000 wm4.newlib.h.7.decd5b9657e2c5df625d9eac6e10520c
                           .group:00000000 wm4.ieeefp.h.77.99029d7b8220a2cd73dd257e2bbe825d
                           .group:00000000 wm4.config.h.224.10ee1ad185d877c6e334e6581faab44d
                           .group:00000000 wm4._ansi.h.31.de524f58584151836e90d8620a16f8e8
                           .group:00000000 wm4.stddef.h.39.811583f327f35b0df7808fda70b062a0
                           .group:00000000 wm4.cdefs.h.49.56fd742369e655e7e8a7e365e706e208
                           .group:00000000 wm4._types.h.20.dd0d04dca3800a0d2a6129b87f3adbb2
                           .group:00000000 wm4.stddef.h.173.4903093a50a8482cb062b176ea61fac3
                           .group:00000000 wm4._types.h.127.3bdfe3ff8ea2d0985b03d9cbe93480e3
                           .group:00000000 wm4.reent.h.18.25503cdc8b7e55dd0d6ea7b3e5af7a03
                           .group:00000000 wm4.lock.h.2.1461d1fff82dffe8bfddc23307f6484f
                           .group:00000000 wm4.reent.h.78.6d702f69a6d6435d2dbe915b10150b1a
                           .group:00000000 wm4.string.h.15.dab3980bf35408a4c507182805e2de3a
                           .group:00000000 wm4.stddef.h.173.1cea4f16a943c8e875db6791959c3141
                           .group:00000000 wm4.string.h.177.59a005921fa78485abc80a0267de5752
                           .group:00000000 wm4.math.h.13.47cfc34cae8a1153323939c4d32cf7c2
                           .group:00000000 wm4.float.h.29.0e9d9baf95ec39f9555dc80c6e28186b
                           .group:00000000 wm4.syslimits.h.34.de5cbd310098bc5895998b6bde577ed2
                           .group:00000000 wm4.limits.h.9.70fb0ada6f71b16202a66baaa6d8ea70
                           .group:00000000 wm4.limits.h.60.56a1ae353e2028a24298ec6463b8b593
                           .group:00000000 wm4.arm_math_types.h.116.3e44bd031718f65bdb345972ddc8cf86
                           .group:00000000 wm4.stdbool.h.29.c08aa3eec75cf5b9b5003883f43253f0
                           .group:00000000 wm4.arm_mve.h.48.53b982d307987e8d8669fd51fdc5e583
                           .group:00000000 wm4.arm_math_types.h.605.32c5d7843b3dcaa8f5174feea7de7445
                           .group:00000000 wm4.arm_math_memory.h.28.3ee75b06517df8378241b72d6c61e5b0
                           .group:00000000 wm4.none.h.185.db055cca83e83f96d8d0bb450fbdf4bb
                           .group:00000000 wm4.utils.h.41.820d6032ed1c0d7dd5bd2ed80938ee65
                           .group:00000000 wm4.fast_math_functions.h.28.aa389abd5521cfceab0e76a6af3dd2e2
                           .group:00000000 wm4.matrix_functions.h.28.8fc8488c73b2d6f328b0946db3460102
                           .group:00000000 wm4.controller_functions.h.28.388735b97ccd96442b0ac9e554629f36
                           .group:00000000 wm4.filtering_functions.h.46.6cf1424fb1f86d5f9958d208b83340a1
                           .group:00000000 wm4.assert.h.11.db24e541f16414db224bf986d21017e2

UNDEFINED SYMBOLS
memcpy
