ARM GAS  /tmp/ccE8OU4h.s 			page 1


   1              		.arch armv8.1-m.main
   2              		.fpu fpv5-d16
   3              		.arch_extension dsp
   4              		.arch_extension fp
   5              		.arch_extension fp.dp
   6              		.arch_extension mve
   7              		.arch_extension mve.fp
   8              		.eabi_attribute 5, "cortex-m55"
   9              		.eabi_attribute 28, 1
  10              		.eabi_attribute 20, 1
  11              		.eabi_attribute 21, 1
  12              		.eabi_attribute 23, 3
  13              		.eabi_attribute 24, 1
  14              		.eabi_attribute 25, 1
  15              		.eabi_attribute 26, 1
  16              		.eabi_attribute 30, 4
  17              		.eabi_attribute 34, 1
  18              		.eabi_attribute 38, 1
  19              		.eabi_attribute 18, 4
  20              		.file	"isp_awb_algo.c"
  21              		.text
  22              	.Ltext0:
  23              		.cfi_sections	.debug_frame
  24              		.file 1 "../Middlewares/stm32-mw-camera/ISP_Library/isp/Src/isp_awb_algo.c"
  25              		.section	.text.ISP_AWB_Init,"ax",%progbits
  26              		.align	1
  27              		.global	ISP_AWB_Init
  28              		.syntax unified
  29              		.thumb
  30              		.thumb_func
  32              	ISP_AWB_Init:
  33              	.LVL0:
  34              	.LFB884:
   1:../Middlewares/stm32-mw-camera/ISP_Library/isp/Src/isp_awb_algo.c **** /**
   2:../Middlewares/stm32-mw-camera/ISP_Library/isp/Src/isp_awb_algo.c ****  ******************************************************************************
   3:../Middlewares/stm32-mw-camera/ISP_Library/isp/Src/isp_awb_algo.c ****  * @file    isp_awb_algo.c
   4:../Middlewares/stm32-mw-camera/ISP_Library/isp/Src/isp_awb_algo.c ****  * @author  AIS Application Team
   5:../Middlewares/stm32-mw-camera/ISP_Library/isp/Src/isp_awb_algo.c ****  * @brief   ISP AWB algorithm
   6:../Middlewares/stm32-mw-camera/ISP_Library/isp/Src/isp_awb_algo.c ****  ******************************************************************************
   7:../Middlewares/stm32-mw-camera/ISP_Library/isp/Src/isp_awb_algo.c ****  * @attention
   8:../Middlewares/stm32-mw-camera/ISP_Library/isp/Src/isp_awb_algo.c ****  *
   9:../Middlewares/stm32-mw-camera/ISP_Library/isp/Src/isp_awb_algo.c ****  * Copyright (c) 2025 STMicroelectronics.
  10:../Middlewares/stm32-mw-camera/ISP_Library/isp/Src/isp_awb_algo.c ****  * All rights reserved.
  11:../Middlewares/stm32-mw-camera/ISP_Library/isp/Src/isp_awb_algo.c ****  *
  12:../Middlewares/stm32-mw-camera/ISP_Library/isp/Src/isp_awb_algo.c ****  * This software is licensed under terms that can be found in the LICENSE file
  13:../Middlewares/stm32-mw-camera/ISP_Library/isp/Src/isp_awb_algo.c ****  * in the root directory of this software component.
  14:../Middlewares/stm32-mw-camera/ISP_Library/isp/Src/isp_awb_algo.c ****  * If no LICENSE file comes with this software, it is provided AS-IS.
  15:../Middlewares/stm32-mw-camera/ISP_Library/isp/Src/isp_awb_algo.c ****  *
  16:../Middlewares/stm32-mw-camera/ISP_Library/isp/Src/isp_awb_algo.c ****  ******************************************************************************
  17:../Middlewares/stm32-mw-camera/ISP_Library/isp/Src/isp_awb_algo.c ****  */
  18:../Middlewares/stm32-mw-camera/ISP_Library/isp/Src/isp_awb_algo.c **** 
  19:../Middlewares/stm32-mw-camera/ISP_Library/isp/Src/isp_awb_algo.c **** /* Includes ------------------------------------------------------------------*/
  20:../Middlewares/stm32-mw-camera/ISP_Library/isp/Src/isp_awb_algo.c **** #include "isp_services.h"
  21:../Middlewares/stm32-mw-camera/ISP_Library/isp/Src/isp_awb_algo.c **** #include <inttypes.h>
  22:../Middlewares/stm32-mw-camera/ISP_Library/isp/Src/isp_awb_algo.c **** 
  23:../Middlewares/stm32-mw-camera/ISP_Library/isp/Src/isp_awb_algo.c **** /* Private types -------------------------------------------------------------*/
  24:../Middlewares/stm32-mw-camera/ISP_Library/isp/Src/isp_awb_algo.c **** /* Private constants ---------------------------------------------------------*/
ARM GAS  /tmp/ccE8OU4h.s 			page 2


  25:../Middlewares/stm32-mw-camera/ISP_Library/isp/Src/isp_awb_algo.c **** /* Debug logs control */
  26:../Middlewares/stm32-mw-camera/ISP_Library/isp/Src/isp_awb_algo.c **** //#define ALGO_AWB_DBG_LOGS
  27:../Middlewares/stm32-mw-camera/ISP_Library/isp/Src/isp_awb_algo.c **** 
  28:../Middlewares/stm32-mw-camera/ISP_Library/isp/Src/isp_awb_algo.c **** /* Interpolation ratio limit from where we decide to 'stick' to a reference profile */
  29:../Middlewares/stm32-mw-camera/ISP_Library/isp/Src/isp_awb_algo.c **** #define ISP_AWB_STICKY         0.05f
  30:../Middlewares/stm32-mw-camera/ISP_Library/isp/Src/isp_awb_algo.c **** /* Stat update limit from where we consider that the frame does not change */
  31:../Middlewares/stm32-mw-camera/ISP_Library/isp/Src/isp_awb_algo.c **** #define ISP_AWB_STAT_NO_CHANGE 1
  32:../Middlewares/stm32-mw-camera/ISP_Library/isp/Src/isp_awb_algo.c **** 
  33:../Middlewares/stm32-mw-camera/ISP_Library/isp/Src/isp_awb_algo.c **** /* Private macro -------------------------------------------------------------*/
  34:../Middlewares/stm32-mw-camera/ISP_Library/isp/Src/isp_awb_algo.c **** /* Private function prototypes -----------------------------------------------*/
  35:../Middlewares/stm32-mw-camera/ISP_Library/isp/Src/isp_awb_algo.c **** /* Private variables ---------------------------------------------------------*/
  36:../Middlewares/stm32-mw-camera/ISP_Library/isp/Src/isp_awb_algo.c **** static ISP_AWBAlgoTypeDef ISP_AWB_Config;
  37:../Middlewares/stm32-mw-camera/ISP_Library/isp/Src/isp_awb_algo.c **** static uint32_t ISP_AWB_rbRatio[ISP_AWB_COLORTEMP_REF];
  38:../Middlewares/stm32-mw-camera/ISP_Library/isp/Src/isp_awb_algo.c **** static uint32_t ISP_AWB_NbProfiles;
  39:../Middlewares/stm32-mw-camera/ISP_Library/isp/Src/isp_awb_algo.c **** static ISP_StatisticsTypeDef ISP_AWB_CurrStats;
  40:../Middlewares/stm32-mw-camera/ISP_Library/isp/Src/isp_awb_algo.c **** static uint32_t ISP_AWB_CurrTemp;
  41:../Middlewares/stm32-mw-camera/ISP_Library/isp/Src/isp_awb_algo.c **** static ISP_ColorConvTypeDef ISP_AWB_CurrColorConv;
  42:../Middlewares/stm32-mw-camera/ISP_Library/isp/Src/isp_awb_algo.c **** static ISP_ISPGainTypeDef ISP_AWB_CurrISPGain;
  43:../Middlewares/stm32-mw-camera/ISP_Library/isp/Src/isp_awb_algo.c **** 
  44:../Middlewares/stm32-mw-camera/ISP_Library/isp/Src/isp_awb_algo.c **** /* Global variables ----------------------------------------------------------*/
  45:../Middlewares/stm32-mw-camera/ISP_Library/isp/Src/isp_awb_algo.c **** /* Private functions ---------------------------------------------------------*/
  46:../Middlewares/stm32-mw-camera/ISP_Library/isp/Src/isp_awb_algo.c **** /* Exported functions --------------------------------------------------------*/
  47:../Middlewares/stm32-mw-camera/ISP_Library/isp/Src/isp_awb_algo.c **** /**
  48:../Middlewares/stm32-mw-camera/ISP_Library/isp/Src/isp_awb_algo.c ****   * @brief  ISP_AWB_Init
  49:../Middlewares/stm32-mw-camera/ISP_Library/isp/Src/isp_awb_algo.c ****   *         Initialize and configure the AWB algo
  50:../Middlewares/stm32-mw-camera/ISP_Library/isp/Src/isp_awb_algo.c ****   * @param  pAWBAlgo: Pointer to the AWB tuning configuration
  51:../Middlewares/stm32-mw-camera/ISP_Library/isp/Src/isp_awb_algo.c ****   * @retval operation result
  52:../Middlewares/stm32-mw-camera/ISP_Library/isp/Src/isp_awb_algo.c ****   */
  53:../Middlewares/stm32-mw-camera/ISP_Library/isp/Src/isp_awb_algo.c **** ISP_StatusTypeDef ISP_AWB_Init(ISP_AWBAlgoTypeDef *pAWBAlgo)
  54:../Middlewares/stm32-mw-camera/ISP_Library/isp/Src/isp_awb_algo.c **** {
  35              		.loc 1 54 1 view -0
  36              		.cfi_startproc
  37              		@ args = 0, pretend = 0, frame = 0
  38              		@ frame_needed = 0, uses_anonymous_args = 0
  55:../Middlewares/stm32-mw-camera/ISP_Library/isp/Src/isp_awb_algo.c ****   uint32_t profId;
  39              		.loc 1 55 3 view .LVU1
  56:../Middlewares/stm32-mw-camera/ISP_Library/isp/Src/isp_awb_algo.c **** 
  57:../Middlewares/stm32-mw-camera/ISP_Library/isp/Src/isp_awb_algo.c ****   /* Copy internally the AWB tuning parameters */
  58:../Middlewares/stm32-mw-camera/ISP_Library/isp/Src/isp_awb_algo.c ****   ISP_AWB_Config = *pAWBAlgo;
  40              		.loc 1 58 3 view .LVU2
  54:../Middlewares/stm32-mw-camera/ISP_Library/isp/Src/isp_awb_algo.c ****   uint32_t profId;
  41              		.loc 1 54 1 is_stmt 0 view .LVU3
  42 0000 F8B5     		push	{r3, r4, r5, r6, r7, lr}
  43              		.cfi_def_cfa_offset 24
  44              		.cfi_offset 3, -24
  45              		.cfi_offset 4, -20
  46              		.cfi_offset 5, -16
  47              		.cfi_offset 6, -12
  48              		.cfi_offset 7, -8
  49              		.cfi_offset 14, -4
  54:../Middlewares/stm32-mw-camera/ISP_Library/isp/Src/isp_awb_algo.c ****   uint32_t profId;
  50              		.loc 1 54 1 view .LVU4
  51 0002 0146     		mov	r1, r0
  52              		.loc 1 58 18 view .LVU5
  53 0004 4FF4DC72 		mov	r2, #440
  54 0008 2348     		ldr	r0, .L20
  55              	.LVL1:
ARM GAS  /tmp/ccE8OU4h.s 			page 3


  56              		.loc 1 58 18 view .LVU6
  57 000a FFF7FEFF 		bl	memcpy
  58              	.LVL2:
  59:../Middlewares/stm32-mw-camera/ISP_Library/isp/Src/isp_awb_algo.c **** 
  60:../Middlewares/stm32-mw-camera/ISP_Library/isp/Src/isp_awb_algo.c ****   /* Reset internal variables */
  61:../Middlewares/stm32-mw-camera/ISP_Library/isp/Src/isp_awb_algo.c ****   memset(&ISP_AWB_CurrStats, 0, sizeof(ISP_AWB_CurrStats));
  59              		.loc 1 61 3 is_stmt 1 view .LVU7
  60 000e 3422     		movs	r2, #52
  61 0010 0021     		movs	r1, #0
  62 0012 2248     		ldr	r0, .L20+4
  63 0014 FFF7FEFF 		bl	memset
  64              	.LVL3:
  62:../Middlewares/stm32-mw-camera/ISP_Library/isp/Src/isp_awb_algo.c ****   memset(ISP_AWB_rbRatio, 0, sizeof(ISP_AWB_rbRatio));
  65              		.loc 1 62 3 view .LVU8
  66 0018 1422     		movs	r2, #20
  67 001a 0021     		movs	r1, #0
  68 001c 2048     		ldr	r0, .L20+8
  69 001e FFF7FEFF 		bl	memset
  70              	.LVL4:
  63:../Middlewares/stm32-mw-camera/ISP_Library/isp/Src/isp_awb_algo.c ****   ISP_AWB_CurrTemp = 0;
  71              		.loc 1 63 3 view .LVU9
  72              		.loc 1 63 20 is_stmt 0 view .LVU10
  73 0022 0023     		movs	r3, #0
  74 0024 1E48     		ldr	r0, .L20+8
  64:../Middlewares/stm32-mw-camera/ISP_Library/isp/Src/isp_awb_algo.c ****   ISP_AWB_CurrColorConv.enable = 0;
  65:../Middlewares/stm32-mw-camera/ISP_Library/isp/Src/isp_awb_algo.c ****   ISP_AWB_CurrISPGain.enable = 0;
  66:../Middlewares/stm32-mw-camera/ISP_Library/isp/Src/isp_awb_algo.c ****   ISP_AWB_NbProfiles = 0;
  67:../Middlewares/stm32-mw-camera/ISP_Library/isp/Src/isp_awb_algo.c **** 
  68:../Middlewares/stm32-mw-camera/ISP_Library/isp/Src/isp_awb_algo.c ****   /* Check that the R/G/B references are not 0 */
  69:../Middlewares/stm32-mw-camera/ISP_Library/isp/Src/isp_awb_algo.c ****   for (profId = 0; profId < ISP_AWB_COLORTEMP_REF && ISP_AWB_Config.referenceColorTemp[profId] != 0
  70:../Middlewares/stm32-mw-camera/ISP_Library/isp/Src/isp_awb_algo.c ****   {
  71:../Middlewares/stm32-mw-camera/ISP_Library/isp/Src/isp_awb_algo.c ****     if ((ISP_AWB_Config.referenceRGB[profId][0] == 0) ||
  72:../Middlewares/stm32-mw-camera/ISP_Library/isp/Src/isp_awb_algo.c ****         (ISP_AWB_Config.referenceRGB[profId][1] == 0) ||
  73:../Middlewares/stm32-mw-camera/ISP_Library/isp/Src/isp_awb_algo.c ****         (ISP_AWB_Config.referenceRGB[profId][2] == 0))
  74:../Middlewares/stm32-mw-camera/ISP_Library/isp/Src/isp_awb_algo.c ****     {
  75:../Middlewares/stm32-mw-camera/ISP_Library/isp/Src/isp_awb_algo.c ****       return ISP_ERR_AWB;
  76:../Middlewares/stm32-mw-camera/ISP_Library/isp/Src/isp_awb_algo.c ****     }
  77:../Middlewares/stm32-mw-camera/ISP_Library/isp/Src/isp_awb_algo.c ****     ISP_AWB_rbRatio[profId] = (1000U * ISP_AWB_Config.referenceRGB[profId][0]) / ISP_AWB_Config.ref
  75              		.loc 1 77 38 view .LVU11
  76 0026 4FF47A7E 		mov	lr, #1000
  66:../Middlewares/stm32-mw-camera/ISP_Library/isp/Src/isp_awb_algo.c **** 
  77              		.loc 1 66 22 view .LVU12
  78 002a 0746     		mov	r7, r0
  79              		.loc 1 77 38 view .LVU13
  80 002c 0525     		movs	r5, #5
  63:../Middlewares/stm32-mw-camera/ISP_Library/isp/Src/isp_awb_algo.c ****   ISP_AWB_CurrTemp = 0;
  81              		.loc 1 63 20 view .LVU14
  82 002e 1D4A     		ldr	r2, .L20+12
  66:../Middlewares/stm32-mw-camera/ISP_Library/isp/Src/isp_awb_algo.c **** 
  83              		.loc 1 66 22 view .LVU15
  84 0030 1D4E     		ldr	r6, .L20+16
  63:../Middlewares/stm32-mw-camera/ISP_Library/isp/Src/isp_awb_algo.c ****   ISP_AWB_CurrTemp = 0;
  85              		.loc 1 63 20 view .LVU16
  86 0032 1360     		str	r3, [r2]
  64:../Middlewares/stm32-mw-camera/ISP_Library/isp/Src/isp_awb_algo.c ****   ISP_AWB_CurrColorConv.enable = 0;
  87              		.loc 1 64 3 is_stmt 1 view .LVU17
  64:../Middlewares/stm32-mw-camera/ISP_Library/isp/Src/isp_awb_algo.c ****   ISP_AWB_CurrColorConv.enable = 0;
ARM GAS  /tmp/ccE8OU4h.s 			page 4


  88              		.loc 1 64 32 is_stmt 0 view .LVU18
  89 0034 1D4A     		ldr	r2, .L20+20
  90 0036 1E4C     		ldr	r4, .L20+24
  91 0038 1370     		strb	r3, [r2]
  65:../Middlewares/stm32-mw-camera/ISP_Library/isp/Src/isp_awb_algo.c ****   ISP_AWB_NbProfiles = 0;
  92              		.loc 1 65 3 is_stmt 1 view .LVU19
  65:../Middlewares/stm32-mw-camera/ISP_Library/isp/Src/isp_awb_algo.c ****   ISP_AWB_NbProfiles = 0;
  93              		.loc 1 65 30 is_stmt 0 view .LVU20
  94 003a 1E4A     		ldr	r2, .L20+28
  66:../Middlewares/stm32-mw-camera/ISP_Library/isp/Src/isp_awb_algo.c **** 
  95              		.loc 1 66 22 view .LVU21
  96 003c 3360     		str	r3, [r6]
  65:../Middlewares/stm32-mw-camera/ISP_Library/isp/Src/isp_awb_algo.c ****   ISP_AWB_NbProfiles = 0;
  97              		.loc 1 65 30 view .LVU22
  98 003e 1370     		strb	r3, [r2]
  66:../Middlewares/stm32-mw-camera/ISP_Library/isp/Src/isp_awb_algo.c **** 
  99              		.loc 1 66 3 is_stmt 1 view .LVU23
  69:../Middlewares/stm32-mw-camera/ISP_Library/isp/Src/isp_awb_algo.c ****   {
 100              		.loc 1 69 3 view .LVU24
 101              	.LVL5:
  69:../Middlewares/stm32-mw-camera/ISP_Library/isp/Src/isp_awb_algo.c ****   {
 102              		.loc 1 69 51 discriminator 1 view .LVU25
 103 0040 A4F1A001 		sub	r1, r4, #160
 104              	.LVL6:
 105              	.L2:
  69:../Middlewares/stm32-mw-camera/ISP_Library/isp/Src/isp_awb_algo.c ****   {
 106              		.loc 1 69 51 is_stmt 0 discriminator 3 view .LVU26
 107 0044 54F8042F 		ldr	r2, [r4, #4]!
 108 0048 D2B1     		cbz	r2, .L6
  71:../Middlewares/stm32-mw-camera/ISP_Library/isp/Src/isp_awb_algo.c ****         (ISP_AWB_Config.referenceRGB[profId][1] == 0) ||
 109              		.loc 1 71 5 is_stmt 1 view .LVU27
  71:../Middlewares/stm32-mw-camera/ISP_Library/isp/Src/isp_awb_algo.c ****         (ISP_AWB_Config.referenceRGB[profId][1] == 0) ||
 110              		.loc 1 71 45 is_stmt 0 view .LVU28
 111 004a 91F8A821 		ldrb	r2, [r1, #424]	@ zero_extendqisi2
  71:../Middlewares/stm32-mw-camera/ISP_Library/isp/Src/isp_awb_algo.c ****         (ISP_AWB_Config.referenceRGB[profId][1] == 0) ||
 112              		.loc 1 71 8 view .LVU29
 113 004e 0AB9     		cbnz	r2, .L3
 114              	.LVL7:
 115              	.L5:
  75:../Middlewares/stm32-mw-camera/ISP_Library/isp/Src/isp_awb_algo.c ****     }
 116              		.loc 1 75 14 view .LVU30
 117 0050 D220     		movs	r0, #210
 118              	.L4:
  78:../Middlewares/stm32-mw-camera/ISP_Library/isp/Src/isp_awb_algo.c ****   }
  79:../Middlewares/stm32-mw-camera/ISP_Library/isp/Src/isp_awb_algo.c ****   ISP_AWB_NbProfiles = profId;
  80:../Middlewares/stm32-mw-camera/ISP_Library/isp/Src/isp_awb_algo.c **** 
  81:../Middlewares/stm32-mw-camera/ISP_Library/isp/Src/isp_awb_algo.c ****   /* Check that the R/B ratio are sorted in decreasing order */
  82:../Middlewares/stm32-mw-camera/ISP_Library/isp/Src/isp_awb_algo.c ****   for (profId = 0; profId < ISP_AWB_NbProfiles - 1; profId++)
  83:../Middlewares/stm32-mw-camera/ISP_Library/isp/Src/isp_awb_algo.c ****   {
  84:../Middlewares/stm32-mw-camera/ISP_Library/isp/Src/isp_awb_algo.c ****     if (ISP_AWB_rbRatio[profId] <= ISP_AWB_rbRatio[profId + 1])
  85:../Middlewares/stm32-mw-camera/ISP_Library/isp/Src/isp_awb_algo.c ****     {
  86:../Middlewares/stm32-mw-camera/ISP_Library/isp/Src/isp_awb_algo.c ****       return ISP_ERR_AWB;
  87:../Middlewares/stm32-mw-camera/ISP_Library/isp/Src/isp_awb_algo.c ****     }
  88:../Middlewares/stm32-mw-camera/ISP_Library/isp/Src/isp_awb_algo.c ****   }
  89:../Middlewares/stm32-mw-camera/ISP_Library/isp/Src/isp_awb_algo.c **** 
  90:../Middlewares/stm32-mw-camera/ISP_Library/isp/Src/isp_awb_algo.c ****   return ISP_OK;
  91:../Middlewares/stm32-mw-camera/ISP_Library/isp/Src/isp_awb_algo.c **** }
ARM GAS  /tmp/ccE8OU4h.s 			page 5


 119              		.loc 1 91 1 view .LVU31
 120 0052 F8BD     		pop	{r3, r4, r5, r6, r7, pc}
 121              	.LVL8:
 122              	.L3:
  71:../Middlewares/stm32-mw-camera/ISP_Library/isp/Src/isp_awb_algo.c ****         (ISP_AWB_Config.referenceRGB[profId][1] == 0) ||
 123              		.loc 1 71 55 discriminator 1 view .LVU32
 124 0054 91F8A9C1 		ldrb	ip, [r1, #425]	@ zero_extendqisi2
 125 0058 BCF1000F 		cmp	ip, #0
 126 005c F8D0     		beq	.L5
  73:../Middlewares/stm32-mw-camera/ISP_Library/isp/Src/isp_awb_algo.c ****     {
 127              		.loc 1 73 45 view .LVU33
 128 005e 91F8AAC1 		ldrb	ip, [r1, #426]	@ zero_extendqisi2
  72:../Middlewares/stm32-mw-camera/ISP_Library/isp/Src/isp_awb_algo.c ****         (ISP_AWB_Config.referenceRGB[profId][2] == 0))
 129              		.loc 1 72 55 view .LVU34
 130 0062 BCF1000F 		cmp	ip, #0
 131 0066 F3D0     		beq	.L5
  77:../Middlewares/stm32-mw-camera/ISP_Library/isp/Src/isp_awb_algo.c ****   }
 132              		.loc 1 77 5 is_stmt 1 view .LVU35
  77:../Middlewares/stm32-mw-camera/ISP_Library/isp/Src/isp_awb_algo.c ****   }
 133              		.loc 1 77 38 is_stmt 0 view .LVU36
 134 0068 0EFB02F2 		mul	r2, lr, r2
  77:../Middlewares/stm32-mw-camera/ISP_Library/isp/Src/isp_awb_algo.c ****   }
 135              		.loc 1 77 80 view .LVU37
 136 006c B2FBFCF2 		udiv	r2, r2, ip
  69:../Middlewares/stm32-mw-camera/ISP_Library/isp/Src/isp_awb_algo.c ****   {
 137              		.loc 1 69 51 discriminator 1 view .LVU38
 138 0070 013D     		subs	r5, r5, #1
  77:../Middlewares/stm32-mw-camera/ISP_Library/isp/Src/isp_awb_algo.c ****   }
 139              		.loc 1 77 29 view .LVU39
 140 0072 47F8042B 		str	r2, [r7], #4
  69:../Middlewares/stm32-mw-camera/ISP_Library/isp/Src/isp_awb_algo.c ****   {
 141              		.loc 1 69 108 is_stmt 1 discriminator 2 view .LVU40
 142 0076 03F10103 		add	r3, r3, #1
 143              	.LVL9:
  69:../Middlewares/stm32-mw-camera/ISP_Library/isp/Src/isp_awb_algo.c ****   {
 144              		.loc 1 69 51 discriminator 1 view .LVU41
 145 007a 01F10301 		add	r1, r1, #3
 146 007e E1D1     		bne	.L2
 147              	.L6:
  79:../Middlewares/stm32-mw-camera/ISP_Library/isp/Src/isp_awb_algo.c **** 
 148              		.loc 1 79 3 view .LVU42
  79:../Middlewares/stm32-mw-camera/ISP_Library/isp/Src/isp_awb_algo.c **** 
 149              		.loc 1 79 22 is_stmt 0 view .LVU43
 150 0080 3360     		str	r3, [r6]
  82:../Middlewares/stm32-mw-camera/ISP_Library/isp/Src/isp_awb_algo.c ****   {
 151              		.loc 1 82 3 is_stmt 1 view .LVU44
 152              	.LVL10:
 153              	.L8:
  82:../Middlewares/stm32-mw-camera/ISP_Library/isp/Src/isp_awb_algo.c ****   {
 154              		.loc 1 82 27 discriminator 1 view .LVU45
 155 0082 013B     		subs	r3, r3, #1
 156 0084 01D1     		bne	.L9
  90:../Middlewares/stm32-mw-camera/ISP_Library/isp/Src/isp_awb_algo.c **** }
 157              		.loc 1 90 10 is_stmt 0 view .LVU46
 158 0086 0020     		movs	r0, #0
 159 0088 E3E7     		b	.L4
 160              	.L9:
ARM GAS  /tmp/ccE8OU4h.s 			page 6


  84:../Middlewares/stm32-mw-camera/ISP_Library/isp/Src/isp_awb_algo.c ****     {
 161              		.loc 1 84 5 is_stmt 1 view .LVU47
  84:../Middlewares/stm32-mw-camera/ISP_Library/isp/Src/isp_awb_algo.c ****     {
 162              		.loc 1 84 24 is_stmt 0 view .LVU48
 163 008a 0168     		ldr	r1, [r0]
  84:../Middlewares/stm32-mw-camera/ISP_Library/isp/Src/isp_awb_algo.c ****     {
 164              		.loc 1 84 8 view .LVU49
 165 008c 50F8042F 		ldr	r2, [r0, #4]!
 166 0090 9142     		cmp	r1, r2
 167 0092 F6D8     		bhi	.L8
 168 0094 DCE7     		b	.L5
 169              	.L21:
 170 0096 00BF     		.align	2
 171              	.L20:
 172 0098 00000000 		.word	ISP_AWB_Config
 173 009c 00000000 		.word	ISP_AWB_CurrStats
 174 00a0 00000000 		.word	ISP_AWB_rbRatio
 175 00a4 00000000 		.word	ISP_AWB_CurrTemp
 176 00a8 00000000 		.word	ISP_AWB_NbProfiles
 177 00ac 00000000 		.word	ISP_AWB_CurrColorConv
 178 00b0 A0000000 		.word	ISP_AWB_Config+160
 179 00b4 00000000 		.word	ISP_AWB_CurrISPGain
 180              		.cfi_endproc
 181              	.LFE884:
 183              		.section	.text.ISP_AWB_GetConfig,"ax",%progbits
 184              		.align	1
 185              		.global	ISP_AWB_GetConfig
 186              		.syntax unified
 187              		.thumb
 188              		.thumb_func
 190              	ISP_AWB_GetConfig:
 191              	.LVL11:
 192              	.LFB885:
  92:../Middlewares/stm32-mw-camera/ISP_Library/isp/Src/isp_awb_algo.c **** 
  93:../Middlewares/stm32-mw-camera/ISP_Library/isp/Src/isp_awb_algo.c **** /**
  94:../Middlewares/stm32-mw-camera/ISP_Library/isp/Src/isp_awb_algo.c ****   * @brief  ISP_AWB_GetConfig
  95:../Middlewares/stm32-mw-camera/ISP_Library/isp/Src/isp_awb_algo.c ****   *         Evaluate from the input statistics, the Color Temperature and the white-balanced
  96:../Middlewares/stm32-mw-camera/ISP_Library/isp/Src/isp_awb_algo.c ****   *         ColorConv and Gain configuration.
  97:../Middlewares/stm32-mw-camera/ISP_Library/isp/Src/isp_awb_algo.c ****   * @param  pStats: pointer to the current RGB statistics
  98:../Middlewares/stm32-mw-camera/ISP_Library/isp/Src/isp_awb_algo.c ****   * @param  pColorConvConfig: pointer to the output Color Conversion configuration
  99:../Middlewares/stm32-mw-camera/ISP_Library/isp/Src/isp_awb_algo.c ****   * @param  pISPGainConfig: pointer to the output ISP Gain configuration
 100:../Middlewares/stm32-mw-camera/ISP_Library/isp/Src/isp_awb_algo.c ****   * @param  pColorTemp: pointer to the output estimated color temperature
 101:../Middlewares/stm32-mw-camera/ISP_Library/isp/Src/isp_awb_algo.c ****   * @retval operation result
 102:../Middlewares/stm32-mw-camera/ISP_Library/isp/Src/isp_awb_algo.c ****   */
 103:../Middlewares/stm32-mw-camera/ISP_Library/isp/Src/isp_awb_algo.c **** ISP_StatusTypeDef ISP_AWB_GetConfig(ISP_StatisticsTypeDef *pStats, ISP_ColorConvTypeDef *pColorConv
 104:../Middlewares/stm32-mw-camera/ISP_Library/isp/Src/isp_awb_algo.c **** {
 193              		.loc 1 104 1 is_stmt 1 view -0
 194              		.cfi_startproc
 195              		@ args = 0, pretend = 0, frame = 24
 196              		@ frame_needed = 0, uses_anonymous_args = 0
 105:../Middlewares/stm32-mw-camera/ISP_Library/isp/Src/isp_awb_algo.c ****   int exactProfId;
 197              		.loc 1 105 3 view .LVU51
 106:../Middlewares/stm32-mw-camera/ISP_Library/isp/Src/isp_awb_algo.c ****   double interpolRatio = 0.0;
 198              		.loc 1 106 3 view .LVU52
 107:../Middlewares/stm32-mw-camera/ISP_Library/isp/Src/isp_awb_algo.c ****   uint32_t rb_ratio, profId, upProfId = 0, downProfId = 0;
 199              		.loc 1 107 3 view .LVU53
 108:../Middlewares/stm32-mw-camera/ISP_Library/isp/Src/isp_awb_algo.c ****   int64_t i64;
ARM GAS  /tmp/ccE8OU4h.s 			page 7


 200              		.loc 1 108 3 view .LVU54
 109:../Middlewares/stm32-mw-camera/ISP_Library/isp/Src/isp_awb_algo.c ****   int i, j;
 201              		.loc 1 109 3 view .LVU55
 110:../Middlewares/stm32-mw-camera/ISP_Library/isp/Src/isp_awb_algo.c **** 
 111:../Middlewares/stm32-mw-camera/ISP_Library/isp/Src/isp_awb_algo.c ****   rb_ratio = pStats->averageB != 0 ? (uint32_t)(pStats->averageR * 1000 / pStats->averageB) : ISP_A
 202              		.loc 1 111 3 view .LVU56
 104:../Middlewares/stm32-mw-camera/ISP_Library/isp/Src/isp_awb_algo.c ****   int exactProfId;
 203              		.loc 1 104 1 is_stmt 0 view .LVU57
 204 0000 2DE9F04F 		push	{r4, r5, r6, r7, r8, r9, r10, fp, lr}
 205              		.cfi_def_cfa_offset 36
 206              		.cfi_offset 4, -36
 207              		.cfi_offset 5, -32
 208              		.cfi_offset 6, -28
 209              		.cfi_offset 7, -24
 210              		.cfi_offset 8, -20
 211              		.cfi_offset 9, -16
 212              		.cfi_offset 10, -12
 213              		.cfi_offset 11, -8
 214              		.cfi_offset 14, -4
 215 0004 2DED028B 		vpush.64	{d8}
 216              		.cfi_def_cfa_offset 44
 217              		.cfi_offset 80, -44
 218              		.cfi_offset 81, -40
 219 0008 87B0     		sub	sp, sp, #28
 220              		.cfi_def_cfa_offset 72
 104:../Middlewares/stm32-mw-camera/ISP_Library/isp/Src/isp_awb_algo.c ****   int exactProfId;
 221              		.loc 1 104 1 view .LVU58
 222 000a 0193     		str	r3, [sp, #4]
 223              		.loc 1 111 20 view .LVU59
 224 000c 8378     		ldrb	r3, [r0, #2]	@ zero_extendqisi2
 225              	.LVL12:
 104:../Middlewares/stm32-mw-camera/ISP_Library/isp/Src/isp_awb_algo.c ****   int exactProfId;
 226              		.loc 1 104 1 view .LVU60
 227 000e 1546     		mov	r5, r2
 228 0010 0646     		mov	r6, r0
 229 0012 0C46     		mov	r4, r1
 230              		.loc 1 111 55 discriminator 1 view .LVU61
 231 0014 0278     		ldrb	r2, [r0]	@ zero_extendqisi2
 232              	.LVL13:
 233              		.loc 1 111 93 view .LVU62
 234 0016 6BB3     		cbz	r3, .L23
 235              		.loc 1 111 66 discriminator 1 view .LVU63
 236 0018 4FF47A7C 		mov	ip, #1000
 237 001c 12FB0CFC 		smulbb	ip, r2, ip
 238              		.loc 1 111 73 discriminator 1 view .LVU64
 239 0020 BCFBF3FC 		udiv	ip, ip, r3
 240              	.LVL14:
 241              	.L24:
 112:../Middlewares/stm32-mw-camera/ISP_Library/isp/Src/isp_awb_algo.c **** 
 113:../Middlewares/stm32-mw-camera/ISP_Library/isp/Src/isp_awb_algo.c ****   /* Anti oscillation : if the statistics did not 'really' change, just return the last parameters 
 114:../Middlewares/stm32-mw-camera/ISP_Library/isp/Src/isp_awb_algo.c ****   if ((abs(pStats->averageR - ISP_AWB_CurrStats.averageR) <= ISP_AWB_STAT_NO_CHANGE) &&
 242              		.loc 1 114 3 is_stmt 1 view .LVU65
 243              		.loc 1 114 48 is_stmt 0 view .LVU66
 244 0024 B449     		ldr	r1, .L47+24
 245 0026 0878     		ldrb	r0, [r1]	@ zero_extendqisi2
 246              	.LVL15:
 247              		.loc 1 114 29 view .LVU67
ARM GAS  /tmp/ccE8OU4h.s 			page 8


 248 0028 121A     		subs	r2, r2, r0
 249              		.loc 1 114 59 view .LVU68
 250 002a 0132     		adds	r2, r2, #1
 251              		.loc 1 114 6 view .LVU69
 252 002c 022A     		cmp	r2, #2
 253 002e 25D8     		bhi	.L25
 115:../Middlewares/stm32-mw-camera/ISP_Library/isp/Src/isp_awb_algo.c ****       (abs(pStats->averageG - ISP_AWB_CurrStats.averageG) <= ISP_AWB_STAT_NO_CHANGE) &&
 254              		.loc 1 115 18 view .LVU70
 255 0030 7278     		ldrb	r2, [r6, #1]	@ zero_extendqisi2
 256              		.loc 1 115 48 view .LVU71
 257 0032 4878     		ldrb	r0, [r1, #1]	@ zero_extendqisi2
 258              		.loc 1 115 29 view .LVU72
 259 0034 121A     		subs	r2, r2, r0
 260              		.loc 1 115 59 view .LVU73
 261 0036 0132     		adds	r2, r2, #1
 114:../Middlewares/stm32-mw-camera/ISP_Library/isp/Src/isp_awb_algo.c ****       (abs(pStats->averageG - ISP_AWB_CurrStats.averageG) <= ISP_AWB_STAT_NO_CHANGE) &&
 262              		.loc 1 114 86 discriminator 1 view .LVU74
 263 0038 022A     		cmp	r2, #2
 264 003a 1FD8     		bhi	.L25
 116:../Middlewares/stm32-mw-camera/ISP_Library/isp/Src/isp_awb_algo.c ****       (abs(pStats->averageB - ISP_AWB_CurrStats.averageB) <= ISP_AWB_STAT_NO_CHANGE))
 265              		.loc 1 116 48 view .LVU75
 266 003c 8A78     		ldrb	r2, [r1, #2]	@ zero_extendqisi2
 267              		.loc 1 116 29 view .LVU76
 268 003e 9B1A     		subs	r3, r3, r2
 269              		.loc 1 116 59 view .LVU77
 270 0040 0133     		adds	r3, r3, #1
 115:../Middlewares/stm32-mw-camera/ISP_Library/isp/Src/isp_awb_algo.c ****       (abs(pStats->averageG - ISP_AWB_CurrStats.averageG) <= ISP_AWB_STAT_NO_CHANGE) &&
 271              		.loc 1 115 86 view .LVU78
 272 0042 022B     		cmp	r3, #2
 273 0044 1AD8     		bhi	.L25
 117:../Middlewares/stm32-mw-camera/ISP_Library/isp/Src/isp_awb_algo.c ****   {
 118:../Middlewares/stm32-mw-camera/ISP_Library/isp/Src/isp_awb_algo.c **** #ifdef ALGO_AWB_DBG_LOGS
 119:../Middlewares/stm32-mw-camera/ISP_Library/isp/Src/isp_awb_algo.c ****     printf("R/B=%4"PRIu32"  -  No change  -  ColorTemp = %"PRIu32"\r\n", rb_ratio, ISP_AWB_CurrTemp
 120:../Middlewares/stm32-mw-camera/ISP_Library/isp/Src/isp_awb_algo.c **** #endif
 121:../Middlewares/stm32-mw-camera/ISP_Library/isp/Src/isp_awb_algo.c ****     *pColorConvConfig = ISP_AWB_CurrColorConv;
 274              		.loc 1 121 5 is_stmt 1 view .LVU79
 275              		.loc 1 121 23 is_stmt 0 view .LVU80
 276 0046 AD4E     		ldr	r6, .L47+28
 277              	.LVL16:
 278              		.loc 1 121 23 view .LVU81
 279 0048 0FCE     		ldmia	r6!, {r0, r1, r2, r3}
 280 004a 0FC4     		stmia	r4!, {r0, r1, r2, r3}
 281              	.LVL17:
 282              		.loc 1 121 23 view .LVU82
 283 004c 0FCE     		ldmia	r6!, {r0, r1, r2, r3}
 284 004e 0FC4     		stmia	r4!, {r0, r1, r2, r3}
 285              	.LVL18:
 286              		.loc 1 121 23 view .LVU83
 287 0050 96E80300 		ldm	r6, {r0, r1}
 122:../Middlewares/stm32-mw-camera/ISP_Library/isp/Src/isp_awb_algo.c ****     *pISPGainConfig = ISP_AWB_CurrISPGain;
 288              		.loc 1 122 21 view .LVU84
 289 0054 AA4B     		ldr	r3, .L47+32
 121:../Middlewares/stm32-mw-camera/ISP_Library/isp/Src/isp_awb_algo.c ****     *pISPGainConfig = ISP_AWB_CurrISPGain;
 290              		.loc 1 121 23 view .LVU85
 291 0056 84E80300 		stm	r4, {r0, r1}
 292              		.loc 1 122 5 is_stmt 1 view .LVU86
 293              		.loc 1 122 21 is_stmt 0 view .LVU87
ARM GAS  /tmp/ccE8OU4h.s 			page 9


 294 005a 0FCB     		ldm	r3, {r0, r1, r2, r3}
 295 005c 85E80F00 		stm	r5, {r0, r1, r2, r3}
 123:../Middlewares/stm32-mw-camera/ISP_Library/isp/Src/isp_awb_algo.c ****     *pColorTemp = ISP_AWB_CurrTemp;
 296              		.loc 1 123 5 is_stmt 1 view .LVU88
 297              		.loc 1 123 17 is_stmt 0 view .LVU89
 298 0060 A84B     		ldr	r3, .L47+36
 299 0062 019A     		ldr	r2, [sp, #4]
 300 0064 1B68     		ldr	r3, [r3]
 301 0066 1360     		str	r3, [r2]
 124:../Middlewares/stm32-mw-camera/ISP_Library/isp/Src/isp_awb_algo.c ****     return ISP_OK;
 302              		.loc 1 124 5 is_stmt 1 view .LVU90
 303              	.LVL19:
 304              	.L26:
 125:../Middlewares/stm32-mw-camera/ISP_Library/isp/Src/isp_awb_algo.c ****   }
 126:../Middlewares/stm32-mw-camera/ISP_Library/isp/Src/isp_awb_algo.c ****   ISP_AWB_CurrStats = *pStats;
 127:../Middlewares/stm32-mw-camera/ISP_Library/isp/Src/isp_awb_algo.c **** 
 128:../Middlewares/stm32-mw-camera/ISP_Library/isp/Src/isp_awb_algo.c ****   /* Find the two (up and down) profiles where R/B enclose the reported R/B */
 129:../Middlewares/stm32-mw-camera/ISP_Library/isp/Src/isp_awb_algo.c ****   for (profId = 0; profId < ISP_AWB_NbProfiles; profId++)
 130:../Middlewares/stm32-mw-camera/ISP_Library/isp/Src/isp_awb_algo.c ****   {
 131:../Middlewares/stm32-mw-camera/ISP_Library/isp/Src/isp_awb_algo.c ****     if (rb_ratio > ISP_AWB_rbRatio[profId])
 132:../Middlewares/stm32-mw-camera/ISP_Library/isp/Src/isp_awb_algo.c ****       break;
 133:../Middlewares/stm32-mw-camera/ISP_Library/isp/Src/isp_awb_algo.c ****   }
 134:../Middlewares/stm32-mw-camera/ISP_Library/isp/Src/isp_awb_algo.c **** 
 135:../Middlewares/stm32-mw-camera/ISP_Library/isp/Src/isp_awb_algo.c ****   if (profId == 0)
 136:../Middlewares/stm32-mw-camera/ISP_Library/isp/Src/isp_awb_algo.c ****   {
 137:../Middlewares/stm32-mw-camera/ISP_Library/isp/Src/isp_awb_algo.c ****     /* R/B ratio is greater than the largest reference. Select the first profile (lowest color temp
 138:../Middlewares/stm32-mw-camera/ISP_Library/isp/Src/isp_awb_algo.c ****     exactProfId = 0;
 139:../Middlewares/stm32-mw-camera/ISP_Library/isp/Src/isp_awb_algo.c ****   }
 140:../Middlewares/stm32-mw-camera/ISP_Library/isp/Src/isp_awb_algo.c ****   else if (profId == ISP_AWB_NbProfiles)
 141:../Middlewares/stm32-mw-camera/ISP_Library/isp/Src/isp_awb_algo.c ****   {
 142:../Middlewares/stm32-mw-camera/ISP_Library/isp/Src/isp_awb_algo.c ****     /* R/B ratio is lower than the lowest reference. Select the last defined profile (highest color
 143:../Middlewares/stm32-mw-camera/ISP_Library/isp/Src/isp_awb_algo.c ****     exactProfId = (int)profId - 1;
 144:../Middlewares/stm32-mw-camera/ISP_Library/isp/Src/isp_awb_algo.c ****   }
 145:../Middlewares/stm32-mw-camera/ISP_Library/isp/Src/isp_awb_algo.c ****   else
 146:../Middlewares/stm32-mw-camera/ISP_Library/isp/Src/isp_awb_algo.c ****   {
 147:../Middlewares/stm32-mw-camera/ISP_Library/isp/Src/isp_awb_algo.c ****     /* Between two profiles. Evaluate the interpolation ratio between these profiles */
 148:../Middlewares/stm32-mw-camera/ISP_Library/isp/Src/isp_awb_algo.c ****     exactProfId = -1;
 149:../Middlewares/stm32-mw-camera/ISP_Library/isp/Src/isp_awb_algo.c ****     upProfId = profId;
 150:../Middlewares/stm32-mw-camera/ISP_Library/isp/Src/isp_awb_algo.c ****     downProfId = profId - 1;
 151:../Middlewares/stm32-mw-camera/ISP_Library/isp/Src/isp_awb_algo.c ****     interpolRatio = (double)(ISP_AWB_rbRatio[downProfId] - rb_ratio) / (ISP_AWB_rbRatio[downProfId]
 152:../Middlewares/stm32-mw-camera/ISP_Library/isp/Src/isp_awb_algo.c **** 
 153:../Middlewares/stm32-mw-camera/ISP_Library/isp/Src/isp_awb_algo.c ****     /* Check if we are close to a profile, in which case we select it instead of interpolating */
 154:../Middlewares/stm32-mw-camera/ISP_Library/isp/Src/isp_awb_algo.c ****     if (interpolRatio <= ISP_AWB_STICKY)
 155:../Middlewares/stm32-mw-camera/ISP_Library/isp/Src/isp_awb_algo.c ****     {
 156:../Middlewares/stm32-mw-camera/ISP_Library/isp/Src/isp_awb_algo.c ****       /* Select the 'down' profile */
 157:../Middlewares/stm32-mw-camera/ISP_Library/isp/Src/isp_awb_algo.c **** #ifdef ALGO_AWB_DBG_LOGS
 158:../Middlewares/stm32-mw-camera/ISP_Library/isp/Src/isp_awb_algo.c ****       printf("R/B=%4"PRIu32"  -  Forcing down profile (ratio=%"PRIu16"%%)\r\n", rb_ratio, (int)(100
 159:../Middlewares/stm32-mw-camera/ISP_Library/isp/Src/isp_awb_algo.c **** #endif
 160:../Middlewares/stm32-mw-camera/ISP_Library/isp/Src/isp_awb_algo.c ****       exactProfId = (int)downProfId;
 161:../Middlewares/stm32-mw-camera/ISP_Library/isp/Src/isp_awb_algo.c ****     }
 162:../Middlewares/stm32-mw-camera/ISP_Library/isp/Src/isp_awb_algo.c ****     else if (interpolRatio >= 1.0f - ISP_AWB_STICKY)
 163:../Middlewares/stm32-mw-camera/ISP_Library/isp/Src/isp_awb_algo.c ****     {
 164:../Middlewares/stm32-mw-camera/ISP_Library/isp/Src/isp_awb_algo.c ****       /* Select the 'up' profile */
 165:../Middlewares/stm32-mw-camera/ISP_Library/isp/Src/isp_awb_algo.c **** #ifdef ALGO_AWB_DBG_LOGS
 166:../Middlewares/stm32-mw-camera/ISP_Library/isp/Src/isp_awb_algo.c ****       printf("R/B=%4"PRIu32"  -  Forcing up profile (ratio=%"PRIu16"%%)\r\n", rb_ratio, (int)(100 *
 167:../Middlewares/stm32-mw-camera/ISP_Library/isp/Src/isp_awb_algo.c **** #endif
 168:../Middlewares/stm32-mw-camera/ISP_Library/isp/Src/isp_awb_algo.c ****       exactProfId = (int)upProfId;
ARM GAS  /tmp/ccE8OU4h.s 			page 10


 169:../Middlewares/stm32-mw-camera/ISP_Library/isp/Src/isp_awb_algo.c ****     }
 170:../Middlewares/stm32-mw-camera/ISP_Library/isp/Src/isp_awb_algo.c ****   }
 171:../Middlewares/stm32-mw-camera/ISP_Library/isp/Src/isp_awb_algo.c **** 
 172:../Middlewares/stm32-mw-camera/ISP_Library/isp/Src/isp_awb_algo.c ****   /* Set the ColorConv and ISPGain configs */
 173:../Middlewares/stm32-mw-camera/ISP_Library/isp/Src/isp_awb_algo.c ****   pColorConvConfig->enable = 1;
 174:../Middlewares/stm32-mw-camera/ISP_Library/isp/Src/isp_awb_algo.c ****   pISPGainConfig->enable = 1;
 175:../Middlewares/stm32-mw-camera/ISP_Library/isp/Src/isp_awb_algo.c ****   /* Check if an 'exact' profile was found */
 176:../Middlewares/stm32-mw-camera/ISP_Library/isp/Src/isp_awb_algo.c ****   if (exactProfId != -1)
 177:../Middlewares/stm32-mw-camera/ISP_Library/isp/Src/isp_awb_algo.c ****   {
 178:../Middlewares/stm32-mw-camera/ISP_Library/isp/Src/isp_awb_algo.c ****     /* Use the config of this selected profile */
 179:../Middlewares/stm32-mw-camera/ISP_Library/isp/Src/isp_awb_algo.c ****     memcpy(pColorConvConfig->coeff, ISP_AWB_Config.coeff[exactProfId], sizeof(pColorConvConfig->coe
 180:../Middlewares/stm32-mw-camera/ISP_Library/isp/Src/isp_awb_algo.c **** 
 181:../Middlewares/stm32-mw-camera/ISP_Library/isp/Src/isp_awb_algo.c ****     pISPGainConfig->ispGainR = ISP_AWB_Config.ispGainR[exactProfId];
 182:../Middlewares/stm32-mw-camera/ISP_Library/isp/Src/isp_awb_algo.c ****     pISPGainConfig->ispGainG = ISP_AWB_Config.ispGainG[exactProfId];
 183:../Middlewares/stm32-mw-camera/ISP_Library/isp/Src/isp_awb_algo.c ****     pISPGainConfig->ispGainB = ISP_AWB_Config.ispGainB[exactProfId];
 184:../Middlewares/stm32-mw-camera/ISP_Library/isp/Src/isp_awb_algo.c **** 
 185:../Middlewares/stm32-mw-camera/ISP_Library/isp/Src/isp_awb_algo.c ****     *pColorTemp = ISP_AWB_Config.referenceColorTemp[exactProfId];
 186:../Middlewares/stm32-mw-camera/ISP_Library/isp/Src/isp_awb_algo.c **** #ifdef ALGO_AWB_DBG_LOGS
 187:../Middlewares/stm32-mw-camera/ISP_Library/isp/Src/isp_awb_algo.c ****     printf("R/B=%4"PRIu32"  -  Profile exact:%"PRIu16"  -  ColorTemp = %"PRIu32"\r\n", rb_ratio, ex
 188:../Middlewares/stm32-mw-camera/ISP_Library/isp/Src/isp_awb_algo.c **** #endif
 189:../Middlewares/stm32-mw-camera/ISP_Library/isp/Src/isp_awb_algo.c ****   }
 190:../Middlewares/stm32-mw-camera/ISP_Library/isp/Src/isp_awb_algo.c ****   else
 191:../Middlewares/stm32-mw-camera/ISP_Library/isp/Src/isp_awb_algo.c ****   {
 192:../Middlewares/stm32-mw-camera/ISP_Library/isp/Src/isp_awb_algo.c ****     /* Compute the interpolated configurations */
 193:../Middlewares/stm32-mw-camera/ISP_Library/isp/Src/isp_awb_algo.c ****     for (i = 0; i < 3; i++)
 194:../Middlewares/stm32-mw-camera/ISP_Library/isp/Src/isp_awb_algo.c ****     {
 195:../Middlewares/stm32-mw-camera/ISP_Library/isp/Src/isp_awb_algo.c ****       for (j = 0; j < 3; j++)
 196:../Middlewares/stm32-mw-camera/ISP_Library/isp/Src/isp_awb_algo.c ****       {
 197:../Middlewares/stm32-mw-camera/ISP_Library/isp/Src/isp_awb_algo.c ****        i64 = (int64_t)(ISP_AWB_Config.coeff[downProfId][i][j] + interpolRatio *
 198:../Middlewares/stm32-mw-camera/ISP_Library/isp/Src/isp_awb_algo.c ****              (ISP_AWB_Config.coeff[upProfId][i][j] - ISP_AWB_Config.coeff[downProfId][i][j]));
 199:../Middlewares/stm32-mw-camera/ISP_Library/isp/Src/isp_awb_algo.c ****         pColorConvConfig->coeff[i][j] = (int32_t)i64;
 200:../Middlewares/stm32-mw-camera/ISP_Library/isp/Src/isp_awb_algo.c ****       }
 201:../Middlewares/stm32-mw-camera/ISP_Library/isp/Src/isp_awb_algo.c ****     }
 202:../Middlewares/stm32-mw-camera/ISP_Library/isp/Src/isp_awb_algo.c **** 
 203:../Middlewares/stm32-mw-camera/ISP_Library/isp/Src/isp_awb_algo.c ****     i64 = (int64_t)(ISP_AWB_Config.ispGainR[downProfId] + interpolRatio *
 204:../Middlewares/stm32-mw-camera/ISP_Library/isp/Src/isp_awb_algo.c ****           ((int64_t)ISP_AWB_Config.ispGainR[upProfId] - ISP_AWB_Config.ispGainR[downProfId]));
 205:../Middlewares/stm32-mw-camera/ISP_Library/isp/Src/isp_awb_algo.c ****     pISPGainConfig->ispGainR = (uint32_t)i64;
 206:../Middlewares/stm32-mw-camera/ISP_Library/isp/Src/isp_awb_algo.c ****     i64 = (int64_t)(ISP_AWB_Config.ispGainG[downProfId] + interpolRatio *
 207:../Middlewares/stm32-mw-camera/ISP_Library/isp/Src/isp_awb_algo.c ****           ((int64_t)ISP_AWB_Config.ispGainG[upProfId] - ISP_AWB_Config.ispGainG[downProfId]));
 208:../Middlewares/stm32-mw-camera/ISP_Library/isp/Src/isp_awb_algo.c ****     pISPGainConfig->ispGainG = (uint32_t)i64;
 209:../Middlewares/stm32-mw-camera/ISP_Library/isp/Src/isp_awb_algo.c ****     i64 = (int64_t)(ISP_AWB_Config.ispGainB[downProfId] + interpolRatio *
 210:../Middlewares/stm32-mw-camera/ISP_Library/isp/Src/isp_awb_algo.c ****           ((int64_t)ISP_AWB_Config.ispGainB[upProfId] - ISP_AWB_Config.ispGainB[downProfId]));
 211:../Middlewares/stm32-mw-camera/ISP_Library/isp/Src/isp_awb_algo.c ****     pISPGainConfig->ispGainB = (uint32_t)i64;
 212:../Middlewares/stm32-mw-camera/ISP_Library/isp/Src/isp_awb_algo.c **** 
 213:../Middlewares/stm32-mw-camera/ISP_Library/isp/Src/isp_awb_algo.c ****     *pColorTemp = (uint32_t)(ISP_AWB_Config.referenceColorTemp[downProfId] + interpolRatio *
 214:../Middlewares/stm32-mw-camera/ISP_Library/isp/Src/isp_awb_algo.c ****                   (ISP_AWB_Config.referenceColorTemp[upProfId] - ISP_AWB_Config.referenceColorTemp[
 215:../Middlewares/stm32-mw-camera/ISP_Library/isp/Src/isp_awb_algo.c **** #ifdef ALGO_AWB_DBG_LOGS
 216:../Middlewares/stm32-mw-camera/ISP_Library/isp/Src/isp_awb_algo.c ****     printf("R/B=%4"PRIu32"  -  Profile between %"PRIu32" and %"PRIu32" (%"PRIu16"%%)  -  ColorTemp 
 217:../Middlewares/stm32-mw-camera/ISP_Library/isp/Src/isp_awb_algo.c **** #endif
 218:../Middlewares/stm32-mw-camera/ISP_Library/isp/Src/isp_awb_algo.c ****   }
 219:../Middlewares/stm32-mw-camera/ISP_Library/isp/Src/isp_awb_algo.c **** 
 220:../Middlewares/stm32-mw-camera/ISP_Library/isp/Src/isp_awb_algo.c ****   /* keep a copy of the last reported config */
 221:../Middlewares/stm32-mw-camera/ISP_Library/isp/Src/isp_awb_algo.c ****   ISP_AWB_CurrColorConv = *pColorConvConfig;
 222:../Middlewares/stm32-mw-camera/ISP_Library/isp/Src/isp_awb_algo.c ****   ISP_AWB_CurrISPGain = *pISPGainConfig;
 223:../Middlewares/stm32-mw-camera/ISP_Library/isp/Src/isp_awb_algo.c ****   ISP_AWB_CurrTemp = *pColorTemp;
 224:../Middlewares/stm32-mw-camera/ISP_Library/isp/Src/isp_awb_algo.c **** 
 225:../Middlewares/stm32-mw-camera/ISP_Library/isp/Src/isp_awb_algo.c ****   return ISP_OK;
ARM GAS  /tmp/ccE8OU4h.s 			page 11


 226:../Middlewares/stm32-mw-camera/ISP_Library/isp/Src/isp_awb_algo.c **** }
 305              		.loc 1 226 1 is_stmt 0 view .LVU91
 306 0068 0020     		movs	r0, #0
 307 006a 07B0     		add	sp, sp, #28
 308              		.cfi_remember_state
 309              		.cfi_def_cfa_offset 44
 310              		@ sp needed
 311 006c BDEC028B 		vldm	sp!, {d8}
 312              		.cfi_restore 80
 313              		.cfi_restore 81
 314              		.cfi_def_cfa_offset 36
 315 0070 BDE8F08F 		pop	{r4, r5, r6, r7, r8, r9, r10, fp, pc}
 316              	.LVL20:
 317              	.L23:
 318              		.cfi_restore_state
 111:../Middlewares/stm32-mw-camera/ISP_Library/isp/Src/isp_awb_algo.c **** 
 319              		.loc 1 111 93 discriminator 2 view .LVU92
 320 0074 A449     		ldr	r1, .L47+40
 321              	.LVL21:
 111:../Middlewares/stm32-mw-camera/ISP_Library/isp/Src/isp_awb_algo.c **** 
 322              		.loc 1 111 93 discriminator 2 view .LVU93
 323 0076 D1F800C0 		ldr	ip, [r1]
 324 007a D3E7     		b	.L24
 325              	.LVL22:
 326              	.L25:
 126:../Middlewares/stm32-mw-camera/ISP_Library/isp/Src/isp_awb_algo.c **** 
 327              		.loc 1 126 3 is_stmt 1 view .LVU94
 126:../Middlewares/stm32-mw-camera/ISP_Library/isp/Src/isp_awb_algo.c **** 
 328              		.loc 1 126 21 is_stmt 0 view .LVU95
 329 007c 9E4F     		ldr	r7, .L47+24
 330 007e 0FCE     		ldmia	r6!, {r0, r1, r2, r3}
 331              	.LVL23:
 126:../Middlewares/stm32-mw-camera/ISP_Library/isp/Src/isp_awb_algo.c **** 
 332              		.loc 1 126 21 view .LVU96
 333 0080 0FC7     		stmia	r7!, {r0, r1, r2, r3}
 334 0082 0FCE     		ldmia	r6!, {r0, r1, r2, r3}
 335              	.LVL24:
 126:../Middlewares/stm32-mw-camera/ISP_Library/isp/Src/isp_awb_algo.c **** 
 336              		.loc 1 126 21 view .LVU97
 337 0084 0FC7     		stmia	r7!, {r0, r1, r2, r3}
 338 0086 0FCE     		ldmia	r6!, {r0, r1, r2, r3}
 339              	.LVL25:
 126:../Middlewares/stm32-mw-camera/ISP_Library/isp/Src/isp_awb_algo.c **** 
 340              		.loc 1 126 21 view .LVU98
 341 0088 0FC7     		stmia	r7!, {r0, r1, r2, r3}
 342 008a 9F4A     		ldr	r2, .L47+40
 343 008c 3368     		ldr	r3, [r6]
 344 008e 1146     		mov	r1, r2
 345 0090 3B60     		str	r3, [r7]
 129:../Middlewares/stm32-mw-camera/ISP_Library/isp/Src/isp_awb_algo.c ****   {
 346              		.loc 1 129 3 is_stmt 1 view .LVU99
 347              	.LVL26:
 129:../Middlewares/stm32-mw-camera/ISP_Library/isp/Src/isp_awb_algo.c ****   {
 348              		.loc 1 129 15 is_stmt 0 view .LVU100
 349 0092 0027     		movs	r7, #0
 129:../Middlewares/stm32-mw-camera/ISP_Library/isp/Src/isp_awb_algo.c ****   {
 350              		.loc 1 129 27 discriminator 1 view .LVU101
ARM GAS  /tmp/ccE8OU4h.s 			page 12


 351 0094 9D4B     		ldr	r3, .L47+44
 352 0096 1868     		ldr	r0, [r3]
 353 0098 431C     		adds	r3, r0, #1
 354              	.LVL27:
 355              	.L27:
 129:../Middlewares/stm32-mw-camera/ISP_Library/isp/Src/isp_awb_algo.c ****   {
 356              		.loc 1 129 27 is_stmt 1 discriminator 1 view .LVU102
 357 009a 013B     		subs	r3, r3, #1
 358 009c 40F0B380 		bne	.L29
 359              	.L28:
 135:../Middlewares/stm32-mw-camera/ISP_Library/isp/Src/isp_awb_algo.c ****   {
 360              		.loc 1 135 3 view .LVU103
 135:../Middlewares/stm32-mw-camera/ISP_Library/isp/Src/isp_awb_algo.c ****   {
 361              		.loc 1 135 6 is_stmt 0 view .LVU104
 362 00a0 002F     		cmp	r7, #0
 363 00a2 00F0DD80 		beq	.L41
 140:../Middlewares/stm32-mw-camera/ISP_Library/isp/Src/isp_awb_algo.c ****   {
 364              		.loc 1 140 8 is_stmt 1 view .LVU105
 140:../Middlewares/stm32-mw-camera/ISP_Library/isp/Src/isp_awb_algo.c ****   {
 365              		.loc 1 140 11 is_stmt 0 view .LVU106
 366 00a6 B842     		cmp	r0, r7
 367 00a8 07F1FF33 		add	r3, r7, #-1
 368 00ac 40F0B280 		bne	.L31
 143:../Middlewares/stm32-mw-camera/ISP_Library/isp/Src/isp_awb_algo.c ****   }
 369              		.loc 1 143 5 is_stmt 1 view .LVU107
 370              	.LVL28:
 107:../Middlewares/stm32-mw-camera/ISP_Library/isp/Src/isp_awb_algo.c ****   int64_t i64;
 371              		.loc 1 107 44 is_stmt 0 view .LVU108
 372 00b0 0027     		movs	r7, #0
 373              	.LVL29:
 106:../Middlewares/stm32-mw-camera/ISP_Library/isp/Src/isp_awb_algo.c ****   uint32_t rb_ratio, profId, upProfId = 0, downProfId = 0;
 374              		.loc 1 106 10 view .LVU109
 375 00b2 9FED8B8B 		vldr.64	d8, .L47
 107:../Middlewares/stm32-mw-camera/ISP_Library/isp/Src/isp_awb_algo.c ****   int64_t i64;
 376              		.loc 1 107 30 view .LVU110
 377 00b6 B846     		mov	r8, r7
 378              	.LVL30:
 379              	.L30:
 173:../Middlewares/stm32-mw-camera/ISP_Library/isp/Src/isp_awb_algo.c ****   pISPGainConfig->enable = 1;
 380              		.loc 1 173 3 is_stmt 1 view .LVU111
 173:../Middlewares/stm32-mw-camera/ISP_Library/isp/Src/isp_awb_algo.c ****   pISPGainConfig->enable = 1;
 381              		.loc 1 173 28 is_stmt 0 view .LVU112
 382 00b8 0122     		movs	r2, #1
 383 00ba 2270     		strb	r2, [r4]
 174:../Middlewares/stm32-mw-camera/ISP_Library/isp/Src/isp_awb_algo.c ****   /* Check if an 'exact' profile was found */
 384              		.loc 1 174 3 is_stmt 1 view .LVU113
 174:../Middlewares/stm32-mw-camera/ISP_Library/isp/Src/isp_awb_algo.c ****   /* Check if an 'exact' profile was found */
 385              		.loc 1 174 26 is_stmt 0 view .LVU114
 386 00bc 2A70     		strb	r2, [r5]
 176:../Middlewares/stm32-mw-camera/ISP_Library/isp/Src/isp_awb_algo.c ****   {
 387              		.loc 1 176 3 is_stmt 1 view .LVU115
 176:../Middlewares/stm32-mw-camera/ISP_Library/isp/Src/isp_awb_algo.c ****   {
 388              		.loc 1 176 6 is_stmt 0 view .LVU116
 389 00be 5A1C     		adds	r2, r3, #1
 390 00c0 4FF02401 		mov	r1, #36
 391 00c4 924E     		ldr	r6, .L47+48
 392 00c6 40F0D080 		bne	.L35
ARM GAS  /tmp/ccE8OU4h.s 			page 13


 393              	.LVL31:
 176:../Middlewares/stm32-mw-camera/ISP_Library/isp/Src/isp_awb_algo.c ****   {
 394              		.loc 1 176 6 view .LVU117
 395 00ca 4FF00009 		mov	r9, #0
 396 00ce 01FB08F2 		mul	r2, r1, r8
 397 00d2 7943     		muls	r1, r7, r1
 398 00d4 B318     		adds	r3, r6, r2
 399 00d6 F033     		adds	r3, r3, #240
 400 00d8 0291     		str	r1, [sp, #8]
 401 00da 0393     		str	r3, [sp, #12]
 402              	.LVL32:
 403              	.L36:
 195:../Middlewares/stm32-mw-camera/ISP_Library/isp/Src/isp_awb_algo.c ****       {
 404              		.loc 1 195 21 is_stmt 1 discriminator 1 view .LVU118
 195:../Middlewares/stm32-mw-camera/ISP_Library/isp/Src/isp_awb_algo.c ****       {
 405              		.loc 1 195 14 is_stmt 0 view .LVU119
 406 00dc 4FF0000A 		mov	r10, #0
 407 00e0 039B     		ldr	r3, [sp, #12]
 408 00e2 03EB090B 		add	fp, r3, r9
 409 00e6 04EB0903 		add	r3, r4, r9
 410              	.LVL33:
 411              	.L39:
 197:../Middlewares/stm32-mw-camera/ISP_Library/isp/Src/isp_awb_algo.c ****              (ISP_AWB_Config.coeff[upProfId][i][j] - ISP_AWB_Config.coeff[downProfId][i][j]));
 412              		.loc 1 197 59 view .LVU120
 413 00ea 5BF8040F 		ldr	r0, [fp, #4]!
 414 00ee 0593     		str	r3, [sp, #20]
 415              	.LVL34:
 197:../Middlewares/stm32-mw-camera/ISP_Library/isp/Src/isp_awb_algo.c ****              (ISP_AWB_Config.coeff[upProfId][i][j] - ISP_AWB_Config.coeff[downProfId][i][j]));
 416              		.loc 1 197 8 is_stmt 1 view .LVU121
 198:../Middlewares/stm32-mw-camera/ISP_Library/isp/Src/isp_awb_algo.c ****         pColorConvConfig->coeff[i][j] = (int32_t)i64;
 417              		.loc 1 198 52 is_stmt 0 view .LVU122
 418 00f0 029B     		ldr	r3, [sp, #8]
 198:../Middlewares/stm32-mw-camera/ISP_Library/isp/Src/isp_awb_algo.c ****         pColorConvConfig->coeff[i][j] = (int32_t)i64;
 419              		.loc 1 198 48 view .LVU123
 420 00f2 ABEB0201 		sub	r1, fp, r2
 198:../Middlewares/stm32-mw-camera/ISP_Library/isp/Src/isp_awb_algo.c ****         pColorConvConfig->coeff[i][j] = (int32_t)i64;
 421              		.loc 1 198 52 view .LVU124
 422 00f6 C958     		ldr	r1, [r1, r3]
 197:../Middlewares/stm32-mw-camera/ISP_Library/isp/Src/isp_awb_algo.c ****              (ISP_AWB_Config.coeff[upProfId][i][j] - ISP_AWB_Config.coeff[downProfId][i][j]));
 423              		.loc 1 197 63 view .LVU125
 424 00f8 06EE900A 		vmov	s13, r0	@ int
 198:../Middlewares/stm32-mw-camera/ISP_Library/isp/Src/isp_awb_algo.c ****         pColorConvConfig->coeff[i][j] = (int32_t)i64;
 425              		.loc 1 198 52 view .LVU126
 426 00fc 091A     		subs	r1, r1, r0
 197:../Middlewares/stm32-mw-camera/ISP_Library/isp/Src/isp_awb_algo.c ****              (ISP_AWB_Config.coeff[upProfId][i][j] - ISP_AWB_Config.coeff[downProfId][i][j]));
 427              		.loc 1 197 79 view .LVU127
 428 00fe 07EE901A 		vmov	s15, r1	@ int
 197:../Middlewares/stm32-mw-camera/ISP_Library/isp/Src/isp_awb_algo.c ****              (ISP_AWB_Config.coeff[upProfId][i][j] - ISP_AWB_Config.coeff[downProfId][i][j]));
 429              		.loc 1 197 63 view .LVU128
 430 0102 B8EEE66B 		vcvt.f64.s32	d6, s13
 197:../Middlewares/stm32-mw-camera/ISP_Library/isp/Src/isp_awb_algo.c ****              (ISP_AWB_Config.coeff[upProfId][i][j] - ISP_AWB_Config.coeff[downProfId][i][j]));
 431              		.loc 1 197 79 view .LVU129
 432 0106 B8EEE77B 		vcvt.f64.s32	d7, s15
 433              	.LVL35:
 199:../Middlewares/stm32-mw-camera/ISP_Library/isp/Src/isp_awb_algo.c ****       }
 434              		.loc 1 199 9 is_stmt 1 view .LVU130
 197:../Middlewares/stm32-mw-camera/ISP_Library/isp/Src/isp_awb_algo.c ****              (ISP_AWB_Config.coeff[upProfId][i][j] - ISP_AWB_Config.coeff[downProfId][i][j]));
ARM GAS  /tmp/ccE8OU4h.s 			page 14


 435              		.loc 1 197 12 is_stmt 0 view .LVU131
 436 010a A7EE086B 		vfma.f64	d6, d7, d8
 437              	.LVL36:
 197:../Middlewares/stm32-mw-camera/ISP_Library/isp/Src/isp_awb_algo.c ****              (ISP_AWB_Config.coeff[upProfId][i][j] - ISP_AWB_Config.coeff[downProfId][i][j]));
 438              		.loc 1 197 12 view .LVU132
 439 010e 51EC160B 		vmov	r0, r1, d6
 198:../Middlewares/stm32-mw-camera/ISP_Library/isp/Src/isp_awb_algo.c ****         pColorConvConfig->coeff[i][j] = (int32_t)i64;
 440              		.loc 1 198 48 view .LVU133
 441 0112 0492     		str	r2, [sp, #16]
 197:../Middlewares/stm32-mw-camera/ISP_Library/isp/Src/isp_awb_algo.c ****              (ISP_AWB_Config.coeff[upProfId][i][j] - ISP_AWB_Config.coeff[downProfId][i][j]));
 442              		.loc 1 197 12 view .LVU134
 443 0114 FFF7FEFF 		bl	__aeabi_d2lz
 444              	.LVL37:
 195:../Middlewares/stm32-mw-camera/ISP_Library/isp/Src/isp_awb_algo.c ****       {
 445              		.loc 1 195 27 discriminator 3 view .LVU135
 446 0118 0AF1010A 		add	r10, r10, #1
 447              	.LVL38:
 199:../Middlewares/stm32-mw-camera/ISP_Library/isp/Src/isp_awb_algo.c ****       }
 448              		.loc 1 199 41 view .LVU136
 449 011c 059B     		ldr	r3, [sp, #20]
 195:../Middlewares/stm32-mw-camera/ISP_Library/isp/Src/isp_awb_algo.c ****       {
 450              		.loc 1 195 21 discriminator 1 view .LVU137
 451 011e BAF1030F 		cmp	r10, #3
 452 0122 049A     		ldr	r2, [sp, #16]
 199:../Middlewares/stm32-mw-camera/ISP_Library/isp/Src/isp_awb_algo.c ****       }
 453              		.loc 1 199 41 view .LVU138
 454 0124 43F8040F 		str	r0, [r3, #4]!
 195:../Middlewares/stm32-mw-camera/ISP_Library/isp/Src/isp_awb_algo.c ****       {
 455              		.loc 1 195 27 is_stmt 1 discriminator 3 view .LVU139
 456              	.LVL39:
 195:../Middlewares/stm32-mw-camera/ISP_Library/isp/Src/isp_awb_algo.c ****       {
 457              		.loc 1 195 21 discriminator 1 view .LVU140
 458 0128 DFD1     		bne	.L39
 193:../Middlewares/stm32-mw-camera/ISP_Library/isp/Src/isp_awb_algo.c ****     {
 459              		.loc 1 193 25 discriminator 2 view .LVU141
 193:../Middlewares/stm32-mw-camera/ISP_Library/isp/Src/isp_awb_algo.c ****     {
 460              		.loc 1 193 19 discriminator 1 view .LVU142
 461 012a 09F10C09 		add	r9, r9, #12
 462 012e B9F1240F 		cmp	r9, #36
 463 0132 D3D1     		bne	.L36
 203:../Middlewares/stm32-mw-camera/ISP_Library/isp/Src/isp_awb_algo.c ****           ((int64_t)ISP_AWB_Config.ispGainR[upProfId] - ISP_AWB_Config.ispGainR[downProfId]));
 464              		.loc 1 203 5 view .LVU143
 203:../Middlewares/stm32-mw-camera/ISP_Library/isp/Src/isp_awb_algo.c ****           ((int64_t)ISP_AWB_Config.ispGainR[upProfId] - ISP_AWB_Config.ispGainR[downProfId]));
 465              		.loc 1 203 44 is_stmt 0 view .LVU144
 466 0134 08F12E03 		add	r3, r8, #46
 467 0138 56F82390 		ldr	r9, [r6, r3, lsl #2]
 204:../Middlewares/stm32-mw-camera/ISP_Library/isp/Src/isp_awb_algo.c ****     pISPGainConfig->ispGainR = (uint32_t)i64;
 468              		.loc 1 204 44 view .LVU145
 469 013c 07F12E03 		add	r3, r7, #46
 204:../Middlewares/stm32-mw-camera/ISP_Library/isp/Src/isp_awb_algo.c ****     pISPGainConfig->ispGainR = (uint32_t)i64;
 470              		.loc 1 204 12 view .LVU146
 471 0140 56F82300 		ldr	r0, [r6, r3, lsl #2]
 204:../Middlewares/stm32-mw-camera/ISP_Library/isp/Src/isp_awb_algo.c ****     pISPGainConfig->ispGainR = (uint32_t)i64;
 472              		.loc 1 204 55 view .LVU147
 473 0144 B0EB0900 		subs	r0, r0, r9
 203:../Middlewares/stm32-mw-camera/ISP_Library/isp/Src/isp_awb_algo.c ****           ((int64_t)ISP_AWB_Config.ispGainR[upProfId] - ISP_AWB_Config.ispGainR[downProfId]));
 474              		.loc 1 203 73 view .LVU148
ARM GAS  /tmp/ccE8OU4h.s 			page 15


 475 0148 61EB0101 		sbc	r1, r1, r1
 476 014c FFF7FEFF 		bl	__aeabi_l2d
 477              	.LVL40:
 203:../Middlewares/stm32-mw-camera/ISP_Library/isp/Src/isp_awb_algo.c ****           ((int64_t)ISP_AWB_Config.ispGainR[upProfId] - ISP_AWB_Config.ispGainR[downProfId]));
 478              		.loc 1 203 57 view .LVU149
 479 0150 07EE909A 		vmov	s15, r9	@ int
 203:../Middlewares/stm32-mw-camera/ISP_Library/isp/Src/isp_awb_algo.c ****           ((int64_t)ISP_AWB_Config.ispGainR[upProfId] - ISP_AWB_Config.ispGainR[downProfId]));
 480              		.loc 1 203 73 view .LVU150
 481 0154 41EC160B 		vmov	d6, r0, r1
 203:../Middlewares/stm32-mw-camera/ISP_Library/isp/Src/isp_awb_algo.c ****           ((int64_t)ISP_AWB_Config.ispGainR[upProfId] - ISP_AWB_Config.ispGainR[downProfId]));
 482              		.loc 1 203 57 view .LVU151
 483 0158 B8EE677B 		vcvt.f64.u32	d7, s15
 484              	.LVL41:
 205:../Middlewares/stm32-mw-camera/ISP_Library/isp/Src/isp_awb_algo.c ****     i64 = (int64_t)(ISP_AWB_Config.ispGainG[downProfId] + interpolRatio *
 485              		.loc 1 205 5 is_stmt 1 view .LVU152
 203:../Middlewares/stm32-mw-camera/ISP_Library/isp/Src/isp_awb_algo.c ****           ((int64_t)ISP_AWB_Config.ispGainR[upProfId] - ISP_AWB_Config.ispGainR[downProfId]));
 486              		.loc 1 203 9 is_stmt 0 view .LVU153
 487 015c A6EE087B 		vfma.f64	d7, d6, d8
 488              	.LVL42:
 203:../Middlewares/stm32-mw-camera/ISP_Library/isp/Src/isp_awb_algo.c ****           ((int64_t)ISP_AWB_Config.ispGainR[upProfId] - ISP_AWB_Config.ispGainR[downProfId]));
 489              		.loc 1 203 9 view .LVU154
 490 0160 51EC170B 		vmov	r0, r1, d7
 491 0164 FFF7FEFF 		bl	__aeabi_d2lz
 492              	.LVL43:
 206:../Middlewares/stm32-mw-camera/ISP_Library/isp/Src/isp_awb_algo.c ****           ((int64_t)ISP_AWB_Config.ispGainG[upProfId] - ISP_AWB_Config.ispGainG[downProfId]));
 493              		.loc 1 206 44 view .LVU155
 494 0168 06EB8803 		add	r3, r6, r8, lsl #2
 205:../Middlewares/stm32-mw-camera/ISP_Library/isp/Src/isp_awb_algo.c ****     i64 = (int64_t)(ISP_AWB_Config.ispGainG[downProfId] + interpolRatio *
 495              		.loc 1 205 32 view .LVU156
 496 016c 6860     		str	r0, [r5, #4]
 206:../Middlewares/stm32-mw-camera/ISP_Library/isp/Src/isp_awb_algo.c ****           ((int64_t)ISP_AWB_Config.ispGainG[upProfId] - ISP_AWB_Config.ispGainG[downProfId]));
 497              		.loc 1 206 5 is_stmt 1 view .LVU157
 206:../Middlewares/stm32-mw-camera/ISP_Library/isp/Src/isp_awb_algo.c ****           ((int64_t)ISP_AWB_Config.ispGainG[upProfId] - ISP_AWB_Config.ispGainG[downProfId]));
 498              		.loc 1 206 44 is_stmt 0 view .LVU158
 499 016e D3F8CC90 		ldr	r9, [r3, #204]
 207:../Middlewares/stm32-mw-camera/ISP_Library/isp/Src/isp_awb_algo.c ****     pISPGainConfig->ispGainG = (uint32_t)i64;
 500              		.loc 1 207 44 view .LVU159
 501 0172 06EB8703 		add	r3, r6, r7, lsl #2
 207:../Middlewares/stm32-mw-camera/ISP_Library/isp/Src/isp_awb_algo.c ****     pISPGainConfig->ispGainG = (uint32_t)i64;
 502              		.loc 1 207 12 view .LVU160
 503 0176 D3F8CC00 		ldr	r0, [r3, #204]
 207:../Middlewares/stm32-mw-camera/ISP_Library/isp/Src/isp_awb_algo.c ****     pISPGainConfig->ispGainG = (uint32_t)i64;
 504              		.loc 1 207 55 view .LVU161
 505 017a B0EB0900 		subs	r0, r0, r9
 206:../Middlewares/stm32-mw-camera/ISP_Library/isp/Src/isp_awb_algo.c ****           ((int64_t)ISP_AWB_Config.ispGainG[upProfId] - ISP_AWB_Config.ispGainG[downProfId]));
 506              		.loc 1 206 73 view .LVU162
 507 017e 61EB0101 		sbc	r1, r1, r1
 508 0182 FFF7FEFF 		bl	__aeabi_l2d
 509              	.LVL44:
 206:../Middlewares/stm32-mw-camera/ISP_Library/isp/Src/isp_awb_algo.c ****           ((int64_t)ISP_AWB_Config.ispGainG[upProfId] - ISP_AWB_Config.ispGainG[downProfId]));
 510              		.loc 1 206 57 view .LVU163
 511 0186 07EE909A 		vmov	s15, r9	@ int
 206:../Middlewares/stm32-mw-camera/ISP_Library/isp/Src/isp_awb_algo.c ****           ((int64_t)ISP_AWB_Config.ispGainG[upProfId] - ISP_AWB_Config.ispGainG[downProfId]));
 512              		.loc 1 206 73 view .LVU164
 513 018a 41EC160B 		vmov	d6, r0, r1
 206:../Middlewares/stm32-mw-camera/ISP_Library/isp/Src/isp_awb_algo.c ****           ((int64_t)ISP_AWB_Config.ispGainG[upProfId] - ISP_AWB_Config.ispGainG[downProfId]));
 514              		.loc 1 206 57 view .LVU165
ARM GAS  /tmp/ccE8OU4h.s 			page 16


 515 018e B8EE677B 		vcvt.f64.u32	d7, s15
 516              	.LVL45:
 208:../Middlewares/stm32-mw-camera/ISP_Library/isp/Src/isp_awb_algo.c ****     i64 = (int64_t)(ISP_AWB_Config.ispGainB[downProfId] + interpolRatio *
 517              		.loc 1 208 5 is_stmt 1 view .LVU166
 206:../Middlewares/stm32-mw-camera/ISP_Library/isp/Src/isp_awb_algo.c ****           ((int64_t)ISP_AWB_Config.ispGainG[upProfId] - ISP_AWB_Config.ispGainG[downProfId]));
 518              		.loc 1 206 9 is_stmt 0 view .LVU167
 519 0192 A6EE087B 		vfma.f64	d7, d6, d8
 520              	.LVL46:
 206:../Middlewares/stm32-mw-camera/ISP_Library/isp/Src/isp_awb_algo.c ****           ((int64_t)ISP_AWB_Config.ispGainG[upProfId] - ISP_AWB_Config.ispGainG[downProfId]));
 521              		.loc 1 206 9 view .LVU168
 522 0196 51EC170B 		vmov	r0, r1, d7
 523 019a FFF7FEFF 		bl	__aeabi_d2lz
 524              	.LVL47:
 209:../Middlewares/stm32-mw-camera/ISP_Library/isp/Src/isp_awb_algo.c ****           ((int64_t)ISP_AWB_Config.ispGainB[upProfId] - ISP_AWB_Config.ispGainB[downProfId]));
 525              		.loc 1 209 44 view .LVU169
 526 019e 08F13803 		add	r3, r8, #56
 208:../Middlewares/stm32-mw-camera/ISP_Library/isp/Src/isp_awb_algo.c ****     i64 = (int64_t)(ISP_AWB_Config.ispGainB[downProfId] + interpolRatio *
 527              		.loc 1 208 32 view .LVU170
 528 01a2 A860     		str	r0, [r5, #8]
 209:../Middlewares/stm32-mw-camera/ISP_Library/isp/Src/isp_awb_algo.c ****           ((int64_t)ISP_AWB_Config.ispGainB[upProfId] - ISP_AWB_Config.ispGainB[downProfId]));
 529              		.loc 1 209 5 is_stmt 1 view .LVU171
 209:../Middlewares/stm32-mw-camera/ISP_Library/isp/Src/isp_awb_algo.c ****           ((int64_t)ISP_AWB_Config.ispGainB[upProfId] - ISP_AWB_Config.ispGainB[downProfId]));
 530              		.loc 1 209 44 is_stmt 0 view .LVU172
 531 01a4 56F82390 		ldr	r9, [r6, r3, lsl #2]
 210:../Middlewares/stm32-mw-camera/ISP_Library/isp/Src/isp_awb_algo.c ****     pISPGainConfig->ispGainB = (uint32_t)i64;
 532              		.loc 1 210 44 view .LVU173
 533 01a8 07F13803 		add	r3, r7, #56
 210:../Middlewares/stm32-mw-camera/ISP_Library/isp/Src/isp_awb_algo.c ****     pISPGainConfig->ispGainB = (uint32_t)i64;
 534              		.loc 1 210 12 view .LVU174
 535 01ac 56F82300 		ldr	r0, [r6, r3, lsl #2]
 213:../Middlewares/stm32-mw-camera/ISP_Library/isp/Src/isp_awb_algo.c ****                   (ISP_AWB_Config.referenceColorTemp[upProfId] - ISP_AWB_Config.referenceColorTemp[
 536              		.loc 1 213 63 view .LVU175
 537 01b0 06EB8808 		add	r8, r6, r8, lsl #2
 210:../Middlewares/stm32-mw-camera/ISP_Library/isp/Src/isp_awb_algo.c ****     pISPGainConfig->ispGainB = (uint32_t)i64;
 538              		.loc 1 210 55 view .LVU176
 539 01b4 B0EB0900 		subs	r0, r0, r9
 209:../Middlewares/stm32-mw-camera/ISP_Library/isp/Src/isp_awb_algo.c ****           ((int64_t)ISP_AWB_Config.ispGainB[upProfId] - ISP_AWB_Config.ispGainB[downProfId]));
 540              		.loc 1 209 73 view .LVU177
 541 01b8 61EB0101 		sbc	r1, r1, r1
 542 01bc FFF7FEFF 		bl	__aeabi_l2d
 543              	.LVL48:
 209:../Middlewares/stm32-mw-camera/ISP_Library/isp/Src/isp_awb_algo.c ****           ((int64_t)ISP_AWB_Config.ispGainB[upProfId] - ISP_AWB_Config.ispGainB[downProfId]));
 544              		.loc 1 209 57 view .LVU178
 545 01c0 07EE909A 		vmov	s15, r9	@ int
 209:../Middlewares/stm32-mw-camera/ISP_Library/isp/Src/isp_awb_algo.c ****           ((int64_t)ISP_AWB_Config.ispGainB[upProfId] - ISP_AWB_Config.ispGainB[downProfId]));
 546              		.loc 1 209 73 view .LVU179
 547 01c4 41EC160B 		vmov	d6, r0, r1
 209:../Middlewares/stm32-mw-camera/ISP_Library/isp/Src/isp_awb_algo.c ****           ((int64_t)ISP_AWB_Config.ispGainB[upProfId] - ISP_AWB_Config.ispGainB[downProfId]));
 548              		.loc 1 209 57 view .LVU180
 549 01c8 B8EE677B 		vcvt.f64.u32	d7, s15
 550              	.LVL49:
 211:../Middlewares/stm32-mw-camera/ISP_Library/isp/Src/isp_awb_algo.c **** 
 551              		.loc 1 211 5 is_stmt 1 view .LVU181
 209:../Middlewares/stm32-mw-camera/ISP_Library/isp/Src/isp_awb_algo.c ****           ((int64_t)ISP_AWB_Config.ispGainB[upProfId] - ISP_AWB_Config.ispGainB[downProfId]));
 552              		.loc 1 209 9 is_stmt 0 view .LVU182
 553 01cc A6EE087B 		vfma.f64	d7, d6, d8
 554              	.LVL50:
ARM GAS  /tmp/ccE8OU4h.s 			page 17


 209:../Middlewares/stm32-mw-camera/ISP_Library/isp/Src/isp_awb_algo.c ****           ((int64_t)ISP_AWB_Config.ispGainB[upProfId] - ISP_AWB_Config.ispGainB[downProfId]));
 555              		.loc 1 209 9 view .LVU183
 556 01d0 51EC170B 		vmov	r0, r1, d7
 557 01d4 FFF7FEFF 		bl	__aeabi_d2lz
 558              	.LVL51:
 214:../Middlewares/stm32-mw-camera/ISP_Library/isp/Src/isp_awb_algo.c **** #ifdef ALGO_AWB_DBG_LOGS
 559              		.loc 1 214 53 view .LVU184
 560 01d8 06EB8706 		add	r6, r6, r7, lsl #2
 211:../Middlewares/stm32-mw-camera/ISP_Library/isp/Src/isp_awb_algo.c **** 
 561              		.loc 1 211 32 view .LVU185
 562 01dc E860     		str	r0, [r5, #12]
 213:../Middlewares/stm32-mw-camera/ISP_Library/isp/Src/isp_awb_algo.c ****                   (ISP_AWB_Config.referenceColorTemp[upProfId] - ISP_AWB_Config.referenceColorTemp[
 563              		.loc 1 213 5 is_stmt 1 view .LVU186
 213:../Middlewares/stm32-mw-camera/ISP_Library/isp/Src/isp_awb_algo.c ****                   (ISP_AWB_Config.referenceColorTemp[upProfId] - ISP_AWB_Config.referenceColorTemp[
 564              		.loc 1 213 63 is_stmt 0 view .LVU187
 565 01de D8F8A430 		ldr	r3, [r8, #164]
 214:../Middlewares/stm32-mw-camera/ISP_Library/isp/Src/isp_awb_algo.c **** #ifdef ALGO_AWB_DBG_LOGS
 566              		.loc 1 214 64 view .LVU188
 567 01e2 D6F8A420 		ldr	r2, [r6, #164]
 568 01e6 D21A     		subs	r2, r2, r3
 213:../Middlewares/stm32-mw-camera/ISP_Library/isp/Src/isp_awb_algo.c ****                   (ISP_AWB_Config.referenceColorTemp[upProfId] - ISP_AWB_Config.referenceColorTemp[
 569              		.loc 1 213 92 view .LVU189
 570 01e8 07EE902A 		vmov	s15, r2	@ int
 571 01ec B8EE676B 		vcvt.f64.u32	d6, s15
 213:../Middlewares/stm32-mw-camera/ISP_Library/isp/Src/isp_awb_algo.c ****                   (ISP_AWB_Config.referenceColorTemp[upProfId] - ISP_AWB_Config.referenceColorTemp[
 572              		.loc 1 213 76 view .LVU190
 573 01f0 07EE903A 		vmov	s15, r3	@ int
 574 01f4 B8EE677B 		vcvt.f64.u32	d7, s15
 575 01f8 A6EE087B 		vfma.f64	d7, d6, d8
 213:../Middlewares/stm32-mw-camera/ISP_Library/isp/Src/isp_awb_algo.c ****                   (ISP_AWB_Config.referenceColorTemp[upProfId] - ISP_AWB_Config.referenceColorTemp[
 576              		.loc 1 213 19 view .LVU191
 577 01fc FCEEC77B 		vcvt.u32.f64	s15, d7
 578 0200 17EE907A 		vmov	r7, s15	@ int
 579 0204 58E0     		b	.L38
 580              	.LVL52:
 581              	.L29:
 131:../Middlewares/stm32-mw-camera/ISP_Library/isp/Src/isp_awb_algo.c ****       break;
 582              		.loc 1 131 5 is_stmt 1 view .LVU192
 131:../Middlewares/stm32-mw-camera/ISP_Library/isp/Src/isp_awb_algo.c ****       break;
 583              		.loc 1 131 35 is_stmt 0 view .LVU193
 584 0206 52F8046B 		ldr	r6, [r2], #4
 131:../Middlewares/stm32-mw-camera/ISP_Library/isp/Src/isp_awb_algo.c ****       break;
 585              		.loc 1 131 8 view .LVU194
 586 020a 6645     		cmp	r6, ip
 587 020c FFF448AF 		bcc	.L28
 129:../Middlewares/stm32-mw-camera/ISP_Library/isp/Src/isp_awb_algo.c ****   {
 588              		.loc 1 129 55 is_stmt 1 discriminator 2 view .LVU195
 589              	.LVL53:
 129:../Middlewares/stm32-mw-camera/ISP_Library/isp/Src/isp_awb_algo.c ****   {
 590              		.loc 1 129 55 is_stmt 0 discriminator 2 view .LVU196
 591 0210 0137     		adds	r7, r7, #1
 592              	.LVL54:
 129:../Middlewares/stm32-mw-camera/ISP_Library/isp/Src/isp_awb_algo.c ****   {
 593              		.loc 1 129 55 discriminator 2 view .LVU197
 594 0212 42E7     		b	.L27
 595              	.LVL55:
 596              	.L31:
ARM GAS  /tmp/ccE8OU4h.s 			page 18


 148:../Middlewares/stm32-mw-camera/ISP_Library/isp/Src/isp_awb_algo.c ****     upProfId = profId;
 597              		.loc 1 148 5 is_stmt 1 view .LVU198
 149:../Middlewares/stm32-mw-camera/ISP_Library/isp/Src/isp_awb_algo.c ****     downProfId = profId - 1;
 598              		.loc 1 149 5 view .LVU199
 150:../Middlewares/stm32-mw-camera/ISP_Library/isp/Src/isp_awb_algo.c ****     interpolRatio = (double)(ISP_AWB_rbRatio[downProfId] - rb_ratio) / (ISP_AWB_rbRatio[downProfId]
 599              		.loc 1 150 5 view .LVU200
 150:../Middlewares/stm32-mw-camera/ISP_Library/isp/Src/isp_awb_algo.c ****     interpolRatio = (double)(ISP_AWB_rbRatio[downProfId] - rb_ratio) / (ISP_AWB_rbRatio[downProfId]
 600              		.loc 1 150 16 is_stmt 0 view .LVU201
 601 0214 9846     		mov	r8, r3
 602              	.LVL56:
 151:../Middlewares/stm32-mw-camera/ISP_Library/isp/Src/isp_awb_algo.c **** 
 603              		.loc 1 151 5 is_stmt 1 view .LVU202
 151:../Middlewares/stm32-mw-camera/ISP_Library/isp/Src/isp_awb_algo.c **** 
 604              		.loc 1 151 101 is_stmt 0 view .LVU203
 605 0216 51F82720 		ldr	r2, [r1, r7, lsl #2]
 151:../Middlewares/stm32-mw-camera/ISP_Library/isp/Src/isp_awb_algo.c **** 
 606              		.loc 1 151 45 view .LVU204
 607 021a 51F82330 		ldr	r3, [r1, r3, lsl #2]
 151:../Middlewares/stm32-mw-camera/ISP_Library/isp/Src/isp_awb_algo.c **** 
 608              		.loc 1 151 58 view .LVU205
 609 021e A3EB0C0C 		sub	ip, r3, ip
 610              	.LVL57:
 151:../Middlewares/stm32-mw-camera/ISP_Library/isp/Src/isp_awb_algo.c **** 
 611              		.loc 1 151 101 view .LVU206
 612 0222 9B1A     		subs	r3, r3, r2
 151:../Middlewares/stm32-mw-camera/ISP_Library/isp/Src/isp_awb_algo.c **** 
 613              		.loc 1 151 70 view .LVU207
 614 0224 06EE903A 		vmov	s13, r3	@ int
 151:../Middlewares/stm32-mw-camera/ISP_Library/isp/Src/isp_awb_algo.c **** 
 615              		.loc 1 151 21 view .LVU208
 616 0228 07EE90CA 		vmov	s15, ip	@ int
 151:../Middlewares/stm32-mw-camera/ISP_Library/isp/Src/isp_awb_algo.c **** 
 617              		.loc 1 151 70 view .LVU209
 618 022c B8EE666B 		vcvt.f64.u32	d6, s13
 151:../Middlewares/stm32-mw-camera/ISP_Library/isp/Src/isp_awb_algo.c **** 
 619              		.loc 1 151 21 view .LVU210
 620 0230 B8EE677B 		vcvt.f64.u32	d7, s15
 151:../Middlewares/stm32-mw-camera/ISP_Library/isp/Src/isp_awb_algo.c **** 
 621              		.loc 1 151 19 view .LVU211
 622 0234 87EE068B 		vdiv.f64	d8, d7, d6
 623              	.LVL58:
 154:../Middlewares/stm32-mw-camera/ISP_Library/isp/Src/isp_awb_algo.c ****     {
 624              		.loc 1 154 5 is_stmt 1 view .LVU212
 154:../Middlewares/stm32-mw-camera/ISP_Library/isp/Src/isp_awb_algo.c ****     {
 625              		.loc 1 154 8 is_stmt 0 view .LVU213
 626 0238 9FED2B7B 		vldr.64	d7, .L47+8
 627 023c B4EEC78B 		vcmpe.f64	d8, d7
 628 0240 F1EE10FA 		vmrs	APSR_nzcv, FPSCR
 160:../Middlewares/stm32-mw-camera/ISP_Library/isp/Src/isp_awb_algo.c ****     }
 629              		.loc 1 160 19 view .LVU214
 630 0244 4346     		mov	r3, r8
 154:../Middlewares/stm32-mw-camera/ISP_Library/isp/Src/isp_awb_algo.c ****     {
 631              		.loc 1 154 8 view .LVU215
 632 0246 7FF637AF 		bls	.L30
 162:../Middlewares/stm32-mw-camera/ISP_Library/isp/Src/isp_awb_algo.c ****     {
 633              		.loc 1 162 10 is_stmt 1 view .LVU216
 162:../Middlewares/stm32-mw-camera/ISP_Library/isp/Src/isp_awb_algo.c ****     {
ARM GAS  /tmp/ccE8OU4h.s 			page 19


 634              		.loc 1 162 13 is_stmt 0 view .LVU217
 635 024a 9FED297B 		vldr.64	d7, .L47+16
 148:../Middlewares/stm32-mw-camera/ISP_Library/isp/Src/isp_awb_algo.c ****     upProfId = profId;
 636              		.loc 1 148 17 view .LVU218
 637 024e B4EEC78B 		vcmpe.f64	d8, d7
 638 0252 F1EE10FA 		vmrs	APSR_nzcv, FPSCR
 639 0256 ACBF     		ite	ge
 640 0258 3B46     		movge	r3, r7
 641 025a 4FF0FF33 		movlt	r3, #-1
 642 025e 2BE7     		b	.L30
 643              	.LVL59:
 644              	.L41:
 107:../Middlewares/stm32-mw-camera/ISP_Library/isp/Src/isp_awb_algo.c ****   int64_t i64;
 645              		.loc 1 107 44 view .LVU219
 646 0260 B846     		mov	r8, r7
 106:../Middlewares/stm32-mw-camera/ISP_Library/isp/Src/isp_awb_algo.c ****   uint32_t rb_ratio, profId, upProfId = 0, downProfId = 0;
 647              		.loc 1 106 10 view .LVU220
 648 0262 9FED1F8B 		vldr.64	d8, .L47
 138:../Middlewares/stm32-mw-camera/ISP_Library/isp/Src/isp_awb_algo.c ****   }
 649              		.loc 1 138 17 view .LVU221
 650 0266 3B46     		mov	r3, r7
 651 0268 26E7     		b	.L30
 652              	.LVL60:
 653              	.L35:
 179:../Middlewares/stm32-mw-camera/ISP_Library/isp/Src/isp_awb_algo.c **** 
 654              		.loc 1 179 5 is_stmt 1 view .LVU222
 179:../Middlewares/stm32-mw-camera/ISP_Library/isp/Src/isp_awb_algo.c **** 
 655              		.loc 1 179 57 is_stmt 0 view .LVU223
 656 026a 01FB0361 		mla	r1, r1, r3, r6
 179:../Middlewares/stm32-mw-camera/ISP_Library/isp/Src/isp_awb_algo.c **** 
 657              		.loc 1 179 5 view .LVU224
 658 026e 271D     		adds	r7, r4, #4
 179:../Middlewares/stm32-mw-camera/ISP_Library/isp/Src/isp_awb_algo.c **** 
 659              		.loc 1 179 57 view .LVU225
 660 0270 01F1F40E 		add	lr, r1, #244
 179:../Middlewares/stm32-mw-camera/ISP_Library/isp/Src/isp_awb_algo.c **** 
 661              		.loc 1 179 5 view .LVU226
 662 0274 01F58A72 		add	r2, r1, #276
 663              	.LVL61:
 664              	.L37:
 179:../Middlewares/stm32-mw-camera/ISP_Library/isp/Src/isp_awb_algo.c **** 
 665              		.loc 1 179 5 view .LVU227
 666 0278 F446     		mov	ip, lr
 667 027a BCE80300 		ldmia	ip!, {r0, r1}
 668 027e 9445     		cmp	ip, r2
 669 0280 3860     		str	r0, [r7]	@ unaligned
 670 0282 7960     		str	r1, [r7, #4]	@ unaligned
 671 0284 E646     		mov	lr, ip
 672 0286 07F10807 		add	r7, r7, #8
 673 028a F5D1     		bne	.L37
 674 028c DCF80000 		ldr	r0, [ip]
 181:../Middlewares/stm32-mw-camera/ISP_Library/isp/Src/isp_awb_algo.c ****     pISPGainConfig->ispGainG = ISP_AWB_Config.ispGainG[exactProfId];
 675              		.loc 1 181 55 view .LVU228
 676 0290 03F12E02 		add	r2, r3, #46
 179:../Middlewares/stm32-mw-camera/ISP_Library/isp/Src/isp_awb_algo.c **** 
 677              		.loc 1 179 5 view .LVU229
 678 0294 3860     		str	r0, [r7]	@ unaligned
ARM GAS  /tmp/ccE8OU4h.s 			page 20


 181:../Middlewares/stm32-mw-camera/ISP_Library/isp/Src/isp_awb_algo.c ****     pISPGainConfig->ispGainG = ISP_AWB_Config.ispGainG[exactProfId];
 679              		.loc 1 181 5 is_stmt 1 view .LVU230
 181:../Middlewares/stm32-mw-camera/ISP_Library/isp/Src/isp_awb_algo.c ****     pISPGainConfig->ispGainG = ISP_AWB_Config.ispGainG[exactProfId];
 680              		.loc 1 181 55 is_stmt 0 view .LVU231
 681 0296 56F82220 		ldr	r2, [r6, r2, lsl #2]
 181:../Middlewares/stm32-mw-camera/ISP_Library/isp/Src/isp_awb_algo.c ****     pISPGainConfig->ispGainG = ISP_AWB_Config.ispGainG[exactProfId];
 682              		.loc 1 181 30 view .LVU232
 683 029a 6A60     		str	r2, [r5, #4]
 182:../Middlewares/stm32-mw-camera/ISP_Library/isp/Src/isp_awb_algo.c ****     pISPGainConfig->ispGainB = ISP_AWB_Config.ispGainB[exactProfId];
 684              		.loc 1 182 5 is_stmt 1 view .LVU233
 182:../Middlewares/stm32-mw-camera/ISP_Library/isp/Src/isp_awb_algo.c ****     pISPGainConfig->ispGainB = ISP_AWB_Config.ispGainB[exactProfId];
 685              		.loc 1 182 55 is_stmt 0 view .LVU234
 686 029c 06EB8302 		add	r2, r6, r3, lsl #2
 687 02a0 D2F8CC20 		ldr	r2, [r2, #204]
 182:../Middlewares/stm32-mw-camera/ISP_Library/isp/Src/isp_awb_algo.c ****     pISPGainConfig->ispGainB = ISP_AWB_Config.ispGainB[exactProfId];
 688              		.loc 1 182 30 view .LVU235
 689 02a4 AA60     		str	r2, [r5, #8]
 183:../Middlewares/stm32-mw-camera/ISP_Library/isp/Src/isp_awb_algo.c **** 
 690              		.loc 1 183 5 is_stmt 1 view .LVU236
 183:../Middlewares/stm32-mw-camera/ISP_Library/isp/Src/isp_awb_algo.c **** 
 691              		.loc 1 183 55 is_stmt 0 view .LVU237
 692 02a6 03F13802 		add	r2, r3, #56
 693 02aa 56F82220 		ldr	r2, [r6, r2, lsl #2]
 185:../Middlewares/stm32-mw-camera/ISP_Library/isp/Src/isp_awb_algo.c **** #ifdef ALGO_AWB_DBG_LOGS
 694              		.loc 1 185 52 view .LVU238
 695 02ae 06EB8303 		add	r3, r6, r3, lsl #2
 696              	.LVL62:
 183:../Middlewares/stm32-mw-camera/ISP_Library/isp/Src/isp_awb_algo.c **** 
 697              		.loc 1 183 30 view .LVU239
 698 02b2 EA60     		str	r2, [r5, #12]
 185:../Middlewares/stm32-mw-camera/ISP_Library/isp/Src/isp_awb_algo.c **** #ifdef ALGO_AWB_DBG_LOGS
 699              		.loc 1 185 5 is_stmt 1 view .LVU240
 185:../Middlewares/stm32-mw-camera/ISP_Library/isp/Src/isp_awb_algo.c **** #ifdef ALGO_AWB_DBG_LOGS
 700              		.loc 1 185 52 is_stmt 0 view .LVU241
 701 02b4 D3F8A470 		ldr	r7, [r3, #164]
 702              	.LVL63:
 703              	.L38:
 185:../Middlewares/stm32-mw-camera/ISP_Library/isp/Src/isp_awb_algo.c **** #ifdef ALGO_AWB_DBG_LOGS
 704              		.loc 1 185 17 view .LVU242
 705 02b8 019B     		ldr	r3, [sp, #4]
 221:../Middlewares/stm32-mw-camera/ISP_Library/isp/Src/isp_awb_algo.c ****   ISP_AWB_CurrISPGain = *pISPGainConfig;
 706              		.loc 1 221 25 view .LVU243
 707 02ba 104E     		ldr	r6, .L47+28
 185:../Middlewares/stm32-mw-camera/ISP_Library/isp/Src/isp_awb_algo.c **** #ifdef ALGO_AWB_DBG_LOGS
 708              		.loc 1 185 17 view .LVU244
 709 02bc 1F60     		str	r7, [r3]
 221:../Middlewares/stm32-mw-camera/ISP_Library/isp/Src/isp_awb_algo.c ****   ISP_AWB_CurrISPGain = *pISPGainConfig;
 710              		.loc 1 221 3 is_stmt 1 view .LVU245
 221:../Middlewares/stm32-mw-camera/ISP_Library/isp/Src/isp_awb_algo.c ****   ISP_AWB_CurrISPGain = *pISPGainConfig;
 711              		.loc 1 221 25 is_stmt 0 view .LVU246
 712 02be 0FCC     		ldmia	r4!, {r0, r1, r2, r3}
 713              	.LVL64:
 221:../Middlewares/stm32-mw-camera/ISP_Library/isp/Src/isp_awb_algo.c ****   ISP_AWB_CurrISPGain = *pISPGainConfig;
 714              		.loc 1 221 25 view .LVU247
 715 02c0 0FC6     		stmia	r6!, {r0, r1, r2, r3}
 716 02c2 0FCC     		ldmia	r4!, {r0, r1, r2, r3}
 717              	.LVL65:
ARM GAS  /tmp/ccE8OU4h.s 			page 21


 221:../Middlewares/stm32-mw-camera/ISP_Library/isp/Src/isp_awb_algo.c ****   ISP_AWB_CurrISPGain = *pISPGainConfig;
 718              		.loc 1 221 25 view .LVU248
 719 02c4 0FC6     		stmia	r6!, {r0, r1, r2, r3}
 720 02c6 94E80300 		ldm	r4, {r0, r1}
 222:../Middlewares/stm32-mw-camera/ISP_Library/isp/Src/isp_awb_algo.c ****   ISP_AWB_CurrTemp = *pColorTemp;
 721              		.loc 1 222 23 view .LVU249
 722 02ca 0D4C     		ldr	r4, .L47+32
 723              	.LVL66:
 221:../Middlewares/stm32-mw-camera/ISP_Library/isp/Src/isp_awb_algo.c ****   ISP_AWB_CurrISPGain = *pISPGainConfig;
 724              		.loc 1 221 25 view .LVU250
 725 02cc 86E80300 		stm	r6, {r0, r1}
 222:../Middlewares/stm32-mw-camera/ISP_Library/isp/Src/isp_awb_algo.c ****   ISP_AWB_CurrTemp = *pColorTemp;
 726              		.loc 1 222 3 is_stmt 1 view .LVU251
 222:../Middlewares/stm32-mw-camera/ISP_Library/isp/Src/isp_awb_algo.c ****   ISP_AWB_CurrTemp = *pColorTemp;
 727              		.loc 1 222 23 is_stmt 0 view .LVU252
 728 02d0 95E80F00 		ldm	r5, {r0, r1, r2, r3}
 729 02d4 84E80F00 		stm	r4, {r0, r1, r2, r3}
 223:../Middlewares/stm32-mw-camera/ISP_Library/isp/Src/isp_awb_algo.c **** 
 730              		.loc 1 223 3 is_stmt 1 view .LVU253
 223:../Middlewares/stm32-mw-camera/ISP_Library/isp/Src/isp_awb_algo.c **** 
 731              		.loc 1 223 20 is_stmt 0 view .LVU254
 732 02d8 0A4B     		ldr	r3, .L47+36
 733 02da 1F60     		str	r7, [r3]
 225:../Middlewares/stm32-mw-camera/ISP_Library/isp/Src/isp_awb_algo.c **** }
 734              		.loc 1 225 3 is_stmt 1 view .LVU255
 225:../Middlewares/stm32-mw-camera/ISP_Library/isp/Src/isp_awb_algo.c **** }
 735              		.loc 1 225 10 is_stmt 0 view .LVU256
 736 02dc C4E6     		b	.L26
 737              	.L48:
 738 02de 00BF     		.align	3
 739              	.L47:
 740 02e0 00000000 		.word	0
 741 02e4 00000000 		.word	0
 742 02e8 000000A0 		.word	-1610612736
 743 02ec 9999A93F 		.word	1068079513
 744 02f0 00000060 		.word	1610612736
 745 02f4 6666EE3F 		.word	1072588390
 746 02f8 00000000 		.word	ISP_AWB_CurrStats
 747 02fc 00000000 		.word	ISP_AWB_CurrColorConv
 748 0300 00000000 		.word	ISP_AWB_CurrISPGain
 749 0304 00000000 		.word	ISP_AWB_CurrTemp
 750 0308 00000000 		.word	ISP_AWB_rbRatio
 751 030c 00000000 		.word	ISP_AWB_NbProfiles
 752 0310 00000000 		.word	ISP_AWB_Config
 753              		.cfi_endproc
 754              	.LFE885:
 756              		.section	.bss.ISP_AWB_CurrISPGain,"aw",%nobits
 757              		.align	2
 760              	ISP_AWB_CurrISPGain:
 761 0000 00000000 		.space	16
 761      00000000 
 761      00000000 
 761      00000000 
 762              		.section	.bss.ISP_AWB_CurrColorConv,"aw",%nobits
 763              		.align	2
 766              	ISP_AWB_CurrColorConv:
 767 0000 00000000 		.space	40
ARM GAS  /tmp/ccE8OU4h.s 			page 22


 767      00000000 
 767      00000000 
 767      00000000 
 767      00000000 
 768              		.section	.bss.ISP_AWB_CurrTemp,"aw",%nobits
 769              		.align	2
 772              	ISP_AWB_CurrTemp:
 773 0000 00000000 		.space	4
 774              		.section	.bss.ISP_AWB_CurrStats,"aw",%nobits
 775              		.align	2
 778              	ISP_AWB_CurrStats:
 779 0000 00000000 		.space	52
 779      00000000 
 779      00000000 
 779      00000000 
 779      00000000 
 780              		.section	.bss.ISP_AWB_NbProfiles,"aw",%nobits
 781              		.align	2
 784              	ISP_AWB_NbProfiles:
 785 0000 00000000 		.space	4
 786              		.section	.bss.ISP_AWB_rbRatio,"aw",%nobits
 787              		.align	2
 790              	ISP_AWB_rbRatio:
 791 0000 00000000 		.space	20
 791      00000000 
 791      00000000 
 791      00000000 
 791      00000000 
 792              		.section	.bss.ISP_AWB_Config,"aw",%nobits
 793              		.align	2
 796              	ISP_AWB_Config:
 797 0000 00000000 		.space	440
 797      00000000 
 797      00000000 
 797      00000000 
 797      00000000 
 798              		.text
 799              	.Letext0:
 800              		.file 2 "/opt/st/stm32cubeclt_1.21.0/GNU-tools-for-STM32/arm-none-eabi/include/machine/_default_ty
 801              		.file 3 "/opt/st/stm32cubeclt_1.21.0/GNU-tools-for-STM32/arm-none-eabi/include/sys/_stdint.h"
 802              		.file 4 "../Middlewares/stm32-mw-camera/ISP_Library/isp/Inc/isp_core.h"
 803              		.file 5 "/opt/st/stm32cubeclt_1.21.0/GNU-tools-for-STM32/arm-none-eabi/include/string.h"
 804              		.file 6 "<built-in>"
ARM GAS  /tmp/ccE8OU4h.s 			page 23


DEFINED SYMBOLS
                            *ABS*:00000000 isp_awb_algo.c
     /tmp/ccE8OU4h.s:26     .text.ISP_AWB_Init:00000000 $t
     /tmp/ccE8OU4h.s:32     .text.ISP_AWB_Init:00000000 ISP_AWB_Init
     /tmp/ccE8OU4h.s:172    .text.ISP_AWB_Init:00000098 $d
     /tmp/ccE8OU4h.s:796    .bss.ISP_AWB_Config:00000000 ISP_AWB_Config
     /tmp/ccE8OU4h.s:778    .bss.ISP_AWB_CurrStats:00000000 ISP_AWB_CurrStats
     /tmp/ccE8OU4h.s:790    .bss.ISP_AWB_rbRatio:00000000 ISP_AWB_rbRatio
     /tmp/ccE8OU4h.s:772    .bss.ISP_AWB_CurrTemp:00000000 ISP_AWB_CurrTemp
     /tmp/ccE8OU4h.s:784    .bss.ISP_AWB_NbProfiles:00000000 ISP_AWB_NbProfiles
     /tmp/ccE8OU4h.s:766    .bss.ISP_AWB_CurrColorConv:00000000 ISP_AWB_CurrColorConv
     /tmp/ccE8OU4h.s:760    .bss.ISP_AWB_CurrISPGain:00000000 ISP_AWB_CurrISPGain
     /tmp/ccE8OU4h.s:184    .text.ISP_AWB_GetConfig:00000000 $t
     /tmp/ccE8OU4h.s:190    .text.ISP_AWB_GetConfig:00000000 ISP_AWB_GetConfig
     /tmp/ccE8OU4h.s:740    .text.ISP_AWB_GetConfig:000002e0 $d
     /tmp/ccE8OU4h.s:757    .bss.ISP_AWB_CurrISPGain:00000000 $d
     /tmp/ccE8OU4h.s:763    .bss.ISP_AWB_CurrColorConv:00000000 $d
     /tmp/ccE8OU4h.s:769    .bss.ISP_AWB_CurrTemp:00000000 $d
     /tmp/ccE8OU4h.s:775    .bss.ISP_AWB_CurrStats:00000000 $d
     /tmp/ccE8OU4h.s:781    .bss.ISP_AWB_NbProfiles:00000000 $d
     /tmp/ccE8OU4h.s:787    .bss.ISP_AWB_rbRatio:00000000 $d
     /tmp/ccE8OU4h.s:793    .bss.ISP_AWB_Config:00000000 $d
                           .group:00000000 wm4.0.43608cab4da50df6ba2dfee95636a2b5
                           .group:00000000 wm4.isp_conf.h.21.f38432dbfef47e2ce2a64e60ef6a2d79
                           .group:00000000 wm4.stm32n6xx_hal_conf.h.21.d32f04f7ae387b70d8c80735cac3eea9
                           .group:00000000 wm4.stddef.h.39.811583f327f35b0df7808fda70b062a0
                           .group:00000000 wm4.arm_cmse.h.103.a0d15a79c4c9a67da8d5831704d7248e
                           .group:00000000 wm4.stm32n6xx.h.34.c523a1ffdf274a69e8802892c6776332
                           .group:00000000 wm4.stm32n657xx.h.26.acd272cb67318cc1a4791ce2f0720ca6
                           .group:00000000 wm4._newlib_version.h.4.0eb654b64686e2bd29646258853f6c22
                           .group:00000000 wm4.features.h.33.d554620bb17bd3b714c3fb5c268772bc
                           .group:00000000 wm4._default_types.h.15.247e5cd201eca3442cbf5404108c4935
                           .group:00000000 wm4._intsup.h.10.48bafbb683905c4daa4565a85aeeb264
                           .group:00000000 wm4._stdint.h.10.c24fa3af3bc1706662bb5593a907e841
                           .group:00000000 wm4.stdint.h.23.d53047a68f4a85177f80b422d52785ed
                           .group:00000000 wm4.cmsis_version.h.30.d128735bf87720f7436b74fefeb5043c
                           .group:00000000 wm4.core_cm55.h.67.25006a3ce7048d64bcddd2996d5fac93
                           .group:00000000 wm4.arm_acle.h.28.a0697f530ff2dbf8c463bef049b82760
                           .group:00000000 wm4.cmsis_gcc.h.39.eba7438bc45fd1a6e6376b63ffe44436
                           .group:00000000 wm4.cmsis_gcc_m.h.24.e590ec51aeda3a1242400351d73f5dce
                           .group:00000000 wm4.core_cm55.h.213.0528f46a674315ef8d35c4477e230358
                           .group:00000000 wm4.armv8m_mpu.h.24.bf28cc25bee30a7ff9d2f7a44a5e2230
                           .group:00000000 wm4.armv8m_pmu.h.24.6ded195d2625055391fd378c0e1d2519
                           .group:00000000 wm4.core_cm55.h.4477.396e822ef855bcfb932819ad48de1c4c
                           .group:00000000 wm4.armv7m_cachel1.h.24.936dd92d6e204a8d0b17d5e4ea4a356e
                           .group:00000000 wm4.stm32n657xx.h.575.78d331c417ec710388ced647138f735f
                           .group:00000000 wm4.stm32n6xx.h.116.b4247d9785590e7c5ec9234ffb2153bf
                           .group:00000000 wm4.stm32_hal_legacy.h.22.e62aae2fd3ae33360b6781c8a72e5b18
                           .group:00000000 wm4.newlib.h.7.decd5b9657e2c5df625d9eac6e10520c
                           .group:00000000 wm4.ieeefp.h.77.99029d7b8220a2cd73dd257e2bbe825d
                           .group:00000000 wm4.config.h.224.10ee1ad185d877c6e334e6581faab44d
                           .group:00000000 wm4._ansi.h.31.de524f58584151836e90d8620a16f8e8
                           .group:00000000 wm4.cdefs.h.49.56fd742369e655e7e8a7e365e706e208
                           .group:00000000 wm4._types.h.20.dd0d04dca3800a0d2a6129b87f3adbb2
                           .group:00000000 wm4.stddef.h.173.4903093a50a8482cb062b176ea61fac3
                           .group:00000000 wm4._types.h.127.3bdfe3ff8ea2d0985b03d9cbe93480e3
                           .group:00000000 wm4.reent.h.18.25503cdc8b7e55dd0d6ea7b3e5af7a03
ARM GAS  /tmp/ccE8OU4h.s 			page 24


                           .group:00000000 wm4.lock.h.2.1461d1fff82dffe8bfddc23307f6484f
                           .group:00000000 wm4.reent.h.78.6d702f69a6d6435d2dbe915b10150b1a
                           .group:00000000 wm4.math.h.13.47cfc34cae8a1153323939c4d32cf7c2
                           .group:00000000 wm4.stm32n6xx_hal_def.h.63.3a8f01490e8852464e9fcb69092e9c75
                           .group:00000000 wm4.stm32n6xx_ll_bus.h.38.2366a295ee4cdb04833997d3787fcd2d
                           .group:00000000 wm4.stm32n6xx_ll_rcc.h.21.656bd5637db608589ad16ea57d39430c
                           .group:00000000 wm4.stm32n6xx_hal_rcc.h.194.69b522b1afdf59a82d05a1f71efe03c7
                           .group:00000000 wm4.stm32n6xx_hal_rcc_ex.h.21.cc6be0a7d168882a1a6f470236ba784c
                           .group:00000000 wm4.stm32n6xx_hal_rcc.h.4361.4b490a4a19722e68c21f88cb8a774a30
                           .group:00000000 wm4.stm32n6xx_hal_gpio.h.21.89d54af663b98eb8fc098192053f7eeb
                           .group:00000000 wm4.stm32n6xx_hal_gpio_ex.h.22.f7e795fb05a69a19b87d946b47c8db8b
                           .group:00000000 wm4.stm32n6xx_hal_rif.h.21.33f2c553a8a3fc14dca8c470b213ab19
                           .group:00000000 wm4.stm32n6xx_hal_dma.h.21.61e48c5c2e8d25d22177834b232fe45c
                           .group:00000000 wm4.stm32n6xx_hal_dma_ex.h.21.82f854ecdb6a463b06d0b4e5c217c368
                           .group:00000000 wm4.stm32n6xx_hal_dma.h.1020.87e2180c009560b617c1f8208140c950
                           .group:00000000 wm4.stm32n6xx_hal_cortex.h.21.f493623cc58f9454ab4eae41e395c5cc
                           .group:00000000 wm4.stm32n6xx_hal_bsec.h.21.1ee89319140541f82434908b4267aa30
                           .group:00000000 wm4.stm32n6xx_hal_dcmipp.h.21.e2b87dce83d7d722d696a597f6ac56bf
                           .group:00000000 wm4.stm32n6xx_hal_dma2d.h.21.75c8d46cdbb72970123b3f34ae2043d7
                           .group:00000000 wm4.stm32n6xx_hal_exti.h.21.e0efb23591051684dc14f1f2431c6aab
                           .group:00000000 wm4.stm32n6xx_hal_i2c.h.21.3f483626ff64c5bf027265bb2e1d1331
                           .group:00000000 wm4.stm32n6xx_hal_i2c_ex.h.21.79e9196c22282cdaf6b4047893638c45
                           .group:00000000 wm4.stm32n6xx_hal_i2c.h.741.1084702632703acc669e4282b3043372
                           .group:00000000 wm4.stm32n6xx_hal_ltdc.h.21.ae1eb09930e7e550e48e418ac5849e4d
                           .group:00000000 wm4.stm32n6xx_hal_ltdc.h.1002.b13ede7fc94ed5ad1c6768a157d2149a
                           .group:00000000 wm4.stm32n6xx_ll_usb.h.21.daaf86158046f2cf02166c495d637480
                           .group:00000000 wm4.stm32n6xx_hal_pcd.h.155.27040aac6844effe2af8c180caf1dd2e
                           .group:00000000 wm4.stm32n6xx_hal_pwr.h.21.cdb73e4869c3fed3fc84f901ec0e5f0a
                           .group:00000000 wm4.stm32n6xx_hal_pwr_ex.h.21.1a673224a58b0c1e5fad8eeda6514208
                           .group:00000000 wm4.stm32n6xx_hal_ramcfg.h.21.a62dfbb4d2c14e9a8c634a215e37bd3d
                           .group:00000000 wm4.stm32n6xx_hal_spi.h.21.9f810303326e2d91749800e9911f8e4d
                           .group:00000000 wm4.stm32n6xx_hal_spi.h.906.8ad9375f39dce09dc0a4db0025ee7a76
                           .group:00000000 wm4.stm32n6xx_hal_uart.h.21.230f549bfa0d5ebfd77bfb311b2aca15
                           .group:00000000 wm4.stm32n6xx_hal_uart_ex.h.21.a0d5511e1d0703b7b5278c8f5472b96d
                           .group:00000000 wm4.stm32n6xx_hal_xspi.h.21.7fd922d3bdb871475cf18436a68935bb
                           .group:00000000 wm4.stm32n6xx_hal_cacheaxi.h.21.7c3375b7903ec42376e4883320997f74
                           .group:00000000 wm4.stm32n6xx_hal.h.81.e79d59262ba173c33cf1d69281830d15
                           .group:00000000 wm4.stdio.h.27.3fc80220048df77954e38daec3bb9670
                           .group:00000000 wm4.stddef.h.173.1cea4f16a943c8e875db6791959c3141
                           .group:00000000 wm4.stdarg.h.34.3a23a216c0c293b3d2ea2e89281481e6
                           .group:00000000 wm4.stdio.h.47.dc31ec4674d7bcb103c9f08809549f45
                           .group:00000000 wm4.stdio.h.2.4aa87247282eca6c8f36f9de33d8df1a
                           .group:00000000 wm4.stdio.h.87.a1e20d2651f9bfb66e51bfbe849db00a
                           .group:00000000 wm4.stdlib.h.13.4ed386f5c1a80d71e72172885d946ef2
                           .group:00000000 wm4.alloca.h.8.dfc0c703c47ec3e69746825b17d9e66d
                           .group:00000000 wm4.stdlib.h.56.f4862cfbf4363a1db01842d5bdf72c18
                           .group:00000000 wm4.string.h.8.c4b8571ce60dff2817f43fec8b86aecd
                           .group:00000000 wm4.string.h.177.59a005921fa78485abc80a0267de5752
                           .group:00000000 wm4.stdbool.h.29.c08aa3eec75cf5b9b5003883f43253f0
                           .group:00000000 wm4.isp_core.h.110.8c4344a3506ac8fadc31ee17c3f6f7d7
                           .group:00000000 wm4.isp_services.h.55.aa3787e002060687ddf24cf4424c9532
                           .group:00000000 wm4.inttypes.h.14.b28deb26920e51e0da310220ef0f9003
                           .group:00000000 wm4.inttypes.h.28.684aa7736e7ecc9a6ffc44acc61c7a90

UNDEFINED SYMBOLS
memcpy
memset
ARM GAS  /tmp/ccE8OU4h.s 			page 25


__aeabi_d2lz
__aeabi_l2d
