ARM GAS  /tmp/ccXtDda2.s 			page 1


   1              		.arch armv8.1-m.main
   2              		.fpu fpv5-d16
   3              		.arch_extension dsp
   4              		.arch_extension fp
   5              		.arch_extension fp.dp
   6              		.arch_extension mve
   7              		.arch_extension mve.fp
   8              		.eabi_attribute 5, "cortex-m55"
   9              		.eabi_attribute 28, 1
  10              		.eabi_attribute 20, 1
  11              		.eabi_attribute 21, 1
  12              		.eabi_attribute 23, 3
  13              		.eabi_attribute 24, 1
  14              		.eabi_attribute 25, 1
  15              		.eabi_attribute 26, 1
  16              		.eabi_attribute 30, 4
  17              		.eabi_attribute 34, 1
  18              		.eabi_attribute 38, 1
  19              		.eabi_attribute 18, 4
  20              		.file	"stm32_lcd_ex.c"
  21              		.text
  22              	.Ltext0:
  23              		.cfi_sections	.debug_frame
  24              		.file 1 "Src/stm32_lcd_ex.c"
  25              		.section	.text.UTIL_LCDEx_PrintfAtLine,"ax",%progbits
  26              		.align	1
  27              		.global	UTIL_LCDEx_PrintfAtLine
  28              		.syntax unified
  29              		.thumb
  30              		.thumb_func
  32              	UTIL_LCDEx_PrintfAtLine:
  33              	.LVL0:
  34              	.LFB3:
   1:Src/stm32_lcd_ex.c **** #include "stm32_lcd_ex.h"
   2:Src/stm32_lcd_ex.c **** #include <stdio.h>
   3:Src/stm32_lcd_ex.c **** #include <stdarg.h>
   4:Src/stm32_lcd_ex.c **** 
   5:Src/stm32_lcd_ex.c **** /* Private define ------------------------------------------------------------*/
   6:Src/stm32_lcd_ex.c **** #define N_PRINTABLE_CHARS    47 /*!< 800px wide screen / 17px wide font */
   7:Src/stm32_lcd_ex.c **** 
   8:Src/stm32_lcd_ex.c **** /* Functions Definition ------------------------------------------------------*/
   9:Src/stm32_lcd_ex.c **** void UTIL_LCDEx_PrintfAtLine(uint16_t line, const char * format, ...)
  10:Src/stm32_lcd_ex.c **** {
  35              		.loc 1 10 1 view -0
  36              		.cfi_startproc
  37              		@ args = 4, pretend = 12, frame = 8
  38              		@ frame_needed = 0, uses_anonymous_args = 1
  11:Src/stm32_lcd_ex.c ****   static char buffer[N_PRINTABLE_CHARS + 1];
  39              		.loc 1 11 3 view .LVU1
  12:Src/stm32_lcd_ex.c ****   va_list args;
  40              		.loc 1 12 3 view .LVU2
  13:Src/stm32_lcd_ex.c ****   va_start(args, format);
  41              		.loc 1 13 3 view .LVU3
  10:Src/stm32_lcd_ex.c ****   static char buffer[N_PRINTABLE_CHARS + 1];
  42              		.loc 1 10 1 is_stmt 0 view .LVU4
  43 0000 0EB4     		push	{r1, r2, r3}
  44              		.cfi_def_cfa_offset 12
ARM GAS  /tmp/ccXtDda2.s 			page 2


  45              		.cfi_offset 1, -12
  46              		.cfi_offset 2, -8
  47              		.cfi_offset 3, -4
  48 0002 17B5     		push	{r0, r1, r2, r4, lr}
  49              		.cfi_def_cfa_offset 32
  50              		.cfi_offset 4, -20
  51              		.cfi_offset 14, -16
  10:Src/stm32_lcd_ex.c ****   static char buffer[N_PRINTABLE_CHARS + 1];
  52              		.loc 1 10 1 view .LVU5
  53 0004 0446     		mov	r4, r0
  54 0006 05AB     		add	r3, sp, #20
  55 0008 53F8042B 		ldr	r2, [r3], #4
  14:Src/stm32_lcd_ex.c ****   vsnprintf(buffer, N_PRINTABLE_CHARS + 1, format, args);
  56              		.loc 1 14 3 view .LVU6
  57 000c 3021     		movs	r1, #48
  58 000e 0648     		ldr	r0, .L2
  59              	.LVL1:
  13:Src/stm32_lcd_ex.c ****   va_start(args, format);
  60              		.loc 1 13 3 view .LVU7
  61 0010 0193     		str	r3, [sp, #4]
  62              		.loc 1 14 3 is_stmt 1 view .LVU8
  63 0012 FFF7FEFF 		bl	vsnprintf
  64              	.LVL2:
  15:Src/stm32_lcd_ex.c ****   UTIL_LCD_DisplayStringAtLine(line, (uint8_t *) buffer);
  65              		.loc 1 15 3 view .LVU9
  66 0016 2046     		mov	r0, r4
  67 0018 0349     		ldr	r1, .L2
  68 001a FFF7FEFF 		bl	UTIL_LCD_DisplayStringAtLine
  69              	.LVL3:
  16:Src/stm32_lcd_ex.c ****   va_end(args);
  70              		.loc 1 16 3 view .LVU10
  17:Src/stm32_lcd_ex.c **** }
  71              		.loc 1 17 1 is_stmt 0 view .LVU11
  72 001e 03B0     		add	sp, sp, #12
  73              		.cfi_def_cfa_offset 20
  74              		@ sp needed
  75 0020 BDE81040 		pop	{r4, lr}
  76              		.cfi_restore 14
  77              		.cfi_restore 4
  78              		.cfi_def_cfa_offset 12
  79              	.LVL4:
  80              		.loc 1 17 1 view .LVU12
  81 0024 03B0     		add	sp, sp, #12
  82              		.cfi_restore 3
  83              		.cfi_restore 2
  84              		.cfi_restore 1
  85              		.cfi_def_cfa_offset 0
  86 0026 7047     		bx	lr
  87              	.L3:
  88              		.align	2
  89              	.L2:
  90 0028 00000000 		.word	buffer.1
  91              		.cfi_endproc
  92              	.LFE3:
  94              		.section	.text.UTIL_LCDEx_PrintfAt,"ax",%progbits
  95              		.align	1
  96              		.global	UTIL_LCDEx_PrintfAt
ARM GAS  /tmp/ccXtDda2.s 			page 3


  97              		.syntax unified
  98              		.thumb
  99              		.thumb_func
 101              	UTIL_LCDEx_PrintfAt:
 102              	.LVL5:
 103              	.LFB4:
  18:Src/stm32_lcd_ex.c **** 
  19:Src/stm32_lcd_ex.c **** void UTIL_LCDEx_PrintfAt(uint32_t x_pos, uint32_t y_pos, Text_AlignModeTypdef mode, const char * fo
  20:Src/stm32_lcd_ex.c **** {
 104              		.loc 1 20 1 is_stmt 1 view -0
 105              		.cfi_startproc
 106              		@ args = 4, pretend = 4, frame = 8
 107              		@ frame_needed = 0, uses_anonymous_args = 1
  21:Src/stm32_lcd_ex.c ****   static char buffer[N_PRINTABLE_CHARS + 1];
 108              		.loc 1 21 3 view .LVU14
  22:Src/stm32_lcd_ex.c ****   va_list args;
 109              		.loc 1 22 3 view .LVU15
  23:Src/stm32_lcd_ex.c ****   va_start(args, format);
 110              		.loc 1 23 3 view .LVU16
  20:Src/stm32_lcd_ex.c ****   static char buffer[N_PRINTABLE_CHARS + 1];
 111              		.loc 1 20 1 is_stmt 0 view .LVU17
 112 0000 08B4     		push	{r3}
 113              		.cfi_def_cfa_offset 4
 114              		.cfi_offset 3, -4
 115 0002 77B5     		push	{r0, r1, r2, r4, r5, r6, lr}
 116              		.cfi_def_cfa_offset 32
 117              		.cfi_offset 4, -20
 118              		.cfi_offset 5, -16
 119              		.cfi_offset 6, -12
 120              		.cfi_offset 14, -8
  20:Src/stm32_lcd_ex.c ****   static char buffer[N_PRINTABLE_CHARS + 1];
 121              		.loc 1 20 1 view .LVU18
 122 0004 0446     		mov	r4, r0
 123 0006 0D46     		mov	r5, r1
 124 0008 1646     		mov	r6, r2
 125 000a 07AB     		add	r3, sp, #28
 126 000c 53F8042B 		ldr	r2, [r3], #4
 127              	.LVL6:
  24:Src/stm32_lcd_ex.c ****   vsnprintf(buffer, N_PRINTABLE_CHARS + 1, format, args);
 128              		.loc 1 24 3 view .LVU19
 129 0010 3021     		movs	r1, #48
 130              	.LVL7:
 131              		.loc 1 24 3 view .LVU20
 132 0012 0748     		ldr	r0, .L5
 133              	.LVL8:
  23:Src/stm32_lcd_ex.c ****   va_start(args, format);
 134              		.loc 1 23 3 view .LVU21
 135 0014 0193     		str	r3, [sp, #4]
 136              		.loc 1 24 3 is_stmt 1 view .LVU22
 137 0016 FFF7FEFF 		bl	vsnprintf
 138              	.LVL9:
  25:Src/stm32_lcd_ex.c ****   UTIL_LCD_DisplayStringAt(x_pos, y_pos, (uint8_t *) buffer, mode);
 139              		.loc 1 25 3 view .LVU23
 140 001a 3346     		mov	r3, r6
 141 001c 2946     		mov	r1, r5
 142 001e 2046     		mov	r0, r4
 143 0020 034A     		ldr	r2, .L5
ARM GAS  /tmp/ccXtDda2.s 			page 4


 144 0022 FFF7FEFF 		bl	UTIL_LCD_DisplayStringAt
 145              	.LVL10:
  26:Src/stm32_lcd_ex.c ****   va_end(args);
 146              		.loc 1 26 3 view .LVU24
  27:Src/stm32_lcd_ex.c **** }
 147              		.loc 1 27 1 is_stmt 0 view .LVU25
 148 0026 03B0     		add	sp, sp, #12
 149              		.cfi_def_cfa_offset 20
 150              		@ sp needed
 151 0028 BDE87040 		pop	{r4, r5, r6, lr}
 152              		.cfi_restore 14
 153              		.cfi_restore 6
 154              		.cfi_restore 5
 155              		.cfi_restore 4
 156              		.cfi_def_cfa_offset 4
 157              	.LVL11:
 158              		.loc 1 27 1 view .LVU26
 159 002c 01B0     		add	sp, sp, #4
 160              		.cfi_restore 3
 161              		.cfi_def_cfa_offset 0
 162 002e 7047     		bx	lr
 163              	.L6:
 164              		.align	2
 165              	.L5:
 166 0030 00000000 		.word	buffer.0
 167              		.cfi_endproc
 168              	.LFE4:
 170              		.section	.bss.buffer.0,"aw",%nobits
 173              	buffer.0:
 174 0000 00000000 		.space	48
 174      00000000 
 174      00000000 
 174      00000000 
 174      00000000 
 175              		.section	.bss.buffer.1,"aw",%nobits
 178              	buffer.1:
 179 0000 00000000 		.space	48
 179      00000000 
 179      00000000 
 179      00000000 
 179      00000000 
 180              		.text
 181              	.Letext0:
 182              		.file 2 "/opt/st/stm32cubeclt_1.21.0/GNU-tools-for-STM32/arm-none-eabi/include/machine/_default_ty
 183              		.file 3 "/opt/st/stm32cubeclt_1.21.0/GNU-tools-for-STM32/arm-none-eabi/include/sys/_stdint.h"
 184              		.file 4 "../STM32Cube_FW_N6/Utilities/lcd/stm32_lcd.h"
 185              		.file 5 "/opt/st/stm32cubeclt_1.21.0/GNU-tools-for-STM32/lib/gcc/arm-none-eabi/14.3.1/include/stda
 186              		.file 6 "/opt/st/stm32cubeclt_1.21.0/GNU-tools-for-STM32/arm-none-eabi/include/stdio.h"
 187              		.file 7 "<built-in>"
ARM GAS  /tmp/ccXtDda2.s 			page 5


DEFINED SYMBOLS
                            *ABS*:00000000 stm32_lcd_ex.c
     /tmp/ccXtDda2.s:26     .text.UTIL_LCDEx_PrintfAtLine:00000000 $t
     /tmp/ccXtDda2.s:32     .text.UTIL_LCDEx_PrintfAtLine:00000000 UTIL_LCDEx_PrintfAtLine
     /tmp/ccXtDda2.s:90     .text.UTIL_LCDEx_PrintfAtLine:00000028 $d
     /tmp/ccXtDda2.s:178    .bss.buffer.1:00000000 buffer.1
     /tmp/ccXtDda2.s:95     .text.UTIL_LCDEx_PrintfAt:00000000 $t
     /tmp/ccXtDda2.s:101    .text.UTIL_LCDEx_PrintfAt:00000000 UTIL_LCDEx_PrintfAt
     /tmp/ccXtDda2.s:166    .text.UTIL_LCDEx_PrintfAt:00000030 $d
     /tmp/ccXtDda2.s:173    .bss.buffer.0:00000000 buffer.0
     /tmp/ccXtDda2.s:174    .bss.buffer.0:00000000 $d
     /tmp/ccXtDda2.s:179    .bss.buffer.1:00000000 $d
                           .group:00000000 wm4.0.43608cab4da50df6ba2dfee95636a2b5
                           .group:00000000 wm4._newlib_version.h.4.0eb654b64686e2bd29646258853f6c22
                           .group:00000000 wm4.features.h.33.d554620bb17bd3b714c3fb5c268772bc
                           .group:00000000 wm4._default_types.h.15.247e5cd201eca3442cbf5404108c4935
                           .group:00000000 wm4._intsup.h.10.48bafbb683905c4daa4565a85aeeb264
                           .group:00000000 wm4._stdint.h.10.c24fa3af3bc1706662bb5593a907e841
                           .group:00000000 wm4.stdint.h.23.d53047a68f4a85177f80b422d52785ed
                           .group:00000000 wm4.lcd.h.21.98701c105e66fef2e089854e5bc0fe32
                           .group:00000000 wm4.stddef.h.39.811583f327f35b0df7808fda70b062a0
                           .group:00000000 wm4.stm32_lcd.h.55.1a04e503950bf34ef3721d2ebb9542fc
                           .group:00000000 wm4.newlib.h.7.decd5b9657e2c5df625d9eac6e10520c
                           .group:00000000 wm4.ieeefp.h.77.99029d7b8220a2cd73dd257e2bbe825d
                           .group:00000000 wm4.config.h.224.10ee1ad185d877c6e334e6581faab44d
                           .group:00000000 wm4._ansi.h.31.de524f58584151836e90d8620a16f8e8
                           .group:00000000 wm4.stdio.h.31.7c0e28c411445f3f9c5b11accf882760
                           .group:00000000 wm4.stddef.h.173.1cea4f16a943c8e875db6791959c3141
                           .group:00000000 wm4.cdefs.h.49.56fd742369e655e7e8a7e365e706e208
                           .group:00000000 wm4.stdarg.h.34.3a23a216c0c293b3d2ea2e89281481e6
                           .group:00000000 wm4._types.h.20.dd0d04dca3800a0d2a6129b87f3adbb2
                           .group:00000000 wm4.stddef.h.173.4903093a50a8482cb062b176ea61fac3
                           .group:00000000 wm4._types.h.127.3bdfe3ff8ea2d0985b03d9cbe93480e3
                           .group:00000000 wm4.reent.h.18.25503cdc8b7e55dd0d6ea7b3e5af7a03
                           .group:00000000 wm4.lock.h.2.1461d1fff82dffe8bfddc23307f6484f
                           .group:00000000 wm4.reent.h.78.6d702f69a6d6435d2dbe915b10150b1a
                           .group:00000000 wm4.stdio.h.67.0cf8a9c281ab0b348aef5c02e7e48825
                           .group:00000000 wm4.stdio.h.2.4aa87247282eca6c8f36f9de33d8df1a
                           .group:00000000 wm4.stdio.h.87.a1e20d2651f9bfb66e51bfbe849db00a
                           .group:00000000 wm4.stdarg.h.31.7f63356e624ebff93a920b53ed006e12

UNDEFINED SYMBOLS
vsnprintf
UTIL_LCD_DisplayStringAtLine
UTIL_LCD_DisplayStringAt
