ARM GAS  /tmp/cc0KlbwM.s 			page 1


   1              		.arch armv8.1-m.main
   2              		.fpu fpv5-d16
   3              		.arch_extension dsp
   4              		.arch_extension fp
   5              		.arch_extension fp.dp
   6              		.arch_extension mve
   7              		.arch_extension mve.fp
   8              		.eabi_attribute 5, "cortex-m55"
   9              		.eabi_attribute 28, 1
  10              		.eabi_attribute 20, 1
  11              		.eabi_attribute 21, 1
  12              		.eabi_attribute 23, 3
  13              		.eabi_attribute 24, 1
  14              		.eabi_attribute 25, 1
  15              		.eabi_attribute 26, 1
  16              		.eabi_attribute 30, 4
  17              		.eabi_attribute 34, 1
  18              		.eabi_attribute 38, 1
  19              		.eabi_attribute 18, 4
  20              		.file	"syscalls.c"
  21              		.text
  22              	.Ltext0:
  23              		.cfi_sections	.debug_frame
  24              		.file 1 "Src/syscalls.c"
  25              		.section	.text.initialise_monitor_handles,"ax",%progbits
  26              		.align	1
  27              		.global	initialise_monitor_handles
  28              		.syntax unified
  29              		.thumb
  30              		.thumb_func
  32              	initialise_monitor_handles:
  33              	.LFB25:
   1:Src/syscalls.c **** #include <sys/stat.h>
   2:Src/syscalls.c **** #include <stdlib.h>
   3:Src/syscalls.c **** #include <errno.h>
   4:Src/syscalls.c **** #include <stdio.h>
   5:Src/syscalls.c **** #include <signal.h>
   6:Src/syscalls.c **** #include <time.h>
   7:Src/syscalls.c **** #include <sys/time.h>
   8:Src/syscalls.c **** #include <sys/times.h>
   9:Src/syscalls.c **** 
  10:Src/syscalls.c **** 
  11:Src/syscalls.c **** /* Variables */
  12:Src/syscalls.c **** extern int __io_putchar(int ch) __attribute__((weak));
  13:Src/syscalls.c **** extern int __io_getchar(void) __attribute__((weak));
  14:Src/syscalls.c **** 
  15:Src/syscalls.c **** 
  16:Src/syscalls.c **** char *__env[1] = { 0 };
  17:Src/syscalls.c **** char **environ = __env;
  18:Src/syscalls.c **** 
  19:Src/syscalls.c **** 
  20:Src/syscalls.c **** /* Functions */
  21:Src/syscalls.c **** void initialise_monitor_handles()
  22:Src/syscalls.c **** {
  34              		.loc 1 22 1 view -0
  35              		.cfi_startproc
  36              		@ args = 0, pretend = 0, frame = 0
ARM GAS  /tmp/cc0KlbwM.s 			page 2


  37              		@ frame_needed = 0, uses_anonymous_args = 0
  38              		@ link register save eliminated.
  23:Src/syscalls.c **** }
  39              		.loc 1 23 1 view .LVU1
  40 0000 7047     		bx	lr
  41              		.cfi_endproc
  42              	.LFE25:
  44              		.section	.text._getpid,"ax",%progbits
  45              		.align	1
  46              		.global	_getpid
  47              		.syntax unified
  48              		.thumb
  49              		.thumb_func
  51              	_getpid:
  52              	.LFB26:
  24:Src/syscalls.c **** 
  25:Src/syscalls.c **** int _getpid(void)
  26:Src/syscalls.c **** {
  53              		.loc 1 26 1 view -0
  54              		.cfi_startproc
  55              		@ args = 0, pretend = 0, frame = 0
  56              		@ frame_needed = 0, uses_anonymous_args = 0
  57              		@ link register save eliminated.
  27:Src/syscalls.c ****   return 1;
  58              		.loc 1 27 3 view .LVU3
  28:Src/syscalls.c **** }
  59              		.loc 1 28 1 is_stmt 0 view .LVU4
  60 0000 0120     		movs	r0, #1
  61 0002 7047     		bx	lr
  62              		.cfi_endproc
  63              	.LFE26:
  65              		.section	.text._kill,"ax",%progbits
  66              		.align	1
  67              		.global	_kill
  68              		.syntax unified
  69              		.thumb
  70              		.thumb_func
  72              	_kill:
  73              	.LVL0:
  74              	.LFB27:
  29:Src/syscalls.c **** 
  30:Src/syscalls.c **** int _kill(int pid, int sig)
  31:Src/syscalls.c **** {
  75              		.loc 1 31 1 is_stmt 1 view -0
  76              		.cfi_startproc
  77              		@ args = 0, pretend = 0, frame = 0
  78              		@ frame_needed = 0, uses_anonymous_args = 0
  32:Src/syscalls.c ****   (void)pid;
  79              		.loc 1 32 3 view .LVU6
  33:Src/syscalls.c ****   (void)sig;
  80              		.loc 1 33 3 view .LVU7
  34:Src/syscalls.c ****   errno = EINVAL;
  81              		.loc 1 34 3 view .LVU8
  31:Src/syscalls.c ****   (void)pid;
  82              		.loc 1 31 1 is_stmt 0 view .LVU9
  83 0000 08B5     		push	{r3, lr}
  84              		.cfi_def_cfa_offset 8
ARM GAS  /tmp/cc0KlbwM.s 			page 3


  85              		.cfi_offset 3, -8
  86              		.cfi_offset 14, -4
  87              		.loc 1 34 3 view .LVU10
  88 0002 FFF7FEFF 		bl	__errno
  89              	.LVL1:
  90              		.loc 1 34 9 discriminator 1 view .LVU11
  91 0006 1623     		movs	r3, #22
  92 0008 0360     		str	r3, [r0]
  35:Src/syscalls.c ****   return -1;
  93              		.loc 1 35 3 is_stmt 1 view .LVU12
  36:Src/syscalls.c **** }
  94              		.loc 1 36 1 is_stmt 0 view .LVU13
  95 000a 4FF0FF30 		mov	r0, #-1
  96 000e 08BD     		pop	{r3, pc}
  97              		.cfi_endproc
  98              	.LFE27:
 100              		.section	.text._exit,"ax",%progbits
 101              		.align	1
 102              		.global	_exit
 103              		.syntax unified
 104              		.thumb
 105              		.thumb_func
 107              	_exit:
 108              	.LVL2:
 109              	.LFB28:
  37:Src/syscalls.c **** 
  38:Src/syscalls.c **** void _exit (int status)
  39:Src/syscalls.c **** {
 110              		.loc 1 39 1 is_stmt 1 view -0
 111              		.cfi_startproc
 112              		@ Volatile: function does not return.
 113              		@ args = 0, pretend = 0, frame = 0
 114              		@ frame_needed = 0, uses_anonymous_args = 0
  40:Src/syscalls.c ****   _kill(status, -1);
 115              		.loc 1 40 3 view .LVU15
 116              	.LBB4:
 117              	.LBI4:
  30:Src/syscalls.c **** {
 118              		.loc 1 30 5 view .LVU16
 119              	.LBB5:
  32:Src/syscalls.c ****   (void)sig;
 120              		.loc 1 32 3 view .LVU17
  33:Src/syscalls.c ****   errno = EINVAL;
 121              		.loc 1 33 3 view .LVU18
  34:Src/syscalls.c ****   return -1;
 122              		.loc 1 34 3 view .LVU19
 123              	.LBE5:
 124              	.LBE4:
  39:Src/syscalls.c ****   _kill(status, -1);
 125              		.loc 1 39 1 is_stmt 0 view .LVU20
 126 0000 08B5     		push	{r3, lr}
 127              		.cfi_def_cfa_offset 8
 128              		.cfi_offset 3, -8
 129              		.cfi_offset 14, -4
 130              	.LBB7:
 131              	.LBB6:
  34:Src/syscalls.c ****   return -1;
ARM GAS  /tmp/cc0KlbwM.s 			page 4


 132              		.loc 1 34 3 view .LVU21
 133 0002 FFF7FEFF 		bl	__errno
 134              	.LVL3:
  34:Src/syscalls.c ****   return -1;
 135              		.loc 1 34 9 discriminator 1 view .LVU22
 136 0006 1623     		movs	r3, #22
 137 0008 0360     		str	r3, [r0]
  35:Src/syscalls.c **** }
 138              		.loc 1 35 3 is_stmt 1 view .LVU23
 139              	.LVL4:
 140              	.L5:
  35:Src/syscalls.c **** }
 141              		.loc 1 35 3 is_stmt 0 view .LVU24
 142              	.LBE6:
 143              	.LBE7:
  41:Src/syscalls.c ****   while (1) {}    /* Make sure we hang here */
 144              		.loc 1 41 3 is_stmt 1 view .LVU25
 145              		.loc 1 41 14 view .LVU26
 146              		.loc 1 41 9 view .LVU27
 147 000a FEE7     		b	.L5
 148              		.cfi_endproc
 149              	.LFE28:
 151              		.section	.text._read,"ax",%progbits
 152              		.align	1
 153              		.weak	_read
 154              		.syntax unified
 155              		.thumb
 156              		.thumb_func
 158              	_read:
 159              	.LVL5:
 160              	.LFB29:
  42:Src/syscalls.c **** }
  43:Src/syscalls.c **** 
  44:Src/syscalls.c **** __attribute__((weak)) int _read(int file, char *ptr, int len)
  45:Src/syscalls.c **** {
 161              		.loc 1 45 1 view -0
 162              		.cfi_startproc
 163              		@ args = 0, pretend = 0, frame = 0
 164              		@ frame_needed = 0, uses_anonymous_args = 0
  46:Src/syscalls.c ****   (void)file;
 165              		.loc 1 46 3 view .LVU29
  47:Src/syscalls.c ****   int DataIdx;
 166              		.loc 1 47 3 view .LVU30
  48:Src/syscalls.c **** 
  49:Src/syscalls.c ****   for (DataIdx = 0; DataIdx < len; DataIdx++)
 167              		.loc 1 49 3 view .LVU31
  45:Src/syscalls.c ****   (void)file;
 168              		.loc 1 45 1 is_stmt 0 view .LVU32
 169 0000 70B5     		push	{r4, r5, r6, lr}
 170              		.cfi_def_cfa_offset 16
 171              		.cfi_offset 4, -16
 172              		.cfi_offset 5, -12
 173              		.cfi_offset 6, -8
 174              		.cfi_offset 14, -4
  45:Src/syscalls.c ****   (void)file;
 175              		.loc 1 45 1 view .LVU33
 176 0002 0D46     		mov	r5, r1
ARM GAS  /tmp/cc0KlbwM.s 			page 5


 177 0004 1446     		mov	r4, r2
 178              		.loc 1 49 3 view .LVU34
 179 0006 0E46     		mov	r6, r1
 180              	.LVL6:
 181              	.L7:
 182              		.loc 1 49 29 is_stmt 1 discriminator 1 view .LVU35
 183 0008 731B     		subs	r3, r6, r5
 184              	.LVL7:
 185              		.loc 1 49 29 is_stmt 0 discriminator 1 view .LVU36
 186 000a 9C42     		cmp	r4, r3
 187 000c 01DC     		bgt	.L8
  50:Src/syscalls.c ****   {
  51:Src/syscalls.c ****     *ptr++ = __io_getchar();
  52:Src/syscalls.c ****   }
  53:Src/syscalls.c **** 
  54:Src/syscalls.c ****   return len;
 188              		.loc 1 54 3 is_stmt 1 view .LVU37
  55:Src/syscalls.c **** }
 189              		.loc 1 55 1 is_stmt 0 view .LVU38
 190 000e 2046     		mov	r0, r4
 191 0010 70BD     		pop	{r4, r5, r6, pc}
 192              	.LVL8:
 193              	.L8:
  51:Src/syscalls.c ****   }
 194              		.loc 1 51 5 is_stmt 1 view .LVU39
  51:Src/syscalls.c ****   }
 195              		.loc 1 51 14 is_stmt 0 view .LVU40
 196 0012 FFF7FEFF 		bl	__io_getchar
 197              	.LVL9:
  51:Src/syscalls.c ****   }
 198              		.loc 1 51 12 discriminator 1 view .LVU41
 199 0016 06F8010B 		strb	r0, [r6], #1
 200              	.LVL10:
  49:Src/syscalls.c ****   {
 201              		.loc 1 49 43 is_stmt 1 discriminator 3 view .LVU42
 202 001a F5E7     		b	.L7
 203              		.cfi_endproc
 204              	.LFE29:
 206              		.section	.text._write,"ax",%progbits
 207              		.align	1
 208              		.weak	_write
 209              		.syntax unified
 210              		.thumb
 211              		.thumb_func
 213              	_write:
 214              	.LVL11:
 215              	.LFB30:
  56:Src/syscalls.c **** 
  57:Src/syscalls.c **** __attribute__((weak)) int _write(int file, char *ptr, int len)
  58:Src/syscalls.c **** {
 216              		.loc 1 58 1 view -0
 217              		.cfi_startproc
 218              		@ args = 0, pretend = 0, frame = 0
 219              		@ frame_needed = 0, uses_anonymous_args = 0
  59:Src/syscalls.c ****   (void)file;
 220              		.loc 1 59 3 view .LVU44
  60:Src/syscalls.c ****   int DataIdx;
ARM GAS  /tmp/cc0KlbwM.s 			page 6


 221              		.loc 1 60 3 view .LVU45
  61:Src/syscalls.c **** 
  62:Src/syscalls.c ****   for (DataIdx = 0; DataIdx < len; DataIdx++)
 222              		.loc 1 62 3 view .LVU46
  58:Src/syscalls.c ****   (void)file;
 223              		.loc 1 58 1 is_stmt 0 view .LVU47
 224 0000 70B5     		push	{r4, r5, r6, lr}
 225              		.cfi_def_cfa_offset 16
 226              		.cfi_offset 4, -16
 227              		.cfi_offset 5, -12
 228              		.cfi_offset 6, -8
 229              		.cfi_offset 14, -4
  58:Src/syscalls.c ****   (void)file;
 230              		.loc 1 58 1 view .LVU48
 231 0002 0D46     		mov	r5, r1
 232 0004 1446     		mov	r4, r2
 233              		.loc 1 62 3 view .LVU49
 234 0006 0E46     		mov	r6, r1
 235              	.LVL12:
 236              	.L10:
 237              		.loc 1 62 29 is_stmt 1 discriminator 1 view .LVU50
 238 0008 731B     		subs	r3, r6, r5
 239              	.LVL13:
 240              		.loc 1 62 29 is_stmt 0 discriminator 1 view .LVU51
 241 000a 9C42     		cmp	r4, r3
 242 000c 01DC     		bgt	.L11
  63:Src/syscalls.c ****   {
  64:Src/syscalls.c ****     __io_putchar(*ptr++);
  65:Src/syscalls.c ****   }
  66:Src/syscalls.c ****   return len;
 243              		.loc 1 66 3 is_stmt 1 view .LVU52
  67:Src/syscalls.c **** }
 244              		.loc 1 67 1 is_stmt 0 view .LVU53
 245 000e 2046     		mov	r0, r4
 246 0010 70BD     		pop	{r4, r5, r6, pc}
 247              	.LVL14:
 248              	.L11:
  64:Src/syscalls.c ****   }
 249              		.loc 1 64 5 is_stmt 1 view .LVU54
  64:Src/syscalls.c ****   }
 250              		.loc 1 64 5 is_stmt 0 view .LVU55
 251 0012 16F8010B 		ldrb	r0, [r6], #1	@ zero_extendqisi2
 252              	.LVL15:
  64:Src/syscalls.c ****   }
 253              		.loc 1 64 5 view .LVU56
 254 0016 FFF7FEFF 		bl	__io_putchar
 255              	.LVL16:
  62:Src/syscalls.c ****   {
 256              		.loc 1 62 43 is_stmt 1 discriminator 3 view .LVU57
 257 001a F5E7     		b	.L10
 258              		.cfi_endproc
 259              	.LFE30:
 261              		.section	.text._close,"ax",%progbits
 262              		.align	1
 263              		.global	_close
 264              		.syntax unified
 265              		.thumb
ARM GAS  /tmp/cc0KlbwM.s 			page 7


 266              		.thumb_func
 268              	_close:
 269              	.LVL17:
 270              	.LFB31:
  68:Src/syscalls.c **** 
  69:Src/syscalls.c **** int _close(int file)
  70:Src/syscalls.c **** {
 271              		.loc 1 70 1 view -0
 272              		.cfi_startproc
 273              		@ args = 0, pretend = 0, frame = 0
 274              		@ frame_needed = 0, uses_anonymous_args = 0
 275              		@ link register save eliminated.
  71:Src/syscalls.c ****   (void)file;
 276              		.loc 1 71 3 view .LVU59
  72:Src/syscalls.c ****   return -1;
 277              		.loc 1 72 3 view .LVU60
  73:Src/syscalls.c **** }
 278              		.loc 1 73 1 is_stmt 0 view .LVU61
 279 0000 4FF0FF30 		mov	r0, #-1
 280              	.LVL18:
 281              		.loc 1 73 1 view .LVU62
 282 0004 7047     		bx	lr
 283              		.cfi_endproc
 284              	.LFE31:
 286              		.section	.text._fstat,"ax",%progbits
 287              		.align	1
 288              		.global	_fstat
 289              		.syntax unified
 290              		.thumb
 291              		.thumb_func
 293              	_fstat:
 294              	.LVL19:
 295              	.LFB32:
  74:Src/syscalls.c **** 
  75:Src/syscalls.c **** 
  76:Src/syscalls.c **** int _fstat(int file, struct stat *st)
  77:Src/syscalls.c **** {
 296              		.loc 1 77 1 is_stmt 1 view -0
 297              		.cfi_startproc
 298              		@ args = 0, pretend = 0, frame = 0
 299              		@ frame_needed = 0, uses_anonymous_args = 0
 300              		@ link register save eliminated.
  78:Src/syscalls.c ****   (void)file;
 301              		.loc 1 78 3 view .LVU64
  79:Src/syscalls.c ****   st->st_mode = S_IFCHR;
 302              		.loc 1 79 3 view .LVU65
 303              		.loc 1 79 15 is_stmt 0 view .LVU66
 304 0000 4FF40053 		mov	r3, #8192
  80:Src/syscalls.c ****   return 0;
  81:Src/syscalls.c **** }
 305              		.loc 1 81 1 view .LVU67
 306 0004 0020     		movs	r0, #0
 307              	.LVL20:
  79:Src/syscalls.c ****   st->st_mode = S_IFCHR;
 308              		.loc 1 79 15 view .LVU68
 309 0006 4B60     		str	r3, [r1, #4]
  80:Src/syscalls.c ****   return 0;
ARM GAS  /tmp/cc0KlbwM.s 			page 8


 310              		.loc 1 80 3 is_stmt 1 view .LVU69
 311              		.loc 1 81 1 is_stmt 0 view .LVU70
 312 0008 7047     		bx	lr
 313              		.cfi_endproc
 314              	.LFE32:
 316              		.section	.text._isatty,"ax",%progbits
 317              		.align	1
 318              		.global	_isatty
 319              		.syntax unified
 320              		.thumb
 321              		.thumb_func
 323              	_isatty:
 324              	.LVL21:
 325              	.LFB33:
  82:Src/syscalls.c **** 
  83:Src/syscalls.c **** int _isatty(int file)
  84:Src/syscalls.c **** {
 326              		.loc 1 84 1 is_stmt 1 view -0
 327              		.cfi_startproc
 328              		@ args = 0, pretend = 0, frame = 0
 329              		@ frame_needed = 0, uses_anonymous_args = 0
 330              		@ link register save eliminated.
  85:Src/syscalls.c ****   (void)file;
 331              		.loc 1 85 3 view .LVU72
  86:Src/syscalls.c ****   return 1;
 332              		.loc 1 86 3 view .LVU73
  87:Src/syscalls.c **** }
 333              		.loc 1 87 1 is_stmt 0 view .LVU74
 334 0000 0120     		movs	r0, #1
 335              	.LVL22:
 336              		.loc 1 87 1 view .LVU75
 337 0002 7047     		bx	lr
 338              		.cfi_endproc
 339              	.LFE33:
 341              		.section	.text._lseek,"ax",%progbits
 342              		.align	1
 343              		.global	_lseek
 344              		.syntax unified
 345              		.thumb
 346              		.thumb_func
 348              	_lseek:
 349              	.LVL23:
 350              	.LFB34:
  88:Src/syscalls.c **** 
  89:Src/syscalls.c **** int _lseek(int file, int ptr, int dir)
  90:Src/syscalls.c **** {
 351              		.loc 1 90 1 is_stmt 1 view -0
 352              		.cfi_startproc
 353              		@ args = 0, pretend = 0, frame = 0
 354              		@ frame_needed = 0, uses_anonymous_args = 0
 355              		@ link register save eliminated.
  91:Src/syscalls.c ****   (void)file;
 356              		.loc 1 91 3 view .LVU77
  92:Src/syscalls.c ****   (void)ptr;
 357              		.loc 1 92 3 view .LVU78
  93:Src/syscalls.c ****   (void)dir;
 358              		.loc 1 93 3 view .LVU79
ARM GAS  /tmp/cc0KlbwM.s 			page 9


  94:Src/syscalls.c ****   return 0;
 359              		.loc 1 94 3 view .LVU80
  95:Src/syscalls.c **** }
 360              		.loc 1 95 1 is_stmt 0 view .LVU81
 361 0000 0020     		movs	r0, #0
 362              	.LVL24:
 363              		.loc 1 95 1 view .LVU82
 364 0002 7047     		bx	lr
 365              		.cfi_endproc
 366              	.LFE34:
 368              		.section	.text._open,"ax",%progbits
 369              		.align	1
 370              		.global	_open
 371              		.syntax unified
 372              		.thumb
 373              		.thumb_func
 375              	_open:
 376              	.LVL25:
 377              	.LFB35:
  96:Src/syscalls.c **** 
  97:Src/syscalls.c **** int _open(char *path, int flags, ...)
  98:Src/syscalls.c **** {
 378              		.loc 1 98 1 is_stmt 1 view -0
 379              		.cfi_startproc
 380              		@ args = 4, pretend = 12, frame = 0
 381              		@ frame_needed = 0, uses_anonymous_args = 1
 382              		@ link register save eliminated.
  99:Src/syscalls.c ****   (void)path;
 383              		.loc 1 99 3 view .LVU84
 100:Src/syscalls.c ****   (void)flags;
 384              		.loc 1 100 3 view .LVU85
 101:Src/syscalls.c ****   /* Pretend like we always fail */
 102:Src/syscalls.c ****   return -1;
 385              		.loc 1 102 3 view .LVU86
  98:Src/syscalls.c ****   (void)path;
 386              		.loc 1 98 1 is_stmt 0 view .LVU87
 387 0000 0EB4     		push	{r1, r2, r3}
 388              		.cfi_def_cfa_offset 12
 389              		.cfi_offset 1, -12
 390              		.cfi_offset 2, -8
 391              		.cfi_offset 3, -4
 103:Src/syscalls.c **** }
 392              		.loc 1 103 1 view .LVU88
 393 0002 4FF0FF30 		mov	r0, #-1
 394              	.LVL26:
 395              		.loc 1 103 1 view .LVU89
 396 0006 03B0     		add	sp, sp, #12
 397              		.cfi_restore 3
 398              		.cfi_restore 2
 399              		.cfi_restore 1
 400              		.cfi_def_cfa_offset 0
 401 0008 7047     		bx	lr
 402              		.cfi_endproc
 403              	.LFE35:
 405              		.section	.text._wait,"ax",%progbits
 406              		.align	1
 407              		.global	_wait
ARM GAS  /tmp/cc0KlbwM.s 			page 10


 408              		.syntax unified
 409              		.thumb
 410              		.thumb_func
 412              	_wait:
 413              	.LVL27:
 414              	.LFB36:
 104:Src/syscalls.c **** 
 105:Src/syscalls.c **** int _wait(int *status)
 106:Src/syscalls.c **** {
 415              		.loc 1 106 1 is_stmt 1 view -0
 416              		.cfi_startproc
 417              		@ args = 0, pretend = 0, frame = 0
 418              		@ frame_needed = 0, uses_anonymous_args = 0
 107:Src/syscalls.c ****   (void)status;
 419              		.loc 1 107 3 view .LVU91
 108:Src/syscalls.c ****   errno = ECHILD;
 420              		.loc 1 108 3 view .LVU92
 106:Src/syscalls.c ****   (void)status;
 421              		.loc 1 106 1 is_stmt 0 view .LVU93
 422 0000 08B5     		push	{r3, lr}
 423              		.cfi_def_cfa_offset 8
 424              		.cfi_offset 3, -8
 425              		.cfi_offset 14, -4
 426              		.loc 1 108 3 view .LVU94
 427 0002 FFF7FEFF 		bl	__errno
 428              	.LVL28:
 429              		.loc 1 108 9 discriminator 1 view .LVU95
 430 0006 0A23     		movs	r3, #10
 431 0008 0360     		str	r3, [r0]
 109:Src/syscalls.c ****   return -1;
 432              		.loc 1 109 3 is_stmt 1 view .LVU96
 110:Src/syscalls.c **** }
 433              		.loc 1 110 1 is_stmt 0 view .LVU97
 434 000a 4FF0FF30 		mov	r0, #-1
 435 000e 08BD     		pop	{r3, pc}
 436              		.cfi_endproc
 437              	.LFE36:
 439              		.section	.text._unlink,"ax",%progbits
 440              		.align	1
 441              		.global	_unlink
 442              		.syntax unified
 443              		.thumb
 444              		.thumb_func
 446              	_unlink:
 447              	.LVL29:
 448              	.LFB37:
 111:Src/syscalls.c **** 
 112:Src/syscalls.c **** int _unlink(char *name)
 113:Src/syscalls.c **** {
 449              		.loc 1 113 1 is_stmt 1 view -0
 450              		.cfi_startproc
 451              		@ args = 0, pretend = 0, frame = 0
 452              		@ frame_needed = 0, uses_anonymous_args = 0
 114:Src/syscalls.c ****   (void)name;
 453              		.loc 1 114 3 view .LVU99
 115:Src/syscalls.c ****   errno = ENOENT;
 454              		.loc 1 115 3 view .LVU100
ARM GAS  /tmp/cc0KlbwM.s 			page 11


 113:Src/syscalls.c ****   (void)name;
 455              		.loc 1 113 1 is_stmt 0 view .LVU101
 456 0000 08B5     		push	{r3, lr}
 457              		.cfi_def_cfa_offset 8
 458              		.cfi_offset 3, -8
 459              		.cfi_offset 14, -4
 460              		.loc 1 115 3 view .LVU102
 461 0002 FFF7FEFF 		bl	__errno
 462              	.LVL30:
 463              		.loc 1 115 9 discriminator 1 view .LVU103
 464 0006 0223     		movs	r3, #2
 465 0008 0360     		str	r3, [r0]
 116:Src/syscalls.c ****   return -1;
 466              		.loc 1 116 3 is_stmt 1 view .LVU104
 117:Src/syscalls.c **** }
 467              		.loc 1 117 1 is_stmt 0 view .LVU105
 468 000a 4FF0FF30 		mov	r0, #-1
 469 000e 08BD     		pop	{r3, pc}
 470              		.cfi_endproc
 471              	.LFE37:
 473              		.section	.text._times,"ax",%progbits
 474              		.align	1
 475              		.global	_times
 476              		.syntax unified
 477              		.thumb
 478              		.thumb_func
 480              	_times:
 481              	.LVL31:
 482              	.LFB38:
 118:Src/syscalls.c **** 
 119:Src/syscalls.c **** int _times(struct tms *buf)
 120:Src/syscalls.c **** {
 483              		.loc 1 120 1 is_stmt 1 view -0
 484              		.cfi_startproc
 485              		@ args = 0, pretend = 0, frame = 0
 486              		@ frame_needed = 0, uses_anonymous_args = 0
 487              		@ link register save eliminated.
 121:Src/syscalls.c ****   (void)buf;
 488              		.loc 1 121 3 view .LVU107
 122:Src/syscalls.c ****   return -1;
 489              		.loc 1 122 3 view .LVU108
 123:Src/syscalls.c **** }
 490              		.loc 1 123 1 is_stmt 0 view .LVU109
 491 0000 4FF0FF30 		mov	r0, #-1
 492              	.LVL32:
 493              		.loc 1 123 1 view .LVU110
 494 0004 7047     		bx	lr
 495              		.cfi_endproc
 496              	.LFE38:
 498              		.section	.text._stat,"ax",%progbits
 499              		.align	1
 500              		.global	_stat
 501              		.syntax unified
 502              		.thumb
 503              		.thumb_func
 505              	_stat:
 506              	.LVL33:
ARM GAS  /tmp/cc0KlbwM.s 			page 12


 507              	.LFB39:
 124:Src/syscalls.c **** 
 125:Src/syscalls.c **** int _stat(char *file, struct stat *st)
 126:Src/syscalls.c **** {
 508              		.loc 1 126 1 is_stmt 1 view -0
 509              		.cfi_startproc
 510              		@ args = 0, pretend = 0, frame = 0
 511              		@ frame_needed = 0, uses_anonymous_args = 0
 512              		@ link register save eliminated.
 127:Src/syscalls.c ****   (void)file;
 513              		.loc 1 127 3 view .LVU112
 128:Src/syscalls.c ****   st->st_mode = S_IFCHR;
 514              		.loc 1 128 3 view .LVU113
 515              		.loc 1 128 15 is_stmt 0 view .LVU114
 516 0000 4FF40053 		mov	r3, #8192
 129:Src/syscalls.c ****   return 0;
 130:Src/syscalls.c **** }
 517              		.loc 1 130 1 view .LVU115
 518 0004 0020     		movs	r0, #0
 519              	.LVL34:
 128:Src/syscalls.c ****   st->st_mode = S_IFCHR;
 520              		.loc 1 128 15 view .LVU116
 521 0006 4B60     		str	r3, [r1, #4]
 129:Src/syscalls.c ****   return 0;
 522              		.loc 1 129 3 is_stmt 1 view .LVU117
 523              		.loc 1 130 1 is_stmt 0 view .LVU118
 524 0008 7047     		bx	lr
 525              		.cfi_endproc
 526              	.LFE39:
 528              		.section	.text._link,"ax",%progbits
 529              		.align	1
 530              		.global	_link
 531              		.syntax unified
 532              		.thumb
 533              		.thumb_func
 535              	_link:
 536              	.LVL35:
 537              	.LFB40:
 131:Src/syscalls.c **** 
 132:Src/syscalls.c **** int _link(char *old, char *new)
 133:Src/syscalls.c **** {
 538              		.loc 1 133 1 is_stmt 1 view -0
 539              		.cfi_startproc
 540              		@ args = 0, pretend = 0, frame = 0
 541              		@ frame_needed = 0, uses_anonymous_args = 0
 134:Src/syscalls.c ****   (void)old;
 542              		.loc 1 134 3 view .LVU120
 135:Src/syscalls.c ****   (void)new;
 543              		.loc 1 135 3 view .LVU121
 136:Src/syscalls.c ****   errno = EMLINK;
 544              		.loc 1 136 3 view .LVU122
 133:Src/syscalls.c ****   (void)old;
 545              		.loc 1 133 1 is_stmt 0 view .LVU123
 546 0000 08B5     		push	{r3, lr}
 547              		.cfi_def_cfa_offset 8
 548              		.cfi_offset 3, -8
 549              		.cfi_offset 14, -4
ARM GAS  /tmp/cc0KlbwM.s 			page 13


 550              		.loc 1 136 3 view .LVU124
 551 0002 FFF7FEFF 		bl	__errno
 552              	.LVL36:
 553              		.loc 1 136 9 discriminator 1 view .LVU125
 554 0006 1F23     		movs	r3, #31
 555 0008 0360     		str	r3, [r0]
 137:Src/syscalls.c ****   return -1;
 556              		.loc 1 137 3 is_stmt 1 view .LVU126
 138:Src/syscalls.c **** }
 557              		.loc 1 138 1 is_stmt 0 view .LVU127
 558 000a 4FF0FF30 		mov	r0, #-1
 559 000e 08BD     		pop	{r3, pc}
 560              		.cfi_endproc
 561              	.LFE40:
 563              		.section	.text._fork,"ax",%progbits
 564              		.align	1
 565              		.global	_fork
 566              		.syntax unified
 567              		.thumb
 568              		.thumb_func
 570              	_fork:
 571              	.LFB41:
 139:Src/syscalls.c **** 
 140:Src/syscalls.c **** int _fork(void)
 141:Src/syscalls.c **** {
 572              		.loc 1 141 1 is_stmt 1 view -0
 573              		.cfi_startproc
 574              		@ args = 0, pretend = 0, frame = 0
 575              		@ frame_needed = 0, uses_anonymous_args = 0
 142:Src/syscalls.c ****   errno = EAGAIN;
 576              		.loc 1 142 3 view .LVU129
 141:Src/syscalls.c ****   errno = EAGAIN;
 577              		.loc 1 141 1 is_stmt 0 view .LVU130
 578 0000 08B5     		push	{r3, lr}
 579              		.cfi_def_cfa_offset 8
 580              		.cfi_offset 3, -8
 581              		.cfi_offset 14, -4
 582              		.loc 1 142 3 view .LVU131
 583 0002 FFF7FEFF 		bl	__errno
 584              	.LVL37:
 585              		.loc 1 142 9 discriminator 1 view .LVU132
 586 0006 0B23     		movs	r3, #11
 587 0008 0360     		str	r3, [r0]
 143:Src/syscalls.c ****   return -1;
 588              		.loc 1 143 3 is_stmt 1 view .LVU133
 144:Src/syscalls.c **** }
 589              		.loc 1 144 1 is_stmt 0 view .LVU134
 590 000a 4FF0FF30 		mov	r0, #-1
 591 000e 08BD     		pop	{r3, pc}
 592              		.cfi_endproc
 593              	.LFE41:
 595              		.section	.text._execve,"ax",%progbits
 596              		.align	1
 597              		.global	_execve
 598              		.syntax unified
 599              		.thumb
 600              		.thumb_func
ARM GAS  /tmp/cc0KlbwM.s 			page 14


 602              	_execve:
 603              	.LVL38:
 604              	.LFB42:
 145:Src/syscalls.c **** 
 146:Src/syscalls.c **** int _execve(char *name, char **argv, char **env)
 147:Src/syscalls.c **** {
 605              		.loc 1 147 1 is_stmt 1 view -0
 606              		.cfi_startproc
 607              		@ args = 0, pretend = 0, frame = 0
 608              		@ frame_needed = 0, uses_anonymous_args = 0
 148:Src/syscalls.c ****   (void)name;
 609              		.loc 1 148 3 view .LVU136
 149:Src/syscalls.c ****   (void)argv;
 610              		.loc 1 149 3 view .LVU137
 150:Src/syscalls.c ****   (void)env;
 611              		.loc 1 150 3 view .LVU138
 151:Src/syscalls.c ****   errno = ENOMEM;
 612              		.loc 1 151 3 view .LVU139
 147:Src/syscalls.c ****   (void)name;
 613              		.loc 1 147 1 is_stmt 0 view .LVU140
 614 0000 08B5     		push	{r3, lr}
 615              		.cfi_def_cfa_offset 8
 616              		.cfi_offset 3, -8
 617              		.cfi_offset 14, -4
 618              		.loc 1 151 3 view .LVU141
 619 0002 FFF7FEFF 		bl	__errno
 620              	.LVL39:
 621              		.loc 1 151 9 discriminator 1 view .LVU142
 622 0006 0C23     		movs	r3, #12
 623 0008 0360     		str	r3, [r0]
 152:Src/syscalls.c ****   return -1;
 624              		.loc 1 152 3 is_stmt 1 view .LVU143
 153:Src/syscalls.c **** }
 625              		.loc 1 153 1 is_stmt 0 view .LVU144
 626 000a 4FF0FF30 		mov	r0, #-1
 627 000e 08BD     		pop	{r3, pc}
 628              		.cfi_endproc
 629              	.LFE42:
 631              		.section	.text.assert_failed,"ax",%progbits
 632              		.align	1
 633              		.global	assert_failed
 634              		.syntax unified
 635              		.thumb
 636              		.thumb_func
 638              	assert_failed:
 639              	.LFB43:
 154:Src/syscalls.c **** 
 155:Src/syscalls.c **** #ifdef USE_FULL_ASSERT
 156:Src/syscalls.c **** void assert_failed(uint8_t *file, uint32_t line)
 157:Src/syscalls.c **** {
 640              		.loc 1 157 1 is_stmt 1 view -0
 641              		.cfi_startproc
 642              		@ Volatile: function does not return.
 643              		@ args = 0, pretend = 0, frame = 0
 644              		@ frame_needed = 0, uses_anonymous_args = 0
 645              		@ link register save eliminated.
 646              	.LVL40:
ARM GAS  /tmp/cc0KlbwM.s 			page 15


 647              	.L25:
 158:Src/syscalls.c ****     (void)file;
 648              		.loc 1 158 5 view .LVU146
 159:Src/syscalls.c ****     (void)line;
 649              		.loc 1 159 5 view .LVU147
 160:Src/syscalls.c **** 
 161:Src/syscalls.c ****     while (1)
 650              		.loc 1 161 5 view .LVU148
 162:Src/syscalls.c ****     {
 163:Src/syscalls.c ****     }
 651              		.loc 1 163 5 view .LVU149
 161:Src/syscalls.c ****     {
 652              		.loc 1 161 11 view .LVU150
 653 0000 FEE7     		b	.L25
 654              		.cfi_endproc
 655              	.LFE43:
 657              		.global	environ
 658              		.section	.data.environ,"aw"
 659              		.align	2
 662              	environ:
 663 0000 00000000 		.word	__env
 664              		.global	__env
 665              		.section	.bss.__env,"aw",%nobits
 666              		.align	2
 669              	__env:
 670 0000 00000000 		.space	4
 671              		.weak	__io_putchar
 672              		.weak	__io_getchar
 673              		.text
 674              	.Letext0:
 675              		.file 2 "/opt/st/stm32cubeclt_1.21.0/GNU-tools-for-STM32/arm-none-eabi/include/machine/_default_ty
 676              		.file 3 "/opt/st/stm32cubeclt_1.21.0/GNU-tools-for-STM32/arm-none-eabi/include/sys/_types.h"
 677              		.file 4 "/opt/st/stm32cubeclt_1.21.0/GNU-tools-for-STM32/arm-none-eabi/include/sys/_stdint.h"
 678              		.file 5 "/opt/st/stm32cubeclt_1.21.0/GNU-tools-for-STM32/arm-none-eabi/include/sys/_timeval.h"
 679              		.file 6 "/opt/st/stm32cubeclt_1.21.0/GNU-tools-for-STM32/arm-none-eabi/include/sys/_timespec.h"
 680              		.file 7 "/opt/st/stm32cubeclt_1.21.0/GNU-tools-for-STM32/arm-none-eabi/include/sys/types.h"
 681              		.file 8 "/opt/st/stm32cubeclt_1.21.0/GNU-tools-for-STM32/arm-none-eabi/include/sys/stat.h"
 682              		.file 9 "/opt/st/stm32cubeclt_1.21.0/GNU-tools-for-STM32/arm-none-eabi/include/sys/times.h"
 683              		.file 10 "/opt/st/stm32cubeclt_1.21.0/GNU-tools-for-STM32/arm-none-eabi/include/sys/errno.h"
ARM GAS  /tmp/cc0KlbwM.s 			page 16


DEFINED SYMBOLS
                            *ABS*:00000000 syscalls.c
     /tmp/cc0KlbwM.s:26     .text.initialise_monitor_handles:00000000 $t
     /tmp/cc0KlbwM.s:32     .text.initialise_monitor_handles:00000000 initialise_monitor_handles
     /tmp/cc0KlbwM.s:45     .text._getpid:00000000 $t
     /tmp/cc0KlbwM.s:51     .text._getpid:00000000 _getpid
     /tmp/cc0KlbwM.s:66     .text._kill:00000000 $t
     /tmp/cc0KlbwM.s:72     .text._kill:00000000 _kill
     /tmp/cc0KlbwM.s:101    .text._exit:00000000 $t
     /tmp/cc0KlbwM.s:107    .text._exit:00000000 _exit
     /tmp/cc0KlbwM.s:152    .text._read:00000000 $t
     /tmp/cc0KlbwM.s:158    .text._read:00000000 _read
     /tmp/cc0KlbwM.s:207    .text._write:00000000 $t
     /tmp/cc0KlbwM.s:213    .text._write:00000000 _write
     /tmp/cc0KlbwM.s:262    .text._close:00000000 $t
     /tmp/cc0KlbwM.s:268    .text._close:00000000 _close
     /tmp/cc0KlbwM.s:287    .text._fstat:00000000 $t
     /tmp/cc0KlbwM.s:293    .text._fstat:00000000 _fstat
     /tmp/cc0KlbwM.s:317    .text._isatty:00000000 $t
     /tmp/cc0KlbwM.s:323    .text._isatty:00000000 _isatty
     /tmp/cc0KlbwM.s:342    .text._lseek:00000000 $t
     /tmp/cc0KlbwM.s:348    .text._lseek:00000000 _lseek
     /tmp/cc0KlbwM.s:369    .text._open:00000000 $t
     /tmp/cc0KlbwM.s:375    .text._open:00000000 _open
     /tmp/cc0KlbwM.s:406    .text._wait:00000000 $t
     /tmp/cc0KlbwM.s:412    .text._wait:00000000 _wait
     /tmp/cc0KlbwM.s:440    .text._unlink:00000000 $t
     /tmp/cc0KlbwM.s:446    .text._unlink:00000000 _unlink
     /tmp/cc0KlbwM.s:474    .text._times:00000000 $t
     /tmp/cc0KlbwM.s:480    .text._times:00000000 _times
     /tmp/cc0KlbwM.s:499    .text._stat:00000000 $t
     /tmp/cc0KlbwM.s:505    .text._stat:00000000 _stat
     /tmp/cc0KlbwM.s:529    .text._link:00000000 $t
     /tmp/cc0KlbwM.s:535    .text._link:00000000 _link
     /tmp/cc0KlbwM.s:564    .text._fork:00000000 $t
     /tmp/cc0KlbwM.s:570    .text._fork:00000000 _fork
     /tmp/cc0KlbwM.s:596    .text._execve:00000000 $t
     /tmp/cc0KlbwM.s:602    .text._execve:00000000 _execve
     /tmp/cc0KlbwM.s:632    .text.assert_failed:00000000 $t
     /tmp/cc0KlbwM.s:638    .text.assert_failed:00000000 assert_failed
     /tmp/cc0KlbwM.s:662    .data.environ:00000000 environ
     /tmp/cc0KlbwM.s:659    .data.environ:00000000 $d
     /tmp/cc0KlbwM.s:669    .bss.__env:00000000 __env
     /tmp/cc0KlbwM.s:666    .bss.__env:00000000 $d
                           .group:00000000 wm4.0.43608cab4da50df6ba2dfee95636a2b5
                           .group:00000000 wm4._newlib_version.h.4.0eb654b64686e2bd29646258853f6c22
                           .group:00000000 wm4.newlib.h.27.b904f6f8971bd921b436e5701877de32
                           .group:00000000 wm4.ieeefp.h.77.99029d7b8220a2cd73dd257e2bbe825d
                           .group:00000000 wm4.features.h.22.4b93ad64e0d80833c46a20ecae380bb0
                           .group:00000000 wm4.config.h.224.10ee1ad185d877c6e334e6581faab44d
                           .group:00000000 wm4._ansi.h.31.de524f58584151836e90d8620a16f8e8
                           .group:00000000 wm4._default_types.h.6.959254cf5f09734ea7516c89e8bb21bd
                           .group:00000000 wm4.stddef.h.39.811583f327f35b0df7808fda70b062a0
                           .group:00000000 wm4.cdefs.h.49.56fd742369e655e7e8a7e365e706e208
                           .group:00000000 wm4._types.h.20.dd0d04dca3800a0d2a6129b87f3adbb2
                           .group:00000000 wm4.stddef.h.173.4903093a50a8482cb062b176ea61fac3
                           .group:00000000 wm4._types.h.127.3bdfe3ff8ea2d0985b03d9cbe93480e3
ARM GAS  /tmp/cc0KlbwM.s 			page 17


                           .group:00000000 wm4.reent.h.18.25503cdc8b7e55dd0d6ea7b3e5af7a03
                           .group:00000000 wm4.lock.h.2.1461d1fff82dffe8bfddc23307f6484f
                           .group:00000000 wm4.reent.h.78.6d702f69a6d6435d2dbe915b10150b1a
                           .group:00000000 wm4.time.h.14.849270cc7997ccc4e05edd146e568a9f
                           .group:00000000 wm4.stddef.h.173.1cea4f16a943c8e875db6791959c3141
                           .group:00000000 wm4.time.h.2.4581ce0ffb6627cfc02162c94bf846c9
                           .group:00000000 wm4.time.h.25.0e6a0fdbc9955f5707ed54246ed2e089
                           .group:00000000 wm4.types.h.40.8b6acba56cefbb11746718204edc8f5e
                           .group:00000000 wm4._stdint.h.10.c24fa3af3bc1706662bb5593a907e841
                           .group:00000000 wm4._endian.h.31.65a10590763c3dde1ac4a7f66d7d4891
                           .group:00000000 wm4.endian.h.9.49f3a4695c1b61e8a0808de3c4a106cb
                           .group:00000000 wm4._timeval.h.32.bec3221fa7a9bb0bdde696c9c57e47d2
                           .group:00000000 wm4.timespec.h.41.d855182eb0e690443ab8651bcedca6e1
                           .group:00000000 wm4.select.h.19.8c04bee5682eafa577cf6325dd7ee64c
                           .group:00000000 wm4.types.h.51.e2a6e4379b4797ffcc4841f8498fd61b
                           .group:00000000 wm4.sched.h.22.c60982713a5c428609783c78f9c78d95
                           .group:00000000 wm4._pthreadtypes.h.36.fcee9961c35163dde6267ef772ad1972
                           .group:00000000 wm4.time.h.142.ba943c1a29afc7430d41c0a92fd48e0b
                           .group:00000000 wm4.stat.h.54.5a9b823658423102e7a8de4ed089eedc
                           .group:00000000 wm4.stdlib.h.13.4ed386f5c1a80d71e72172885d946ef2
                           .group:00000000 wm4.alloca.h.8.dfc0c703c47ec3e69746825b17d9e66d
                           .group:00000000 wm4.stdlib.h.56.f4862cfbf4363a1db01842d5bdf72c18
                           .group:00000000 wm4.errno.h.2.ba016d646105af6cad23be83630b6a3f
                           .group:00000000 wm4.errno.h.9.ae5ea2b0ff9ea6e39e585807e35200d3
                           .group:00000000 wm4.stdio.h.27.3fc80220048df77954e38daec3bb9670
                           .group:00000000 wm4.stdarg.h.34.3a23a216c0c293b3d2ea2e89281481e6
                           .group:00000000 wm4.stdio.h.47.1f5845210bb9053bbca9ed76fc4018da
                           .group:00000000 wm4.stdio.h.2.4aa87247282eca6c8f36f9de33d8df1a
                           .group:00000000 wm4.stdio.h.87.a1e20d2651f9bfb66e51bfbe849db00a
                           .group:00000000 wm4._intsup.h.10.48bafbb683905c4daa4565a85aeeb264
                           .group:00000000 wm4.stdint.h.23.d53047a68f4a85177f80b422d52785ed
                           .group:00000000 wm4.signal.h.31.1e41f887ed1384065c2378e275de5bce
                           .group:00000000 wm4.signal.h.18.14c8d0c03fc1e06775633fad7399cfc7
                           .group:00000000 wm4.time.h.40.07bdef2e51e429b46276cd6f2246b78b

UNDEFINED SYMBOLS
__errno
__io_getchar
__io_putchar
