ARM GAS  /tmp/ccezpKw2.s 			page 1


   1              		.arch armv8.1-m.main
   2              		.fpu fpv5-d16
   3              		.arch_extension dsp
   4              		.arch_extension fp
   5              		.arch_extension fp.dp
   6              		.arch_extension mve
   7              		.arch_extension mve.fp
   8              		.eabi_attribute 5, "cortex-m55"
   9              		.eabi_attribute 28, 1
  10              		.eabi_attribute 20, 1
  11              		.eabi_attribute 21, 1
  12              		.eabi_attribute 23, 3
  13              		.eabi_attribute 24, 1
  14              		.eabi_attribute 25, 1
  15              		.eabi_attribute 26, 1
  16              		.eabi_attribute 30, 4
  17              		.eabi_attribute 34, 1
  18              		.eabi_attribute 38, 1
  19              		.eabi_attribute 18, 4
  20              		.file	"threadx.c"
  21              		.text
  22              	.Ltext0:
  23              		.cfi_sections	.debug_frame
  24              		.file 1 "Src/threadx.c"
  25              		.section	.rodata.blink.str1.1,"aMS",%progbits,1
  26              	.LC0:
  27 0000 7072696E 		.ascii	"printf works\000"
  27      74662077 
  27      6F726B73 
  27      00
  28              		.section	.text.blink,"ax",%progbits
  29              		.align	1
  30              		.syntax unified
  31              		.thumb
  32              		.thumb_func
  34              	blink:
  35              	.LVL0:
  36              	.LFB892:
   1:Src/threadx.c **** #include "tx_api.h"
   2:Src/threadx.c **** #include "stm32n6xx_nucleo.h"
   3:Src/threadx.c **** #include <stdio.h>
   4:Src/threadx.c **** 
   5:Src/threadx.c **** #define BLINK_THREAD_STACK_SIZE 1024
   6:Src/threadx.c **** 
   7:Src/threadx.c **** volatile UINT status = 0xFFFFFFFFu;
   8:Src/threadx.c **** static TX_THREAD blink_thread;
   9:Src/threadx.c **** static ULONG blink_stack[BLINK_THREAD_STACK_SIZE / sizeof(ULONG)];
  10:Src/threadx.c **** 
  11:Src/threadx.c **** static void blink(ULONG thread_input) {
  37              		.loc 1 11 39 view -0
  38              		.cfi_startproc
  39              		@ Volatile: function does not return.
  40              		@ args = 0, pretend = 0, frame = 0
  41              		@ frame_needed = 0, uses_anonymous_args = 0
  12:Src/threadx.c ****     printf("printf works");
  42              		.loc 1 12 5 view .LVU1
  11:Src/threadx.c ****     printf("printf works");
ARM GAS  /tmp/ccezpKw2.s 			page 2


  43              		.loc 1 11 39 is_stmt 0 view .LVU2
  44 0000 08B5     		push	{r3, lr}
  45              		.cfi_def_cfa_offset 8
  46              		.cfi_offset 3, -8
  47              		.cfi_offset 14, -4
  48              		.loc 1 12 5 view .LVU3
  49 0002 0A48     		ldr	r0, .L3
  50              	.LVL1:
  51              		.loc 1 12 5 view .LVU4
  52 0004 FFF7FEFF 		bl	printf
  53              	.LVL2:
  13:Src/threadx.c ****     BSP_LED_Init(LED_GREEN);
  54              		.loc 1 13 5 is_stmt 1 view .LVU5
  55 0008 0220     		movs	r0, #2
  56 000a FFF7FEFF 		bl	BSP_LED_Init
  57              	.LVL3:
  14:Src/threadx.c ****     BSP_LED_Init(LED_RED);
  58              		.loc 1 14 5 view .LVU6
  59 000e 0120     		movs	r0, #1
  60 0010 FFF7FEFF 		bl	BSP_LED_Init
  61              	.LVL4:
  62              	.L2:
  15:Src/threadx.c ****     while (1) {
  63              		.loc 1 15 5 view .LVU7
  16:Src/threadx.c ****         BSP_LED_Toggle(LED_GREEN);
  64              		.loc 1 16 9 view .LVU8
  65 0014 0220     		movs	r0, #2
  66 0016 FFF7FEFF 		bl	BSP_LED_Toggle
  67              	.LVL5:
  17:Src/threadx.c ****         BSP_LED_Toggle(LED_RED);
  68              		.loc 1 17 9 view .LVU9
  69 001a 0120     		movs	r0, #1
  70 001c FFF7FEFF 		bl	BSP_LED_Toggle
  71              	.LVL6:
  18:Src/threadx.c ****         tx_thread_sleep(TX_TIMER_TICKS_PER_SECOND * 3);
  72              		.loc 1 18 9 discriminator 1 view .LVU10
  73 0020 4FF49670 		mov	r0, #300
  74 0024 FFF7FEFF 		bl	_tx_thread_sleep
  75              	.LVL7:
  15:Src/threadx.c ****         BSP_LED_Toggle(LED_GREEN);
  76              		.loc 1 15 11 view .LVU11
  77 0028 F4E7     		b	.L2
  78              	.L4:
  79 002a 00BF     		.align	2
  80              	.L3:
  81 002c 00000000 		.word	.LC0
  82              		.cfi_endproc
  83              	.LFE892:
  85              		.section	.rodata.tx_application_define.str1.1,"aMS",%progbits,1
  86              	.LC1:
  87 0000 626C696E 		.ascii	"blink\000"
  87      6B00
  88              		.section	.text.tx_application_define,"ax",%progbits
  89              		.align	1
  90              		.global	tx_application_define
  91              		.syntax unified
  92              		.thumb
ARM GAS  /tmp/ccezpKw2.s 			page 3


  93              		.thumb_func
  95              	tx_application_define:
  96              	.LVL8:
  97              	.LFB893:
  19:Src/threadx.c ****     }
  20:Src/threadx.c **** }
  21:Src/threadx.c **** 
  22:Src/threadx.c **** void tx_application_define(void *first_unused_memory) {
  98              		.loc 1 22 55 view -0
  99              		.cfi_startproc
 100              		@ args = 0, pretend = 0, frame = 0
 101              		@ frame_needed = 0, uses_anonymous_args = 0
  23:Src/threadx.c ****     status = tx_thread_create(&blink_thread, "blink", blink, 0, blink_stack, sizeof(blink_stack), 3
 102              		.loc 1 23 5 view .LVU13
 103              		.loc 1 23 14 is_stmt 0 view .LVU14
 104 0000 0123     		movs	r3, #1
 105 0002 B422     		movs	r2, #180
  22:Src/threadx.c ****     status = tx_thread_create(&blink_thread, "blink", blink, 0, blink_stack, sizeof(blink_stack), 3
 106              		.loc 1 22 55 view .LVU15
 107 0004 00B5     		push	{lr}
 108              		.cfi_def_cfa_offset 4
 109              		.cfi_offset 14, -4
 110 0006 89B0     		sub	sp, sp, #36
 111              		.cfi_def_cfa_offset 40
 112              		.loc 1 23 14 view .LVU16
 113 0008 CDE90532 		strd	r3, r2, [sp, #20]
 114 000c 0322     		movs	r2, #3
 115 000e 0023     		movs	r3, #0
 116 0010 0292     		str	r2, [sp, #8]
 117 0012 CDE90323 		strd	r2, r3, [sp, #12]
 118 0016 4FF48062 		mov	r2, #1024
 119 001a 0192     		str	r2, [sp, #4]
 120 001c 054A     		ldr	r2, .L6
 121 001e 0649     		ldr	r1, .L6+4
 122 0020 0092     		str	r2, [sp]
 123 0022 0648     		ldr	r0, .L6+8
 124              	.LVL9:
 125              		.loc 1 23 14 view .LVU17
 126 0024 064A     		ldr	r2, .L6+12
 127 0026 FFF7FEFF 		bl	_txe_thread_create
 128              	.LVL10:
 129              		.loc 1 23 12 discriminator 1 view .LVU18
 130 002a 064B     		ldr	r3, .L6+16
 131 002c 1860     		str	r0, [r3]
  24:Src/threadx.c **** }...
 132              		.loc 1 24 1 view .LVU19
 133 002e 09B0     		add	sp, sp, #36
 134              		.cfi_def_cfa_offset 4
 135              		@ sp needed
 136 0030 00BD     		pop	{pc}
 137              	.L7:
 138 0032 00BF     		.align	2
 139              	.L6:
 140 0034 00000000 		.word	blink_stack
 141 0038 00000000 		.word	.LC1
 142 003c 00000000 		.word	blink_thread
 143 0040 00000000 		.word	blink
ARM GAS  /tmp/ccezpKw2.s 			page 4


 144 0044 00000000 		.word	status
 145              		.cfi_endproc
 146              	.LFE893:
 148              		.section	.bss.blink_stack,"aw",%nobits
 149              		.align	2
 152              	blink_stack:
 153 0000 00000000 		.space	1024
 153      00000000 
 153      00000000 
 153      00000000 
 153      00000000 
 154              		.section	.bss.blink_thread,"aw",%nobits
 155              		.align	2
 158              	blink_thread:
 159 0000 00000000 		.space	180
 159      00000000 
 159      00000000 
 159      00000000 
 159      00000000 
 160              		.global	status
 161              		.section	.data.status,"aw"
 162              		.align	2
 165              	status:
 166 0000 FFFFFFFF 		.word	-1
 167              		.text
 168              	.Letext0:
 169              		.file 2 "/opt/st/stm32cubeclt_1.21.0/GNU-tools-for-STM32/arm-none-eabi/include/machine/_default_ty
 170              		.file 3 "../Middlewares/threadx/ports/cortex_m55/gnu/inc/tx_port.h"
 171              		.file 4 "../Middlewares/threadx/common/inc/tx_api.h"
 172              		.file 5 "/opt/st/stm32cubeclt_1.21.0/GNU-tools-for-STM32/arm-none-eabi/include/sys/_stdint.h"
 173              		.file 6 "../STM32Cube_FW_N6/Drivers/STM32N6xx_HAL_Driver/Inc/stm32n6xx_hal_gpio.h"
 174              		.file 7 "../STM32Cube_FW_N6/Drivers/BSP/STM32N6xx_Nucleo/stm32n6xx_nucleo.h"
 175              		.file 8 "/opt/st/stm32cubeclt_1.21.0/GNU-tools-for-STM32/arm-none-eabi/include/stdio.h"
ARM GAS  /tmp/ccezpKw2.s 			page 5


DEFINED SYMBOLS
                            *ABS*:00000000 threadx.c
     /tmp/ccezpKw2.s:29     .text.blink:00000000 $t
     /tmp/ccezpKw2.s:34     .text.blink:00000000 blink
     /tmp/ccezpKw2.s:81     .text.blink:0000002c $d
     /tmp/ccezpKw2.s:89     .text.tx_application_define:00000000 $t
     /tmp/ccezpKw2.s:95     .text.tx_application_define:00000000 tx_application_define
     /tmp/ccezpKw2.s:140    .text.tx_application_define:00000034 $d
     /tmp/ccezpKw2.s:152    .bss.blink_stack:00000000 blink_stack
     /tmp/ccezpKw2.s:158    .bss.blink_thread:00000000 blink_thread
     /tmp/ccezpKw2.s:165    .data.status:00000000 status
     /tmp/ccezpKw2.s:149    .bss.blink_stack:00000000 $d
     /tmp/ccezpKw2.s:155    .bss.blink_thread:00000000 $d
     /tmp/ccezpKw2.s:162    .data.status:00000000 $d
                           .group:00000000 wm4.0.43608cab4da50df6ba2dfee95636a2b5
                           .group:00000000 wm4.tx_api.h.111.1e40bacadb0edb5b6b36282830ee23a5
                           .group:00000000 wm4.ieeefp.h.77.99029d7b8220a2cd73dd257e2bbe825d
                           .group:00000000 wm4._newlib_version.h.4.0eb654b64686e2bd29646258853f6c22
                           .group:00000000 wm4.newlib.h.27.b904f6f8971bd921b436e5701877de32
                           .group:00000000 wm4.features.h.22.4b93ad64e0d80833c46a20ecae380bb0
                           .group:00000000 wm4.config.h.224.10ee1ad185d877c6e334e6581faab44d
                           .group:00000000 wm4._ansi.h.31.de524f58584151836e90d8620a16f8e8
                           .group:00000000 wm4.stdlib.h.13.4ed386f5c1a80d71e72172885d946ef2
                           .group:00000000 wm4.stddef.h.200.7df09ddbfbefc5947db7aca5a0fd7644
                           .group:00000000 wm4.stddef.h.39.613e674cf2e6f142dfe584123421de07
                           .group:00000000 wm4._default_types.h.6.959254cf5f09734ea7516c89e8bb21bd
                           .group:00000000 wm4.cdefs.h.49.56fd742369e655e7e8a7e365e706e208
                           .group:00000000 wm4._types.h.20.dd0d04dca3800a0d2a6129b87f3adbb2
                           .group:00000000 wm4.stddef.h.173.4903093a50a8482cb062b176ea61fac3
                           .group:00000000 wm4._types.h.127.3bdfe3ff8ea2d0985b03d9cbe93480e3
                           .group:00000000 wm4.reent.h.18.25503cdc8b7e55dd0d6ea7b3e5af7a03
                           .group:00000000 wm4.lock.h.2.1461d1fff82dffe8bfddc23307f6484f
                           .group:00000000 wm4.reent.h.78.6d702f69a6d6435d2dbe915b10150b1a
                           .group:00000000 wm4.alloca.h.8.dfc0c703c47ec3e69746825b17d9e66d
                           .group:00000000 wm4.stdlib.h.56.f4862cfbf4363a1db01842d5bdf72c18
                           .group:00000000 wm4.string.h.8.c4b8571ce60dff2817f43fec8b86aecd
                           .group:00000000 wm4.stddef.h.173.1cea4f16a943c8e875db6791959c3141
                           .group:00000000 wm4.string.h.177.59a005921fa78485abc80a0267de5752
                           .group:00000000 wm4.tx_port.h.115.8e956eb46460c8c3c519d728cbd87812
                           .group:00000000 wm4.tx_api.h.143.79257ef837605c4fece165ef0da36ec0
                           .group:00000000 wm4.stm32n6xx_hal_conf.h.21.d32f04f7ae387b70d8c80735cac3eea9
                           .group:00000000 wm4.arm_cmse.h.103.a0d15a79c4c9a67da8d5831704d7248e
                           .group:00000000 wm4.stm32n6xx.h.34.c523a1ffdf274a69e8802892c6776332
                           .group:00000000 wm4.stm32n657xx.h.26.acd272cb67318cc1a4791ce2f0720ca6
                           .group:00000000 wm4._intsup.h.10.48bafbb683905c4daa4565a85aeeb264
                           .group:00000000 wm4._stdint.h.10.c24fa3af3bc1706662bb5593a907e841
                           .group:00000000 wm4.stdint.h.23.d53047a68f4a85177f80b422d52785ed
                           .group:00000000 wm4.cmsis_version.h.30.d128735bf87720f7436b74fefeb5043c
                           .group:00000000 wm4.core_cm55.h.67.25006a3ce7048d64bcddd2996d5fac93
                           .group:00000000 wm4.arm_acle.h.28.a0697f530ff2dbf8c463bef049b82760
                           .group:00000000 wm4.cmsis_gcc.h.39.eba7438bc45fd1a6e6376b63ffe44436
                           .group:00000000 wm4.cmsis_gcc_m.h.24.e590ec51aeda3a1242400351d73f5dce
                           .group:00000000 wm4.core_cm55.h.213.0528f46a674315ef8d35c4477e230358
                           .group:00000000 wm4.armv8m_mpu.h.24.bf28cc25bee30a7ff9d2f7a44a5e2230
                           .group:00000000 wm4.armv8m_pmu.h.24.6ded195d2625055391fd378c0e1d2519
                           .group:00000000 wm4.core_cm55.h.4477.396e822ef855bcfb932819ad48de1c4c
                           .group:00000000 wm4.armv7m_cachel1.h.24.936dd92d6e204a8d0b17d5e4ea4a356e
ARM GAS  /tmp/ccezpKw2.s 			page 6


                           .group:00000000 wm4.stm32n657xx.h.575.78d331c417ec710388ced647138f735f
                           .group:00000000 wm4.stm32n6xx.h.116.b4247d9785590e7c5ec9234ffb2153bf
                           .group:00000000 wm4.stm32_hal_legacy.h.22.e62aae2fd3ae33360b6781c8a72e5b18
                           .group:00000000 wm4.math.h.13.47cfc34cae8a1153323939c4d32cf7c2
                           .group:00000000 wm4.stm32n6xx_hal_def.h.63.3a8f01490e8852464e9fcb69092e9c75
                           .group:00000000 wm4.stm32n6xx_ll_bus.h.38.2366a295ee4cdb04833997d3787fcd2d
                           .group:00000000 wm4.stm32n6xx_ll_rcc.h.21.656bd5637db608589ad16ea57d39430c
                           .group:00000000 wm4.stm32n6xx_hal_rcc.h.194.69b522b1afdf59a82d05a1f71efe03c7
                           .group:00000000 wm4.stm32n6xx_hal_rcc_ex.h.21.cc6be0a7d168882a1a6f470236ba784c
                           .group:00000000 wm4.stm32n6xx_hal_rcc.h.4361.4b490a4a19722e68c21f88cb8a774a30
                           .group:00000000 wm4.stm32n6xx_hal_gpio.h.21.89d54af663b98eb8fc098192053f7eeb
                           .group:00000000 wm4.stm32n6xx_hal_gpio_ex.h.22.f7e795fb05a69a19b87d946b47c8db8b
                           .group:00000000 wm4.stm32n6xx_hal_rif.h.21.33f2c553a8a3fc14dca8c470b213ab19
                           .group:00000000 wm4.stm32n6xx_hal_dma.h.21.61e48c5c2e8d25d22177834b232fe45c
                           .group:00000000 wm4.stm32n6xx_hal_dma_ex.h.21.82f854ecdb6a463b06d0b4e5c217c368
                           .group:00000000 wm4.stm32n6xx_hal_dma.h.1020.87e2180c009560b617c1f8208140c950
                           .group:00000000 wm4.stm32n6xx_hal_cortex.h.21.f493623cc58f9454ab4eae41e395c5cc
                           .group:00000000 wm4.stm32n6xx_hal_bsec.h.21.1ee89319140541f82434908b4267aa30
                           .group:00000000 wm4.stm32n6xx_hal_dcmipp.h.21.e2b87dce83d7d722d696a597f6ac56bf
                           .group:00000000 wm4.stm32n6xx_hal_dma2d.h.21.75c8d46cdbb72970123b3f34ae2043d7
                           .group:00000000 wm4.stm32n6xx_hal_exti.h.21.e0efb23591051684dc14f1f2431c6aab
                           .group:00000000 wm4.stm32n6xx_hal_i2c.h.21.3f483626ff64c5bf027265bb2e1d1331
                           .group:00000000 wm4.stm32n6xx_hal_i2c_ex.h.21.79e9196c22282cdaf6b4047893638c45
                           .group:00000000 wm4.stm32n6xx_hal_i2c.h.741.1084702632703acc669e4282b3043372
                           .group:00000000 wm4.stm32n6xx_hal_ltdc.h.21.ae1eb09930e7e550e48e418ac5849e4d
                           .group:00000000 wm4.stm32n6xx_hal_ltdc.h.1002.b13ede7fc94ed5ad1c6768a157d2149a
                           .group:00000000 wm4.stm32n6xx_ll_usb.h.21.daaf86158046f2cf02166c495d637480
                           .group:00000000 wm4.stm32n6xx_hal_pcd.h.155.27040aac6844effe2af8c180caf1dd2e
                           .group:00000000 wm4.stm32n6xx_hal_pwr.h.21.cdb73e4869c3fed3fc84f901ec0e5f0a
                           .group:00000000 wm4.stm32n6xx_hal_pwr_ex.h.21.1a673224a58b0c1e5fad8eeda6514208
                           .group:00000000 wm4.stm32n6xx_hal_ramcfg.h.21.a62dfbb4d2c14e9a8c634a215e37bd3d
                           .group:00000000 wm4.stm32n6xx_hal_spi.h.21.9f810303326e2d91749800e9911f8e4d
                           .group:00000000 wm4.stm32n6xx_hal_spi.h.906.8ad9375f39dce09dc0a4db0025ee7a76
                           .group:00000000 wm4.stm32n6xx_hal_uart.h.21.230f549bfa0d5ebfd77bfb311b2aca15
                           .group:00000000 wm4.stm32n6xx_hal_uart_ex.h.21.a0d5511e1d0703b7b5278c8f5472b96d
                           .group:00000000 wm4.stm32n6xx_hal_xspi.h.21.7fd922d3bdb871475cf18436a68935bb
                           .group:00000000 wm4.stm32n6xx_hal_cacheaxi.h.21.7c3375b7903ec42376e4883320997f74
                           .group:00000000 wm4.stm32n6xx_hal.h.81.e79d59262ba173c33cf1d69281830d15
                           .group:00000000 wm4.stm32n6xx_nucleo_conf.h.46.abed41a6c66087738defca6a13cd6ec9
                           .group:00000000 wm4.stm32n6xx_nucleo_errno.h.21.96498538641bae975d7607076c1d9a31
                           .group:00000000 wm4.stm32n6xx_nucleo.h.152.b371b24100f756e0d72b0ccf20474755
                           .group:00000000 wm4.stdio.h.27.3fc80220048df77954e38daec3bb9670
                           .group:00000000 wm4.stdarg.h.34.3a23a216c0c293b3d2ea2e89281481e6
                           .group:00000000 wm4.stdio.h.47.dc31ec4674d7bcb103c9f08809549f45
                           .group:00000000 wm4.stdio.h.2.4aa87247282eca6c8f36f9de33d8df1a
                           .group:00000000 wm4.stdio.h.87.a1e20d2651f9bfb66e51bfbe849db00a

UNDEFINED SYMBOLS
printf
BSP_LED_Init
BSP_LED_Toggle
_tx_thread_sleep
_txe_thread_create
