ARM GAS  /tmp/ccVqijhv.s 			page 1


   1              		.arch armv8.1-m.main
   2              		.fpu fpv5-d16
   3              		.arch_extension dsp
   4              		.arch_extension fp
   5              		.arch_extension fp.dp
   6              		.arch_extension mve
   7              		.arch_extension mve.fp
   8              		.eabi_attribute 5, "cortex-m55"
   9              		.eabi_attribute 28, 1
  10              		.eabi_attribute 20, 1
  11              		.eabi_attribute 21, 1
  12              		.eabi_attribute 23, 3
  13              		.eabi_attribute 24, 1
  14              		.eabi_attribute 25, 1
  15              		.eabi_attribute 26, 1
  16              		.eabi_attribute 30, 4
  17              		.eabi_attribute 34, 1
  18              		.eabi_attribute 38, 1
  19              		.eabi_attribute 18, 4
  20              		.file	"tx_event_flags_performance_info_get.c"
  21              		.text
  22              	.Ltext0:
  23              		.cfi_sections	.debug_frame
  24              		.file 1 "../Middlewares/threadx/common/src/tx_event_flags_performance_info_get.c"
  25              		.section	.text._tx_event_flags_performance_info_get,"ax",%progbits
  26              		.align	1
  27              		.global	_tx_event_flags_performance_info_get
  28              		.syntax unified
  29              		.thumb
  30              		.thumb_func
  32              	_tx_event_flags_performance_info_get:
  33              	.LVL0:
  34              	.LFB8:
   1:../Middlewares/threadx/common/src/tx_event_flags_performance_info_get.c **** /**************************************************************************/
   2:../Middlewares/threadx/common/src/tx_event_flags_performance_info_get.c **** /*                                                                        */
   3:../Middlewares/threadx/common/src/tx_event_flags_performance_info_get.c **** /*       Copyright (c) Microsoft Corporation. All rights reserved.        */
   4:../Middlewares/threadx/common/src/tx_event_flags_performance_info_get.c **** /*                                                                        */
   5:../Middlewares/threadx/common/src/tx_event_flags_performance_info_get.c **** /*       This software is licensed under the Microsoft Software License   */
   6:../Middlewares/threadx/common/src/tx_event_flags_performance_info_get.c **** /*       Terms for Microsoft Azure RTOS. Full text of the license can be  */
   7:../Middlewares/threadx/common/src/tx_event_flags_performance_info_get.c **** /*       found in the LICENSE file at https://aka.ms/AzureRTOS_EULA       */
   8:../Middlewares/threadx/common/src/tx_event_flags_performance_info_get.c **** /*       and in the root directory of this software.                      */
   9:../Middlewares/threadx/common/src/tx_event_flags_performance_info_get.c **** /*                                                                        */
  10:../Middlewares/threadx/common/src/tx_event_flags_performance_info_get.c **** /**************************************************************************/
  11:../Middlewares/threadx/common/src/tx_event_flags_performance_info_get.c **** 
  12:../Middlewares/threadx/common/src/tx_event_flags_performance_info_get.c **** 
  13:../Middlewares/threadx/common/src/tx_event_flags_performance_info_get.c **** /**************************************************************************/
  14:../Middlewares/threadx/common/src/tx_event_flags_performance_info_get.c **** /**************************************************************************/
  15:../Middlewares/threadx/common/src/tx_event_flags_performance_info_get.c **** /**                                                                       */
  16:../Middlewares/threadx/common/src/tx_event_flags_performance_info_get.c **** /** ThreadX Component                                                     */
  17:../Middlewares/threadx/common/src/tx_event_flags_performance_info_get.c **** /**                                                                       */
  18:../Middlewares/threadx/common/src/tx_event_flags_performance_info_get.c **** /**   Event Flags                                                         */
  19:../Middlewares/threadx/common/src/tx_event_flags_performance_info_get.c **** /**                                                                       */
  20:../Middlewares/threadx/common/src/tx_event_flags_performance_info_get.c **** /**************************************************************************/
  21:../Middlewares/threadx/common/src/tx_event_flags_performance_info_get.c **** /**************************************************************************/
  22:../Middlewares/threadx/common/src/tx_event_flags_performance_info_get.c **** 
  23:../Middlewares/threadx/common/src/tx_event_flags_performance_info_get.c **** #define TX_SOURCE_CODE
  24:../Middlewares/threadx/common/src/tx_event_flags_performance_info_get.c **** 
ARM GAS  /tmp/ccVqijhv.s 			page 2


  25:../Middlewares/threadx/common/src/tx_event_flags_performance_info_get.c **** 
  26:../Middlewares/threadx/common/src/tx_event_flags_performance_info_get.c **** /* Include necessary system files.  */
  27:../Middlewares/threadx/common/src/tx_event_flags_performance_info_get.c **** 
  28:../Middlewares/threadx/common/src/tx_event_flags_performance_info_get.c **** #include "tx_api.h"
  29:../Middlewares/threadx/common/src/tx_event_flags_performance_info_get.c **** #include "tx_event_flags.h"
  30:../Middlewares/threadx/common/src/tx_event_flags_performance_info_get.c **** #ifdef TX_EVENT_FLAGS_ENABLE_PERFORMANCE_INFO
  31:../Middlewares/threadx/common/src/tx_event_flags_performance_info_get.c **** #include "tx_trace.h"
  32:../Middlewares/threadx/common/src/tx_event_flags_performance_info_get.c **** #endif
  33:../Middlewares/threadx/common/src/tx_event_flags_performance_info_get.c **** 
  34:../Middlewares/threadx/common/src/tx_event_flags_performance_info_get.c **** 
  35:../Middlewares/threadx/common/src/tx_event_flags_performance_info_get.c **** /**************************************************************************/
  36:../Middlewares/threadx/common/src/tx_event_flags_performance_info_get.c **** /*                                                                        */
  37:../Middlewares/threadx/common/src/tx_event_flags_performance_info_get.c **** /*  FUNCTION                                               RELEASE        */
  38:../Middlewares/threadx/common/src/tx_event_flags_performance_info_get.c **** /*                                                                        */
  39:../Middlewares/threadx/common/src/tx_event_flags_performance_info_get.c **** /*    _tx_event_flags_performance_info_get                PORTABLE C      */
  40:../Middlewares/threadx/common/src/tx_event_flags_performance_info_get.c **** /*                                                           6.1          */
  41:../Middlewares/threadx/common/src/tx_event_flags_performance_info_get.c **** /*  AUTHOR                                                                */
  42:../Middlewares/threadx/common/src/tx_event_flags_performance_info_get.c **** /*                                                                        */
  43:../Middlewares/threadx/common/src/tx_event_flags_performance_info_get.c **** /*    William E. Lamie, Microsoft Corporation                             */
  44:../Middlewares/threadx/common/src/tx_event_flags_performance_info_get.c **** /*                                                                        */
  45:../Middlewares/threadx/common/src/tx_event_flags_performance_info_get.c **** /*  DESCRIPTION                                                           */
  46:../Middlewares/threadx/common/src/tx_event_flags_performance_info_get.c **** /*                                                                        */
  47:../Middlewares/threadx/common/src/tx_event_flags_performance_info_get.c **** /*    This function retrieves performance information from the specified  */
  48:../Middlewares/threadx/common/src/tx_event_flags_performance_info_get.c **** /*    event flag group.                                                   */
  49:../Middlewares/threadx/common/src/tx_event_flags_performance_info_get.c **** /*                                                                        */
  50:../Middlewares/threadx/common/src/tx_event_flags_performance_info_get.c **** /*  INPUT                                                                 */
  51:../Middlewares/threadx/common/src/tx_event_flags_performance_info_get.c **** /*                                                                        */
  52:../Middlewares/threadx/common/src/tx_event_flags_performance_info_get.c **** /*    group_ptr                         Pointer to event flag group       */
  53:../Middlewares/threadx/common/src/tx_event_flags_performance_info_get.c **** /*    sets                              Destination for the number of     */
  54:../Middlewares/threadx/common/src/tx_event_flags_performance_info_get.c **** /*                                        event flag sets on this group   */
  55:../Middlewares/threadx/common/src/tx_event_flags_performance_info_get.c **** /*    gets                              Destination for the number of     */
  56:../Middlewares/threadx/common/src/tx_event_flags_performance_info_get.c **** /*                                        event flag gets on this group   */
  57:../Middlewares/threadx/common/src/tx_event_flags_performance_info_get.c **** /*    suspensions                       Destination for the number of     */
  58:../Middlewares/threadx/common/src/tx_event_flags_performance_info_get.c **** /*                                        event flag suspensions on this  */
  59:../Middlewares/threadx/common/src/tx_event_flags_performance_info_get.c **** /*                                        group                           */
  60:../Middlewares/threadx/common/src/tx_event_flags_performance_info_get.c **** /*    timeouts                          Destination for number of timeouts*/
  61:../Middlewares/threadx/common/src/tx_event_flags_performance_info_get.c **** /*                                        on this event flag group        */
  62:../Middlewares/threadx/common/src/tx_event_flags_performance_info_get.c **** /*                                                                        */
  63:../Middlewares/threadx/common/src/tx_event_flags_performance_info_get.c **** /*  OUTPUT                                                                */
  64:../Middlewares/threadx/common/src/tx_event_flags_performance_info_get.c **** /*                                                                        */
  65:../Middlewares/threadx/common/src/tx_event_flags_performance_info_get.c **** /*    status                            Completion status                 */
  66:../Middlewares/threadx/common/src/tx_event_flags_performance_info_get.c **** /*                                                                        */
  67:../Middlewares/threadx/common/src/tx_event_flags_performance_info_get.c **** /*  CALLS                                                                 */
  68:../Middlewares/threadx/common/src/tx_event_flags_performance_info_get.c **** /*                                                                        */
  69:../Middlewares/threadx/common/src/tx_event_flags_performance_info_get.c **** /*    None                                                                */
  70:../Middlewares/threadx/common/src/tx_event_flags_performance_info_get.c **** /*                                                                        */
  71:../Middlewares/threadx/common/src/tx_event_flags_performance_info_get.c **** /*  CALLED BY                                                             */
  72:../Middlewares/threadx/common/src/tx_event_flags_performance_info_get.c **** /*                                                                        */
  73:../Middlewares/threadx/common/src/tx_event_flags_performance_info_get.c **** /*    Application Code                                                    */
  74:../Middlewares/threadx/common/src/tx_event_flags_performance_info_get.c **** /*                                                                        */
  75:../Middlewares/threadx/common/src/tx_event_flags_performance_info_get.c **** /*  RELEASE HISTORY                                                       */
  76:../Middlewares/threadx/common/src/tx_event_flags_performance_info_get.c **** /*                                                                        */
  77:../Middlewares/threadx/common/src/tx_event_flags_performance_info_get.c **** /*    DATE              NAME                      DESCRIPTION             */
  78:../Middlewares/threadx/common/src/tx_event_flags_performance_info_get.c **** /*                                                                        */
  79:../Middlewares/threadx/common/src/tx_event_flags_performance_info_get.c **** /*  05-19-2020     William E. Lamie         Initial Version 6.0           */
  80:../Middlewares/threadx/common/src/tx_event_flags_performance_info_get.c **** /*  09-30-2020     Yuxin Zhou               Modified comment(s),          */
  81:../Middlewares/threadx/common/src/tx_event_flags_performance_info_get.c **** /*                                            resulting in version 6.1    */
ARM GAS  /tmp/ccVqijhv.s 			page 3


  82:../Middlewares/threadx/common/src/tx_event_flags_performance_info_get.c **** /*                                                                        */
  83:../Middlewares/threadx/common/src/tx_event_flags_performance_info_get.c **** /**************************************************************************/
  84:../Middlewares/threadx/common/src/tx_event_flags_performance_info_get.c **** UINT  _tx_event_flags_performance_info_get(TX_EVENT_FLAGS_GROUP *group_ptr, ULONG *sets, ULONG *get
  85:../Middlewares/threadx/common/src/tx_event_flags_performance_info_get.c ****                     ULONG *suspensions, ULONG *timeouts)
  86:../Middlewares/threadx/common/src/tx_event_flags_performance_info_get.c **** {
  35              		.loc 1 86 1 view -0
  36              		.cfi_startproc
  37              		@ args = 4, pretend = 0, frame = 0
  38              		@ frame_needed = 0, uses_anonymous_args = 0
  39              		@ link register save eliminated.
  87:../Middlewares/threadx/common/src/tx_event_flags_performance_info_get.c **** 
  88:../Middlewares/threadx/common/src/tx_event_flags_performance_info_get.c **** #ifdef TX_EVENT_FLAGS_ENABLE_PERFORMANCE_INFO
  89:../Middlewares/threadx/common/src/tx_event_flags_performance_info_get.c **** 
  90:../Middlewares/threadx/common/src/tx_event_flags_performance_info_get.c **** TX_INTERRUPT_SAVE_AREA
  91:../Middlewares/threadx/common/src/tx_event_flags_performance_info_get.c **** UINT                    status;
  92:../Middlewares/threadx/common/src/tx_event_flags_performance_info_get.c **** 
  93:../Middlewares/threadx/common/src/tx_event_flags_performance_info_get.c **** 
  94:../Middlewares/threadx/common/src/tx_event_flags_performance_info_get.c ****     /* Determine if this is a legal request.  */
  95:../Middlewares/threadx/common/src/tx_event_flags_performance_info_get.c ****     if (group_ptr == TX_NULL)
  96:../Middlewares/threadx/common/src/tx_event_flags_performance_info_get.c ****     {
  97:../Middlewares/threadx/common/src/tx_event_flags_performance_info_get.c **** 
  98:../Middlewares/threadx/common/src/tx_event_flags_performance_info_get.c ****         /* Event flags group pointer is illegal, return error.  */
  99:../Middlewares/threadx/common/src/tx_event_flags_performance_info_get.c ****         status =  TX_PTR_ERROR;
 100:../Middlewares/threadx/common/src/tx_event_flags_performance_info_get.c ****     }
 101:../Middlewares/threadx/common/src/tx_event_flags_performance_info_get.c **** 
 102:../Middlewares/threadx/common/src/tx_event_flags_performance_info_get.c ****     /* Determine if the event group ID is invalid.  */
 103:../Middlewares/threadx/common/src/tx_event_flags_performance_info_get.c ****     else if (group_ptr -> tx_event_flags_group_id != TX_EVENT_FLAGS_ID)
 104:../Middlewares/threadx/common/src/tx_event_flags_performance_info_get.c ****     {
 105:../Middlewares/threadx/common/src/tx_event_flags_performance_info_get.c **** 
 106:../Middlewares/threadx/common/src/tx_event_flags_performance_info_get.c ****         /* Event flags group pointer is illegal, return error.  */
 107:../Middlewares/threadx/common/src/tx_event_flags_performance_info_get.c ****         status =  TX_PTR_ERROR;
 108:../Middlewares/threadx/common/src/tx_event_flags_performance_info_get.c ****     }
 109:../Middlewares/threadx/common/src/tx_event_flags_performance_info_get.c ****     else
 110:../Middlewares/threadx/common/src/tx_event_flags_performance_info_get.c ****     {
 111:../Middlewares/threadx/common/src/tx_event_flags_performance_info_get.c **** 
 112:../Middlewares/threadx/common/src/tx_event_flags_performance_info_get.c ****         /* Disable interrupts.  */
 113:../Middlewares/threadx/common/src/tx_event_flags_performance_info_get.c ****         TX_DISABLE
 114:../Middlewares/threadx/common/src/tx_event_flags_performance_info_get.c **** 
 115:../Middlewares/threadx/common/src/tx_event_flags_performance_info_get.c ****         /* If trace is enabled, insert this event into the trace buffer.  */
 116:../Middlewares/threadx/common/src/tx_event_flags_performance_info_get.c ****         TX_TRACE_IN_LINE_INSERT(TX_TRACE_EVENT_FLAGS_PERFORMANCE_INFO_GET, group_ptr, 0, 0, 0, TX_T
 117:../Middlewares/threadx/common/src/tx_event_flags_performance_info_get.c **** 
 118:../Middlewares/threadx/common/src/tx_event_flags_performance_info_get.c ****         /* Log this kernel call.  */
 119:../Middlewares/threadx/common/src/tx_event_flags_performance_info_get.c ****         TX_EL_EVENT_FLAGS_PERFORMANCE_INFO_GET_INSERT
 120:../Middlewares/threadx/common/src/tx_event_flags_performance_info_get.c **** 
 121:../Middlewares/threadx/common/src/tx_event_flags_performance_info_get.c ****         /* Retrieve all the pertinent information and return it in the supplied
 122:../Middlewares/threadx/common/src/tx_event_flags_performance_info_get.c ****            destinations.  */
 123:../Middlewares/threadx/common/src/tx_event_flags_performance_info_get.c **** 
 124:../Middlewares/threadx/common/src/tx_event_flags_performance_info_get.c ****         /* Retrieve the number of set operations on this event flag group.  */
 125:../Middlewares/threadx/common/src/tx_event_flags_performance_info_get.c ****         if (sets != TX_NULL)
 126:../Middlewares/threadx/common/src/tx_event_flags_performance_info_get.c ****         {
 127:../Middlewares/threadx/common/src/tx_event_flags_performance_info_get.c **** 
 128:../Middlewares/threadx/common/src/tx_event_flags_performance_info_get.c ****             *sets =  group_ptr -> tx_event_flags_group_performance_set_count;
 129:../Middlewares/threadx/common/src/tx_event_flags_performance_info_get.c ****         }
 130:../Middlewares/threadx/common/src/tx_event_flags_performance_info_get.c **** 
 131:../Middlewares/threadx/common/src/tx_event_flags_performance_info_get.c ****         /* Retrieve the number of get operations on this event flag group.  */
 132:../Middlewares/threadx/common/src/tx_event_flags_performance_info_get.c ****         if (gets != TX_NULL)
 133:../Middlewares/threadx/common/src/tx_event_flags_performance_info_get.c ****         {
ARM GAS  /tmp/ccVqijhv.s 			page 4


 134:../Middlewares/threadx/common/src/tx_event_flags_performance_info_get.c **** 
 135:../Middlewares/threadx/common/src/tx_event_flags_performance_info_get.c ****             *gets =  group_ptr -> tx_event_flags_group__performance_get_count;
 136:../Middlewares/threadx/common/src/tx_event_flags_performance_info_get.c ****         }
 137:../Middlewares/threadx/common/src/tx_event_flags_performance_info_get.c **** 
 138:../Middlewares/threadx/common/src/tx_event_flags_performance_info_get.c ****         /* Retrieve the number of thread suspensions on this event flag group.  */
 139:../Middlewares/threadx/common/src/tx_event_flags_performance_info_get.c ****         if (suspensions != TX_NULL)
 140:../Middlewares/threadx/common/src/tx_event_flags_performance_info_get.c ****         {
 141:../Middlewares/threadx/common/src/tx_event_flags_performance_info_get.c **** 
 142:../Middlewares/threadx/common/src/tx_event_flags_performance_info_get.c ****             *suspensions =  group_ptr -> tx_event_flags_group___performance_suspension_count;
 143:../Middlewares/threadx/common/src/tx_event_flags_performance_info_get.c ****         }
 144:../Middlewares/threadx/common/src/tx_event_flags_performance_info_get.c **** 
 145:../Middlewares/threadx/common/src/tx_event_flags_performance_info_get.c ****         /* Retrieve the number of thread timeouts on this event flag group.  */
 146:../Middlewares/threadx/common/src/tx_event_flags_performance_info_get.c ****         if (timeouts != TX_NULL)
 147:../Middlewares/threadx/common/src/tx_event_flags_performance_info_get.c ****         {
 148:../Middlewares/threadx/common/src/tx_event_flags_performance_info_get.c **** 
 149:../Middlewares/threadx/common/src/tx_event_flags_performance_info_get.c ****             *timeouts =  group_ptr -> tx_event_flags_group____performance_timeout_count;
 150:../Middlewares/threadx/common/src/tx_event_flags_performance_info_get.c ****         }
 151:../Middlewares/threadx/common/src/tx_event_flags_performance_info_get.c **** 
 152:../Middlewares/threadx/common/src/tx_event_flags_performance_info_get.c ****         /* Restore interrupts.  */
 153:../Middlewares/threadx/common/src/tx_event_flags_performance_info_get.c ****         TX_RESTORE
 154:../Middlewares/threadx/common/src/tx_event_flags_performance_info_get.c **** 
 155:../Middlewares/threadx/common/src/tx_event_flags_performance_info_get.c ****         /* Return successful completion.  */
 156:../Middlewares/threadx/common/src/tx_event_flags_performance_info_get.c ****         status =  TX_SUCCESS;
 157:../Middlewares/threadx/common/src/tx_event_flags_performance_info_get.c ****     }
 158:../Middlewares/threadx/common/src/tx_event_flags_performance_info_get.c **** #else
 159:../Middlewares/threadx/common/src/tx_event_flags_performance_info_get.c **** UINT                    status;
  40              		.loc 1 159 1 view .LVU1
 160:../Middlewares/threadx/common/src/tx_event_flags_performance_info_get.c **** 
 161:../Middlewares/threadx/common/src/tx_event_flags_performance_info_get.c **** 
 162:../Middlewares/threadx/common/src/tx_event_flags_performance_info_get.c ****     /* Access input arguments just for the sake of lint, MISRA, etc.  */
 163:../Middlewares/threadx/common/src/tx_event_flags_performance_info_get.c ****     if (group_ptr != TX_NULL)
  41              		.loc 1 163 5 view .LVU2
 164:../Middlewares/threadx/common/src/tx_event_flags_performance_info_get.c ****     {
 165:../Middlewares/threadx/common/src/tx_event_flags_performance_info_get.c **** 
 166:../Middlewares/threadx/common/src/tx_event_flags_performance_info_get.c ****         /* Not enabled, return error.  */
 167:../Middlewares/threadx/common/src/tx_event_flags_performance_info_get.c ****         status =  TX_FEATURE_NOT_ENABLED;
 168:../Middlewares/threadx/common/src/tx_event_flags_performance_info_get.c ****     }
 169:../Middlewares/threadx/common/src/tx_event_flags_performance_info_get.c ****     else if (sets != TX_NULL)
  42              		.loc 1 169 10 view .LVU3
 170:../Middlewares/threadx/common/src/tx_event_flags_performance_info_get.c ****     {
 171:../Middlewares/threadx/common/src/tx_event_flags_performance_info_get.c **** 
 172:../Middlewares/threadx/common/src/tx_event_flags_performance_info_get.c ****         /* Not enabled, return error.  */
 173:../Middlewares/threadx/common/src/tx_event_flags_performance_info_get.c ****         status =  TX_FEATURE_NOT_ENABLED;
 174:../Middlewares/threadx/common/src/tx_event_flags_performance_info_get.c ****     }
 175:../Middlewares/threadx/common/src/tx_event_flags_performance_info_get.c ****     else if (gets != TX_NULL)
  43              		.loc 1 175 10 view .LVU4
 176:../Middlewares/threadx/common/src/tx_event_flags_performance_info_get.c ****     {
 177:../Middlewares/threadx/common/src/tx_event_flags_performance_info_get.c **** 
 178:../Middlewares/threadx/common/src/tx_event_flags_performance_info_get.c ****         /* Not enabled, return error.  */
 179:../Middlewares/threadx/common/src/tx_event_flags_performance_info_get.c ****         status =  TX_FEATURE_NOT_ENABLED;
 180:../Middlewares/threadx/common/src/tx_event_flags_performance_info_get.c ****     }
 181:../Middlewares/threadx/common/src/tx_event_flags_performance_info_get.c ****     else if (suspensions != TX_NULL)
  44              		.loc 1 181 10 view .LVU5
 182:../Middlewares/threadx/common/src/tx_event_flags_performance_info_get.c ****     {
 183:../Middlewares/threadx/common/src/tx_event_flags_performance_info_get.c **** 
 184:../Middlewares/threadx/common/src/tx_event_flags_performance_info_get.c ****         /* Not enabled, return error.  */
 185:../Middlewares/threadx/common/src/tx_event_flags_performance_info_get.c ****         status =  TX_FEATURE_NOT_ENABLED;
ARM GAS  /tmp/ccVqijhv.s 			page 5


 186:../Middlewares/threadx/common/src/tx_event_flags_performance_info_get.c ****     }
 187:../Middlewares/threadx/common/src/tx_event_flags_performance_info_get.c ****     else if (timeouts != TX_NULL)
  45              		.loc 1 187 10 view .LVU6
 188:../Middlewares/threadx/common/src/tx_event_flags_performance_info_get.c ****     {
 189:../Middlewares/threadx/common/src/tx_event_flags_performance_info_get.c **** 
 190:../Middlewares/threadx/common/src/tx_event_flags_performance_info_get.c ****         /* Not enabled, return error.  */
 191:../Middlewares/threadx/common/src/tx_event_flags_performance_info_get.c ****         status =  TX_FEATURE_NOT_ENABLED;
 192:../Middlewares/threadx/common/src/tx_event_flags_performance_info_get.c ****     }
 193:../Middlewares/threadx/common/src/tx_event_flags_performance_info_get.c ****     else
 194:../Middlewares/threadx/common/src/tx_event_flags_performance_info_get.c ****     {
 195:../Middlewares/threadx/common/src/tx_event_flags_performance_info_get.c **** 
 196:../Middlewares/threadx/common/src/tx_event_flags_performance_info_get.c ****         /* Not enabled, return error.  */
 197:../Middlewares/threadx/common/src/tx_event_flags_performance_info_get.c ****         status =  TX_FEATURE_NOT_ENABLED;
  46              		.loc 1 197 9 view .LVU7
 198:../Middlewares/threadx/common/src/tx_event_flags_performance_info_get.c ****     }
 199:../Middlewares/threadx/common/src/tx_event_flags_performance_info_get.c **** #endif
 200:../Middlewares/threadx/common/src/tx_event_flags_performance_info_get.c **** 
 201:../Middlewares/threadx/common/src/tx_event_flags_performance_info_get.c ****     /* Return completion status.  */
 202:../Middlewares/threadx/common/src/tx_event_flags_performance_info_get.c ****     return(status);
  47              		.loc 1 202 5 view .LVU8
 203:../Middlewares/threadx/common/src/tx_event_flags_performance_info_get.c **** }
  48              		.loc 1 203 1 is_stmt 0 view .LVU9
  49 0000 FF20     		movs	r0, #255
  50              	.LVL1:
  51              		.loc 1 203 1 view .LVU10
  52 0002 7047     		bx	lr
  53              		.cfi_endproc
  54              	.LFE8:
  56              		.text
  57              	.Letext0:
  58              		.file 2 "../Middlewares/threadx/ports/cortex_m55/gnu/inc/tx_port.h"
  59              		.file 3 "../Middlewares/threadx/common/inc/tx_api.h"
ARM GAS  /tmp/ccVqijhv.s 			page 6


DEFINED SYMBOLS
                            *ABS*:00000000 tx_event_flags_performance_info_get.c
     /tmp/ccVqijhv.s:26     .text._tx_event_flags_performance_info_get:00000000 $t
     /tmp/ccVqijhv.s:32     .text._tx_event_flags_performance_info_get:00000000 _tx_event_flags_performance_info_get
                           .group:00000000 wm4.0.43608cab4da50df6ba2dfee95636a2b5
                           .group:00000000 wm4.tx_api.h.111.1e40bacadb0edb5b6b36282830ee23a5
                           .group:00000000 wm4.ieeefp.h.77.99029d7b8220a2cd73dd257e2bbe825d
                           .group:00000000 wm4._newlib_version.h.4.0eb654b64686e2bd29646258853f6c22
                           .group:00000000 wm4.newlib.h.27.b904f6f8971bd921b436e5701877de32
                           .group:00000000 wm4.features.h.22.4b93ad64e0d80833c46a20ecae380bb0
                           .group:00000000 wm4.config.h.224.10ee1ad185d877c6e334e6581faab44d
                           .group:00000000 wm4._ansi.h.31.de524f58584151836e90d8620a16f8e8
                           .group:00000000 wm4.stdlib.h.13.4ed386f5c1a80d71e72172885d946ef2
                           .group:00000000 wm4.stddef.h.200.7df09ddbfbefc5947db7aca5a0fd7644
                           .group:00000000 wm4.stddef.h.39.613e674cf2e6f142dfe584123421de07
                           .group:00000000 wm4._default_types.h.6.959254cf5f09734ea7516c89e8bb21bd
                           .group:00000000 wm4.cdefs.h.49.56fd742369e655e7e8a7e365e706e208
                           .group:00000000 wm4._types.h.20.dd0d04dca3800a0d2a6129b87f3adbb2
                           .group:00000000 wm4.stddef.h.173.4903093a50a8482cb062b176ea61fac3
                           .group:00000000 wm4._types.h.127.3bdfe3ff8ea2d0985b03d9cbe93480e3
                           .group:00000000 wm4.reent.h.18.25503cdc8b7e55dd0d6ea7b3e5af7a03
                           .group:00000000 wm4.lock.h.2.1461d1fff82dffe8bfddc23307f6484f
                           .group:00000000 wm4.reent.h.78.6d702f69a6d6435d2dbe915b10150b1a
                           .group:00000000 wm4.alloca.h.8.dfc0c703c47ec3e69746825b17d9e66d
                           .group:00000000 wm4.stdlib.h.56.f4862cfbf4363a1db01842d5bdf72c18
                           .group:00000000 wm4.string.h.8.c4b8571ce60dff2817f43fec8b86aecd
                           .group:00000000 wm4.stddef.h.173.1cea4f16a943c8e875db6791959c3141
                           .group:00000000 wm4.string.h.177.59a005921fa78485abc80a0267de5752
                           .group:00000000 wm4.tx_port.h.115.294deb9dc65e442684b838abd8efd62b
                           .group:00000000 wm4.tx_api.h.143.a8f6e7c0fde9aa86e8b6e86681771d37
                           .group:00000000 wm4.tx_event_flags.h.51.617d885441fe4ce0388d19666d2dbff5

NO UNDEFINED SYMBOLS
