ARM GAS  /tmp/ccBzA0Sh.s 			page 1


   1              		.arch armv8.1-m.main
   2              		.fpu fpv5-d16
   3              		.arch_extension dsp
   4              		.arch_extension fp
   5              		.arch_extension fp.dp
   6              		.arch_extension mve
   7              		.arch_extension mve.fp
   8              		.eabi_attribute 5, "cortex-m55"
   9              		.eabi_attribute 28, 1
  10              		.eabi_attribute 20, 1
  11              		.eabi_attribute 21, 1
  12              		.eabi_attribute 23, 3
  13              		.eabi_attribute 24, 1
  14              		.eabi_attribute 25, 1
  15              		.eabi_attribute 26, 1
  16              		.eabi_attribute 30, 4
  17              		.eabi_attribute 34, 1
  18              		.eabi_attribute 38, 1
  19              		.eabi_attribute 18, 4
  20              		.file	"tx_queue_performance_info_get.c"
  21              		.text
  22              	.Ltext0:
  23              		.cfi_sections	.debug_frame
  24              		.file 1 "../Middlewares/threadx/common/src/tx_queue_performance_info_get.c"
  25              		.section	.text._tx_queue_performance_info_get,"ax",%progbits
  26              		.align	1
  27              		.global	_tx_queue_performance_info_get
  28              		.syntax unified
  29              		.thumb
  30              		.thumb_func
  32              	_tx_queue_performance_info_get:
  33              	.LVL0:
  34              	.LFB8:
   1:../Middlewares/threadx/common/src/tx_queue_performance_info_get.c **** /**************************************************************************/
   2:../Middlewares/threadx/common/src/tx_queue_performance_info_get.c **** /*                                                                        */
   3:../Middlewares/threadx/common/src/tx_queue_performance_info_get.c **** /*       Copyright (c) Microsoft Corporation. All rights reserved.        */
   4:../Middlewares/threadx/common/src/tx_queue_performance_info_get.c **** /*                                                                        */
   5:../Middlewares/threadx/common/src/tx_queue_performance_info_get.c **** /*       This software is licensed under the Microsoft Software License   */
   6:../Middlewares/threadx/common/src/tx_queue_performance_info_get.c **** /*       Terms for Microsoft Azure RTOS. Full text of the license can be  */
   7:../Middlewares/threadx/common/src/tx_queue_performance_info_get.c **** /*       found in the LICENSE file at https://aka.ms/AzureRTOS_EULA       */
   8:../Middlewares/threadx/common/src/tx_queue_performance_info_get.c **** /*       and in the root directory of this software.                      */
   9:../Middlewares/threadx/common/src/tx_queue_performance_info_get.c **** /*                                                                        */
  10:../Middlewares/threadx/common/src/tx_queue_performance_info_get.c **** /**************************************************************************/
  11:../Middlewares/threadx/common/src/tx_queue_performance_info_get.c **** 
  12:../Middlewares/threadx/common/src/tx_queue_performance_info_get.c **** 
  13:../Middlewares/threadx/common/src/tx_queue_performance_info_get.c **** /**************************************************************************/
  14:../Middlewares/threadx/common/src/tx_queue_performance_info_get.c **** /**************************************************************************/
  15:../Middlewares/threadx/common/src/tx_queue_performance_info_get.c **** /**                                                                       */
  16:../Middlewares/threadx/common/src/tx_queue_performance_info_get.c **** /** ThreadX Component                                                     */
  17:../Middlewares/threadx/common/src/tx_queue_performance_info_get.c **** /**                                                                       */
  18:../Middlewares/threadx/common/src/tx_queue_performance_info_get.c **** /**   Queue                                                               */
  19:../Middlewares/threadx/common/src/tx_queue_performance_info_get.c **** /**                                                                       */
  20:../Middlewares/threadx/common/src/tx_queue_performance_info_get.c **** /**************************************************************************/
  21:../Middlewares/threadx/common/src/tx_queue_performance_info_get.c **** /**************************************************************************/
  22:../Middlewares/threadx/common/src/tx_queue_performance_info_get.c **** 
  23:../Middlewares/threadx/common/src/tx_queue_performance_info_get.c **** #define TX_SOURCE_CODE
  24:../Middlewares/threadx/common/src/tx_queue_performance_info_get.c **** 
ARM GAS  /tmp/ccBzA0Sh.s 			page 2


  25:../Middlewares/threadx/common/src/tx_queue_performance_info_get.c **** 
  26:../Middlewares/threadx/common/src/tx_queue_performance_info_get.c **** /* Include necessary system files.  */
  27:../Middlewares/threadx/common/src/tx_queue_performance_info_get.c **** 
  28:../Middlewares/threadx/common/src/tx_queue_performance_info_get.c **** #include "tx_api.h"
  29:../Middlewares/threadx/common/src/tx_queue_performance_info_get.c **** #include "tx_queue.h"
  30:../Middlewares/threadx/common/src/tx_queue_performance_info_get.c **** #ifdef TX_QUEUE_ENABLE_PERFORMANCE_INFO
  31:../Middlewares/threadx/common/src/tx_queue_performance_info_get.c **** #include "tx_trace.h"
  32:../Middlewares/threadx/common/src/tx_queue_performance_info_get.c **** #endif
  33:../Middlewares/threadx/common/src/tx_queue_performance_info_get.c **** 
  34:../Middlewares/threadx/common/src/tx_queue_performance_info_get.c **** 
  35:../Middlewares/threadx/common/src/tx_queue_performance_info_get.c **** /**************************************************************************/
  36:../Middlewares/threadx/common/src/tx_queue_performance_info_get.c **** /*                                                                        */
  37:../Middlewares/threadx/common/src/tx_queue_performance_info_get.c **** /*  FUNCTION                                               RELEASE        */
  38:../Middlewares/threadx/common/src/tx_queue_performance_info_get.c **** /*                                                                        */
  39:../Middlewares/threadx/common/src/tx_queue_performance_info_get.c **** /*    _tx_queue_performance_info_get                      PORTABLE C      */
  40:../Middlewares/threadx/common/src/tx_queue_performance_info_get.c **** /*                                                           6.1          */
  41:../Middlewares/threadx/common/src/tx_queue_performance_info_get.c **** /*  AUTHOR                                                                */
  42:../Middlewares/threadx/common/src/tx_queue_performance_info_get.c **** /*                                                                        */
  43:../Middlewares/threadx/common/src/tx_queue_performance_info_get.c **** /*    William E. Lamie, Microsoft Corporation                             */
  44:../Middlewares/threadx/common/src/tx_queue_performance_info_get.c **** /*                                                                        */
  45:../Middlewares/threadx/common/src/tx_queue_performance_info_get.c **** /*  DESCRIPTION                                                           */
  46:../Middlewares/threadx/common/src/tx_queue_performance_info_get.c **** /*                                                                        */
  47:../Middlewares/threadx/common/src/tx_queue_performance_info_get.c **** /*    This function retrieves performance information from the specified  */
  48:../Middlewares/threadx/common/src/tx_queue_performance_info_get.c **** /*    queue.                                                              */
  49:../Middlewares/threadx/common/src/tx_queue_performance_info_get.c **** /*                                                                        */
  50:../Middlewares/threadx/common/src/tx_queue_performance_info_get.c **** /*  INPUT                                                                 */
  51:../Middlewares/threadx/common/src/tx_queue_performance_info_get.c **** /*                                                                        */
  52:../Middlewares/threadx/common/src/tx_queue_performance_info_get.c **** /*    queue_ptr                         Pointer to queue control block    */
  53:../Middlewares/threadx/common/src/tx_queue_performance_info_get.c **** /*    messages_sent                     Destination for messages sent     */
  54:../Middlewares/threadx/common/src/tx_queue_performance_info_get.c **** /*    messages_received                 Destination for messages received */
  55:../Middlewares/threadx/common/src/tx_queue_performance_info_get.c **** /*    empty_suspensions                 Destination for number of empty   */
  56:../Middlewares/threadx/common/src/tx_queue_performance_info_get.c **** /*                                        queue suspensions               */
  57:../Middlewares/threadx/common/src/tx_queue_performance_info_get.c **** /*    full_suspensions                  Destination for number of full    */
  58:../Middlewares/threadx/common/src/tx_queue_performance_info_get.c **** /*                                        queue suspensions               */
  59:../Middlewares/threadx/common/src/tx_queue_performance_info_get.c **** /*    full_errors                       Destination for queue full errors */
  60:../Middlewares/threadx/common/src/tx_queue_performance_info_get.c **** /*                                        returned - no suspension        */
  61:../Middlewares/threadx/common/src/tx_queue_performance_info_get.c **** /*    timeouts                          Destination for number of timeouts*/
  62:../Middlewares/threadx/common/src/tx_queue_performance_info_get.c **** /*                                        on this queue                   */
  63:../Middlewares/threadx/common/src/tx_queue_performance_info_get.c **** /*                                                                        */
  64:../Middlewares/threadx/common/src/tx_queue_performance_info_get.c **** /*  OUTPUT                                                                */
  65:../Middlewares/threadx/common/src/tx_queue_performance_info_get.c **** /*                                                                        */
  66:../Middlewares/threadx/common/src/tx_queue_performance_info_get.c **** /*    status                            Completion status                 */
  67:../Middlewares/threadx/common/src/tx_queue_performance_info_get.c **** /*                                                                        */
  68:../Middlewares/threadx/common/src/tx_queue_performance_info_get.c **** /*  CALLS                                                                 */
  69:../Middlewares/threadx/common/src/tx_queue_performance_info_get.c **** /*                                                                        */
  70:../Middlewares/threadx/common/src/tx_queue_performance_info_get.c **** /*    None                                                                */
  71:../Middlewares/threadx/common/src/tx_queue_performance_info_get.c **** /*                                                                        */
  72:../Middlewares/threadx/common/src/tx_queue_performance_info_get.c **** /*  CALLED BY                                                             */
  73:../Middlewares/threadx/common/src/tx_queue_performance_info_get.c **** /*                                                                        */
  74:../Middlewares/threadx/common/src/tx_queue_performance_info_get.c **** /*    Application Code                                                    */
  75:../Middlewares/threadx/common/src/tx_queue_performance_info_get.c **** /*                                                                        */
  76:../Middlewares/threadx/common/src/tx_queue_performance_info_get.c **** /*  RELEASE HISTORY                                                       */
  77:../Middlewares/threadx/common/src/tx_queue_performance_info_get.c **** /*                                                                        */
  78:../Middlewares/threadx/common/src/tx_queue_performance_info_get.c **** /*    DATE              NAME                      DESCRIPTION             */
  79:../Middlewares/threadx/common/src/tx_queue_performance_info_get.c **** /*                                                                        */
  80:../Middlewares/threadx/common/src/tx_queue_performance_info_get.c **** /*  05-19-2020     William E. Lamie         Initial Version 6.0           */
  81:../Middlewares/threadx/common/src/tx_queue_performance_info_get.c **** /*  09-30-2020     Yuxin Zhou               Modified comment(s),          */
ARM GAS  /tmp/ccBzA0Sh.s 			page 3


  82:../Middlewares/threadx/common/src/tx_queue_performance_info_get.c **** /*                                            resulting in version 6.1    */
  83:../Middlewares/threadx/common/src/tx_queue_performance_info_get.c **** /*                                                                        */
  84:../Middlewares/threadx/common/src/tx_queue_performance_info_get.c **** /**************************************************************************/
  85:../Middlewares/threadx/common/src/tx_queue_performance_info_get.c **** UINT  _tx_queue_performance_info_get(TX_QUEUE *queue_ptr, ULONG *messages_sent, ULONG *messages_rec
  86:../Middlewares/threadx/common/src/tx_queue_performance_info_get.c ****                     ULONG *empty_suspensions, ULONG *full_suspensions, ULONG *full_errors, ULONG *t
  87:../Middlewares/threadx/common/src/tx_queue_performance_info_get.c **** {
  35              		.loc 1 87 1 view -0
  36              		.cfi_startproc
  37              		@ args = 12, pretend = 0, frame = 0
  38              		@ frame_needed = 0, uses_anonymous_args = 0
  39              		@ link register save eliminated.
  88:../Middlewares/threadx/common/src/tx_queue_performance_info_get.c **** 
  89:../Middlewares/threadx/common/src/tx_queue_performance_info_get.c **** #ifdef TX_QUEUE_ENABLE_PERFORMANCE_INFO
  90:../Middlewares/threadx/common/src/tx_queue_performance_info_get.c **** 
  91:../Middlewares/threadx/common/src/tx_queue_performance_info_get.c **** TX_INTERRUPT_SAVE_AREA
  92:../Middlewares/threadx/common/src/tx_queue_performance_info_get.c **** UINT                    status;
  93:../Middlewares/threadx/common/src/tx_queue_performance_info_get.c **** 
  94:../Middlewares/threadx/common/src/tx_queue_performance_info_get.c **** 
  95:../Middlewares/threadx/common/src/tx_queue_performance_info_get.c ****     /* Determine if this is a legal request.  */
  96:../Middlewares/threadx/common/src/tx_queue_performance_info_get.c ****     if (queue_ptr == TX_NULL)
  97:../Middlewares/threadx/common/src/tx_queue_performance_info_get.c ****     {
  98:../Middlewares/threadx/common/src/tx_queue_performance_info_get.c **** 
  99:../Middlewares/threadx/common/src/tx_queue_performance_info_get.c ****         /* Queue pointer is illegal, return error.  */
 100:../Middlewares/threadx/common/src/tx_queue_performance_info_get.c ****         status =  TX_PTR_ERROR;
 101:../Middlewares/threadx/common/src/tx_queue_performance_info_get.c ****     }
 102:../Middlewares/threadx/common/src/tx_queue_performance_info_get.c **** 
 103:../Middlewares/threadx/common/src/tx_queue_performance_info_get.c ****     /* Determine if the queue ID is invalid.  */
 104:../Middlewares/threadx/common/src/tx_queue_performance_info_get.c ****     else if (queue_ptr -> tx_queue_id != TX_QUEUE_ID)
 105:../Middlewares/threadx/common/src/tx_queue_performance_info_get.c ****     {
 106:../Middlewares/threadx/common/src/tx_queue_performance_info_get.c **** 
 107:../Middlewares/threadx/common/src/tx_queue_performance_info_get.c ****         /* Queue pointer is illegal, return error.  */
 108:../Middlewares/threadx/common/src/tx_queue_performance_info_get.c ****         status =  TX_PTR_ERROR;
 109:../Middlewares/threadx/common/src/tx_queue_performance_info_get.c ****     }
 110:../Middlewares/threadx/common/src/tx_queue_performance_info_get.c ****     else
 111:../Middlewares/threadx/common/src/tx_queue_performance_info_get.c ****     {
 112:../Middlewares/threadx/common/src/tx_queue_performance_info_get.c **** 
 113:../Middlewares/threadx/common/src/tx_queue_performance_info_get.c ****         /* Disable interrupts.  */
 114:../Middlewares/threadx/common/src/tx_queue_performance_info_get.c ****         TX_DISABLE
 115:../Middlewares/threadx/common/src/tx_queue_performance_info_get.c **** 
 116:../Middlewares/threadx/common/src/tx_queue_performance_info_get.c ****         /* If trace is enabled, insert this event into the trace buffer.  */
 117:../Middlewares/threadx/common/src/tx_queue_performance_info_get.c ****         TX_TRACE_IN_LINE_INSERT(TX_TRACE_QUEUE_PERFORMANCE_INFO_GET, queue_ptr, 0, 0, 0, TX_TRACE_Q
 118:../Middlewares/threadx/common/src/tx_queue_performance_info_get.c **** 
 119:../Middlewares/threadx/common/src/tx_queue_performance_info_get.c ****         /* Log this kernel call.  */
 120:../Middlewares/threadx/common/src/tx_queue_performance_info_get.c ****         TX_EL_QUEUE_PERFORMANCE_INFO_GET_INSERT
 121:../Middlewares/threadx/common/src/tx_queue_performance_info_get.c **** 
 122:../Middlewares/threadx/common/src/tx_queue_performance_info_get.c ****         /* Retrieve all the pertinent information and return it in the supplied
 123:../Middlewares/threadx/common/src/tx_queue_performance_info_get.c ****            destinations.  */
 124:../Middlewares/threadx/common/src/tx_queue_performance_info_get.c **** 
 125:../Middlewares/threadx/common/src/tx_queue_performance_info_get.c ****         /* Retrieve the number of messages sent to this queue.  */
 126:../Middlewares/threadx/common/src/tx_queue_performance_info_get.c ****         if (messages_sent != TX_NULL)
 127:../Middlewares/threadx/common/src/tx_queue_performance_info_get.c ****         {
 128:../Middlewares/threadx/common/src/tx_queue_performance_info_get.c **** 
 129:../Middlewares/threadx/common/src/tx_queue_performance_info_get.c ****             *messages_sent =  queue_ptr -> tx_queue_performance_messages_sent_count;
 130:../Middlewares/threadx/common/src/tx_queue_performance_info_get.c ****         }
 131:../Middlewares/threadx/common/src/tx_queue_performance_info_get.c **** 
 132:../Middlewares/threadx/common/src/tx_queue_performance_info_get.c ****         /* Retrieve the number of messages received from this queue.  */
 133:../Middlewares/threadx/common/src/tx_queue_performance_info_get.c ****         if (messages_received != TX_NULL)
ARM GAS  /tmp/ccBzA0Sh.s 			page 4


 134:../Middlewares/threadx/common/src/tx_queue_performance_info_get.c ****         {
 135:../Middlewares/threadx/common/src/tx_queue_performance_info_get.c **** 
 136:../Middlewares/threadx/common/src/tx_queue_performance_info_get.c ****             *messages_received =  queue_ptr -> tx_queue_performance_messages_received_count;
 137:../Middlewares/threadx/common/src/tx_queue_performance_info_get.c ****         }
 138:../Middlewares/threadx/common/src/tx_queue_performance_info_get.c **** 
 139:../Middlewares/threadx/common/src/tx_queue_performance_info_get.c ****         /* Retrieve the number of empty queue suspensions on this queue.  */
 140:../Middlewares/threadx/common/src/tx_queue_performance_info_get.c ****         if (empty_suspensions != TX_NULL)
 141:../Middlewares/threadx/common/src/tx_queue_performance_info_get.c ****         {
 142:../Middlewares/threadx/common/src/tx_queue_performance_info_get.c **** 
 143:../Middlewares/threadx/common/src/tx_queue_performance_info_get.c ****             *empty_suspensions =  queue_ptr -> tx_queue_performance_empty_suspension_count;
 144:../Middlewares/threadx/common/src/tx_queue_performance_info_get.c ****         }
 145:../Middlewares/threadx/common/src/tx_queue_performance_info_get.c **** 
 146:../Middlewares/threadx/common/src/tx_queue_performance_info_get.c ****         /* Retrieve the number of full queue suspensions on this queue.  */
 147:../Middlewares/threadx/common/src/tx_queue_performance_info_get.c ****         if (full_suspensions != TX_NULL)
 148:../Middlewares/threadx/common/src/tx_queue_performance_info_get.c ****         {
 149:../Middlewares/threadx/common/src/tx_queue_performance_info_get.c **** 
 150:../Middlewares/threadx/common/src/tx_queue_performance_info_get.c ****             *full_suspensions =  queue_ptr -> tx_queue_performance_full_suspension_count;
 151:../Middlewares/threadx/common/src/tx_queue_performance_info_get.c ****         }
 152:../Middlewares/threadx/common/src/tx_queue_performance_info_get.c **** 
 153:../Middlewares/threadx/common/src/tx_queue_performance_info_get.c ****         /* Retrieve the number of full errors (no suspension!) on this queue.  */
 154:../Middlewares/threadx/common/src/tx_queue_performance_info_get.c ****         if (full_errors != TX_NULL)
 155:../Middlewares/threadx/common/src/tx_queue_performance_info_get.c ****         {
 156:../Middlewares/threadx/common/src/tx_queue_performance_info_get.c **** 
 157:../Middlewares/threadx/common/src/tx_queue_performance_info_get.c ****             *full_errors =  queue_ptr -> tx_queue_performance_full_error_count;
 158:../Middlewares/threadx/common/src/tx_queue_performance_info_get.c ****         }
 159:../Middlewares/threadx/common/src/tx_queue_performance_info_get.c **** 
 160:../Middlewares/threadx/common/src/tx_queue_performance_info_get.c ****         /* Retrieve the number of timeouts on this queue.  */
 161:../Middlewares/threadx/common/src/tx_queue_performance_info_get.c ****         if (timeouts != TX_NULL)
 162:../Middlewares/threadx/common/src/tx_queue_performance_info_get.c ****         {
 163:../Middlewares/threadx/common/src/tx_queue_performance_info_get.c **** 
 164:../Middlewares/threadx/common/src/tx_queue_performance_info_get.c ****             *timeouts =  queue_ptr -> tx_queue_performance_timeout_count;
 165:../Middlewares/threadx/common/src/tx_queue_performance_info_get.c ****         }
 166:../Middlewares/threadx/common/src/tx_queue_performance_info_get.c **** 
 167:../Middlewares/threadx/common/src/tx_queue_performance_info_get.c ****         /* Restore interrupts.  */
 168:../Middlewares/threadx/common/src/tx_queue_performance_info_get.c ****         TX_RESTORE
 169:../Middlewares/threadx/common/src/tx_queue_performance_info_get.c **** 
 170:../Middlewares/threadx/common/src/tx_queue_performance_info_get.c ****         /* Return completion status.  */
 171:../Middlewares/threadx/common/src/tx_queue_performance_info_get.c ****         status =  TX_SUCCESS;
 172:../Middlewares/threadx/common/src/tx_queue_performance_info_get.c ****     }
 173:../Middlewares/threadx/common/src/tx_queue_performance_info_get.c **** #else
 174:../Middlewares/threadx/common/src/tx_queue_performance_info_get.c **** UINT                    status;
  40              		.loc 1 174 1 view .LVU1
 175:../Middlewares/threadx/common/src/tx_queue_performance_info_get.c **** 
 176:../Middlewares/threadx/common/src/tx_queue_performance_info_get.c **** 
 177:../Middlewares/threadx/common/src/tx_queue_performance_info_get.c ****     /* Access input arguments just for the sake of lint, MISRA, etc.  */
 178:../Middlewares/threadx/common/src/tx_queue_performance_info_get.c ****     if (queue_ptr != TX_NULL)
  41              		.loc 1 178 5 view .LVU2
 179:../Middlewares/threadx/common/src/tx_queue_performance_info_get.c ****     {
 180:../Middlewares/threadx/common/src/tx_queue_performance_info_get.c **** 
 181:../Middlewares/threadx/common/src/tx_queue_performance_info_get.c ****         /* Not enabled, return error.  */
 182:../Middlewares/threadx/common/src/tx_queue_performance_info_get.c ****         status =  TX_FEATURE_NOT_ENABLED;
 183:../Middlewares/threadx/common/src/tx_queue_performance_info_get.c ****     }
 184:../Middlewares/threadx/common/src/tx_queue_performance_info_get.c ****     else if (messages_sent != TX_NULL)
  42              		.loc 1 184 10 view .LVU3
 185:../Middlewares/threadx/common/src/tx_queue_performance_info_get.c ****     {
 186:../Middlewares/threadx/common/src/tx_queue_performance_info_get.c **** 
 187:../Middlewares/threadx/common/src/tx_queue_performance_info_get.c ****         /* Not enabled, return error.  */
ARM GAS  /tmp/ccBzA0Sh.s 			page 5


 188:../Middlewares/threadx/common/src/tx_queue_performance_info_get.c ****         status =  TX_FEATURE_NOT_ENABLED;
 189:../Middlewares/threadx/common/src/tx_queue_performance_info_get.c ****     }
 190:../Middlewares/threadx/common/src/tx_queue_performance_info_get.c ****     else if (messages_received != TX_NULL)
  43              		.loc 1 190 10 view .LVU4
 191:../Middlewares/threadx/common/src/tx_queue_performance_info_get.c ****     {
 192:../Middlewares/threadx/common/src/tx_queue_performance_info_get.c **** 
 193:../Middlewares/threadx/common/src/tx_queue_performance_info_get.c ****         /* Not enabled, return error.  */
 194:../Middlewares/threadx/common/src/tx_queue_performance_info_get.c ****         status =  TX_FEATURE_NOT_ENABLED;
 195:../Middlewares/threadx/common/src/tx_queue_performance_info_get.c ****     }
 196:../Middlewares/threadx/common/src/tx_queue_performance_info_get.c ****     else if (empty_suspensions != TX_NULL)
  44              		.loc 1 196 10 view .LVU5
 197:../Middlewares/threadx/common/src/tx_queue_performance_info_get.c ****     {
 198:../Middlewares/threadx/common/src/tx_queue_performance_info_get.c **** 
 199:../Middlewares/threadx/common/src/tx_queue_performance_info_get.c ****         /* Not enabled, return error.  */
 200:../Middlewares/threadx/common/src/tx_queue_performance_info_get.c ****         status =  TX_FEATURE_NOT_ENABLED;
 201:../Middlewares/threadx/common/src/tx_queue_performance_info_get.c ****     }
 202:../Middlewares/threadx/common/src/tx_queue_performance_info_get.c ****     else if (full_suspensions != TX_NULL)
  45              		.loc 1 202 10 view .LVU6
 203:../Middlewares/threadx/common/src/tx_queue_performance_info_get.c ****     {
 204:../Middlewares/threadx/common/src/tx_queue_performance_info_get.c **** 
 205:../Middlewares/threadx/common/src/tx_queue_performance_info_get.c ****         /* Not enabled, return error.  */
 206:../Middlewares/threadx/common/src/tx_queue_performance_info_get.c ****         status =  TX_FEATURE_NOT_ENABLED;
 207:../Middlewares/threadx/common/src/tx_queue_performance_info_get.c ****     }
 208:../Middlewares/threadx/common/src/tx_queue_performance_info_get.c ****     else if (full_errors != TX_NULL)
  46              		.loc 1 208 10 view .LVU7
 209:../Middlewares/threadx/common/src/tx_queue_performance_info_get.c ****     {
 210:../Middlewares/threadx/common/src/tx_queue_performance_info_get.c **** 
 211:../Middlewares/threadx/common/src/tx_queue_performance_info_get.c ****         /* Not enabled, return error.  */
 212:../Middlewares/threadx/common/src/tx_queue_performance_info_get.c ****         status =  TX_FEATURE_NOT_ENABLED;
 213:../Middlewares/threadx/common/src/tx_queue_performance_info_get.c ****     }
 214:../Middlewares/threadx/common/src/tx_queue_performance_info_get.c ****     else if (timeouts != TX_NULL)
  47              		.loc 1 214 10 view .LVU8
 215:../Middlewares/threadx/common/src/tx_queue_performance_info_get.c ****     {
 216:../Middlewares/threadx/common/src/tx_queue_performance_info_get.c **** 
 217:../Middlewares/threadx/common/src/tx_queue_performance_info_get.c ****         /* Not enabled, return error.  */
 218:../Middlewares/threadx/common/src/tx_queue_performance_info_get.c ****         status =  TX_FEATURE_NOT_ENABLED;
 219:../Middlewares/threadx/common/src/tx_queue_performance_info_get.c ****     }
 220:../Middlewares/threadx/common/src/tx_queue_performance_info_get.c ****     else
 221:../Middlewares/threadx/common/src/tx_queue_performance_info_get.c ****     {
 222:../Middlewares/threadx/common/src/tx_queue_performance_info_get.c **** 
 223:../Middlewares/threadx/common/src/tx_queue_performance_info_get.c ****         /* Not enabled, return error.  */
 224:../Middlewares/threadx/common/src/tx_queue_performance_info_get.c ****         status =  TX_FEATURE_NOT_ENABLED;
  48              		.loc 1 224 9 view .LVU9
 225:../Middlewares/threadx/common/src/tx_queue_performance_info_get.c ****     }
 226:../Middlewares/threadx/common/src/tx_queue_performance_info_get.c **** #endif
 227:../Middlewares/threadx/common/src/tx_queue_performance_info_get.c **** 
 228:../Middlewares/threadx/common/src/tx_queue_performance_info_get.c ****     /* Return completion status.  */
 229:../Middlewares/threadx/common/src/tx_queue_performance_info_get.c ****     return(status);
  49              		.loc 1 229 5 view .LVU10
 230:../Middlewares/threadx/common/src/tx_queue_performance_info_get.c **** }
  50              		.loc 1 230 1 is_stmt 0 view .LVU11
  51 0000 FF20     		movs	r0, #255
  52              	.LVL1:
  53              		.loc 1 230 1 view .LVU12
  54 0002 7047     		bx	lr
  55              		.cfi_endproc
  56              	.LFE8:
ARM GAS  /tmp/ccBzA0Sh.s 			page 6


  58              		.text
  59              	.Letext0:
  60              		.file 2 "../Middlewares/threadx/ports/cortex_m55/gnu/inc/tx_port.h"
  61              		.file 3 "../Middlewares/threadx/common/inc/tx_api.h"
ARM GAS  /tmp/ccBzA0Sh.s 			page 7


DEFINED SYMBOLS
                            *ABS*:00000000 tx_queue_performance_info_get.c
     /tmp/ccBzA0Sh.s:26     .text._tx_queue_performance_info_get:00000000 $t
     /tmp/ccBzA0Sh.s:32     .text._tx_queue_performance_info_get:00000000 _tx_queue_performance_info_get
                           .group:00000000 wm4.0.43608cab4da50df6ba2dfee95636a2b5
                           .group:00000000 wm4.tx_api.h.111.1e40bacadb0edb5b6b36282830ee23a5
                           .group:00000000 wm4.ieeefp.h.77.99029d7b8220a2cd73dd257e2bbe825d
                           .group:00000000 wm4._newlib_version.h.4.0eb654b64686e2bd29646258853f6c22
                           .group:00000000 wm4.newlib.h.27.b904f6f8971bd921b436e5701877de32
                           .group:00000000 wm4.features.h.22.4b93ad64e0d80833c46a20ecae380bb0
                           .group:00000000 wm4.config.h.224.10ee1ad185d877c6e334e6581faab44d
                           .group:00000000 wm4._ansi.h.31.de524f58584151836e90d8620a16f8e8
                           .group:00000000 wm4.stdlib.h.13.4ed386f5c1a80d71e72172885d946ef2
                           .group:00000000 wm4.stddef.h.200.7df09ddbfbefc5947db7aca5a0fd7644
                           .group:00000000 wm4.stddef.h.39.613e674cf2e6f142dfe584123421de07
                           .group:00000000 wm4._default_types.h.6.959254cf5f09734ea7516c89e8bb21bd
                           .group:00000000 wm4.cdefs.h.49.56fd742369e655e7e8a7e365e706e208
                           .group:00000000 wm4._types.h.20.dd0d04dca3800a0d2a6129b87f3adbb2
                           .group:00000000 wm4.stddef.h.173.4903093a50a8482cb062b176ea61fac3
                           .group:00000000 wm4._types.h.127.3bdfe3ff8ea2d0985b03d9cbe93480e3
                           .group:00000000 wm4.reent.h.18.25503cdc8b7e55dd0d6ea7b3e5af7a03
                           .group:00000000 wm4.lock.h.2.1461d1fff82dffe8bfddc23307f6484f
                           .group:00000000 wm4.reent.h.78.6d702f69a6d6435d2dbe915b10150b1a
                           .group:00000000 wm4.alloca.h.8.dfc0c703c47ec3e69746825b17d9e66d
                           .group:00000000 wm4.stdlib.h.56.f4862cfbf4363a1db01842d5bdf72c18
                           .group:00000000 wm4.string.h.8.c4b8571ce60dff2817f43fec8b86aecd
                           .group:00000000 wm4.stddef.h.173.1cea4f16a943c8e875db6791959c3141
                           .group:00000000 wm4.string.h.177.59a005921fa78485abc80a0267de5752
                           .group:00000000 wm4.tx_port.h.115.294deb9dc65e442684b838abd8efd62b
                           .group:00000000 wm4.tx_api.h.143.a8f6e7c0fde9aa86e8b6e86681771d37
                           .group:00000000 wm4.tx_queue.h.51.60d18a0c5a48880a6986db6c40123596

NO UNDEFINED SYMBOLS
