ARM GAS  /tmp/cc0tZLUg.s 			page 1


   1              		.arch armv8.1-m.main
   2              		.fpu fpv5-d16
   3              		.arch_extension dsp
   4              		.arch_extension fp
   5              		.arch_extension fp.dp
   6              		.arch_extension mve
   7              		.arch_extension mve.fp
   8              		.eabi_attribute 5, "cortex-m55"
   9              		.eabi_attribute 28, 1
  10              		.eabi_attribute 20, 1
  11              		.eabi_attribute 21, 1
  12              		.eabi_attribute 23, 3
  13              		.eabi_attribute 24, 1
  14              		.eabi_attribute 25, 1
  15              		.eabi_attribute 26, 1
  16              		.eabi_attribute 30, 4
  17              		.eabi_attribute 34, 1
  18              		.eabi_attribute 38, 1
  19              		.eabi_attribute 18, 4
  20              		.file	"tx_timer_system_activate.c"
  21              		.text
  22              	.Ltext0:
  23              		.cfi_sections	.debug_frame
  24              		.file 1 "../Middlewares/threadx/common/src/tx_timer_system_activate.c"
  25              		.section	.text._tx_timer_system_activate,"ax",%progbits
  26              		.align	1
  27              		.global	_tx_timer_system_activate
  28              		.syntax unified
  29              		.thumb
  30              		.thumb_func
  32              	_tx_timer_system_activate:
  33              	.LVL0:
  34              	.LFB8:
   1:../Middlewares/threadx/common/src/tx_timer_system_activate.c **** /**************************************************************************/
   2:../Middlewares/threadx/common/src/tx_timer_system_activate.c **** /*                                                                        */
   3:../Middlewares/threadx/common/src/tx_timer_system_activate.c **** /*       Copyright (c) Microsoft Corporation. All rights reserved.        */
   4:../Middlewares/threadx/common/src/tx_timer_system_activate.c **** /*                                                                        */
   5:../Middlewares/threadx/common/src/tx_timer_system_activate.c **** /*       This software is licensed under the Microsoft Software License   */
   6:../Middlewares/threadx/common/src/tx_timer_system_activate.c **** /*       Terms for Microsoft Azure RTOS. Full text of the license can be  */
   7:../Middlewares/threadx/common/src/tx_timer_system_activate.c **** /*       found in the LICENSE file at https://aka.ms/AzureRTOS_EULA       */
   8:../Middlewares/threadx/common/src/tx_timer_system_activate.c **** /*       and in the root directory of this software.                      */
   9:../Middlewares/threadx/common/src/tx_timer_system_activate.c **** /*                                                                        */
  10:../Middlewares/threadx/common/src/tx_timer_system_activate.c **** /**************************************************************************/
  11:../Middlewares/threadx/common/src/tx_timer_system_activate.c **** 
  12:../Middlewares/threadx/common/src/tx_timer_system_activate.c **** 
  13:../Middlewares/threadx/common/src/tx_timer_system_activate.c **** /**************************************************************************/
  14:../Middlewares/threadx/common/src/tx_timer_system_activate.c **** /**************************************************************************/
  15:../Middlewares/threadx/common/src/tx_timer_system_activate.c **** /**                                                                       */
  16:../Middlewares/threadx/common/src/tx_timer_system_activate.c **** /** ThreadX Component                                                     */
  17:../Middlewares/threadx/common/src/tx_timer_system_activate.c **** /**                                                                       */
  18:../Middlewares/threadx/common/src/tx_timer_system_activate.c **** /**   Timer                                                               */
  19:../Middlewares/threadx/common/src/tx_timer_system_activate.c **** /**                                                                       */
  20:../Middlewares/threadx/common/src/tx_timer_system_activate.c **** /**************************************************************************/
  21:../Middlewares/threadx/common/src/tx_timer_system_activate.c **** /**************************************************************************/
  22:../Middlewares/threadx/common/src/tx_timer_system_activate.c **** 
  23:../Middlewares/threadx/common/src/tx_timer_system_activate.c **** #define TX_SOURCE_CODE
  24:../Middlewares/threadx/common/src/tx_timer_system_activate.c **** 
ARM GAS  /tmp/cc0tZLUg.s 			page 2


  25:../Middlewares/threadx/common/src/tx_timer_system_activate.c **** #ifndef TX_NO_TIMER
  26:../Middlewares/threadx/common/src/tx_timer_system_activate.c **** 
  27:../Middlewares/threadx/common/src/tx_timer_system_activate.c **** /* Include necessary system files.  */
  28:../Middlewares/threadx/common/src/tx_timer_system_activate.c **** 
  29:../Middlewares/threadx/common/src/tx_timer_system_activate.c **** #include "tx_api.h"
  30:../Middlewares/threadx/common/src/tx_timer_system_activate.c **** #include "tx_timer.h"
  31:../Middlewares/threadx/common/src/tx_timer_system_activate.c **** 
  32:../Middlewares/threadx/common/src/tx_timer_system_activate.c **** 
  33:../Middlewares/threadx/common/src/tx_timer_system_activate.c **** /**************************************************************************/
  34:../Middlewares/threadx/common/src/tx_timer_system_activate.c **** /*                                                                        */
  35:../Middlewares/threadx/common/src/tx_timer_system_activate.c **** /*  FUNCTION                                               RELEASE        */
  36:../Middlewares/threadx/common/src/tx_timer_system_activate.c **** /*                                                                        */
  37:../Middlewares/threadx/common/src/tx_timer_system_activate.c **** /*    _tx_timer_system_activate                           PORTABLE C      */
  38:../Middlewares/threadx/common/src/tx_timer_system_activate.c **** /*                                                           6.1          */
  39:../Middlewares/threadx/common/src/tx_timer_system_activate.c **** /*  AUTHOR                                                                */
  40:../Middlewares/threadx/common/src/tx_timer_system_activate.c **** /*                                                                        */
  41:../Middlewares/threadx/common/src/tx_timer_system_activate.c **** /*    William E. Lamie, Microsoft Corporation                             */
  42:../Middlewares/threadx/common/src/tx_timer_system_activate.c **** /*                                                                        */
  43:../Middlewares/threadx/common/src/tx_timer_system_activate.c **** /*  DESCRIPTION                                                           */
  44:../Middlewares/threadx/common/src/tx_timer_system_activate.c **** /*                                                                        */
  45:../Middlewares/threadx/common/src/tx_timer_system_activate.c **** /*    This function places the specified internal timer in the proper     */
  46:../Middlewares/threadx/common/src/tx_timer_system_activate.c **** /*    place in the timer expiration list.  If the timer is already active */
  47:../Middlewares/threadx/common/src/tx_timer_system_activate.c **** /*    this function does nothing.                                         */
  48:../Middlewares/threadx/common/src/tx_timer_system_activate.c **** /*                                                                        */
  49:../Middlewares/threadx/common/src/tx_timer_system_activate.c **** /*  INPUT                                                                 */
  50:../Middlewares/threadx/common/src/tx_timer_system_activate.c **** /*                                                                        */
  51:../Middlewares/threadx/common/src/tx_timer_system_activate.c **** /*    timer_ptr                         Pointer to timer control block    */
  52:../Middlewares/threadx/common/src/tx_timer_system_activate.c **** /*                                                                        */
  53:../Middlewares/threadx/common/src/tx_timer_system_activate.c **** /*  OUTPUT                                                                */
  54:../Middlewares/threadx/common/src/tx_timer_system_activate.c **** /*                                                                        */
  55:../Middlewares/threadx/common/src/tx_timer_system_activate.c **** /*    TX_SUCCESS                        Always returns success            */
  56:../Middlewares/threadx/common/src/tx_timer_system_activate.c **** /*                                                                        */
  57:../Middlewares/threadx/common/src/tx_timer_system_activate.c **** /*  CALLS                                                                 */
  58:../Middlewares/threadx/common/src/tx_timer_system_activate.c **** /*                                                                        */
  59:../Middlewares/threadx/common/src/tx_timer_system_activate.c **** /*    None                                                                */
  60:../Middlewares/threadx/common/src/tx_timer_system_activate.c **** /*                                                                        */
  61:../Middlewares/threadx/common/src/tx_timer_system_activate.c **** /*  CALLED BY                                                             */
  62:../Middlewares/threadx/common/src/tx_timer_system_activate.c **** /*                                                                        */
  63:../Middlewares/threadx/common/src/tx_timer_system_activate.c **** /*    _tx_thread_system_suspend         Thread suspend function           */
  64:../Middlewares/threadx/common/src/tx_timer_system_activate.c **** /*    _tx_thread_system_ni_suspend      Non-interruptable suspend thread  */
  65:../Middlewares/threadx/common/src/tx_timer_system_activate.c **** /*    _tx_timer_thread_entry            Timer thread processing           */
  66:../Middlewares/threadx/common/src/tx_timer_system_activate.c **** /*    _tx_timer_activate                Application timer activate        */
  67:../Middlewares/threadx/common/src/tx_timer_system_activate.c **** /*                                                                        */
  68:../Middlewares/threadx/common/src/tx_timer_system_activate.c **** /*  RELEASE HISTORY                                                       */
  69:../Middlewares/threadx/common/src/tx_timer_system_activate.c **** /*                                                                        */
  70:../Middlewares/threadx/common/src/tx_timer_system_activate.c **** /*    DATE              NAME                      DESCRIPTION             */
  71:../Middlewares/threadx/common/src/tx_timer_system_activate.c **** /*                                                                        */
  72:../Middlewares/threadx/common/src/tx_timer_system_activate.c **** /*  05-19-2020     William E. Lamie         Initial Version 6.0           */
  73:../Middlewares/threadx/common/src/tx_timer_system_activate.c **** /*  09-30-2020     Scott Larson             Modified comment(s), and      */
  74:../Middlewares/threadx/common/src/tx_timer_system_activate.c **** /*                                            opt out of function when    */
  75:../Middlewares/threadx/common/src/tx_timer_system_activate.c **** /*                                            TX_NO_TIMER is defined,     */
  76:../Middlewares/threadx/common/src/tx_timer_system_activate.c **** /*                                            resulting in version 6.1    */
  77:../Middlewares/threadx/common/src/tx_timer_system_activate.c **** /*                                                                        */
  78:../Middlewares/threadx/common/src/tx_timer_system_activate.c **** /**************************************************************************/
  79:../Middlewares/threadx/common/src/tx_timer_system_activate.c **** VOID  _tx_timer_system_activate(TX_TIMER_INTERNAL *timer_ptr)
  80:../Middlewares/threadx/common/src/tx_timer_system_activate.c **** {
  35              		.loc 1 80 1 view -0
ARM GAS  /tmp/cc0tZLUg.s 			page 3


  36              		.cfi_startproc
  37              		@ args = 0, pretend = 0, frame = 0
  38              		@ frame_needed = 0, uses_anonymous_args = 0
  39              		@ link register save eliminated.
  81:../Middlewares/threadx/common/src/tx_timer_system_activate.c **** 
  82:../Middlewares/threadx/common/src/tx_timer_system_activate.c **** TX_TIMER_INTERNAL           **timer_list;
  40              		.loc 1 82 1 view .LVU1
  83:../Middlewares/threadx/common/src/tx_timer_system_activate.c **** TX_TIMER_INTERNAL           *next_timer;
  41              		.loc 1 83 1 view .LVU2
  84:../Middlewares/threadx/common/src/tx_timer_system_activate.c **** TX_TIMER_INTERNAL           *previous_timer;
  42              		.loc 1 84 1 view .LVU3
  85:../Middlewares/threadx/common/src/tx_timer_system_activate.c **** ULONG                       delta;
  43              		.loc 1 85 1 view .LVU4
  86:../Middlewares/threadx/common/src/tx_timer_system_activate.c **** ULONG                       remaining_ticks;
  44              		.loc 1 86 1 view .LVU5
  87:../Middlewares/threadx/common/src/tx_timer_system_activate.c **** ULONG                       expiration_time;
  45              		.loc 1 87 1 view .LVU6
  88:../Middlewares/threadx/common/src/tx_timer_system_activate.c **** 
  89:../Middlewares/threadx/common/src/tx_timer_system_activate.c **** 
  90:../Middlewares/threadx/common/src/tx_timer_system_activate.c ****     /* Pickup the remaining ticks.  */
  91:../Middlewares/threadx/common/src/tx_timer_system_activate.c ****     remaining_ticks =  timer_ptr -> tx_timer_internal_remaining_ticks;
  46              		.loc 1 91 5 view .LVU7
  47              		.loc 1 91 21 is_stmt 0 view .LVU8
  48 0000 0368     		ldr	r3, [r0]
  49              	.LVL1:
  92:../Middlewares/threadx/common/src/tx_timer_system_activate.c **** 
  93:../Middlewares/threadx/common/src/tx_timer_system_activate.c ****     /* Determine if there is a timer to activate.  */
  94:../Middlewares/threadx/common/src/tx_timer_system_activate.c ****     if (remaining_ticks != ((ULONG) 0))
  50              		.loc 1 94 5 is_stmt 1 view .LVU9
  51              		.loc 1 94 8 is_stmt 0 view .LVU10
  52 0002 5A1E     		subs	r2, r3, #1
  53 0004 0332     		adds	r2, r2, #3
  54 0006 17D8     		bhi	.L1
  95:../Middlewares/threadx/common/src/tx_timer_system_activate.c ****     {
  96:../Middlewares/threadx/common/src/tx_timer_system_activate.c **** 
  97:../Middlewares/threadx/common/src/tx_timer_system_activate.c ****         /* Determine if the timer is set to wait forever.  */
  98:../Middlewares/threadx/common/src/tx_timer_system_activate.c ****         if (remaining_ticks != TX_WAIT_FOREVER)
  55              		.loc 1 98 9 is_stmt 1 view .LVU11
  99:../Middlewares/threadx/common/src/tx_timer_system_activate.c ****         {
 100:../Middlewares/threadx/common/src/tx_timer_system_activate.c **** 
 101:../Middlewares/threadx/common/src/tx_timer_system_activate.c ****             /* Valid timer activate request.  */
 102:../Middlewares/threadx/common/src/tx_timer_system_activate.c **** 
 103:../Middlewares/threadx/common/src/tx_timer_system_activate.c ****             /* Determine if the timer still needs activation.  */
 104:../Middlewares/threadx/common/src/tx_timer_system_activate.c ****             if (timer_ptr -> tx_timer_internal_list_head == TX_NULL)
  56              		.loc 1 104 13 view .LVU12
  57              		.loc 1 104 16 is_stmt 0 view .LVU13
  58 0008 8269     		ldr	r2, [r0, #24]
  59 000a AAB9     		cbnz	r2, .L1
 105:../Middlewares/threadx/common/src/tx_timer_system_activate.c ****             {
 106:../Middlewares/threadx/common/src/tx_timer_system_activate.c **** 
 107:../Middlewares/threadx/common/src/tx_timer_system_activate.c ****                 /* Activate the timer.  */
 108:../Middlewares/threadx/common/src/tx_timer_system_activate.c **** 
 109:../Middlewares/threadx/common/src/tx_timer_system_activate.c ****                 /* Calculate the amount of time remaining for the timer.  */
 110:../Middlewares/threadx/common/src/tx_timer_system_activate.c ****                 if (remaining_ticks > TX_TIMER_ENTRIES)
  60              		.loc 1 110 17 is_stmt 1 view .LVU14
  61              	.LVL2:
 111:../Middlewares/threadx/common/src/tx_timer_system_activate.c ****                 {
ARM GAS  /tmp/cc0tZLUg.s 			page 4


 112:../Middlewares/threadx/common/src/tx_timer_system_activate.c **** 
 113:../Middlewares/threadx/common/src/tx_timer_system_activate.c ****                     /* Set expiration time to the maximum number of entries.  */
 114:../Middlewares/threadx/common/src/tx_timer_system_activate.c ****                     expiration_time =  TX_TIMER_ENTRIES - ((ULONG) 1);
 115:../Middlewares/threadx/common/src/tx_timer_system_activate.c ****                 }
 116:../Middlewares/threadx/common/src/tx_timer_system_activate.c ****                 else
 117:../Middlewares/threadx/common/src/tx_timer_system_activate.c ****                 {
 118:../Middlewares/threadx/common/src/tx_timer_system_activate.c **** 
 119:../Middlewares/threadx/common/src/tx_timer_system_activate.c ****                     /* Timer value fits in the timer entries.  */
 120:../Middlewares/threadx/common/src/tx_timer_system_activate.c **** 
 121:../Middlewares/threadx/common/src/tx_timer_system_activate.c ****                     /* Set the expiration time.  */
 122:../Middlewares/threadx/common/src/tx_timer_system_activate.c ****                     expiration_time =  (remaining_ticks - ((ULONG) 1));
 123:../Middlewares/threadx/common/src/tx_timer_system_activate.c ****                 }
 124:../Middlewares/threadx/common/src/tx_timer_system_activate.c **** 
 125:../Middlewares/threadx/common/src/tx_timer_system_activate.c ****                 /* At this point, we are ready to put the timer on one of
 126:../Middlewares/threadx/common/src/tx_timer_system_activate.c ****                    the timer lists.  */
 127:../Middlewares/threadx/common/src/tx_timer_system_activate.c **** 
 128:../Middlewares/threadx/common/src/tx_timer_system_activate.c ****                 /* Calculate the proper place for the timer.  */
 129:../Middlewares/threadx/common/src/tx_timer_system_activate.c ****                 timer_list =  TX_TIMER_POINTER_ADD(_tx_timer_current_ptr, expiration_time);
  62              		.loc 1 129 17 view .LVU15
 110:../Middlewares/threadx/common/src/tx_timer_system_activate.c ****                 {
  63              		.loc 1 110 20 is_stmt 0 view .LVU16
  64 000c 202B     		cmp	r3, #32
  65 000e 28BF     		it	cs
  66 0010 2023     		movcs	r3, #32
  67              	.LVL3:
 110:../Middlewares/threadx/common/src/tx_timer_system_activate.c ****                 {
  68              		.loc 1 110 20 view .LVU17
  69 0012 5A1E     		subs	r2, r3, #1
  70              		.loc 1 129 28 view .LVU18
  71 0014 0C4B     		ldr	r3, .L6
  72 0016 1B68     		ldr	r3, [r3]
  73 0018 03EB8203 		add	r3, r3, r2, lsl #2
  74              	.LVL4:
 130:../Middlewares/threadx/common/src/tx_timer_system_activate.c ****                 if (TX_TIMER_INDIRECT_TO_VOID_POINTER_CONVERT(timer_list) >= TX_TIMER_INDIRECT_TO_V
  75              		.loc 1 130 17 is_stmt 1 view .LVU19
  76              		.loc 1 130 78 is_stmt 0 view .LVU20
  77 001c 0B4A     		ldr	r2, .L6+4
  78 001e 1268     		ldr	r2, [r2]
  79              		.loc 1 130 20 view .LVU21
  80 0020 9A42     		cmp	r2, r3
 131:../Middlewares/threadx/common/src/tx_timer_system_activate.c ****                 {
 132:../Middlewares/threadx/common/src/tx_timer_system_activate.c **** 
 133:../Middlewares/threadx/common/src/tx_timer_system_activate.c ****                     /* Wrap from the beginning of the list.  */
 134:../Middlewares/threadx/common/src/tx_timer_system_activate.c ****                     delta =  TX_TIMER_POINTER_DIF(timer_list, _tx_timer_list_end);
  81              		.loc 1 134 21 is_stmt 1 view .LVU22
  82              	.LVL5:
 135:../Middlewares/threadx/common/src/tx_timer_system_activate.c ****                     timer_list =  TX_TIMER_POINTER_ADD(_tx_timer_list_start, delta);
  83              		.loc 1 135 21 view .LVU23
 134:../Middlewares/threadx/common/src/tx_timer_system_activate.c ****                     timer_list =  TX_TIMER_POINTER_ADD(_tx_timer_list_start, delta);
  84              		.loc 1 134 30 is_stmt 0 view .LVU24
  85 0022 9FBF     		itttt	ls
  86 0024 9B1A     		subls	r3, r3, r2
  87              	.LVL6:
  88              		.loc 1 135 35 view .LVU25
  89 0026 0A4A     		ldrls	r2, .L6+8
  90              	.LVL7:
  91              		.loc 1 135 32 view .LVU26
ARM GAS  /tmp/cc0tZLUg.s 			page 5


  92 0028 1268     		ldrls	r2, [r2]
  93 002a 9B18     		addls	r3, r3, r2
  94              	.LVL8:
 136:../Middlewares/threadx/common/src/tx_timer_system_activate.c ****                 }
 137:../Middlewares/threadx/common/src/tx_timer_system_activate.c **** 
 138:../Middlewares/threadx/common/src/tx_timer_system_activate.c ****                 /* Now put the timer on this list.  */
 139:../Middlewares/threadx/common/src/tx_timer_system_activate.c ****                 if ((*timer_list) == TX_NULL)
  95              		.loc 1 139 17 is_stmt 1 view .LVU27
  96              		.loc 1 139 22 is_stmt 0 view .LVU28
  97 002c 1A68     		ldr	r2, [r3]
  98              		.loc 1 139 20 view .LVU29
  99 002e 22B9     		cbnz	r2, .L4
 140:../Middlewares/threadx/common/src/tx_timer_system_activate.c ****                 {
 141:../Middlewares/threadx/common/src/tx_timer_system_activate.c **** 
 142:../Middlewares/threadx/common/src/tx_timer_system_activate.c ****                     /* This list is NULL, just put the new timer on it.  */
 143:../Middlewares/threadx/common/src/tx_timer_system_activate.c **** 
 144:../Middlewares/threadx/common/src/tx_timer_system_activate.c ****                     /* Setup the links in this timer.  */
 145:../Middlewares/threadx/common/src/tx_timer_system_activate.c ****                     timer_ptr -> tx_timer_internal_active_next =      timer_ptr;
 100              		.loc 1 145 21 is_stmt 1 view .LVU30
 146:../Middlewares/threadx/common/src/tx_timer_system_activate.c ****                     timer_ptr -> tx_timer_internal_active_previous =  timer_ptr;
 101              		.loc 1 146 68 is_stmt 0 view .LVU31
 102 0030 C0E90400 		strd	r0, r0, [r0, #16]
 147:../Middlewares/threadx/common/src/tx_timer_system_activate.c **** 
 148:../Middlewares/threadx/common/src/tx_timer_system_activate.c ****                     /* Setup the list head pointer.  */
 149:../Middlewares/threadx/common/src/tx_timer_system_activate.c ****                     *timer_list =  timer_ptr;
 103              		.loc 1 149 21 is_stmt 1 view .LVU32
 104              		.loc 1 149 33 is_stmt 0 view .LVU33
 105 0034 1860     		str	r0, [r3]
 106              	.L5:
 150:../Middlewares/threadx/common/src/tx_timer_system_activate.c ****                 }
 151:../Middlewares/threadx/common/src/tx_timer_system_activate.c ****                 else
 152:../Middlewares/threadx/common/src/tx_timer_system_activate.c ****                 {
 153:../Middlewares/threadx/common/src/tx_timer_system_activate.c **** 
 154:../Middlewares/threadx/common/src/tx_timer_system_activate.c ****                     /* This list is not NULL, add current timer to the end. */
 155:../Middlewares/threadx/common/src/tx_timer_system_activate.c ****                     next_timer =                                        *timer_list;
 156:../Middlewares/threadx/common/src/tx_timer_system_activate.c ****                     previous_timer =                                    next_timer -> tx_timer_inte
 157:../Middlewares/threadx/common/src/tx_timer_system_activate.c ****                     previous_timer -> tx_timer_internal_active_next =   timer_ptr;
 158:../Middlewares/threadx/common/src/tx_timer_system_activate.c ****                     next_timer -> tx_timer_internal_active_previous =   timer_ptr;
 159:../Middlewares/threadx/common/src/tx_timer_system_activate.c ****                     timer_ptr -> tx_timer_internal_active_next =        next_timer;
 160:../Middlewares/threadx/common/src/tx_timer_system_activate.c ****                     timer_ptr -> tx_timer_internal_active_previous =    previous_timer;
 161:../Middlewares/threadx/common/src/tx_timer_system_activate.c ****                 }
 162:../Middlewares/threadx/common/src/tx_timer_system_activate.c **** 
 163:../Middlewares/threadx/common/src/tx_timer_system_activate.c ****                 /* Setup list head pointer.  */
 164:../Middlewares/threadx/common/src/tx_timer_system_activate.c ****                 timer_ptr -> tx_timer_internal_list_head =  timer_list;
 107              		.loc 1 164 17 is_stmt 1 view .LVU34
 108              		.loc 1 164 58 is_stmt 0 view .LVU35
 109 0036 8361     		str	r3, [r0, #24]
 110              	.LVL9:
 111              	.L1:
 165:../Middlewares/threadx/common/src/tx_timer_system_activate.c ****             }
 166:../Middlewares/threadx/common/src/tx_timer_system_activate.c ****         }
 167:../Middlewares/threadx/common/src/tx_timer_system_activate.c ****     }
 168:../Middlewares/threadx/common/src/tx_timer_system_activate.c **** }
 112              		.loc 1 168 1 view .LVU36
 113 0038 7047     		bx	lr
 114              	.LVL10:
 115              	.L4:
ARM GAS  /tmp/cc0tZLUg.s 			page 6


 155:../Middlewares/threadx/common/src/tx_timer_system_activate.c ****                     previous_timer =                                    next_timer -> tx_timer_inte
 116              		.loc 1 155 21 is_stmt 1 view .LVU37
 156:../Middlewares/threadx/common/src/tx_timer_system_activate.c ****                     previous_timer -> tx_timer_internal_active_next =   timer_ptr;
 117              		.loc 1 156 21 view .LVU38
 156:../Middlewares/threadx/common/src/tx_timer_system_activate.c ****                     previous_timer -> tx_timer_internal_active_next =   timer_ptr;
 118              		.loc 1 156 36 is_stmt 0 view .LVU39
 119 003a 5169     		ldr	r1, [r2, #20]
 120              	.LVL11:
 157:../Middlewares/threadx/common/src/tx_timer_system_activate.c ****                     next_timer -> tx_timer_internal_active_previous =   timer_ptr;
 121              		.loc 1 157 21 is_stmt 1 view .LVU40
 157:../Middlewares/threadx/common/src/tx_timer_system_activate.c ****                     next_timer -> tx_timer_internal_active_previous =   timer_ptr;
 122              		.loc 1 157 69 is_stmt 0 view .LVU41
 123 003c 0861     		str	r0, [r1, #16]
 158:../Middlewares/threadx/common/src/tx_timer_system_activate.c ****                     timer_ptr -> tx_timer_internal_active_next =        next_timer;
 124              		.loc 1 158 21 is_stmt 1 view .LVU42
 158:../Middlewares/threadx/common/src/tx_timer_system_activate.c ****                     timer_ptr -> tx_timer_internal_active_next =        next_timer;
 125              		.loc 1 158 69 is_stmt 0 view .LVU43
 126 003e 5061     		str	r0, [r2, #20]
 159:../Middlewares/threadx/common/src/tx_timer_system_activate.c ****                     timer_ptr -> tx_timer_internal_active_previous =    previous_timer;
 127              		.loc 1 159 21 is_stmt 1 view .LVU44
 160:../Middlewares/threadx/common/src/tx_timer_system_activate.c ****                 }
 128              		.loc 1 160 68 is_stmt 0 view .LVU45
 129 0040 C0E90421 		strd	r2, r1, [r0, #16]
 130 0044 F7E7     		b	.L5
 131              	.L7:
 132 0046 00BF     		.align	2
 133              	.L6:
 134 0048 00000000 		.word	_tx_timer_current_ptr
 135 004c 00000000 		.word	_tx_timer_list_end
 136 0050 00000000 		.word	_tx_timer_list_start
 137              		.cfi_endproc
 138              	.LFE8:
 140              		.text
 141              	.Letext0:
 142              		.file 2 "../Middlewares/threadx/common/inc/tx_api.h"
 143              		.file 3 "../Middlewares/threadx/ports/cortex_m55/gnu/inc/tx_port.h"
 144              		.file 4 "../Middlewares/threadx/common/inc/tx_timer.h"
ARM GAS  /tmp/cc0tZLUg.s 			page 7


DEFINED SYMBOLS
                            *ABS*:00000000 tx_timer_system_activate.c
     /tmp/cc0tZLUg.s:26     .text._tx_timer_system_activate:00000000 $t
     /tmp/cc0tZLUg.s:32     .text._tx_timer_system_activate:00000000 _tx_timer_system_activate
     /tmp/cc0tZLUg.s:134    .text._tx_timer_system_activate:00000048 $d
                           .group:00000000 wm4.0.43608cab4da50df6ba2dfee95636a2b5
                           .group:00000000 wm4.tx_api.h.111.1e40bacadb0edb5b6b36282830ee23a5
                           .group:00000000 wm4.ieeefp.h.77.99029d7b8220a2cd73dd257e2bbe825d
                           .group:00000000 wm4._newlib_version.h.4.0eb654b64686e2bd29646258853f6c22
                           .group:00000000 wm4.newlib.h.27.b904f6f8971bd921b436e5701877de32
                           .group:00000000 wm4.features.h.22.4b93ad64e0d80833c46a20ecae380bb0
                           .group:00000000 wm4.config.h.224.10ee1ad185d877c6e334e6581faab44d
                           .group:00000000 wm4._ansi.h.31.de524f58584151836e90d8620a16f8e8
                           .group:00000000 wm4.stdlib.h.13.4ed386f5c1a80d71e72172885d946ef2
                           .group:00000000 wm4.stddef.h.200.7df09ddbfbefc5947db7aca5a0fd7644
                           .group:00000000 wm4.stddef.h.39.613e674cf2e6f142dfe584123421de07
                           .group:00000000 wm4._default_types.h.6.959254cf5f09734ea7516c89e8bb21bd
                           .group:00000000 wm4.cdefs.h.49.56fd742369e655e7e8a7e365e706e208
                           .group:00000000 wm4._types.h.20.dd0d04dca3800a0d2a6129b87f3adbb2
                           .group:00000000 wm4.stddef.h.173.4903093a50a8482cb062b176ea61fac3
                           .group:00000000 wm4._types.h.127.3bdfe3ff8ea2d0985b03d9cbe93480e3
                           .group:00000000 wm4.reent.h.18.25503cdc8b7e55dd0d6ea7b3e5af7a03
                           .group:00000000 wm4.lock.h.2.1461d1fff82dffe8bfddc23307f6484f
                           .group:00000000 wm4.reent.h.78.6d702f69a6d6435d2dbe915b10150b1a
                           .group:00000000 wm4.alloca.h.8.dfc0c703c47ec3e69746825b17d9e66d
                           .group:00000000 wm4.stdlib.h.56.f4862cfbf4363a1db01842d5bdf72c18
                           .group:00000000 wm4.string.h.8.c4b8571ce60dff2817f43fec8b86aecd
                           .group:00000000 wm4.stddef.h.173.1cea4f16a943c8e875db6791959c3141
                           .group:00000000 wm4.string.h.177.59a005921fa78485abc80a0267de5752
                           .group:00000000 wm4.tx_port.h.115.294deb9dc65e442684b838abd8efd62b
                           .group:00000000 wm4.tx_api.h.143.a8f6e7c0fde9aa86e8b6e86681771d37
                           .group:00000000 wm4.tx_timer.h.51.b883a0ddd0951b922baa8ab45496c096

UNDEFINED SYMBOLS
_tx_timer_current_ptr
_tx_timer_list_end
_tx_timer_list_start
