ARM GAS  /tmp/ccHFLlq0.s 			page 1


   1              		.arch armv8.1-m.main
   2              		.fpu fpv5-d16
   3              		.arch_extension dsp
   4              		.arch_extension fp
   5              		.arch_extension fp.dp
   6              		.arch_extension mve
   7              		.arch_extension mve.fp
   8              		.eabi_attribute 5, "cortex-m55"
   9              		.eabi_attribute 28, 1
  10              		.eabi_attribute 20, 1
  11              		.eabi_attribute 21, 1
  12              		.eabi_attribute 23, 3
  13              		.eabi_attribute 24, 1
  14              		.eabi_attribute 25, 1
  15              		.eabi_attribute 26, 1
  16              		.eabi_attribute 30, 4
  17              		.eabi_attribute 34, 1
  18              		.eabi_attribute 38, 1
  19              		.eabi_attribute 18, 4
  20              		.file	"tx_trace_object_unregister.c"
  21              		.text
  22              	.Ltext0:
  23              		.cfi_sections	.debug_frame
  24              		.file 1 "../Middlewares/threadx/common/src/tx_trace_object_unregister.c"
  25              		.section	.text._tx_trace_object_unregister,"ax",%progbits
  26              		.align	1
  27              		.global	_tx_trace_object_unregister
  28              		.syntax unified
  29              		.thumb
  30              		.thumb_func
  32              	_tx_trace_object_unregister:
  33              	.LVL0:
  34              	.LFB8:
   1:../Middlewares/threadx/common/src/tx_trace_object_unregister.c **** /**************************************************************************/
   2:../Middlewares/threadx/common/src/tx_trace_object_unregister.c **** /*                                                                        */
   3:../Middlewares/threadx/common/src/tx_trace_object_unregister.c **** /*       Copyright (c) Microsoft Corporation. All rights reserved.        */
   4:../Middlewares/threadx/common/src/tx_trace_object_unregister.c **** /*                                                                        */
   5:../Middlewares/threadx/common/src/tx_trace_object_unregister.c **** /*       This software is licensed under the Microsoft Software License   */
   6:../Middlewares/threadx/common/src/tx_trace_object_unregister.c **** /*       Terms for Microsoft Azure RTOS. Full text of the license can be  */
   7:../Middlewares/threadx/common/src/tx_trace_object_unregister.c **** /*       found in the LICENSE file at https://aka.ms/AzureRTOS_EULA       */
   8:../Middlewares/threadx/common/src/tx_trace_object_unregister.c **** /*       and in the root directory of this software.                      */
   9:../Middlewares/threadx/common/src/tx_trace_object_unregister.c **** /*                                                                        */
  10:../Middlewares/threadx/common/src/tx_trace_object_unregister.c **** /**************************************************************************/
  11:../Middlewares/threadx/common/src/tx_trace_object_unregister.c **** 
  12:../Middlewares/threadx/common/src/tx_trace_object_unregister.c **** 
  13:../Middlewares/threadx/common/src/tx_trace_object_unregister.c **** /**************************************************************************/
  14:../Middlewares/threadx/common/src/tx_trace_object_unregister.c **** /**************************************************************************/
  15:../Middlewares/threadx/common/src/tx_trace_object_unregister.c **** /**                                                                       */
  16:../Middlewares/threadx/common/src/tx_trace_object_unregister.c **** /** ThreadX Component                                                     */
  17:../Middlewares/threadx/common/src/tx_trace_object_unregister.c **** /**                                                                       */
  18:../Middlewares/threadx/common/src/tx_trace_object_unregister.c **** /**   Trace                                                               */
  19:../Middlewares/threadx/common/src/tx_trace_object_unregister.c **** /**                                                                       */
  20:../Middlewares/threadx/common/src/tx_trace_object_unregister.c **** /**************************************************************************/
  21:../Middlewares/threadx/common/src/tx_trace_object_unregister.c **** /**************************************************************************/
  22:../Middlewares/threadx/common/src/tx_trace_object_unregister.c **** 
  23:../Middlewares/threadx/common/src/tx_trace_object_unregister.c **** #define TX_SOURCE_CODE
  24:../Middlewares/threadx/common/src/tx_trace_object_unregister.c **** 
ARM GAS  /tmp/ccHFLlq0.s 			page 2


  25:../Middlewares/threadx/common/src/tx_trace_object_unregister.c **** 
  26:../Middlewares/threadx/common/src/tx_trace_object_unregister.c **** /* Include necessary system files.  */
  27:../Middlewares/threadx/common/src/tx_trace_object_unregister.c **** 
  28:../Middlewares/threadx/common/src/tx_trace_object_unregister.c **** #include "tx_api.h"
  29:../Middlewares/threadx/common/src/tx_trace_object_unregister.c **** #include "tx_trace.h"
  30:../Middlewares/threadx/common/src/tx_trace_object_unregister.c **** 
  31:../Middlewares/threadx/common/src/tx_trace_object_unregister.c **** 
  32:../Middlewares/threadx/common/src/tx_trace_object_unregister.c **** /**************************************************************************/
  33:../Middlewares/threadx/common/src/tx_trace_object_unregister.c **** /*                                                                        */
  34:../Middlewares/threadx/common/src/tx_trace_object_unregister.c **** /*  FUNCTION                                               RELEASE        */
  35:../Middlewares/threadx/common/src/tx_trace_object_unregister.c **** /*                                                                        */
  36:../Middlewares/threadx/common/src/tx_trace_object_unregister.c **** /*    _tx_trace_object_unregister                         PORTABLE C      */
  37:../Middlewares/threadx/common/src/tx_trace_object_unregister.c **** /*                                                           6.1          */
  38:../Middlewares/threadx/common/src/tx_trace_object_unregister.c **** /*  AUTHOR                                                                */
  39:../Middlewares/threadx/common/src/tx_trace_object_unregister.c **** /*                                                                        */
  40:../Middlewares/threadx/common/src/tx_trace_object_unregister.c **** /*    William E. Lamie, Microsoft Corporation                             */
  41:../Middlewares/threadx/common/src/tx_trace_object_unregister.c **** /*                                                                        */
  42:../Middlewares/threadx/common/src/tx_trace_object_unregister.c **** /*  DESCRIPTION                                                           */
  43:../Middlewares/threadx/common/src/tx_trace_object_unregister.c **** /*                                                                        */
  44:../Middlewares/threadx/common/src/tx_trace_object_unregister.c **** /*    This function unregisters a ThreadX system object from the trace    */
  45:../Middlewares/threadx/common/src/tx_trace_object_unregister.c **** /*    registry area.                                                      */
  46:../Middlewares/threadx/common/src/tx_trace_object_unregister.c **** /*                                                                        */
  47:../Middlewares/threadx/common/src/tx_trace_object_unregister.c **** /*  INPUT                                                                 */
  48:../Middlewares/threadx/common/src/tx_trace_object_unregister.c **** /*                                                                        */
  49:../Middlewares/threadx/common/src/tx_trace_object_unregister.c **** /*    object_pointer                        Address of system object      */
  50:../Middlewares/threadx/common/src/tx_trace_object_unregister.c **** /*                                                                        */
  51:../Middlewares/threadx/common/src/tx_trace_object_unregister.c **** /*  OUTPUT                                                                */
  52:../Middlewares/threadx/common/src/tx_trace_object_unregister.c **** /*                                                                        */
  53:../Middlewares/threadx/common/src/tx_trace_object_unregister.c **** /*    None                                                                */
  54:../Middlewares/threadx/common/src/tx_trace_object_unregister.c **** /*                                                                        */
  55:../Middlewares/threadx/common/src/tx_trace_object_unregister.c **** /*  CALLS                                                                 */
  56:../Middlewares/threadx/common/src/tx_trace_object_unregister.c **** /*                                                                        */
  57:../Middlewares/threadx/common/src/tx_trace_object_unregister.c **** /*    None                                                                */
  58:../Middlewares/threadx/common/src/tx_trace_object_unregister.c **** /*                                                                        */
  59:../Middlewares/threadx/common/src/tx_trace_object_unregister.c **** /*  CALLED BY                                                             */
  60:../Middlewares/threadx/common/src/tx_trace_object_unregister.c **** /*                                                                        */
  61:../Middlewares/threadx/common/src/tx_trace_object_unregister.c **** /*    Application Code                                                    */
  62:../Middlewares/threadx/common/src/tx_trace_object_unregister.c **** /*                                                                        */
  63:../Middlewares/threadx/common/src/tx_trace_object_unregister.c **** /*  RELEASE HISTORY                                                       */
  64:../Middlewares/threadx/common/src/tx_trace_object_unregister.c **** /*                                                                        */
  65:../Middlewares/threadx/common/src/tx_trace_object_unregister.c **** /*    DATE              NAME                      DESCRIPTION             */
  66:../Middlewares/threadx/common/src/tx_trace_object_unregister.c **** /*                                                                        */
  67:../Middlewares/threadx/common/src/tx_trace_object_unregister.c **** /*  05-19-2020     William E. Lamie         Initial Version 6.0           */
  68:../Middlewares/threadx/common/src/tx_trace_object_unregister.c **** /*  09-30-2020     Yuxin Zhou               Modified comment(s),          */
  69:../Middlewares/threadx/common/src/tx_trace_object_unregister.c **** /*                                            resulting in version 6.1    */
  70:../Middlewares/threadx/common/src/tx_trace_object_unregister.c **** /*                                                                        */
  71:../Middlewares/threadx/common/src/tx_trace_object_unregister.c **** /**************************************************************************/
  72:../Middlewares/threadx/common/src/tx_trace_object_unregister.c **** VOID  _tx_trace_object_unregister(VOID *object_ptr)
  73:../Middlewares/threadx/common/src/tx_trace_object_unregister.c **** {
  35              		.loc 1 73 1 view -0
  36              		.cfi_startproc
  37              		@ args = 0, pretend = 0, frame = 0
  38              		@ frame_needed = 0, uses_anonymous_args = 0
  74:../Middlewares/threadx/common/src/tx_trace_object_unregister.c **** 
  75:../Middlewares/threadx/common/src/tx_trace_object_unregister.c **** #ifdef TX_ENABLE_EVENT_TRACE
  76:../Middlewares/threadx/common/src/tx_trace_object_unregister.c **** 
  77:../Middlewares/threadx/common/src/tx_trace_object_unregister.c **** UINT                            i, entries;
ARM GAS  /tmp/ccHFLlq0.s 			page 3


  39              		.loc 1 77 1 view .LVU1
  78:../Middlewares/threadx/common/src/tx_trace_object_unregister.c **** UCHAR                           *work_ptr;
  40              		.loc 1 78 1 view .LVU2
  79:../Middlewares/threadx/common/src/tx_trace_object_unregister.c **** TX_TRACE_OBJECT_ENTRY           *entry_ptr;
  41              		.loc 1 79 1 view .LVU3
  80:../Middlewares/threadx/common/src/tx_trace_object_unregister.c **** 
  81:../Middlewares/threadx/common/src/tx_trace_object_unregister.c **** 
  82:../Middlewares/threadx/common/src/tx_trace_object_unregister.c ****     /* Determine if the registry area is setup.  */
  83:../Middlewares/threadx/common/src/tx_trace_object_unregister.c ****     if (_tx_trace_registry_start_ptr != TX_NULL)
  42              		.loc 1 83 5 view .LVU4
  43              		.loc 1 83 38 is_stmt 0 view .LVU5
  44 0000 0C4B     		ldr	r3, .L9
  73:../Middlewares/threadx/common/src/tx_trace_object_unregister.c **** 
  45              		.loc 1 73 1 view .LVU6
  46 0002 30B5     		push	{r4, r5, lr}
  47              		.cfi_def_cfa_offset 12
  48              		.cfi_offset 4, -12
  49              		.cfi_offset 5, -8
  50              		.cfi_offset 14, -4
  51              		.loc 1 83 38 view .LVU7
  52 0004 1B68     		ldr	r3, [r3]
  53              		.loc 1 83 8 view .LVU8
  54 0006 93B1     		cbz	r3, .L1
  84:../Middlewares/threadx/common/src/tx_trace_object_unregister.c ****     {
  85:../Middlewares/threadx/common/src/tx_trace_object_unregister.c **** 
  86:../Middlewares/threadx/common/src/tx_trace_object_unregister.c ****         /* Registry is setup, proceed.  */
  87:../Middlewares/threadx/common/src/tx_trace_object_unregister.c **** 
  88:../Middlewares/threadx/common/src/tx_trace_object_unregister.c ****         /* Pickup the total entries.  */
  89:../Middlewares/threadx/common/src/tx_trace_object_unregister.c ****         entries =  _tx_trace_total_registry_entries;
  55              		.loc 1 89 9 is_stmt 1 view .LVU9
  90:../Middlewares/threadx/common/src/tx_trace_object_unregister.c **** 
  91:../Middlewares/threadx/common/src/tx_trace_object_unregister.c ****         /* Loop to find available entry.  */
  92:../Middlewares/threadx/common/src/tx_trace_object_unregister.c ****         for (i = ((ULONG) 0); i < entries; i++)
  56              		.loc 1 92 16 is_stmt 0 view .LVU10
  57 0008 0021     		movs	r1, #0
  89:../Middlewares/threadx/common/src/tx_trace_object_unregister.c **** 
  58              		.loc 1 89 17 view .LVU11
  59 000a 0B4A     		ldr	r2, .L9+4
  60 000c 1268     		ldr	r2, [r2]
  61              	.LVL1:
  62              		.loc 1 92 9 is_stmt 1 view .LVU12
  63              		.loc 1 92 16 is_stmt 0 view .LVU13
  64 000e 0132     		adds	r2, r2, #1
  65              	.LVL2:
  66              	.L3:
  67              		.loc 1 92 33 is_stmt 1 discriminator 1 view .LVU14
  68 0010 013A     		subs	r2, r2, #1
  69 0012 0CD0     		beq	.L1
  93:../Middlewares/threadx/common/src/tx_trace_object_unregister.c ****         {
  94:../Middlewares/threadx/common/src/tx_trace_object_unregister.c **** 
  95:../Middlewares/threadx/common/src/tx_trace_object_unregister.c ****             /* Setup the registry entry pointer.  */
  96:../Middlewares/threadx/common/src/tx_trace_object_unregister.c ****             work_ptr =   TX_OBJECT_TO_UCHAR_POINTER_CONVERT(_tx_trace_registry_start_ptr);
  70              		.loc 1 96 13 view .LVU15
  71              	.LVL3:
  97:../Middlewares/threadx/common/src/tx_trace_object_unregister.c ****             work_ptr =   TX_UCHAR_POINTER_ADD(work_ptr, ((sizeof(TX_TRACE_OBJECT_ENTRY))*i));
  72              		.loc 1 97 13 view .LVU16
  73              		.loc 1 97 22 is_stmt 0 view .LVU17
ARM GAS  /tmp/ccHFLlq0.s 			page 4


  74 0014 1C46     		mov	r4, r3
  75              	.LVL4:
  98:../Middlewares/threadx/common/src/tx_trace_object_unregister.c ****             entry_ptr =  TX_UCHAR_TO_OBJECT_POINTER_CONVERT(work_ptr);
  76              		.loc 1 98 13 is_stmt 1 view .LVU18
  99:../Middlewares/threadx/common/src/tx_trace_object_unregister.c **** 
 100:../Middlewares/threadx/common/src/tx_trace_object_unregister.c ****             /* Determine if this entry matches the object pointer... */
 101:../Middlewares/threadx/common/src/tx_trace_object_unregister.c ****             if (entry_ptr -> tx_trace_object_entry_thread_pointer == TX_POINTER_TO_ULONG_CONVERT(ob
  77              		.loc 1 101 13 view .LVU19
  78              		.loc 1 101 16 is_stmt 0 view .LVU20
  79 0016 6568     		ldr	r5, [r4, #4]
  80 0018 3033     		adds	r3, r3, #48
  81              	.LVL5:
  82              		.loc 1 101 16 view .LVU21
  83 001a A842     		cmp	r0, r5
  84 001c 08D1     		bne	.L4
 102:../Middlewares/threadx/common/src/tx_trace_object_unregister.c ****             {
 103:../Middlewares/threadx/common/src/tx_trace_object_unregister.c **** 
 104:../Middlewares/threadx/common/src/tx_trace_object_unregister.c ****                 /* Mark this entry as available, but leave the other information so that old trace 
 105:../Middlewares/threadx/common/src/tx_trace_object_unregister.c ****                    still find it - if necessary!  */
 106:../Middlewares/threadx/common/src/tx_trace_object_unregister.c ****                 entry_ptr -> tx_trace_object_entry_available =  ((UCHAR) TX_TRUE);
  85              		.loc 1 106 17 is_stmt 1 view .LVU22
  86              		.loc 1 106 62 is_stmt 0 view .LVU23
  87 001e 0123     		movs	r3, #1
 107:../Middlewares/threadx/common/src/tx_trace_object_unregister.c **** 
 108:../Middlewares/threadx/common/src/tx_trace_object_unregister.c ****                 /* Increment the number of available registry entries.  */
 109:../Middlewares/threadx/common/src/tx_trace_object_unregister.c ****                 _tx_trace_available_registry_entries++;
  88              		.loc 1 109 53 view .LVU24
  89 0020 064A     		ldr	r2, .L9+8
 106:../Middlewares/threadx/common/src/tx_trace_object_unregister.c **** 
  90              		.loc 1 106 62 view .LVU25
  91 0022 2370     		strb	r3, [r4]
  92              	.LVL6:
  93              		.loc 1 109 17 is_stmt 1 view .LVU26
  94              		.loc 1 109 53 is_stmt 0 view .LVU27
  95 0024 1368     		ldr	r3, [r2]
  96 0026 0133     		adds	r3, r3, #1
  97 0028 1360     		str	r3, [r2]
 110:../Middlewares/threadx/common/src/tx_trace_object_unregister.c **** 
 111:../Middlewares/threadx/common/src/tx_trace_object_unregister.c ****                 /* Adjust the search index to this position.  */
 112:../Middlewares/threadx/common/src/tx_trace_object_unregister.c ****                 _tx_trace_registry_search_start =  i;
  98              		.loc 1 112 17 is_stmt 1 view .LVU28
  99              		.loc 1 112 49 is_stmt 0 view .LVU29
 100 002a 054B     		ldr	r3, .L9+12
 101 002c 1960     		str	r1, [r3]
 113:../Middlewares/threadx/common/src/tx_trace_object_unregister.c **** 
 114:../Middlewares/threadx/common/src/tx_trace_object_unregister.c ****                 break;
 102              		.loc 1 114 17 is_stmt 1 view .LVU30
 103              	.LVL7:
 104              	.L1:
 115:../Middlewares/threadx/common/src/tx_trace_object_unregister.c ****             }
 116:../Middlewares/threadx/common/src/tx_trace_object_unregister.c ****         }
 117:../Middlewares/threadx/common/src/tx_trace_object_unregister.c ****     }
 118:../Middlewares/threadx/common/src/tx_trace_object_unregister.c **** #else
 119:../Middlewares/threadx/common/src/tx_trace_object_unregister.c **** 
 120:../Middlewares/threadx/common/src/tx_trace_object_unregister.c **** TX_INTERRUPT_SAVE_AREA
 121:../Middlewares/threadx/common/src/tx_trace_object_unregister.c **** 
 122:../Middlewares/threadx/common/src/tx_trace_object_unregister.c **** 
ARM GAS  /tmp/ccHFLlq0.s 			page 5


 123:../Middlewares/threadx/common/src/tx_trace_object_unregister.c ****     /* Access input arguments just for the sake of lint, MISRA, etc.  */
 124:../Middlewares/threadx/common/src/tx_trace_object_unregister.c ****     if (object_ptr != TX_NULL)
 125:../Middlewares/threadx/common/src/tx_trace_object_unregister.c ****     {
 126:../Middlewares/threadx/common/src/tx_trace_object_unregister.c **** 
 127:../Middlewares/threadx/common/src/tx_trace_object_unregister.c ****         /* NOP code.  */
 128:../Middlewares/threadx/common/src/tx_trace_object_unregister.c ****         TX_DISABLE
 129:../Middlewares/threadx/common/src/tx_trace_object_unregister.c ****         TX_RESTORE
 130:../Middlewares/threadx/common/src/tx_trace_object_unregister.c ****     }
 131:../Middlewares/threadx/common/src/tx_trace_object_unregister.c **** #endif
 132:../Middlewares/threadx/common/src/tx_trace_object_unregister.c **** }
 105              		.loc 1 132 1 is_stmt 0 view .LVU31
 106 002e 30BD     		pop	{r4, r5, pc}
 107              	.LVL8:
 108              	.L4:
  92:../Middlewares/threadx/common/src/tx_trace_object_unregister.c ****         {
 109              		.loc 1 92 45 is_stmt 1 discriminator 2 view .LVU32
 110 0030 0131     		adds	r1, r1, #1
 111              	.LVL9:
  92:../Middlewares/threadx/common/src/tx_trace_object_unregister.c ****         {
 112              		.loc 1 92 45 is_stmt 0 discriminator 2 view .LVU33
 113 0032 EDE7     		b	.L3
 114              	.L10:
 115              		.align	2
 116              	.L9:
 117 0034 00000000 		.word	_tx_trace_registry_start_ptr
 118 0038 00000000 		.word	_tx_trace_total_registry_entries
 119 003c 00000000 		.word	_tx_trace_available_registry_entries
 120 0040 00000000 		.word	_tx_trace_registry_search_start
 121              		.cfi_endproc
 122              	.LFE8:
 124              		.text
 125              	.Letext0:
 126              		.file 2 "../Middlewares/threadx/ports/cortex_m55/gnu/inc/tx_port.h"
 127              		.file 3 "../Middlewares/threadx/common/inc/tx_trace.h"
ARM GAS  /tmp/ccHFLlq0.s 			page 6


DEFINED SYMBOLS
                            *ABS*:00000000 tx_trace_object_unregister.c
     /tmp/ccHFLlq0.s:26     .text._tx_trace_object_unregister:00000000 $t
     /tmp/ccHFLlq0.s:32     .text._tx_trace_object_unregister:00000000 _tx_trace_object_unregister
     /tmp/ccHFLlq0.s:117    .text._tx_trace_object_unregister:00000034 $d
                           .group:00000000 wm4.0.43608cab4da50df6ba2dfee95636a2b5
                           .group:00000000 wm4.tx_api.h.111.1e40bacadb0edb5b6b36282830ee23a5
                           .group:00000000 wm4.ieeefp.h.77.99029d7b8220a2cd73dd257e2bbe825d
                           .group:00000000 wm4._newlib_version.h.4.0eb654b64686e2bd29646258853f6c22
                           .group:00000000 wm4.newlib.h.27.b904f6f8971bd921b436e5701877de32
                           .group:00000000 wm4.features.h.22.4b93ad64e0d80833c46a20ecae380bb0
                           .group:00000000 wm4.config.h.224.10ee1ad185d877c6e334e6581faab44d
                           .group:00000000 wm4._ansi.h.31.de524f58584151836e90d8620a16f8e8
                           .group:00000000 wm4.stdlib.h.13.4ed386f5c1a80d71e72172885d946ef2
                           .group:00000000 wm4.stddef.h.200.7df09ddbfbefc5947db7aca5a0fd7644
                           .group:00000000 wm4.stddef.h.39.613e674cf2e6f142dfe584123421de07
                           .group:00000000 wm4._default_types.h.6.959254cf5f09734ea7516c89e8bb21bd
                           .group:00000000 wm4.cdefs.h.49.56fd742369e655e7e8a7e365e706e208
                           .group:00000000 wm4._types.h.20.dd0d04dca3800a0d2a6129b87f3adbb2
                           .group:00000000 wm4.stddef.h.173.4903093a50a8482cb062b176ea61fac3
                           .group:00000000 wm4._types.h.127.3bdfe3ff8ea2d0985b03d9cbe93480e3
                           .group:00000000 wm4.reent.h.18.25503cdc8b7e55dd0d6ea7b3e5af7a03
                           .group:00000000 wm4.lock.h.2.1461d1fff82dffe8bfddc23307f6484f
                           .group:00000000 wm4.reent.h.78.6d702f69a6d6435d2dbe915b10150b1a
                           .group:00000000 wm4.alloca.h.8.dfc0c703c47ec3e69746825b17d9e66d
                           .group:00000000 wm4.stdlib.h.56.f4862cfbf4363a1db01842d5bdf72c18
                           .group:00000000 wm4.string.h.8.c4b8571ce60dff2817f43fec8b86aecd
                           .group:00000000 wm4.stddef.h.173.1cea4f16a943c8e875db6791959c3141
                           .group:00000000 wm4.string.h.177.59a005921fa78485abc80a0267de5752
                           .group:00000000 wm4.tx_port.h.115.294deb9dc65e442684b838abd8efd62b
                           .group:00000000 wm4.tx_api.h.143.a8f6e7c0fde9aa86e8b6e86681771d37
                           .group:00000000 wm4.tx_thread.h.58.aca505065ec84c0c978a4a3ba538ff60
                           .group:00000000 wm4.tx_trace.h.77.bb51149367e9195b9dec1539d7828ce8

UNDEFINED SYMBOLS
_tx_trace_registry_start_ptr
_tx_trace_total_registry_entries
_tx_trace_available_registry_entries
_tx_trace_registry_search_start
