ARM GAS  /tmp/cc8JeoLq.s 			page 1


   1              		.arch armv8.1-m.main
   2              		.fpu fpv5-d16
   3              		.arch_extension dsp
   4              		.arch_extension fp
   5              		.arch_extension fp.dp
   6              		.arch_extension mve
   7              		.arch_extension mve.fp
   8              		.eabi_attribute 5, "cortex-m55"
   9              		.eabi_attribute 28, 1
  10              		.eabi_attribute 20, 1
  11              		.eabi_attribute 21, 1
  12              		.eabi_attribute 23, 3
  13              		.eabi_attribute 24, 1
  14              		.eabi_attribute 25, 1
  15              		.eabi_attribute 26, 1
  16              		.eabi_attribute 30, 4
  17              		.eabi_attribute 34, 1
  18              		.eabi_attribute 38, 1
  19              		.eabi_attribute 18, 4
  20              		.file	"tx_timer_system_deactivate.c"
  21              		.text
  22              	.Ltext0:
  23              		.cfi_sections	.debug_frame
  24              		.file 1 "../Middlewares/threadx/common/src/tx_timer_system_deactivate.c"
  25              		.section	.text._tx_timer_system_deactivate,"ax",%progbits
  26              		.align	1
  27              		.global	_tx_timer_system_deactivate
  28              		.syntax unified
  29              		.thumb
  30              		.thumb_func
  32              	_tx_timer_system_deactivate:
  33              	.LVL0:
  34              	.LFB8:
   1:../Middlewares/threadx/common/src/tx_timer_system_deactivate.c **** /**************************************************************************/
   2:../Middlewares/threadx/common/src/tx_timer_system_deactivate.c **** /*                                                                        */
   3:../Middlewares/threadx/common/src/tx_timer_system_deactivate.c **** /*       Copyright (c) Microsoft Corporation. All rights reserved.        */
   4:../Middlewares/threadx/common/src/tx_timer_system_deactivate.c **** /*                                                                        */
   5:../Middlewares/threadx/common/src/tx_timer_system_deactivate.c **** /*       This software is licensed under the Microsoft Software License   */
   6:../Middlewares/threadx/common/src/tx_timer_system_deactivate.c **** /*       Terms for Microsoft Azure RTOS. Full text of the license can be  */
   7:../Middlewares/threadx/common/src/tx_timer_system_deactivate.c **** /*       found in the LICENSE file at https://aka.ms/AzureRTOS_EULA       */
   8:../Middlewares/threadx/common/src/tx_timer_system_deactivate.c **** /*       and in the root directory of this software.                      */
   9:../Middlewares/threadx/common/src/tx_timer_system_deactivate.c **** /*                                                                        */
  10:../Middlewares/threadx/common/src/tx_timer_system_deactivate.c **** /**************************************************************************/
  11:../Middlewares/threadx/common/src/tx_timer_system_deactivate.c **** 
  12:../Middlewares/threadx/common/src/tx_timer_system_deactivate.c **** 
  13:../Middlewares/threadx/common/src/tx_timer_system_deactivate.c **** /**************************************************************************/
  14:../Middlewares/threadx/common/src/tx_timer_system_deactivate.c **** /**************************************************************************/
  15:../Middlewares/threadx/common/src/tx_timer_system_deactivate.c **** /**                                                                       */
  16:../Middlewares/threadx/common/src/tx_timer_system_deactivate.c **** /** ThreadX Component                                                     */
  17:../Middlewares/threadx/common/src/tx_timer_system_deactivate.c **** /**                                                                       */
  18:../Middlewares/threadx/common/src/tx_timer_system_deactivate.c **** /**   Timer                                                               */
  19:../Middlewares/threadx/common/src/tx_timer_system_deactivate.c **** /**                                                                       */
  20:../Middlewares/threadx/common/src/tx_timer_system_deactivate.c **** /**************************************************************************/
  21:../Middlewares/threadx/common/src/tx_timer_system_deactivate.c **** /**************************************************************************/
  22:../Middlewares/threadx/common/src/tx_timer_system_deactivate.c **** 
  23:../Middlewares/threadx/common/src/tx_timer_system_deactivate.c **** #define TX_SOURCE_CODE
  24:../Middlewares/threadx/common/src/tx_timer_system_deactivate.c **** 
ARM GAS  /tmp/cc8JeoLq.s 			page 2


  25:../Middlewares/threadx/common/src/tx_timer_system_deactivate.c **** 
  26:../Middlewares/threadx/common/src/tx_timer_system_deactivate.c **** /* Include necessary system files.  */
  27:../Middlewares/threadx/common/src/tx_timer_system_deactivate.c **** 
  28:../Middlewares/threadx/common/src/tx_timer_system_deactivate.c **** #include "tx_api.h"
  29:../Middlewares/threadx/common/src/tx_timer_system_deactivate.c **** #include "tx_timer.h"
  30:../Middlewares/threadx/common/src/tx_timer_system_deactivate.c **** 
  31:../Middlewares/threadx/common/src/tx_timer_system_deactivate.c **** 
  32:../Middlewares/threadx/common/src/tx_timer_system_deactivate.c **** /**************************************************************************/
  33:../Middlewares/threadx/common/src/tx_timer_system_deactivate.c **** /*                                                                        */
  34:../Middlewares/threadx/common/src/tx_timer_system_deactivate.c **** /*  FUNCTION                                               RELEASE        */
  35:../Middlewares/threadx/common/src/tx_timer_system_deactivate.c **** /*                                                                        */
  36:../Middlewares/threadx/common/src/tx_timer_system_deactivate.c **** /*    _tx_timer_system_deactivate                         PORTABLE C      */
  37:../Middlewares/threadx/common/src/tx_timer_system_deactivate.c **** /*                                                           6.1          */
  38:../Middlewares/threadx/common/src/tx_timer_system_deactivate.c **** /*  AUTHOR                                                                */
  39:../Middlewares/threadx/common/src/tx_timer_system_deactivate.c **** /*                                                                        */
  40:../Middlewares/threadx/common/src/tx_timer_system_deactivate.c **** /*    William E. Lamie, Microsoft Corporation                             */
  41:../Middlewares/threadx/common/src/tx_timer_system_deactivate.c **** /*                                                                        */
  42:../Middlewares/threadx/common/src/tx_timer_system_deactivate.c **** /*  DESCRIPTION                                                           */
  43:../Middlewares/threadx/common/src/tx_timer_system_deactivate.c **** /*                                                                        */
  44:../Middlewares/threadx/common/src/tx_timer_system_deactivate.c **** /*    This function deactivates, or removes the timer from the active     */
  45:../Middlewares/threadx/common/src/tx_timer_system_deactivate.c **** /*    timer expiration list.  If the timer is already deactivated, this   */
  46:../Middlewares/threadx/common/src/tx_timer_system_deactivate.c **** /*    function just returns.                                              */
  47:../Middlewares/threadx/common/src/tx_timer_system_deactivate.c **** /*                                                                        */
  48:../Middlewares/threadx/common/src/tx_timer_system_deactivate.c **** /*  INPUT                                                                 */
  49:../Middlewares/threadx/common/src/tx_timer_system_deactivate.c **** /*                                                                        */
  50:../Middlewares/threadx/common/src/tx_timer_system_deactivate.c **** /*    timer_ptr                         Pointer to timer control block    */
  51:../Middlewares/threadx/common/src/tx_timer_system_deactivate.c **** /*                                                                        */
  52:../Middlewares/threadx/common/src/tx_timer_system_deactivate.c **** /*  OUTPUT                                                                */
  53:../Middlewares/threadx/common/src/tx_timer_system_deactivate.c **** /*                                                                        */
  54:../Middlewares/threadx/common/src/tx_timer_system_deactivate.c **** /*    TX_SUCCESS                        Always returns success            */
  55:../Middlewares/threadx/common/src/tx_timer_system_deactivate.c **** /*                                                                        */
  56:../Middlewares/threadx/common/src/tx_timer_system_deactivate.c **** /*  CALLS                                                                 */
  57:../Middlewares/threadx/common/src/tx_timer_system_deactivate.c **** /*                                                                        */
  58:../Middlewares/threadx/common/src/tx_timer_system_deactivate.c **** /*    None                                                                */
  59:../Middlewares/threadx/common/src/tx_timer_system_deactivate.c **** /*                                                                        */
  60:../Middlewares/threadx/common/src/tx_timer_system_deactivate.c **** /*  CALLED BY                                                             */
  61:../Middlewares/threadx/common/src/tx_timer_system_deactivate.c **** /*                                                                        */
  62:../Middlewares/threadx/common/src/tx_timer_system_deactivate.c **** /*    _tx_thread_system_resume          Thread resume function            */
  63:../Middlewares/threadx/common/src/tx_timer_system_deactivate.c **** /*    _tx_timer_thread_entry            Timer thread processing           */
  64:../Middlewares/threadx/common/src/tx_timer_system_deactivate.c **** /*                                                                        */
  65:../Middlewares/threadx/common/src/tx_timer_system_deactivate.c **** /*  RELEASE HISTORY                                                       */
  66:../Middlewares/threadx/common/src/tx_timer_system_deactivate.c **** /*                                                                        */
  67:../Middlewares/threadx/common/src/tx_timer_system_deactivate.c **** /*    DATE              NAME                      DESCRIPTION             */
  68:../Middlewares/threadx/common/src/tx_timer_system_deactivate.c **** /*                                                                        */
  69:../Middlewares/threadx/common/src/tx_timer_system_deactivate.c **** /*  05-19-2020     William E. Lamie         Initial Version 6.0           */
  70:../Middlewares/threadx/common/src/tx_timer_system_deactivate.c **** /*  09-30-2020     Yuxin Zhou               Modified comment(s),          */
  71:../Middlewares/threadx/common/src/tx_timer_system_deactivate.c **** /*                                            resulting in version 6.1    */
  72:../Middlewares/threadx/common/src/tx_timer_system_deactivate.c **** /*                                                                        */
  73:../Middlewares/threadx/common/src/tx_timer_system_deactivate.c **** /**************************************************************************/
  74:../Middlewares/threadx/common/src/tx_timer_system_deactivate.c **** VOID  _tx_timer_system_deactivate(TX_TIMER_INTERNAL *timer_ptr)
  75:../Middlewares/threadx/common/src/tx_timer_system_deactivate.c **** {
  35              		.loc 1 75 1 view -0
  36              		.cfi_startproc
  37              		@ args = 0, pretend = 0, frame = 0
  38              		@ frame_needed = 0, uses_anonymous_args = 0
  39              		@ link register save eliminated.
  76:../Middlewares/threadx/common/src/tx_timer_system_deactivate.c **** 
ARM GAS  /tmp/cc8JeoLq.s 			page 3


  77:../Middlewares/threadx/common/src/tx_timer_system_deactivate.c **** TX_TIMER_INTERNAL   **list_head;
  40              		.loc 1 77 1 view .LVU1
  78:../Middlewares/threadx/common/src/tx_timer_system_deactivate.c **** TX_TIMER_INTERNAL   *next_timer;
  41              		.loc 1 78 1 view .LVU2
  79:../Middlewares/threadx/common/src/tx_timer_system_deactivate.c **** TX_TIMER_INTERNAL   *previous_timer;
  42              		.loc 1 79 1 view .LVU3
  80:../Middlewares/threadx/common/src/tx_timer_system_deactivate.c **** 
  81:../Middlewares/threadx/common/src/tx_timer_system_deactivate.c **** 
  82:../Middlewares/threadx/common/src/tx_timer_system_deactivate.c ****     /* Pickup the list head pointer.  */
  83:../Middlewares/threadx/common/src/tx_timer_system_deactivate.c ****     list_head =  timer_ptr -> tx_timer_internal_list_head;
  43              		.loc 1 83 5 view .LVU4
  44              		.loc 1 83 15 is_stmt 0 view .LVU5
  45 0000 8369     		ldr	r3, [r0, #24]
  46              	.LVL1:
  84:../Middlewares/threadx/common/src/tx_timer_system_deactivate.c **** 
  85:../Middlewares/threadx/common/src/tx_timer_system_deactivate.c ****     /* Determine if the timer still needs deactivation.  */
  86:../Middlewares/threadx/common/src/tx_timer_system_deactivate.c ****     if (list_head != TX_NULL)
  47              		.loc 1 86 5 is_stmt 1 view .LVU6
  48              		.loc 1 86 8 is_stmt 0 view .LVU7
  49 0002 4BB1     		cbz	r3, .L1
  87:../Middlewares/threadx/common/src/tx_timer_system_deactivate.c ****     {
  88:../Middlewares/threadx/common/src/tx_timer_system_deactivate.c **** 
  89:../Middlewares/threadx/common/src/tx_timer_system_deactivate.c ****         /* Deactivate the timer.  */
  90:../Middlewares/threadx/common/src/tx_timer_system_deactivate.c **** 
  91:../Middlewares/threadx/common/src/tx_timer_system_deactivate.c ****         /* Pickup the next active timer.  */
  92:../Middlewares/threadx/common/src/tx_timer_system_deactivate.c ****         next_timer =  timer_ptr -> tx_timer_internal_active_next;
  50              		.loc 1 92 9 is_stmt 1 view .LVU8
  51              		.loc 1 92 20 is_stmt 0 view .LVU9
  52 0004 0269     		ldr	r2, [r0, #16]
  53              	.LVL2:
  93:../Middlewares/threadx/common/src/tx_timer_system_deactivate.c **** 
  94:../Middlewares/threadx/common/src/tx_timer_system_deactivate.c ****         /* See if this is the only timer in the list.  */
  95:../Middlewares/threadx/common/src/tx_timer_system_deactivate.c ****         if (timer_ptr == next_timer)
  54              		.loc 1 95 9 is_stmt 1 view .LVU10
  55              		.loc 1 95 12 is_stmt 0 view .LVU11
  56 0006 9042     		cmp	r0, r2
  57 0008 07D1     		bne	.L3
  96:../Middlewares/threadx/common/src/tx_timer_system_deactivate.c ****         {
  97:../Middlewares/threadx/common/src/tx_timer_system_deactivate.c **** 
  98:../Middlewares/threadx/common/src/tx_timer_system_deactivate.c ****             /* Yes, the only timer on the list.  */
  99:../Middlewares/threadx/common/src/tx_timer_system_deactivate.c **** 
 100:../Middlewares/threadx/common/src/tx_timer_system_deactivate.c ****             /* Determine if the head pointer needs to be updated.  */
 101:../Middlewares/threadx/common/src/tx_timer_system_deactivate.c ****             if (*(list_head) == timer_ptr)
  58              		.loc 1 101 13 is_stmt 1 view .LVU12
  59              		.loc 1 101 16 is_stmt 0 view .LVU13
  60 000a 1A68     		ldr	r2, [r3]
  61              	.LVL3:
  62              		.loc 1 101 16 view .LVU14
  63 000c 8242     		cmp	r2, r0
  64 000e 01D1     		bne	.L5
 102:../Middlewares/threadx/common/src/tx_timer_system_deactivate.c ****             {
 103:../Middlewares/threadx/common/src/tx_timer_system_deactivate.c **** 
 104:../Middlewares/threadx/common/src/tx_timer_system_deactivate.c ****                 /* Update the head pointer.  */
 105:../Middlewares/threadx/common/src/tx_timer_system_deactivate.c ****                 *(list_head) =  TX_NULL;
  65              		.loc 1 105 17 is_stmt 1 view .LVU15
  66              		.loc 1 105 30 is_stmt 0 view .LVU16
  67 0010 0022     		movs	r2, #0
ARM GAS  /tmp/cc8JeoLq.s 			page 4


  68              	.LVL4:
  69              	.L10:
 106:../Middlewares/threadx/common/src/tx_timer_system_deactivate.c ****             }
 107:../Middlewares/threadx/common/src/tx_timer_system_deactivate.c ****         }
 108:../Middlewares/threadx/common/src/tx_timer_system_deactivate.c ****         else
 109:../Middlewares/threadx/common/src/tx_timer_system_deactivate.c ****         {
 110:../Middlewares/threadx/common/src/tx_timer_system_deactivate.c **** 
 111:../Middlewares/threadx/common/src/tx_timer_system_deactivate.c ****             /* At least one more timer is on the same expiration list.  */
 112:../Middlewares/threadx/common/src/tx_timer_system_deactivate.c **** 
 113:../Middlewares/threadx/common/src/tx_timer_system_deactivate.c ****             /* Update the links of the adjacent timers.  */
 114:../Middlewares/threadx/common/src/tx_timer_system_deactivate.c ****             previous_timer =                                   timer_ptr -> tx_timer_internal_activ
 115:../Middlewares/threadx/common/src/tx_timer_system_deactivate.c ****             next_timer -> tx_timer_internal_active_previous =  previous_timer;
 116:../Middlewares/threadx/common/src/tx_timer_system_deactivate.c ****             previous_timer -> tx_timer_internal_active_next =  next_timer;
 117:../Middlewares/threadx/common/src/tx_timer_system_deactivate.c **** 
 118:../Middlewares/threadx/common/src/tx_timer_system_deactivate.c ****             /* Determine if the head pointer needs to be updated.  */
 119:../Middlewares/threadx/common/src/tx_timer_system_deactivate.c ****             if (*(list_head) == timer_ptr)
 120:../Middlewares/threadx/common/src/tx_timer_system_deactivate.c ****             {
 121:../Middlewares/threadx/common/src/tx_timer_system_deactivate.c **** 
 122:../Middlewares/threadx/common/src/tx_timer_system_deactivate.c ****                 /* Update the next timer in the list with the list head pointer.  */
 123:../Middlewares/threadx/common/src/tx_timer_system_deactivate.c ****                 next_timer -> tx_timer_internal_list_head =  list_head;
 124:../Middlewares/threadx/common/src/tx_timer_system_deactivate.c **** 
 125:../Middlewares/threadx/common/src/tx_timer_system_deactivate.c ****                 /* Update the head pointer.  */
 126:../Middlewares/threadx/common/src/tx_timer_system_deactivate.c ****                 *(list_head) =  next_timer;
  70              		.loc 1 126 17 is_stmt 1 view .LVU17
  71              		.loc 1 126 30 is_stmt 0 view .LVU18
  72 0012 1A60     		str	r2, [r3]
  73              	.L5:
 127:../Middlewares/threadx/common/src/tx_timer_system_deactivate.c ****             }
 128:../Middlewares/threadx/common/src/tx_timer_system_deactivate.c ****         }
 129:../Middlewares/threadx/common/src/tx_timer_system_deactivate.c **** 
 130:../Middlewares/threadx/common/src/tx_timer_system_deactivate.c ****         /* Clear the timer's list head pointer.  */
 131:../Middlewares/threadx/common/src/tx_timer_system_deactivate.c ****         timer_ptr -> tx_timer_internal_list_head =  TX_NULL;
  74              		.loc 1 131 9 is_stmt 1 view .LVU19
  75              		.loc 1 131 50 is_stmt 0 view .LVU20
  76 0014 0023     		movs	r3, #0
  77              	.LVL5:
  78              		.loc 1 131 50 view .LVU21
  79 0016 8361     		str	r3, [r0, #24]
  80              	.LVL6:
  81              	.L1:
 132:../Middlewares/threadx/common/src/tx_timer_system_deactivate.c ****     }
 133:../Middlewares/threadx/common/src/tx_timer_system_deactivate.c **** }
  82              		.loc 1 133 1 view .LVU22
  83 0018 7047     		bx	lr
  84              	.LVL7:
  85              	.L3:
 114:../Middlewares/threadx/common/src/tx_timer_system_deactivate.c ****             next_timer -> tx_timer_internal_active_previous =  previous_timer;
  86              		.loc 1 114 13 is_stmt 1 view .LVU23
 114:../Middlewares/threadx/common/src/tx_timer_system_deactivate.c ****             next_timer -> tx_timer_internal_active_previous =  previous_timer;
  87              		.loc 1 114 28 is_stmt 0 view .LVU24
  88 001a 4169     		ldr	r1, [r0, #20]
  89              	.LVL8:
 115:../Middlewares/threadx/common/src/tx_timer_system_deactivate.c ****             previous_timer -> tx_timer_internal_active_next =  next_timer;
  90              		.loc 1 115 13 is_stmt 1 view .LVU25
 115:../Middlewares/threadx/common/src/tx_timer_system_deactivate.c ****             previous_timer -> tx_timer_internal_active_next =  next_timer;
  91              		.loc 1 115 61 is_stmt 0 view .LVU26
  92 001c 5161     		str	r1, [r2, #20]
ARM GAS  /tmp/cc8JeoLq.s 			page 5


 116:../Middlewares/threadx/common/src/tx_timer_system_deactivate.c **** 
  93              		.loc 1 116 13 is_stmt 1 view .LVU27
 116:../Middlewares/threadx/common/src/tx_timer_system_deactivate.c **** 
  94              		.loc 1 116 61 is_stmt 0 view .LVU28
  95 001e 0A61     		str	r2, [r1, #16]
 119:../Middlewares/threadx/common/src/tx_timer_system_deactivate.c ****             {
  96              		.loc 1 119 13 is_stmt 1 view .LVU29
 119:../Middlewares/threadx/common/src/tx_timer_system_deactivate.c ****             {
  97              		.loc 1 119 16 is_stmt 0 view .LVU30
  98 0020 1968     		ldr	r1, [r3]
  99              	.LVL9:
 119:../Middlewares/threadx/common/src/tx_timer_system_deactivate.c ****             {
 100              		.loc 1 119 16 view .LVU31
 101 0022 8142     		cmp	r1, r0
 102 0024 F6D1     		bne	.L5
 123:../Middlewares/threadx/common/src/tx_timer_system_deactivate.c **** 
 103              		.loc 1 123 17 is_stmt 1 view .LVU32
 123:../Middlewares/threadx/common/src/tx_timer_system_deactivate.c **** 
 104              		.loc 1 123 59 is_stmt 0 view .LVU33
 105 0026 9361     		str	r3, [r2, #24]
 106 0028 F3E7     		b	.L10
 107              		.cfi_endproc
 108              	.LFE8:
 110              		.text
 111              	.Letext0:
 112              		.file 2 "../Middlewares/threadx/common/inc/tx_api.h"
 113              		.file 3 "../Middlewares/threadx/ports/cortex_m55/gnu/inc/tx_port.h"
ARM GAS  /tmp/cc8JeoLq.s 			page 6


DEFINED SYMBOLS
                            *ABS*:00000000 tx_timer_system_deactivate.c
     /tmp/cc8JeoLq.s:26     .text._tx_timer_system_deactivate:00000000 $t
     /tmp/cc8JeoLq.s:32     .text._tx_timer_system_deactivate:00000000 _tx_timer_system_deactivate
                           .group:00000000 wm4.0.43608cab4da50df6ba2dfee95636a2b5
                           .group:00000000 wm4.tx_api.h.111.1e40bacadb0edb5b6b36282830ee23a5
                           .group:00000000 wm4.ieeefp.h.77.99029d7b8220a2cd73dd257e2bbe825d
                           .group:00000000 wm4._newlib_version.h.4.0eb654b64686e2bd29646258853f6c22
                           .group:00000000 wm4.newlib.h.27.b904f6f8971bd921b436e5701877de32
                           .group:00000000 wm4.features.h.22.4b93ad64e0d80833c46a20ecae380bb0
                           .group:00000000 wm4.config.h.224.10ee1ad185d877c6e334e6581faab44d
                           .group:00000000 wm4._ansi.h.31.de524f58584151836e90d8620a16f8e8
                           .group:00000000 wm4.stdlib.h.13.4ed386f5c1a80d71e72172885d946ef2
                           .group:00000000 wm4.stddef.h.200.7df09ddbfbefc5947db7aca5a0fd7644
                           .group:00000000 wm4.stddef.h.39.613e674cf2e6f142dfe584123421de07
                           .group:00000000 wm4._default_types.h.6.959254cf5f09734ea7516c89e8bb21bd
                           .group:00000000 wm4.cdefs.h.49.56fd742369e655e7e8a7e365e706e208
                           .group:00000000 wm4._types.h.20.dd0d04dca3800a0d2a6129b87f3adbb2
                           .group:00000000 wm4.stddef.h.173.4903093a50a8482cb062b176ea61fac3
                           .group:00000000 wm4._types.h.127.3bdfe3ff8ea2d0985b03d9cbe93480e3
                           .group:00000000 wm4.reent.h.18.25503cdc8b7e55dd0d6ea7b3e5af7a03
                           .group:00000000 wm4.lock.h.2.1461d1fff82dffe8bfddc23307f6484f
                           .group:00000000 wm4.reent.h.78.6d702f69a6d6435d2dbe915b10150b1a
                           .group:00000000 wm4.alloca.h.8.dfc0c703c47ec3e69746825b17d9e66d
                           .group:00000000 wm4.stdlib.h.56.f4862cfbf4363a1db01842d5bdf72c18
                           .group:00000000 wm4.string.h.8.c4b8571ce60dff2817f43fec8b86aecd
                           .group:00000000 wm4.stddef.h.173.1cea4f16a943c8e875db6791959c3141
                           .group:00000000 wm4.string.h.177.59a005921fa78485abc80a0267de5752
                           .group:00000000 wm4.tx_port.h.115.294deb9dc65e442684b838abd8efd62b
                           .group:00000000 wm4.tx_api.h.143.a8f6e7c0fde9aa86e8b6e86681771d37
                           .group:00000000 wm4.tx_timer.h.51.b883a0ddd0951b922baa8ab45496c096

NO UNDEFINED SYMBOLS
