ARM GAS  /tmp/ccEjTDdv.s 			page 1


   1              		.arch armv8.1-m.main
   2              		.fpu fpv5-d16
   3              		.arch_extension dsp
   4              		.arch_extension fp
   5              		.arch_extension fp.dp
   6              		.arch_extension mve
   7              		.arch_extension mve.fp
   8              		.eabi_attribute 5, "cortex-m55"
   9              		.eabi_attribute 28, 1
  10              		.eabi_attribute 20, 1
  11              		.eabi_attribute 21, 1
  12              		.eabi_attribute 23, 3
  13              		.eabi_attribute 24, 1
  14              		.eabi_attribute 25, 1
  15              		.eabi_attribute 26, 1
  16              		.eabi_attribute 30, 4
  17              		.eabi_attribute 34, 1
  18              		.eabi_attribute 38, 1
  19              		.eabi_attribute 18, 4
  20              		.file	"tx_thread_performance_system_info_get.c"
  21              		.text
  22              	.Ltext0:
  23              		.cfi_sections	.debug_frame
  24              		.file 1 "../Middlewares/threadx/common/src/tx_thread_performance_system_info_get.c"
  25              		.section	.text._tx_thread_performance_system_info_get,"ax",%progbits
  26              		.align	1
  27              		.global	_tx_thread_performance_system_info_get
  28              		.syntax unified
  29              		.thumb
  30              		.thumb_func
  32              	_tx_thread_performance_system_info_get:
  33              	.LVL0:
  34              	.LFB8:
   1:../Middlewares/threadx/common/src/tx_thread_performance_system_info_get.c **** /**************************************************************************/
   2:../Middlewares/threadx/common/src/tx_thread_performance_system_info_get.c **** /*                                                                        */
   3:../Middlewares/threadx/common/src/tx_thread_performance_system_info_get.c **** /*       Copyright (c) Microsoft Corporation. All rights reserved.        */
   4:../Middlewares/threadx/common/src/tx_thread_performance_system_info_get.c **** /*                                                                        */
   5:../Middlewares/threadx/common/src/tx_thread_performance_system_info_get.c **** /*       This software is licensed under the Microsoft Software License   */
   6:../Middlewares/threadx/common/src/tx_thread_performance_system_info_get.c **** /*       Terms for Microsoft Azure RTOS. Full text of the license can be  */
   7:../Middlewares/threadx/common/src/tx_thread_performance_system_info_get.c **** /*       found in the LICENSE file at https://aka.ms/AzureRTOS_EULA       */
   8:../Middlewares/threadx/common/src/tx_thread_performance_system_info_get.c **** /*       and in the root directory of this software.                      */
   9:../Middlewares/threadx/common/src/tx_thread_performance_system_info_get.c **** /*                                                                        */
  10:../Middlewares/threadx/common/src/tx_thread_performance_system_info_get.c **** /**************************************************************************/
  11:../Middlewares/threadx/common/src/tx_thread_performance_system_info_get.c **** 
  12:../Middlewares/threadx/common/src/tx_thread_performance_system_info_get.c **** 
  13:../Middlewares/threadx/common/src/tx_thread_performance_system_info_get.c **** /**************************************************************************/
  14:../Middlewares/threadx/common/src/tx_thread_performance_system_info_get.c **** /**************************************************************************/
  15:../Middlewares/threadx/common/src/tx_thread_performance_system_info_get.c **** /**                                                                       */
  16:../Middlewares/threadx/common/src/tx_thread_performance_system_info_get.c **** /** ThreadX Component                                                     */
  17:../Middlewares/threadx/common/src/tx_thread_performance_system_info_get.c **** /**                                                                       */
  18:../Middlewares/threadx/common/src/tx_thread_performance_system_info_get.c **** /**   Thread                                                              */
  19:../Middlewares/threadx/common/src/tx_thread_performance_system_info_get.c **** /**                                                                       */
  20:../Middlewares/threadx/common/src/tx_thread_performance_system_info_get.c **** /**************************************************************************/
  21:../Middlewares/threadx/common/src/tx_thread_performance_system_info_get.c **** /**************************************************************************/
  22:../Middlewares/threadx/common/src/tx_thread_performance_system_info_get.c **** 
  23:../Middlewares/threadx/common/src/tx_thread_performance_system_info_get.c **** #define TX_SOURCE_CODE
  24:../Middlewares/threadx/common/src/tx_thread_performance_system_info_get.c **** 
ARM GAS  /tmp/ccEjTDdv.s 			page 2


  25:../Middlewares/threadx/common/src/tx_thread_performance_system_info_get.c **** 
  26:../Middlewares/threadx/common/src/tx_thread_performance_system_info_get.c **** /* Include necessary system files.  */
  27:../Middlewares/threadx/common/src/tx_thread_performance_system_info_get.c **** 
  28:../Middlewares/threadx/common/src/tx_thread_performance_system_info_get.c **** #include "tx_api.h"
  29:../Middlewares/threadx/common/src/tx_thread_performance_system_info_get.c **** #include "tx_thread.h"
  30:../Middlewares/threadx/common/src/tx_thread_performance_system_info_get.c **** #ifdef TX_THREAD_ENABLE_PERFORMANCE_INFO
  31:../Middlewares/threadx/common/src/tx_thread_performance_system_info_get.c **** #include "tx_trace.h"
  32:../Middlewares/threadx/common/src/tx_thread_performance_system_info_get.c **** #endif
  33:../Middlewares/threadx/common/src/tx_thread_performance_system_info_get.c **** 
  34:../Middlewares/threadx/common/src/tx_thread_performance_system_info_get.c **** 
  35:../Middlewares/threadx/common/src/tx_thread_performance_system_info_get.c **** /**************************************************************************/
  36:../Middlewares/threadx/common/src/tx_thread_performance_system_info_get.c **** /*                                                                        */
  37:../Middlewares/threadx/common/src/tx_thread_performance_system_info_get.c **** /*  FUNCTION                                               RELEASE        */
  38:../Middlewares/threadx/common/src/tx_thread_performance_system_info_get.c **** /*                                                                        */
  39:../Middlewares/threadx/common/src/tx_thread_performance_system_info_get.c **** /*    _tx_thread_performance_system_info_get              PORTABLE C      */
  40:../Middlewares/threadx/common/src/tx_thread_performance_system_info_get.c **** /*                                                           6.1          */
  41:../Middlewares/threadx/common/src/tx_thread_performance_system_info_get.c **** /*  AUTHOR                                                                */
  42:../Middlewares/threadx/common/src/tx_thread_performance_system_info_get.c **** /*                                                                        */
  43:../Middlewares/threadx/common/src/tx_thread_performance_system_info_get.c **** /*    William E. Lamie, Microsoft Corporation                             */
  44:../Middlewares/threadx/common/src/tx_thread_performance_system_info_get.c **** /*                                                                        */
  45:../Middlewares/threadx/common/src/tx_thread_performance_system_info_get.c **** /*  DESCRIPTION                                                           */
  46:../Middlewares/threadx/common/src/tx_thread_performance_system_info_get.c **** /*                                                                        */
  47:../Middlewares/threadx/common/src/tx_thread_performance_system_info_get.c **** /*    This function retrieves thread system performance information.      */
  48:../Middlewares/threadx/common/src/tx_thread_performance_system_info_get.c **** /*                                                                        */
  49:../Middlewares/threadx/common/src/tx_thread_performance_system_info_get.c **** /*  INPUT                                                                 */
  50:../Middlewares/threadx/common/src/tx_thread_performance_system_info_get.c **** /*                                                                        */
  51:../Middlewares/threadx/common/src/tx_thread_performance_system_info_get.c **** /*    resumptions                       Destination for total number of   */
  52:../Middlewares/threadx/common/src/tx_thread_performance_system_info_get.c **** /*                                        thread resumptions              */
  53:../Middlewares/threadx/common/src/tx_thread_performance_system_info_get.c **** /*    suspensions                       Destination for total number of   */
  54:../Middlewares/threadx/common/src/tx_thread_performance_system_info_get.c **** /*                                        thread suspensions              */
  55:../Middlewares/threadx/common/src/tx_thread_performance_system_info_get.c **** /*    solicited_preemptions             Destination for total number of   */
  56:../Middlewares/threadx/common/src/tx_thread_performance_system_info_get.c **** /*                                        thread preemption from thread   */
  57:../Middlewares/threadx/common/src/tx_thread_performance_system_info_get.c **** /*                                        API calls                       */
  58:../Middlewares/threadx/common/src/tx_thread_performance_system_info_get.c **** /*    interrupt_preemptions             Destination for total number of   */
  59:../Middlewares/threadx/common/src/tx_thread_performance_system_info_get.c **** /*                                        thread preemptions as a result  */
  60:../Middlewares/threadx/common/src/tx_thread_performance_system_info_get.c **** /*                                        of threads made ready inside of */
  61:../Middlewares/threadx/common/src/tx_thread_performance_system_info_get.c **** /*                                        Interrupt Service Routines      */
  62:../Middlewares/threadx/common/src/tx_thread_performance_system_info_get.c **** /*    priority_inversions               Destination for total number of   */
  63:../Middlewares/threadx/common/src/tx_thread_performance_system_info_get.c **** /*                                        priority inversions             */
  64:../Middlewares/threadx/common/src/tx_thread_performance_system_info_get.c **** /*    time_slices                       Destination for total number of   */
  65:../Middlewares/threadx/common/src/tx_thread_performance_system_info_get.c **** /*                                        time-slices                     */
  66:../Middlewares/threadx/common/src/tx_thread_performance_system_info_get.c **** /*    relinquishes                      Destination for total number of   */
  67:../Middlewares/threadx/common/src/tx_thread_performance_system_info_get.c **** /*                                        relinquishes                    */
  68:../Middlewares/threadx/common/src/tx_thread_performance_system_info_get.c **** /*    timeouts                          Destination for total number of   */
  69:../Middlewares/threadx/common/src/tx_thread_performance_system_info_get.c **** /*                                        timeouts                        */
  70:../Middlewares/threadx/common/src/tx_thread_performance_system_info_get.c **** /*    wait_aborts                       Destination for total number of   */
  71:../Middlewares/threadx/common/src/tx_thread_performance_system_info_get.c **** /*                                        wait aborts                     */
  72:../Middlewares/threadx/common/src/tx_thread_performance_system_info_get.c **** /*    non_idle_returns                  Destination for total number of   */
  73:../Middlewares/threadx/common/src/tx_thread_performance_system_info_get.c **** /*                                        times threads return when       */
  74:../Middlewares/threadx/common/src/tx_thread_performance_system_info_get.c **** /*                                        another thread is ready         */
  75:../Middlewares/threadx/common/src/tx_thread_performance_system_info_get.c **** /*    idle_returns                      Destination for total number of   */
  76:../Middlewares/threadx/common/src/tx_thread_performance_system_info_get.c **** /*                                        times threads return when no    */
  77:../Middlewares/threadx/common/src/tx_thread_performance_system_info_get.c **** /*                                        other thread is ready           */
  78:../Middlewares/threadx/common/src/tx_thread_performance_system_info_get.c **** /*                                                                        */
  79:../Middlewares/threadx/common/src/tx_thread_performance_system_info_get.c **** /*  OUTPUT                                                                */
  80:../Middlewares/threadx/common/src/tx_thread_performance_system_info_get.c **** /*                                                                        */
  81:../Middlewares/threadx/common/src/tx_thread_performance_system_info_get.c **** /*    status                            Completion status                 */
ARM GAS  /tmp/ccEjTDdv.s 			page 3


  82:../Middlewares/threadx/common/src/tx_thread_performance_system_info_get.c **** /*                                                                        */
  83:../Middlewares/threadx/common/src/tx_thread_performance_system_info_get.c **** /*  CALLS                                                                 */
  84:../Middlewares/threadx/common/src/tx_thread_performance_system_info_get.c **** /*                                                                        */
  85:../Middlewares/threadx/common/src/tx_thread_performance_system_info_get.c **** /*    None                                                                */
  86:../Middlewares/threadx/common/src/tx_thread_performance_system_info_get.c **** /*                                                                        */
  87:../Middlewares/threadx/common/src/tx_thread_performance_system_info_get.c **** /*  CALLED BY                                                             */
  88:../Middlewares/threadx/common/src/tx_thread_performance_system_info_get.c **** /*                                                                        */
  89:../Middlewares/threadx/common/src/tx_thread_performance_system_info_get.c **** /*    Application Code                                                    */
  90:../Middlewares/threadx/common/src/tx_thread_performance_system_info_get.c **** /*                                                                        */
  91:../Middlewares/threadx/common/src/tx_thread_performance_system_info_get.c **** /*  RELEASE HISTORY                                                       */
  92:../Middlewares/threadx/common/src/tx_thread_performance_system_info_get.c **** /*                                                                        */
  93:../Middlewares/threadx/common/src/tx_thread_performance_system_info_get.c **** /*    DATE              NAME                      DESCRIPTION             */
  94:../Middlewares/threadx/common/src/tx_thread_performance_system_info_get.c **** /*                                                                        */
  95:../Middlewares/threadx/common/src/tx_thread_performance_system_info_get.c **** /*  05-19-2020     William E. Lamie         Initial Version 6.0           */
  96:../Middlewares/threadx/common/src/tx_thread_performance_system_info_get.c **** /*  09-30-2020     Yuxin Zhou               Modified comment(s),          */
  97:../Middlewares/threadx/common/src/tx_thread_performance_system_info_get.c **** /*                                            resulting in version 6.1    */
  98:../Middlewares/threadx/common/src/tx_thread_performance_system_info_get.c **** /*                                                                        */
  99:../Middlewares/threadx/common/src/tx_thread_performance_system_info_get.c **** /**************************************************************************/
 100:../Middlewares/threadx/common/src/tx_thread_performance_system_info_get.c **** UINT  _tx_thread_performance_system_info_get(ULONG *resumptions, ULONG *suspensions,
 101:../Middlewares/threadx/common/src/tx_thread_performance_system_info_get.c ****                 ULONG *solicited_preemptions, ULONG *interrupt_preemptions, ULONG *priority_inversi
 102:../Middlewares/threadx/common/src/tx_thread_performance_system_info_get.c ****                 ULONG *time_slices, ULONG *relinquishes, ULONG *timeouts, ULONG *wait_aborts,
 103:../Middlewares/threadx/common/src/tx_thread_performance_system_info_get.c ****                 ULONG *non_idle_returns, ULONG *idle_returns)
 104:../Middlewares/threadx/common/src/tx_thread_performance_system_info_get.c **** {
  35              		.loc 1 104 1 view -0
  36              		.cfi_startproc
  37              		@ args = 28, pretend = 0, frame = 0
  38              		@ frame_needed = 0, uses_anonymous_args = 0
  39              		@ link register save eliminated.
 105:../Middlewares/threadx/common/src/tx_thread_performance_system_info_get.c **** 
 106:../Middlewares/threadx/common/src/tx_thread_performance_system_info_get.c **** #ifdef TX_THREAD_ENABLE_PERFORMANCE_INFO
 107:../Middlewares/threadx/common/src/tx_thread_performance_system_info_get.c **** 
 108:../Middlewares/threadx/common/src/tx_thread_performance_system_info_get.c **** TX_INTERRUPT_SAVE_AREA
 109:../Middlewares/threadx/common/src/tx_thread_performance_system_info_get.c **** 
 110:../Middlewares/threadx/common/src/tx_thread_performance_system_info_get.c **** 
 111:../Middlewares/threadx/common/src/tx_thread_performance_system_info_get.c ****     /* Disable interrupts.  */
 112:../Middlewares/threadx/common/src/tx_thread_performance_system_info_get.c ****     TX_DISABLE
 113:../Middlewares/threadx/common/src/tx_thread_performance_system_info_get.c **** 
 114:../Middlewares/threadx/common/src/tx_thread_performance_system_info_get.c ****     /* If trace is enabled, insert this event into the trace buffer.  */
 115:../Middlewares/threadx/common/src/tx_thread_performance_system_info_get.c ****     TX_TRACE_IN_LINE_INSERT(TX_TRACE_THREAD_PERFORMANCE_SYSTEM_INFO_GET, 0, 0, 0, 0, TX_TRACE_THREA
 116:../Middlewares/threadx/common/src/tx_thread_performance_system_info_get.c **** 
 117:../Middlewares/threadx/common/src/tx_thread_performance_system_info_get.c ****     /* Log this kernel call.  */
 118:../Middlewares/threadx/common/src/tx_thread_performance_system_info_get.c ****     TX_EL_THREAD_PERFORMANCE_SYSTEM_INFO_GET_INSERT
 119:../Middlewares/threadx/common/src/tx_thread_performance_system_info_get.c **** 
 120:../Middlewares/threadx/common/src/tx_thread_performance_system_info_get.c ****     /* Retrieve all the pertinent information and return it in the supplied
 121:../Middlewares/threadx/common/src/tx_thread_performance_system_info_get.c ****        destinations.  */
 122:../Middlewares/threadx/common/src/tx_thread_performance_system_info_get.c **** 
 123:../Middlewares/threadx/common/src/tx_thread_performance_system_info_get.c ****     /* Retrieve total number of thread resumptions.  */
 124:../Middlewares/threadx/common/src/tx_thread_performance_system_info_get.c ****     if (resumptions != TX_NULL)
 125:../Middlewares/threadx/common/src/tx_thread_performance_system_info_get.c ****     {
 126:../Middlewares/threadx/common/src/tx_thread_performance_system_info_get.c **** 
 127:../Middlewares/threadx/common/src/tx_thread_performance_system_info_get.c ****         *resumptions =  _tx_thread_performance_resume_count;
 128:../Middlewares/threadx/common/src/tx_thread_performance_system_info_get.c ****     }
 129:../Middlewares/threadx/common/src/tx_thread_performance_system_info_get.c **** 
 130:../Middlewares/threadx/common/src/tx_thread_performance_system_info_get.c ****     /* Retrieve total number of thread suspensions.  */
 131:../Middlewares/threadx/common/src/tx_thread_performance_system_info_get.c ****     if (suspensions != TX_NULL)
 132:../Middlewares/threadx/common/src/tx_thread_performance_system_info_get.c ****     {
 133:../Middlewares/threadx/common/src/tx_thread_performance_system_info_get.c **** 
ARM GAS  /tmp/ccEjTDdv.s 			page 4


 134:../Middlewares/threadx/common/src/tx_thread_performance_system_info_get.c ****         *suspensions =  _tx_thread_performance_suspend_count;
 135:../Middlewares/threadx/common/src/tx_thread_performance_system_info_get.c ****     }
 136:../Middlewares/threadx/common/src/tx_thread_performance_system_info_get.c **** 
 137:../Middlewares/threadx/common/src/tx_thread_performance_system_info_get.c ****     /* Retrieve total number of solicited thread preemptions.  */
 138:../Middlewares/threadx/common/src/tx_thread_performance_system_info_get.c ****     if (solicited_preemptions != TX_NULL)
 139:../Middlewares/threadx/common/src/tx_thread_performance_system_info_get.c ****     {
 140:../Middlewares/threadx/common/src/tx_thread_performance_system_info_get.c **** 
 141:../Middlewares/threadx/common/src/tx_thread_performance_system_info_get.c ****         *solicited_preemptions =  _tx_thread_performance_solicited_preemption_count;
 142:../Middlewares/threadx/common/src/tx_thread_performance_system_info_get.c ****     }
 143:../Middlewares/threadx/common/src/tx_thread_performance_system_info_get.c **** 
 144:../Middlewares/threadx/common/src/tx_thread_performance_system_info_get.c ****     /* Retrieve total number of interrupt thread preemptions.  */
 145:../Middlewares/threadx/common/src/tx_thread_performance_system_info_get.c ****     if (interrupt_preemptions != TX_NULL)
 146:../Middlewares/threadx/common/src/tx_thread_performance_system_info_get.c ****     {
 147:../Middlewares/threadx/common/src/tx_thread_performance_system_info_get.c **** 
 148:../Middlewares/threadx/common/src/tx_thread_performance_system_info_get.c ****         *interrupt_preemptions =  _tx_thread_performance_interrupt_preemption_count;
 149:../Middlewares/threadx/common/src/tx_thread_performance_system_info_get.c ****     }
 150:../Middlewares/threadx/common/src/tx_thread_performance_system_info_get.c **** 
 151:../Middlewares/threadx/common/src/tx_thread_performance_system_info_get.c ****     /* Retrieve total number of thread priority inversions.  */
 152:../Middlewares/threadx/common/src/tx_thread_performance_system_info_get.c ****     if (priority_inversions != TX_NULL)
 153:../Middlewares/threadx/common/src/tx_thread_performance_system_info_get.c ****     {
 154:../Middlewares/threadx/common/src/tx_thread_performance_system_info_get.c **** 
 155:../Middlewares/threadx/common/src/tx_thread_performance_system_info_get.c ****         *priority_inversions =  _tx_thread_performance_priority_inversion_count;
 156:../Middlewares/threadx/common/src/tx_thread_performance_system_info_get.c ****     }
 157:../Middlewares/threadx/common/src/tx_thread_performance_system_info_get.c **** 
 158:../Middlewares/threadx/common/src/tx_thread_performance_system_info_get.c ****     /* Retrieve total number of thread time-slices.  */
 159:../Middlewares/threadx/common/src/tx_thread_performance_system_info_get.c ****     if (time_slices != TX_NULL)
 160:../Middlewares/threadx/common/src/tx_thread_performance_system_info_get.c ****     {
 161:../Middlewares/threadx/common/src/tx_thread_performance_system_info_get.c **** 
 162:../Middlewares/threadx/common/src/tx_thread_performance_system_info_get.c ****         *time_slices =  _tx_thread_performance_time_slice_count;
 163:../Middlewares/threadx/common/src/tx_thread_performance_system_info_get.c ****     }
 164:../Middlewares/threadx/common/src/tx_thread_performance_system_info_get.c **** 
 165:../Middlewares/threadx/common/src/tx_thread_performance_system_info_get.c ****     /* Retrieve total number of thread relinquishes.  */
 166:../Middlewares/threadx/common/src/tx_thread_performance_system_info_get.c ****     if (relinquishes != TX_NULL)
 167:../Middlewares/threadx/common/src/tx_thread_performance_system_info_get.c ****     {
 168:../Middlewares/threadx/common/src/tx_thread_performance_system_info_get.c **** 
 169:../Middlewares/threadx/common/src/tx_thread_performance_system_info_get.c ****         *relinquishes =  _tx_thread_performance_relinquish_count;
 170:../Middlewares/threadx/common/src/tx_thread_performance_system_info_get.c ****     }
 171:../Middlewares/threadx/common/src/tx_thread_performance_system_info_get.c **** 
 172:../Middlewares/threadx/common/src/tx_thread_performance_system_info_get.c ****     /* Retrieve total number of thread timeouts.  */
 173:../Middlewares/threadx/common/src/tx_thread_performance_system_info_get.c ****     if (timeouts != TX_NULL)
 174:../Middlewares/threadx/common/src/tx_thread_performance_system_info_get.c ****     {
 175:../Middlewares/threadx/common/src/tx_thread_performance_system_info_get.c **** 
 176:../Middlewares/threadx/common/src/tx_thread_performance_system_info_get.c ****         *timeouts =  _tx_thread_performance_timeout_count;
 177:../Middlewares/threadx/common/src/tx_thread_performance_system_info_get.c ****     }
 178:../Middlewares/threadx/common/src/tx_thread_performance_system_info_get.c **** 
 179:../Middlewares/threadx/common/src/tx_thread_performance_system_info_get.c ****     /* Retrieve total number of thread wait aborts.  */
 180:../Middlewares/threadx/common/src/tx_thread_performance_system_info_get.c ****     if (wait_aborts != TX_NULL)
 181:../Middlewares/threadx/common/src/tx_thread_performance_system_info_get.c ****     {
 182:../Middlewares/threadx/common/src/tx_thread_performance_system_info_get.c **** 
 183:../Middlewares/threadx/common/src/tx_thread_performance_system_info_get.c ****         *wait_aborts =  _tx_thread_performance_wait_abort_count;
 184:../Middlewares/threadx/common/src/tx_thread_performance_system_info_get.c ****     }
 185:../Middlewares/threadx/common/src/tx_thread_performance_system_info_get.c **** 
 186:../Middlewares/threadx/common/src/tx_thread_performance_system_info_get.c ****     /* Retrieve total number of thread non-idle system returns.  */
 187:../Middlewares/threadx/common/src/tx_thread_performance_system_info_get.c ****     if (non_idle_returns != TX_NULL)
 188:../Middlewares/threadx/common/src/tx_thread_performance_system_info_get.c ****     {
 189:../Middlewares/threadx/common/src/tx_thread_performance_system_info_get.c **** 
 190:../Middlewares/threadx/common/src/tx_thread_performance_system_info_get.c ****         *non_idle_returns =  _tx_thread_performance_non_idle_return_count;
ARM GAS  /tmp/ccEjTDdv.s 			page 5


 191:../Middlewares/threadx/common/src/tx_thread_performance_system_info_get.c ****     }
 192:../Middlewares/threadx/common/src/tx_thread_performance_system_info_get.c **** 
 193:../Middlewares/threadx/common/src/tx_thread_performance_system_info_get.c ****     /* Retrieve total number of thread idle system returns.  */
 194:../Middlewares/threadx/common/src/tx_thread_performance_system_info_get.c ****     if (idle_returns != TX_NULL)
 195:../Middlewares/threadx/common/src/tx_thread_performance_system_info_get.c ****     {
 196:../Middlewares/threadx/common/src/tx_thread_performance_system_info_get.c **** 
 197:../Middlewares/threadx/common/src/tx_thread_performance_system_info_get.c ****         *idle_returns =  _tx_thread_performance_idle_return_count;
 198:../Middlewares/threadx/common/src/tx_thread_performance_system_info_get.c ****     }
 199:../Middlewares/threadx/common/src/tx_thread_performance_system_info_get.c **** 
 200:../Middlewares/threadx/common/src/tx_thread_performance_system_info_get.c ****     /* Restore interrupts.  */
 201:../Middlewares/threadx/common/src/tx_thread_performance_system_info_get.c ****     TX_RESTORE
 202:../Middlewares/threadx/common/src/tx_thread_performance_system_info_get.c **** 
 203:../Middlewares/threadx/common/src/tx_thread_performance_system_info_get.c ****     /* Return completion status.  */
 204:../Middlewares/threadx/common/src/tx_thread_performance_system_info_get.c ****     return(TX_SUCCESS);
 205:../Middlewares/threadx/common/src/tx_thread_performance_system_info_get.c **** 
 206:../Middlewares/threadx/common/src/tx_thread_performance_system_info_get.c **** #else
 207:../Middlewares/threadx/common/src/tx_thread_performance_system_info_get.c **** 
 208:../Middlewares/threadx/common/src/tx_thread_performance_system_info_get.c **** UINT        status;
  40              		.loc 1 208 1 view .LVU1
 209:../Middlewares/threadx/common/src/tx_thread_performance_system_info_get.c **** 
 210:../Middlewares/threadx/common/src/tx_thread_performance_system_info_get.c **** 
 211:../Middlewares/threadx/common/src/tx_thread_performance_system_info_get.c ****     /* Access input arguments just for the sake of lint, MISRA, etc.  */
 212:../Middlewares/threadx/common/src/tx_thread_performance_system_info_get.c ****     if (resumptions != TX_NULL)
  41              		.loc 1 212 5 view .LVU2
 213:../Middlewares/threadx/common/src/tx_thread_performance_system_info_get.c ****     {
 214:../Middlewares/threadx/common/src/tx_thread_performance_system_info_get.c **** 
 215:../Middlewares/threadx/common/src/tx_thread_performance_system_info_get.c ****         /* Not enabled, return error.  */
 216:../Middlewares/threadx/common/src/tx_thread_performance_system_info_get.c ****         status =  TX_FEATURE_NOT_ENABLED;
 217:../Middlewares/threadx/common/src/tx_thread_performance_system_info_get.c ****     }
 218:../Middlewares/threadx/common/src/tx_thread_performance_system_info_get.c ****     else if (suspensions != TX_NULL)
  42              		.loc 1 218 10 view .LVU3
 219:../Middlewares/threadx/common/src/tx_thread_performance_system_info_get.c ****     {
 220:../Middlewares/threadx/common/src/tx_thread_performance_system_info_get.c **** 
 221:../Middlewares/threadx/common/src/tx_thread_performance_system_info_get.c ****         /* Not enabled, return error.  */
 222:../Middlewares/threadx/common/src/tx_thread_performance_system_info_get.c ****         status =  TX_FEATURE_NOT_ENABLED;
 223:../Middlewares/threadx/common/src/tx_thread_performance_system_info_get.c ****     }
 224:../Middlewares/threadx/common/src/tx_thread_performance_system_info_get.c ****     else if (solicited_preemptions != TX_NULL)
  43              		.loc 1 224 10 view .LVU4
 225:../Middlewares/threadx/common/src/tx_thread_performance_system_info_get.c ****     {
 226:../Middlewares/threadx/common/src/tx_thread_performance_system_info_get.c **** 
 227:../Middlewares/threadx/common/src/tx_thread_performance_system_info_get.c ****         /* Not enabled, return error.  */
 228:../Middlewares/threadx/common/src/tx_thread_performance_system_info_get.c ****         status =  TX_FEATURE_NOT_ENABLED;
 229:../Middlewares/threadx/common/src/tx_thread_performance_system_info_get.c ****     }
 230:../Middlewares/threadx/common/src/tx_thread_performance_system_info_get.c ****     else if (interrupt_preemptions != TX_NULL)
  44              		.loc 1 230 10 view .LVU5
 231:../Middlewares/threadx/common/src/tx_thread_performance_system_info_get.c ****     {
 232:../Middlewares/threadx/common/src/tx_thread_performance_system_info_get.c **** 
 233:../Middlewares/threadx/common/src/tx_thread_performance_system_info_get.c ****         /* Not enabled, return error.  */
 234:../Middlewares/threadx/common/src/tx_thread_performance_system_info_get.c ****         status =  TX_FEATURE_NOT_ENABLED;
 235:../Middlewares/threadx/common/src/tx_thread_performance_system_info_get.c ****     }
 236:../Middlewares/threadx/common/src/tx_thread_performance_system_info_get.c ****     else if (priority_inversions != TX_NULL)
  45              		.loc 1 236 10 view .LVU6
 237:../Middlewares/threadx/common/src/tx_thread_performance_system_info_get.c ****     {
 238:../Middlewares/threadx/common/src/tx_thread_performance_system_info_get.c **** 
 239:../Middlewares/threadx/common/src/tx_thread_performance_system_info_get.c ****         /* Not enabled, return error.  */
 240:../Middlewares/threadx/common/src/tx_thread_performance_system_info_get.c ****         status =  TX_FEATURE_NOT_ENABLED;
 241:../Middlewares/threadx/common/src/tx_thread_performance_system_info_get.c ****     }
ARM GAS  /tmp/ccEjTDdv.s 			page 6


 242:../Middlewares/threadx/common/src/tx_thread_performance_system_info_get.c ****     else if (time_slices != TX_NULL)
  46              		.loc 1 242 10 view .LVU7
 243:../Middlewares/threadx/common/src/tx_thread_performance_system_info_get.c ****     {
 244:../Middlewares/threadx/common/src/tx_thread_performance_system_info_get.c **** 
 245:../Middlewares/threadx/common/src/tx_thread_performance_system_info_get.c ****         /* Not enabled, return error.  */
 246:../Middlewares/threadx/common/src/tx_thread_performance_system_info_get.c ****         status =  TX_FEATURE_NOT_ENABLED;
 247:../Middlewares/threadx/common/src/tx_thread_performance_system_info_get.c ****     }
 248:../Middlewares/threadx/common/src/tx_thread_performance_system_info_get.c ****     else if (relinquishes != TX_NULL)
  47              		.loc 1 248 10 view .LVU8
 249:../Middlewares/threadx/common/src/tx_thread_performance_system_info_get.c ****     {
 250:../Middlewares/threadx/common/src/tx_thread_performance_system_info_get.c **** 
 251:../Middlewares/threadx/common/src/tx_thread_performance_system_info_get.c ****         /* Not enabled, return error.  */
 252:../Middlewares/threadx/common/src/tx_thread_performance_system_info_get.c ****         status =  TX_FEATURE_NOT_ENABLED;
 253:../Middlewares/threadx/common/src/tx_thread_performance_system_info_get.c ****     }
 254:../Middlewares/threadx/common/src/tx_thread_performance_system_info_get.c ****     else if (timeouts != TX_NULL)
  48              		.loc 1 254 10 view .LVU9
 255:../Middlewares/threadx/common/src/tx_thread_performance_system_info_get.c ****     {
 256:../Middlewares/threadx/common/src/tx_thread_performance_system_info_get.c **** 
 257:../Middlewares/threadx/common/src/tx_thread_performance_system_info_get.c ****         /* Not enabled, return error.  */
 258:../Middlewares/threadx/common/src/tx_thread_performance_system_info_get.c ****         status =  TX_FEATURE_NOT_ENABLED;
 259:../Middlewares/threadx/common/src/tx_thread_performance_system_info_get.c ****     }
 260:../Middlewares/threadx/common/src/tx_thread_performance_system_info_get.c ****     else if (wait_aborts != TX_NULL)
  49              		.loc 1 260 10 view .LVU10
 261:../Middlewares/threadx/common/src/tx_thread_performance_system_info_get.c ****     {
 262:../Middlewares/threadx/common/src/tx_thread_performance_system_info_get.c **** 
 263:../Middlewares/threadx/common/src/tx_thread_performance_system_info_get.c ****         /* Not enabled, return error.  */
 264:../Middlewares/threadx/common/src/tx_thread_performance_system_info_get.c ****         status =  TX_FEATURE_NOT_ENABLED;
 265:../Middlewares/threadx/common/src/tx_thread_performance_system_info_get.c ****     }
 266:../Middlewares/threadx/common/src/tx_thread_performance_system_info_get.c ****     else if (non_idle_returns != TX_NULL)
  50              		.loc 1 266 10 view .LVU11
 267:../Middlewares/threadx/common/src/tx_thread_performance_system_info_get.c ****     {
 268:../Middlewares/threadx/common/src/tx_thread_performance_system_info_get.c **** 
 269:../Middlewares/threadx/common/src/tx_thread_performance_system_info_get.c ****         /* Not enabled, return error.  */
 270:../Middlewares/threadx/common/src/tx_thread_performance_system_info_get.c ****         status =  TX_FEATURE_NOT_ENABLED;
 271:../Middlewares/threadx/common/src/tx_thread_performance_system_info_get.c ****     }
 272:../Middlewares/threadx/common/src/tx_thread_performance_system_info_get.c ****     else if (idle_returns != TX_NULL)
  51              		.loc 1 272 10 view .LVU12
 273:../Middlewares/threadx/common/src/tx_thread_performance_system_info_get.c ****     {
 274:../Middlewares/threadx/common/src/tx_thread_performance_system_info_get.c **** 
 275:../Middlewares/threadx/common/src/tx_thread_performance_system_info_get.c ****         /* Not enabled, return error.  */
 276:../Middlewares/threadx/common/src/tx_thread_performance_system_info_get.c ****         status =  TX_FEATURE_NOT_ENABLED;
 277:../Middlewares/threadx/common/src/tx_thread_performance_system_info_get.c ****     }
 278:../Middlewares/threadx/common/src/tx_thread_performance_system_info_get.c ****     else
 279:../Middlewares/threadx/common/src/tx_thread_performance_system_info_get.c ****     {
 280:../Middlewares/threadx/common/src/tx_thread_performance_system_info_get.c **** 
 281:../Middlewares/threadx/common/src/tx_thread_performance_system_info_get.c ****         /* Not enabled, return error.  */
 282:../Middlewares/threadx/common/src/tx_thread_performance_system_info_get.c ****         status =  TX_FEATURE_NOT_ENABLED;
  52              		.loc 1 282 9 view .LVU13
 283:../Middlewares/threadx/common/src/tx_thread_performance_system_info_get.c ****     }
 284:../Middlewares/threadx/common/src/tx_thread_performance_system_info_get.c **** 
 285:../Middlewares/threadx/common/src/tx_thread_performance_system_info_get.c ****     /* Return completion status.  */
 286:../Middlewares/threadx/common/src/tx_thread_performance_system_info_get.c ****     return(status);
  53              		.loc 1 286 5 view .LVU14
 287:../Middlewares/threadx/common/src/tx_thread_performance_system_info_get.c **** #endif
 288:../Middlewares/threadx/common/src/tx_thread_performance_system_info_get.c **** }
  54              		.loc 1 288 1 is_stmt 0 view .LVU15
  55 0000 FF20     		movs	r0, #255
ARM GAS  /tmp/ccEjTDdv.s 			page 7


  56              	.LVL1:
  57              		.loc 1 288 1 view .LVU16
  58 0002 7047     		bx	lr
  59              		.cfi_endproc
  60              	.LFE8:
  62              		.text
  63              	.Letext0:
  64              		.file 2 "../Middlewares/threadx/ports/cortex_m55/gnu/inc/tx_port.h"
ARM GAS  /tmp/ccEjTDdv.s 			page 8


DEFINED SYMBOLS
                            *ABS*:00000000 tx_thread_performance_system_info_get.c
     /tmp/ccEjTDdv.s:26     .text._tx_thread_performance_system_info_get:00000000 $t
     /tmp/ccEjTDdv.s:32     .text._tx_thread_performance_system_info_get:00000000 _tx_thread_performance_system_info_get
                           .group:00000000 wm4.0.43608cab4da50df6ba2dfee95636a2b5
                           .group:00000000 wm4.tx_api.h.111.1e40bacadb0edb5b6b36282830ee23a5
                           .group:00000000 wm4.ieeefp.h.77.99029d7b8220a2cd73dd257e2bbe825d
                           .group:00000000 wm4._newlib_version.h.4.0eb654b64686e2bd29646258853f6c22
                           .group:00000000 wm4.newlib.h.27.b904f6f8971bd921b436e5701877de32
                           .group:00000000 wm4.features.h.22.4b93ad64e0d80833c46a20ecae380bb0
                           .group:00000000 wm4.config.h.224.10ee1ad185d877c6e334e6581faab44d
                           .group:00000000 wm4._ansi.h.31.de524f58584151836e90d8620a16f8e8
                           .group:00000000 wm4.stdlib.h.13.4ed386f5c1a80d71e72172885d946ef2
                           .group:00000000 wm4.stddef.h.200.7df09ddbfbefc5947db7aca5a0fd7644
                           .group:00000000 wm4.stddef.h.39.613e674cf2e6f142dfe584123421de07
                           .group:00000000 wm4._default_types.h.6.959254cf5f09734ea7516c89e8bb21bd
                           .group:00000000 wm4.cdefs.h.49.56fd742369e655e7e8a7e365e706e208
                           .group:00000000 wm4._types.h.20.dd0d04dca3800a0d2a6129b87f3adbb2
                           .group:00000000 wm4.stddef.h.173.4903093a50a8482cb062b176ea61fac3
                           .group:00000000 wm4._types.h.127.3bdfe3ff8ea2d0985b03d9cbe93480e3
                           .group:00000000 wm4.reent.h.18.25503cdc8b7e55dd0d6ea7b3e5af7a03
                           .group:00000000 wm4.lock.h.2.1461d1fff82dffe8bfddc23307f6484f
                           .group:00000000 wm4.reent.h.78.6d702f69a6d6435d2dbe915b10150b1a
                           .group:00000000 wm4.alloca.h.8.dfc0c703c47ec3e69746825b17d9e66d
                           .group:00000000 wm4.stdlib.h.56.f4862cfbf4363a1db01842d5bdf72c18
                           .group:00000000 wm4.string.h.8.c4b8571ce60dff2817f43fec8b86aecd
                           .group:00000000 wm4.stddef.h.173.1cea4f16a943c8e875db6791959c3141
                           .group:00000000 wm4.string.h.177.59a005921fa78485abc80a0267de5752
                           .group:00000000 wm4.tx_port.h.115.294deb9dc65e442684b838abd8efd62b
                           .group:00000000 wm4.tx_api.h.143.a8f6e7c0fde9aa86e8b6e86681771d37
                           .group:00000000 wm4.tx_thread.h.58.aca505065ec84c0c978a4a3ba538ff60

NO UNDEFINED SYMBOLS
