ARM GAS  /tmp/ccLcKVD3.s 			page 1


   1              		.arch armv8.1-m.main
   2              		.fpu fpv5-d16
   3              		.arch_extension dsp
   4              		.arch_extension fp
   5              		.arch_extension fp.dp
   6              		.arch_extension mve
   7              		.arch_extension mve.fp
   8              		.eabi_attribute 5, "cortex-m55"
   9              		.eabi_attribute 28, 1
  10              		.eabi_attribute 20, 1
  11              		.eabi_attribute 21, 1
  12              		.eabi_attribute 23, 3
  13              		.eabi_attribute 24, 1
  14              		.eabi_attribute 25, 1
  15              		.eabi_attribute 26, 1
  16              		.eabi_attribute 30, 4
  17              		.eabi_attribute 34, 1
  18              		.eabi_attribute 38, 1
  19              		.eabi_attribute 18, 4
  20              		.file	"tx_timer_performance_info_get.c"
  21              		.text
  22              	.Ltext0:
  23              		.cfi_sections	.debug_frame
  24              		.file 1 "../Middlewares/threadx/common/src/tx_timer_performance_info_get.c"
  25              		.section	.text._tx_timer_performance_info_get,"ax",%progbits
  26              		.align	1
  27              		.global	_tx_timer_performance_info_get
  28              		.syntax unified
  29              		.thumb
  30              		.thumb_func
  32              	_tx_timer_performance_info_get:
  33              	.LVL0:
  34              	.LFB8:
   1:../Middlewares/threadx/common/src/tx_timer_performance_info_get.c **** /**************************************************************************/
   2:../Middlewares/threadx/common/src/tx_timer_performance_info_get.c **** /*                                                                        */
   3:../Middlewares/threadx/common/src/tx_timer_performance_info_get.c **** /*       Copyright (c) Microsoft Corporation. All rights reserved.        */
   4:../Middlewares/threadx/common/src/tx_timer_performance_info_get.c **** /*                                                                        */
   5:../Middlewares/threadx/common/src/tx_timer_performance_info_get.c **** /*       This software is licensed under the Microsoft Software License   */
   6:../Middlewares/threadx/common/src/tx_timer_performance_info_get.c **** /*       Terms for Microsoft Azure RTOS. Full text of the license can be  */
   7:../Middlewares/threadx/common/src/tx_timer_performance_info_get.c **** /*       found in the LICENSE file at https://aka.ms/AzureRTOS_EULA       */
   8:../Middlewares/threadx/common/src/tx_timer_performance_info_get.c **** /*       and in the root directory of this software.                      */
   9:../Middlewares/threadx/common/src/tx_timer_performance_info_get.c **** /*                                                                        */
  10:../Middlewares/threadx/common/src/tx_timer_performance_info_get.c **** /**************************************************************************/
  11:../Middlewares/threadx/common/src/tx_timer_performance_info_get.c **** 
  12:../Middlewares/threadx/common/src/tx_timer_performance_info_get.c **** 
  13:../Middlewares/threadx/common/src/tx_timer_performance_info_get.c **** /**************************************************************************/
  14:../Middlewares/threadx/common/src/tx_timer_performance_info_get.c **** /**************************************************************************/
  15:../Middlewares/threadx/common/src/tx_timer_performance_info_get.c **** /**                                                                       */
  16:../Middlewares/threadx/common/src/tx_timer_performance_info_get.c **** /** ThreadX Component                                                     */
  17:../Middlewares/threadx/common/src/tx_timer_performance_info_get.c **** /**                                                                       */
  18:../Middlewares/threadx/common/src/tx_timer_performance_info_get.c **** /**   Timer                                                               */
  19:../Middlewares/threadx/common/src/tx_timer_performance_info_get.c **** /**                                                                       */
  20:../Middlewares/threadx/common/src/tx_timer_performance_info_get.c **** /**************************************************************************/
  21:../Middlewares/threadx/common/src/tx_timer_performance_info_get.c **** /**************************************************************************/
  22:../Middlewares/threadx/common/src/tx_timer_performance_info_get.c **** 
  23:../Middlewares/threadx/common/src/tx_timer_performance_info_get.c **** #define TX_SOURCE_CODE
  24:../Middlewares/threadx/common/src/tx_timer_performance_info_get.c **** 
ARM GAS  /tmp/ccLcKVD3.s 			page 2


  25:../Middlewares/threadx/common/src/tx_timer_performance_info_get.c **** 
  26:../Middlewares/threadx/common/src/tx_timer_performance_info_get.c **** /* Include necessary system files.  */
  27:../Middlewares/threadx/common/src/tx_timer_performance_info_get.c **** 
  28:../Middlewares/threadx/common/src/tx_timer_performance_info_get.c **** #include "tx_api.h"
  29:../Middlewares/threadx/common/src/tx_timer_performance_info_get.c **** #include "tx_timer.h"
  30:../Middlewares/threadx/common/src/tx_timer_performance_info_get.c **** #ifdef TX_TIMER_ENABLE_PERFORMANCE_INFO
  31:../Middlewares/threadx/common/src/tx_timer_performance_info_get.c **** #include "tx_trace.h"
  32:../Middlewares/threadx/common/src/tx_timer_performance_info_get.c **** #endif
  33:../Middlewares/threadx/common/src/tx_timer_performance_info_get.c **** 
  34:../Middlewares/threadx/common/src/tx_timer_performance_info_get.c **** 
  35:../Middlewares/threadx/common/src/tx_timer_performance_info_get.c **** /**************************************************************************/
  36:../Middlewares/threadx/common/src/tx_timer_performance_info_get.c **** /*                                                                        */
  37:../Middlewares/threadx/common/src/tx_timer_performance_info_get.c **** /*  FUNCTION                                               RELEASE        */
  38:../Middlewares/threadx/common/src/tx_timer_performance_info_get.c **** /*                                                                        */
  39:../Middlewares/threadx/common/src/tx_timer_performance_info_get.c **** /*    _tx_timer_performance_info_get                      PORTABLE C      */
  40:../Middlewares/threadx/common/src/tx_timer_performance_info_get.c **** /*                                                           6.1          */
  41:../Middlewares/threadx/common/src/tx_timer_performance_info_get.c **** /*  AUTHOR                                                                */
  42:../Middlewares/threadx/common/src/tx_timer_performance_info_get.c **** /*                                                                        */
  43:../Middlewares/threadx/common/src/tx_timer_performance_info_get.c **** /*    William E. Lamie, Microsoft Corporation                             */
  44:../Middlewares/threadx/common/src/tx_timer_performance_info_get.c **** /*                                                                        */
  45:../Middlewares/threadx/common/src/tx_timer_performance_info_get.c **** /*  DESCRIPTION                                                           */
  46:../Middlewares/threadx/common/src/tx_timer_performance_info_get.c **** /*                                                                        */
  47:../Middlewares/threadx/common/src/tx_timer_performance_info_get.c **** /*    This function retrieves performance information from the specified  */
  48:../Middlewares/threadx/common/src/tx_timer_performance_info_get.c **** /*    timer.                                                              */
  49:../Middlewares/threadx/common/src/tx_timer_performance_info_get.c **** /*                                                                        */
  50:../Middlewares/threadx/common/src/tx_timer_performance_info_get.c **** /*  INPUT                                                                 */
  51:../Middlewares/threadx/common/src/tx_timer_performance_info_get.c **** /*                                                                        */
  52:../Middlewares/threadx/common/src/tx_timer_performance_info_get.c **** /*    timer_ptr                         Pointer to timer control block    */
  53:../Middlewares/threadx/common/src/tx_timer_performance_info_get.c **** /*    activates                         Destination for the number of     */
  54:../Middlewares/threadx/common/src/tx_timer_performance_info_get.c **** /*                                        activations of this timer       */
  55:../Middlewares/threadx/common/src/tx_timer_performance_info_get.c **** /*    reactivates                       Destination for the number of     */
  56:../Middlewares/threadx/common/src/tx_timer_performance_info_get.c **** /*                                        reactivations of this timer     */
  57:../Middlewares/threadx/common/src/tx_timer_performance_info_get.c **** /*    deactivates                       Destination for the number of     */
  58:../Middlewares/threadx/common/src/tx_timer_performance_info_get.c **** /*                                        deactivations of this timer     */
  59:../Middlewares/threadx/common/src/tx_timer_performance_info_get.c **** /*    expirations                       Destination for the number of     */
  60:../Middlewares/threadx/common/src/tx_timer_performance_info_get.c **** /*                                        expirations of this timer       */
  61:../Middlewares/threadx/common/src/tx_timer_performance_info_get.c **** /*    expiration_adjusts                Destination for the number of     */
  62:../Middlewares/threadx/common/src/tx_timer_performance_info_get.c **** /*                                        expiration adjustments of this  */
  63:../Middlewares/threadx/common/src/tx_timer_performance_info_get.c **** /*                                        timer                           */
  64:../Middlewares/threadx/common/src/tx_timer_performance_info_get.c **** /*                                                                        */
  65:../Middlewares/threadx/common/src/tx_timer_performance_info_get.c **** /*  OUTPUT                                                                */
  66:../Middlewares/threadx/common/src/tx_timer_performance_info_get.c **** /*                                                                        */
  67:../Middlewares/threadx/common/src/tx_timer_performance_info_get.c **** /*    status                            Completion status                 */
  68:../Middlewares/threadx/common/src/tx_timer_performance_info_get.c **** /*                                                                        */
  69:../Middlewares/threadx/common/src/tx_timer_performance_info_get.c **** /*  CALLS                                                                 */
  70:../Middlewares/threadx/common/src/tx_timer_performance_info_get.c **** /*                                                                        */
  71:../Middlewares/threadx/common/src/tx_timer_performance_info_get.c **** /*    None                                                                */
  72:../Middlewares/threadx/common/src/tx_timer_performance_info_get.c **** /*                                                                        */
  73:../Middlewares/threadx/common/src/tx_timer_performance_info_get.c **** /*  CALLED BY                                                             */
  74:../Middlewares/threadx/common/src/tx_timer_performance_info_get.c **** /*                                                                        */
  75:../Middlewares/threadx/common/src/tx_timer_performance_info_get.c **** /*    Application Code                                                    */
  76:../Middlewares/threadx/common/src/tx_timer_performance_info_get.c **** /*                                                                        */
  77:../Middlewares/threadx/common/src/tx_timer_performance_info_get.c **** /*  RELEASE HISTORY                                                       */
  78:../Middlewares/threadx/common/src/tx_timer_performance_info_get.c **** /*                                                                        */
  79:../Middlewares/threadx/common/src/tx_timer_performance_info_get.c **** /*    DATE              NAME                      DESCRIPTION             */
  80:../Middlewares/threadx/common/src/tx_timer_performance_info_get.c **** /*                                                                        */
  81:../Middlewares/threadx/common/src/tx_timer_performance_info_get.c **** /*  05-19-2020     William E. Lamie         Initial Version 6.0           */
ARM GAS  /tmp/ccLcKVD3.s 			page 3


  82:../Middlewares/threadx/common/src/tx_timer_performance_info_get.c **** /*  09-30-2020     Yuxin Zhou               Modified comment(s),          */
  83:../Middlewares/threadx/common/src/tx_timer_performance_info_get.c **** /*                                            resulting in version 6.1    */
  84:../Middlewares/threadx/common/src/tx_timer_performance_info_get.c **** /*                                                                        */
  85:../Middlewares/threadx/common/src/tx_timer_performance_info_get.c **** /**************************************************************************/
  86:../Middlewares/threadx/common/src/tx_timer_performance_info_get.c **** UINT  _tx_timer_performance_info_get(TX_TIMER *timer_ptr, ULONG *activates, ULONG *reactivates,
  87:../Middlewares/threadx/common/src/tx_timer_performance_info_get.c ****                     ULONG *deactivates, ULONG *expirations, ULONG *expiration_adjusts)
  88:../Middlewares/threadx/common/src/tx_timer_performance_info_get.c **** {
  35              		.loc 1 88 1 view -0
  36              		.cfi_startproc
  37              		@ args = 8, pretend = 0, frame = 0
  38              		@ frame_needed = 0, uses_anonymous_args = 0
  39              		@ link register save eliminated.
  89:../Middlewares/threadx/common/src/tx_timer_performance_info_get.c **** 
  90:../Middlewares/threadx/common/src/tx_timer_performance_info_get.c **** #ifdef TX_TIMER_ENABLE_PERFORMANCE_INFO
  91:../Middlewares/threadx/common/src/tx_timer_performance_info_get.c **** 
  92:../Middlewares/threadx/common/src/tx_timer_performance_info_get.c **** TX_INTERRUPT_SAVE_AREA
  93:../Middlewares/threadx/common/src/tx_timer_performance_info_get.c **** UINT                    status;
  94:../Middlewares/threadx/common/src/tx_timer_performance_info_get.c **** 
  95:../Middlewares/threadx/common/src/tx_timer_performance_info_get.c **** 
  96:../Middlewares/threadx/common/src/tx_timer_performance_info_get.c ****     /* Determine if this is a legal request.  */
  97:../Middlewares/threadx/common/src/tx_timer_performance_info_get.c ****     if (timer_ptr == TX_NULL)
  98:../Middlewares/threadx/common/src/tx_timer_performance_info_get.c ****     {
  99:../Middlewares/threadx/common/src/tx_timer_performance_info_get.c **** 
 100:../Middlewares/threadx/common/src/tx_timer_performance_info_get.c ****         /* Timer pointer is illegal, return error.  */
 101:../Middlewares/threadx/common/src/tx_timer_performance_info_get.c ****         status =  TX_PTR_ERROR;
 102:../Middlewares/threadx/common/src/tx_timer_performance_info_get.c ****     }
 103:../Middlewares/threadx/common/src/tx_timer_performance_info_get.c **** 
 104:../Middlewares/threadx/common/src/tx_timer_performance_info_get.c ****     /* Determine if the timer ID is invalid.  */
 105:../Middlewares/threadx/common/src/tx_timer_performance_info_get.c ****     else if (timer_ptr -> tx_timer_id != TX_TIMER_ID)
 106:../Middlewares/threadx/common/src/tx_timer_performance_info_get.c ****     {
 107:../Middlewares/threadx/common/src/tx_timer_performance_info_get.c **** 
 108:../Middlewares/threadx/common/src/tx_timer_performance_info_get.c ****         /* Timer pointer is illegal, return error.  */
 109:../Middlewares/threadx/common/src/tx_timer_performance_info_get.c ****         status =  TX_PTR_ERROR;
 110:../Middlewares/threadx/common/src/tx_timer_performance_info_get.c ****     }
 111:../Middlewares/threadx/common/src/tx_timer_performance_info_get.c ****     else
 112:../Middlewares/threadx/common/src/tx_timer_performance_info_get.c ****     {
 113:../Middlewares/threadx/common/src/tx_timer_performance_info_get.c **** 
 114:../Middlewares/threadx/common/src/tx_timer_performance_info_get.c ****         /* Disable interrupts.  */
 115:../Middlewares/threadx/common/src/tx_timer_performance_info_get.c ****         TX_DISABLE
 116:../Middlewares/threadx/common/src/tx_timer_performance_info_get.c **** 
 117:../Middlewares/threadx/common/src/tx_timer_performance_info_get.c ****         /* If trace is enabled, insert this event into the trace buffer.  */
 118:../Middlewares/threadx/common/src/tx_timer_performance_info_get.c ****         TX_TRACE_IN_LINE_INSERT(TX_TRACE_TIMER_PERFORMANCE_INFO_GET, timer_ptr, 0, 0, 0, TX_TRACE_T
 119:../Middlewares/threadx/common/src/tx_timer_performance_info_get.c **** 
 120:../Middlewares/threadx/common/src/tx_timer_performance_info_get.c ****         /* Log this kernel call.  */
 121:../Middlewares/threadx/common/src/tx_timer_performance_info_get.c ****         TX_EL_TIMER_PERFORMANCE_INFO_GET_INSERT
 122:../Middlewares/threadx/common/src/tx_timer_performance_info_get.c **** 
 123:../Middlewares/threadx/common/src/tx_timer_performance_info_get.c ****         /* Retrieve the number of activations of this timer.  */
 124:../Middlewares/threadx/common/src/tx_timer_performance_info_get.c ****         if (activates != TX_NULL)
 125:../Middlewares/threadx/common/src/tx_timer_performance_info_get.c ****         {
 126:../Middlewares/threadx/common/src/tx_timer_performance_info_get.c **** 
 127:../Middlewares/threadx/common/src/tx_timer_performance_info_get.c ****             *activates =  timer_ptr -> tx_timer_performance_activate_count;
 128:../Middlewares/threadx/common/src/tx_timer_performance_info_get.c ****         }
 129:../Middlewares/threadx/common/src/tx_timer_performance_info_get.c **** 
 130:../Middlewares/threadx/common/src/tx_timer_performance_info_get.c ****         /* Retrieve the number of reactivations of this timer.  */
 131:../Middlewares/threadx/common/src/tx_timer_performance_info_get.c ****         if (reactivates != TX_NULL)
 132:../Middlewares/threadx/common/src/tx_timer_performance_info_get.c ****         {
 133:../Middlewares/threadx/common/src/tx_timer_performance_info_get.c **** 
ARM GAS  /tmp/ccLcKVD3.s 			page 4


 134:../Middlewares/threadx/common/src/tx_timer_performance_info_get.c ****             *reactivates =  timer_ptr -> tx_timer_performance_reactivate_count;
 135:../Middlewares/threadx/common/src/tx_timer_performance_info_get.c ****         }
 136:../Middlewares/threadx/common/src/tx_timer_performance_info_get.c **** 
 137:../Middlewares/threadx/common/src/tx_timer_performance_info_get.c ****         /* Retrieve the number of deactivations of this timer.  */
 138:../Middlewares/threadx/common/src/tx_timer_performance_info_get.c ****         if (deactivates != TX_NULL)
 139:../Middlewares/threadx/common/src/tx_timer_performance_info_get.c ****         {
 140:../Middlewares/threadx/common/src/tx_timer_performance_info_get.c **** 
 141:../Middlewares/threadx/common/src/tx_timer_performance_info_get.c ****             *deactivates =  timer_ptr -> tx_timer_performance_deactivate_count;
 142:../Middlewares/threadx/common/src/tx_timer_performance_info_get.c ****         }
 143:../Middlewares/threadx/common/src/tx_timer_performance_info_get.c **** 
 144:../Middlewares/threadx/common/src/tx_timer_performance_info_get.c ****         /* Retrieve the number of expirations of this timer.  */
 145:../Middlewares/threadx/common/src/tx_timer_performance_info_get.c ****         if (expirations != TX_NULL)
 146:../Middlewares/threadx/common/src/tx_timer_performance_info_get.c ****         {
 147:../Middlewares/threadx/common/src/tx_timer_performance_info_get.c **** 
 148:../Middlewares/threadx/common/src/tx_timer_performance_info_get.c ****             *expirations =  timer_ptr -> tx_timer_performance_expiration_count;
 149:../Middlewares/threadx/common/src/tx_timer_performance_info_get.c ****         }
 150:../Middlewares/threadx/common/src/tx_timer_performance_info_get.c **** 
 151:../Middlewares/threadx/common/src/tx_timer_performance_info_get.c ****         /* Retrieve the number of expiration adjustments of this timer.  */
 152:../Middlewares/threadx/common/src/tx_timer_performance_info_get.c ****         if (expiration_adjusts != TX_NULL)
 153:../Middlewares/threadx/common/src/tx_timer_performance_info_get.c ****         {
 154:../Middlewares/threadx/common/src/tx_timer_performance_info_get.c **** 
 155:../Middlewares/threadx/common/src/tx_timer_performance_info_get.c ****             *expiration_adjusts =  timer_ptr -> tx_timer_performance__expiration_adjust_count;
 156:../Middlewares/threadx/common/src/tx_timer_performance_info_get.c ****         }
 157:../Middlewares/threadx/common/src/tx_timer_performance_info_get.c **** 
 158:../Middlewares/threadx/common/src/tx_timer_performance_info_get.c ****         /* Restore interrupts.  */
 159:../Middlewares/threadx/common/src/tx_timer_performance_info_get.c ****         TX_RESTORE
 160:../Middlewares/threadx/common/src/tx_timer_performance_info_get.c **** 
 161:../Middlewares/threadx/common/src/tx_timer_performance_info_get.c ****         /* Return successful completion.  */
 162:../Middlewares/threadx/common/src/tx_timer_performance_info_get.c ****         status =  TX_SUCCESS;
 163:../Middlewares/threadx/common/src/tx_timer_performance_info_get.c ****     }
 164:../Middlewares/threadx/common/src/tx_timer_performance_info_get.c **** #else
 165:../Middlewares/threadx/common/src/tx_timer_performance_info_get.c **** UINT                    status;
  40              		.loc 1 165 1 view .LVU1
 166:../Middlewares/threadx/common/src/tx_timer_performance_info_get.c **** 
 167:../Middlewares/threadx/common/src/tx_timer_performance_info_get.c **** 
 168:../Middlewares/threadx/common/src/tx_timer_performance_info_get.c ****     /* Access input arguments just for the sake of lint, MISRA, etc.  */
 169:../Middlewares/threadx/common/src/tx_timer_performance_info_get.c ****     if (timer_ptr != TX_NULL)
  41              		.loc 1 169 5 view .LVU2
 170:../Middlewares/threadx/common/src/tx_timer_performance_info_get.c ****     {
 171:../Middlewares/threadx/common/src/tx_timer_performance_info_get.c **** 
 172:../Middlewares/threadx/common/src/tx_timer_performance_info_get.c ****         /* Not enabled, return error.  */
 173:../Middlewares/threadx/common/src/tx_timer_performance_info_get.c ****         status =  TX_FEATURE_NOT_ENABLED;
 174:../Middlewares/threadx/common/src/tx_timer_performance_info_get.c ****     }
 175:../Middlewares/threadx/common/src/tx_timer_performance_info_get.c ****     else if (activates != TX_NULL)
  42              		.loc 1 175 10 view .LVU3
 176:../Middlewares/threadx/common/src/tx_timer_performance_info_get.c ****     {
 177:../Middlewares/threadx/common/src/tx_timer_performance_info_get.c **** 
 178:../Middlewares/threadx/common/src/tx_timer_performance_info_get.c ****         /* Not enabled, return error.  */
 179:../Middlewares/threadx/common/src/tx_timer_performance_info_get.c ****         status =  TX_FEATURE_NOT_ENABLED;
 180:../Middlewares/threadx/common/src/tx_timer_performance_info_get.c ****     }
 181:../Middlewares/threadx/common/src/tx_timer_performance_info_get.c ****     else if (reactivates != TX_NULL)
  43              		.loc 1 181 10 view .LVU4
 182:../Middlewares/threadx/common/src/tx_timer_performance_info_get.c ****     {
 183:../Middlewares/threadx/common/src/tx_timer_performance_info_get.c **** 
 184:../Middlewares/threadx/common/src/tx_timer_performance_info_get.c ****         /* Not enabled, return error.  */
 185:../Middlewares/threadx/common/src/tx_timer_performance_info_get.c ****         status =  TX_FEATURE_NOT_ENABLED;
 186:../Middlewares/threadx/common/src/tx_timer_performance_info_get.c ****     }
ARM GAS  /tmp/ccLcKVD3.s 			page 5


 187:../Middlewares/threadx/common/src/tx_timer_performance_info_get.c ****     else if (deactivates != TX_NULL)
  44              		.loc 1 187 10 view .LVU5
 188:../Middlewares/threadx/common/src/tx_timer_performance_info_get.c ****     {
 189:../Middlewares/threadx/common/src/tx_timer_performance_info_get.c **** 
 190:../Middlewares/threadx/common/src/tx_timer_performance_info_get.c ****         /* Not enabled, return error.  */
 191:../Middlewares/threadx/common/src/tx_timer_performance_info_get.c ****         status =  TX_FEATURE_NOT_ENABLED;
 192:../Middlewares/threadx/common/src/tx_timer_performance_info_get.c ****     }
 193:../Middlewares/threadx/common/src/tx_timer_performance_info_get.c ****     else if (expirations != TX_NULL)
  45              		.loc 1 193 10 view .LVU6
 194:../Middlewares/threadx/common/src/tx_timer_performance_info_get.c ****     {
 195:../Middlewares/threadx/common/src/tx_timer_performance_info_get.c **** 
 196:../Middlewares/threadx/common/src/tx_timer_performance_info_get.c ****         /* Not enabled, return error.  */
 197:../Middlewares/threadx/common/src/tx_timer_performance_info_get.c ****         status =  TX_FEATURE_NOT_ENABLED;
 198:../Middlewares/threadx/common/src/tx_timer_performance_info_get.c ****     }
 199:../Middlewares/threadx/common/src/tx_timer_performance_info_get.c ****     else if (expiration_adjusts != TX_NULL)
  46              		.loc 1 199 10 view .LVU7
 200:../Middlewares/threadx/common/src/tx_timer_performance_info_get.c ****     {
 201:../Middlewares/threadx/common/src/tx_timer_performance_info_get.c **** 
 202:../Middlewares/threadx/common/src/tx_timer_performance_info_get.c ****         /* Not enabled, return error.  */
 203:../Middlewares/threadx/common/src/tx_timer_performance_info_get.c ****         status =  TX_FEATURE_NOT_ENABLED;
 204:../Middlewares/threadx/common/src/tx_timer_performance_info_get.c ****     }
 205:../Middlewares/threadx/common/src/tx_timer_performance_info_get.c ****     else
 206:../Middlewares/threadx/common/src/tx_timer_performance_info_get.c ****     {
 207:../Middlewares/threadx/common/src/tx_timer_performance_info_get.c **** 
 208:../Middlewares/threadx/common/src/tx_timer_performance_info_get.c ****         /* Not enabled, return error.  */
 209:../Middlewares/threadx/common/src/tx_timer_performance_info_get.c ****         status =  TX_FEATURE_NOT_ENABLED;
  47              		.loc 1 209 9 view .LVU8
 210:../Middlewares/threadx/common/src/tx_timer_performance_info_get.c ****     }
 211:../Middlewares/threadx/common/src/tx_timer_performance_info_get.c **** #endif
 212:../Middlewares/threadx/common/src/tx_timer_performance_info_get.c **** 
 213:../Middlewares/threadx/common/src/tx_timer_performance_info_get.c ****     /* Return completion status.  */
 214:../Middlewares/threadx/common/src/tx_timer_performance_info_get.c ****     return(status);
  48              		.loc 1 214 5 view .LVU9
 215:../Middlewares/threadx/common/src/tx_timer_performance_info_get.c **** }
  49              		.loc 1 215 1 is_stmt 0 view .LVU10
  50 0000 FF20     		movs	r0, #255
  51              	.LVL1:
  52              		.loc 1 215 1 view .LVU11
  53 0002 7047     		bx	lr
  54              		.cfi_endproc
  55              	.LFE8:
  57              		.text
  58              	.Letext0:
  59              		.file 2 "../Middlewares/threadx/ports/cortex_m55/gnu/inc/tx_port.h"
  60              		.file 3 "../Middlewares/threadx/common/inc/tx_api.h"
ARM GAS  /tmp/ccLcKVD3.s 			page 6


DEFINED SYMBOLS
                            *ABS*:00000000 tx_timer_performance_info_get.c
     /tmp/ccLcKVD3.s:26     .text._tx_timer_performance_info_get:00000000 $t
     /tmp/ccLcKVD3.s:32     .text._tx_timer_performance_info_get:00000000 _tx_timer_performance_info_get
                           .group:00000000 wm4.0.43608cab4da50df6ba2dfee95636a2b5
                           .group:00000000 wm4.tx_api.h.111.1e40bacadb0edb5b6b36282830ee23a5
                           .group:00000000 wm4.ieeefp.h.77.99029d7b8220a2cd73dd257e2bbe825d
                           .group:00000000 wm4._newlib_version.h.4.0eb654b64686e2bd29646258853f6c22
                           .group:00000000 wm4.newlib.h.27.b904f6f8971bd921b436e5701877de32
                           .group:00000000 wm4.features.h.22.4b93ad64e0d80833c46a20ecae380bb0
                           .group:00000000 wm4.config.h.224.10ee1ad185d877c6e334e6581faab44d
                           .group:00000000 wm4._ansi.h.31.de524f58584151836e90d8620a16f8e8
                           .group:00000000 wm4.stdlib.h.13.4ed386f5c1a80d71e72172885d946ef2
                           .group:00000000 wm4.stddef.h.200.7df09ddbfbefc5947db7aca5a0fd7644
                           .group:00000000 wm4.stddef.h.39.613e674cf2e6f142dfe584123421de07
                           .group:00000000 wm4._default_types.h.6.959254cf5f09734ea7516c89e8bb21bd
                           .group:00000000 wm4.cdefs.h.49.56fd742369e655e7e8a7e365e706e208
                           .group:00000000 wm4._types.h.20.dd0d04dca3800a0d2a6129b87f3adbb2
                           .group:00000000 wm4.stddef.h.173.4903093a50a8482cb062b176ea61fac3
                           .group:00000000 wm4._types.h.127.3bdfe3ff8ea2d0985b03d9cbe93480e3
                           .group:00000000 wm4.reent.h.18.25503cdc8b7e55dd0d6ea7b3e5af7a03
                           .group:00000000 wm4.lock.h.2.1461d1fff82dffe8bfddc23307f6484f
                           .group:00000000 wm4.reent.h.78.6d702f69a6d6435d2dbe915b10150b1a
                           .group:00000000 wm4.alloca.h.8.dfc0c703c47ec3e69746825b17d9e66d
                           .group:00000000 wm4.stdlib.h.56.f4862cfbf4363a1db01842d5bdf72c18
                           .group:00000000 wm4.string.h.8.c4b8571ce60dff2817f43fec8b86aecd
                           .group:00000000 wm4.stddef.h.173.1cea4f16a943c8e875db6791959c3141
                           .group:00000000 wm4.string.h.177.59a005921fa78485abc80a0267de5752
                           .group:00000000 wm4.tx_port.h.115.294deb9dc65e442684b838abd8efd62b
                           .group:00000000 wm4.tx_api.h.143.a8f6e7c0fde9aa86e8b6e86681771d37
                           .group:00000000 wm4.tx_timer.h.51.b883a0ddd0951b922baa8ab45496c096

NO UNDEFINED SYMBOLS
