ARM GAS  /tmp/cc1rVKuD.s 			page 1


   1              		.arch armv8.1-m.main
   2              		.fpu fpv5-d16
   3              		.arch_extension dsp
   4              		.arch_extension fp
   5              		.arch_extension fp.dp
   6              		.arch_extension mve
   7              		.arch_extension mve.fp
   8              		.eabi_attribute 5, "cortex-m55"
   9              		.eabi_attribute 28, 1
  10              		.eabi_attribute 20, 1
  11              		.eabi_attribute 21, 1
  12              		.eabi_attribute 23, 3
  13              		.eabi_attribute 24, 1
  14              		.eabi_attribute 25, 1
  15              		.eabi_attribute 26, 1
  16              		.eabi_attribute 30, 4
  17              		.eabi_attribute 34, 1
  18              		.eabi_attribute 38, 1
  19              		.eabi_attribute 18, 4
  20              		.file	"tx_thread_initialize.c"
  21              		.text
  22              	.Ltext0:
  23              		.cfi_sections	.debug_frame
  24              		.file 1 "../Middlewares/threadx/common/src/tx_thread_initialize.c"
  25              		.section	.text._tx_thread_initialize,"ax",%progbits
  26              		.align	1
  27              		.global	_tx_thread_initialize
  28              		.syntax unified
  29              		.thumb
  30              		.thumb_func
  32              	_tx_thread_initialize:
  33              	.LFB8:
   1:../Middlewares/threadx/common/src/tx_thread_initialize.c **** /**************************************************************************/
   2:../Middlewares/threadx/common/src/tx_thread_initialize.c **** /*                                                                        */
   3:../Middlewares/threadx/common/src/tx_thread_initialize.c **** /*       Copyright (c) Microsoft Corporation. All rights reserved.        */
   4:../Middlewares/threadx/common/src/tx_thread_initialize.c **** /*                                                                        */
   5:../Middlewares/threadx/common/src/tx_thread_initialize.c **** /*       This software is licensed under the Microsoft Software License   */
   6:../Middlewares/threadx/common/src/tx_thread_initialize.c **** /*       Terms for Microsoft Azure RTOS. Full text of the license can be  */
   7:../Middlewares/threadx/common/src/tx_thread_initialize.c **** /*       found in the LICENSE file at https://aka.ms/AzureRTOS_EULA       */
   8:../Middlewares/threadx/common/src/tx_thread_initialize.c **** /*       and in the root directory of this software.                      */
   9:../Middlewares/threadx/common/src/tx_thread_initialize.c **** /*                                                                        */
  10:../Middlewares/threadx/common/src/tx_thread_initialize.c **** /**************************************************************************/
  11:../Middlewares/threadx/common/src/tx_thread_initialize.c **** 
  12:../Middlewares/threadx/common/src/tx_thread_initialize.c **** 
  13:../Middlewares/threadx/common/src/tx_thread_initialize.c **** /**************************************************************************/
  14:../Middlewares/threadx/common/src/tx_thread_initialize.c **** /**************************************************************************/
  15:../Middlewares/threadx/common/src/tx_thread_initialize.c **** /**                                                                       */
  16:../Middlewares/threadx/common/src/tx_thread_initialize.c **** /** ThreadX Component                                                     */
  17:../Middlewares/threadx/common/src/tx_thread_initialize.c **** /**                                                                       */
  18:../Middlewares/threadx/common/src/tx_thread_initialize.c **** /**   Thread                                                              */
  19:../Middlewares/threadx/common/src/tx_thread_initialize.c **** /**                                                                       */
  20:../Middlewares/threadx/common/src/tx_thread_initialize.c **** /**************************************************************************/
  21:../Middlewares/threadx/common/src/tx_thread_initialize.c **** /**************************************************************************/
  22:../Middlewares/threadx/common/src/tx_thread_initialize.c **** 
  23:../Middlewares/threadx/common/src/tx_thread_initialize.c **** #define TX_SOURCE_CODE
  24:../Middlewares/threadx/common/src/tx_thread_initialize.c **** 
  25:../Middlewares/threadx/common/src/tx_thread_initialize.c **** 
ARM GAS  /tmp/cc1rVKuD.s 			page 2


  26:../Middlewares/threadx/common/src/tx_thread_initialize.c **** #ifndef TX_MISRA_ENABLE
  27:../Middlewares/threadx/common/src/tx_thread_initialize.c **** #define TX_THREAD_INIT
  28:../Middlewares/threadx/common/src/tx_thread_initialize.c **** #endif
  29:../Middlewares/threadx/common/src/tx_thread_initialize.c **** 
  30:../Middlewares/threadx/common/src/tx_thread_initialize.c **** 
  31:../Middlewares/threadx/common/src/tx_thread_initialize.c **** /* Include necessary system files.  */
  32:../Middlewares/threadx/common/src/tx_thread_initialize.c **** 
  33:../Middlewares/threadx/common/src/tx_thread_initialize.c **** #include "tx_api.h"
  34:../Middlewares/threadx/common/src/tx_thread_initialize.c **** #include "tx_initialize.h"
  35:../Middlewares/threadx/common/src/tx_thread_initialize.c **** #include "tx_thread.h"
  36:../Middlewares/threadx/common/src/tx_thread_initialize.c **** 
  37:../Middlewares/threadx/common/src/tx_thread_initialize.c **** 
  38:../Middlewares/threadx/common/src/tx_thread_initialize.c **** /* Define the pointer that contains the system stack pointer.  This is
  39:../Middlewares/threadx/common/src/tx_thread_initialize.c ****    utilized when control returns from a thread to the system to reset the
  40:../Middlewares/threadx/common/src/tx_thread_initialize.c ****    current stack.  This is setup in the low-level initialization function. */
  41:../Middlewares/threadx/common/src/tx_thread_initialize.c **** 
  42:../Middlewares/threadx/common/src/tx_thread_initialize.c **** VOID *          _tx_thread_system_stack_ptr;
  43:../Middlewares/threadx/common/src/tx_thread_initialize.c **** 
  44:../Middlewares/threadx/common/src/tx_thread_initialize.c **** 
  45:../Middlewares/threadx/common/src/tx_thread_initialize.c **** /* Define the current thread pointer.  This variable points to the currently
  46:../Middlewares/threadx/common/src/tx_thread_initialize.c ****    executing thread.  If this variable is NULL, no thread is executing.  */
  47:../Middlewares/threadx/common/src/tx_thread_initialize.c **** 
  48:../Middlewares/threadx/common/src/tx_thread_initialize.c **** TX_THREAD *     _tx_thread_current_ptr;
  49:../Middlewares/threadx/common/src/tx_thread_initialize.c **** 
  50:../Middlewares/threadx/common/src/tx_thread_initialize.c **** 
  51:../Middlewares/threadx/common/src/tx_thread_initialize.c **** /* Define the variable that holds the next thread to execute.  It is important
  52:../Middlewares/threadx/common/src/tx_thread_initialize.c ****    to remember that this is not necessarily equal to the current thread 
  53:../Middlewares/threadx/common/src/tx_thread_initialize.c ****    pointer.  */
  54:../Middlewares/threadx/common/src/tx_thread_initialize.c **** 
  55:../Middlewares/threadx/common/src/tx_thread_initialize.c **** TX_THREAD *     _tx_thread_execute_ptr;
  56:../Middlewares/threadx/common/src/tx_thread_initialize.c **** 
  57:../Middlewares/threadx/common/src/tx_thread_initialize.c **** 
  58:../Middlewares/threadx/common/src/tx_thread_initialize.c **** /* Define the head pointer of the created thread list.  */
  59:../Middlewares/threadx/common/src/tx_thread_initialize.c **** 
  60:../Middlewares/threadx/common/src/tx_thread_initialize.c **** TX_THREAD *     _tx_thread_created_ptr;
  61:../Middlewares/threadx/common/src/tx_thread_initialize.c **** 
  62:../Middlewares/threadx/common/src/tx_thread_initialize.c **** 
  63:../Middlewares/threadx/common/src/tx_thread_initialize.c **** /* Define the variable that holds the number of created threads. */
  64:../Middlewares/threadx/common/src/tx_thread_initialize.c **** 
  65:../Middlewares/threadx/common/src/tx_thread_initialize.c **** ULONG           _tx_thread_created_count;
  66:../Middlewares/threadx/common/src/tx_thread_initialize.c **** 
  67:../Middlewares/threadx/common/src/tx_thread_initialize.c **** 
  68:../Middlewares/threadx/common/src/tx_thread_initialize.c **** /* Define the current state variable.  When this value is 0, a thread
  69:../Middlewares/threadx/common/src/tx_thread_initialize.c ****    is executing or the system is idle.  Other values indicate that 
  70:../Middlewares/threadx/common/src/tx_thread_initialize.c ****    interrupt or initialization processing is active.  This variable is
  71:../Middlewares/threadx/common/src/tx_thread_initialize.c ****    initialized to TX_INITIALIZE_IN_PROGRESS to indicate initialization is
  72:../Middlewares/threadx/common/src/tx_thread_initialize.c ****    active.  */
  73:../Middlewares/threadx/common/src/tx_thread_initialize.c **** 
  74:../Middlewares/threadx/common/src/tx_thread_initialize.c **** volatile ULONG  _tx_thread_system_state =  TX_INITIALIZE_IN_PROGRESS;
  75:../Middlewares/threadx/common/src/tx_thread_initialize.c **** 
  76:../Middlewares/threadx/common/src/tx_thread_initialize.c **** 
  77:../Middlewares/threadx/common/src/tx_thread_initialize.c **** /* Define the 32-bit priority bit-maps. There is one priority bit map for each
  78:../Middlewares/threadx/common/src/tx_thread_initialize.c ****    32 priority levels supported. If only 32 priorities are supported there is 
  79:../Middlewares/threadx/common/src/tx_thread_initialize.c ****    only one bit map. Each bit within a priority bit map represents that one 
  80:../Middlewares/threadx/common/src/tx_thread_initialize.c ****    or more threads at the associated thread priority are ready.  */
  81:../Middlewares/threadx/common/src/tx_thread_initialize.c **** 
  82:../Middlewares/threadx/common/src/tx_thread_initialize.c **** ULONG           _tx_thread_priority_maps[TX_MAX_PRIORITIES/32];
ARM GAS  /tmp/cc1rVKuD.s 			page 3


  83:../Middlewares/threadx/common/src/tx_thread_initialize.c **** 
  84:../Middlewares/threadx/common/src/tx_thread_initialize.c **** 
  85:../Middlewares/threadx/common/src/tx_thread_initialize.c **** /* Define the priority map active bit map that specifies which of the previously 
  86:../Middlewares/threadx/common/src/tx_thread_initialize.c ****    defined priority maps have something set. This is only necessary if more than 
  87:../Middlewares/threadx/common/src/tx_thread_initialize.c ****    32 priorities are supported.  */
  88:../Middlewares/threadx/common/src/tx_thread_initialize.c **** 
  89:../Middlewares/threadx/common/src/tx_thread_initialize.c **** #if TX_MAX_PRIORITIES > 32
  90:../Middlewares/threadx/common/src/tx_thread_initialize.c **** ULONG           _tx_thread_priority_map_active;
  91:../Middlewares/threadx/common/src/tx_thread_initialize.c **** #endif
  92:../Middlewares/threadx/common/src/tx_thread_initialize.c **** 
  93:../Middlewares/threadx/common/src/tx_thread_initialize.c **** 
  94:../Middlewares/threadx/common/src/tx_thread_initialize.c **** #ifndef TX_DISABLE_PREEMPTION_THRESHOLD
  95:../Middlewares/threadx/common/src/tx_thread_initialize.c **** 
  96:../Middlewares/threadx/common/src/tx_thread_initialize.c **** /* Define the 32-bit preempt priority bit maps.  There is one preempt bit map 
  97:../Middlewares/threadx/common/src/tx_thread_initialize.c ****    for each 32 priority levels supported. If only 32 priorities are supported 
  98:../Middlewares/threadx/common/src/tx_thread_initialize.c ****    there is only one bit map. Each set set bit corresponds to a preempted priority 
  99:../Middlewares/threadx/common/src/tx_thread_initialize.c ****    level that had preemption-threshold active to protect against preemption of a 
 100:../Middlewares/threadx/common/src/tx_thread_initialize.c ****    range of relatively higher priority threads.  */
 101:../Middlewares/threadx/common/src/tx_thread_initialize.c **** 
 102:../Middlewares/threadx/common/src/tx_thread_initialize.c **** ULONG           _tx_thread_preempted_maps[TX_MAX_PRIORITIES/32];
 103:../Middlewares/threadx/common/src/tx_thread_initialize.c **** 
 104:../Middlewares/threadx/common/src/tx_thread_initialize.c **** 
 105:../Middlewares/threadx/common/src/tx_thread_initialize.c **** /* Define the preempt map active bit map that specifies which of the previously 
 106:../Middlewares/threadx/common/src/tx_thread_initialize.c ****    defined preempt maps have something set. This is only necessary if more than 
 107:../Middlewares/threadx/common/src/tx_thread_initialize.c ****    32 priorities are supported.  */
 108:../Middlewares/threadx/common/src/tx_thread_initialize.c **** 
 109:../Middlewares/threadx/common/src/tx_thread_initialize.c **** #if TX_MAX_PRIORITIES > 32
 110:../Middlewares/threadx/common/src/tx_thread_initialize.c **** ULONG           _tx_thread_preempted_map_active;
 111:../Middlewares/threadx/common/src/tx_thread_initialize.c **** #endif
 112:../Middlewares/threadx/common/src/tx_thread_initialize.c **** #endif
 113:../Middlewares/threadx/common/src/tx_thread_initialize.c **** 
 114:../Middlewares/threadx/common/src/tx_thread_initialize.c **** /* Define the variable that holds the highest priority group ready for 
 115:../Middlewares/threadx/common/src/tx_thread_initialize.c ****    execution.  It is important to note that this is not necessarily the same
 116:../Middlewares/threadx/common/src/tx_thread_initialize.c ****    as the priority of the thread pointed to by _tx_execute_thread.  */
 117:../Middlewares/threadx/common/src/tx_thread_initialize.c **** 
 118:../Middlewares/threadx/common/src/tx_thread_initialize.c **** UINT            _tx_thread_highest_priority;
 119:../Middlewares/threadx/common/src/tx_thread_initialize.c **** 
 120:../Middlewares/threadx/common/src/tx_thread_initialize.c **** 
 121:../Middlewares/threadx/common/src/tx_thread_initialize.c **** /* Define the array of thread pointers.  Each entry represents the threads that
 122:../Middlewares/threadx/common/src/tx_thread_initialize.c ****    are ready at that priority group.  For example, index 10 in this array
 123:../Middlewares/threadx/common/src/tx_thread_initialize.c ****    represents the first thread ready at priority 10.  If this entry is NULL,
 124:../Middlewares/threadx/common/src/tx_thread_initialize.c ****    no threads are ready at that priority.  */
 125:../Middlewares/threadx/common/src/tx_thread_initialize.c **** 
 126:../Middlewares/threadx/common/src/tx_thread_initialize.c **** TX_THREAD *     _tx_thread_priority_list[TX_MAX_PRIORITIES];
 127:../Middlewares/threadx/common/src/tx_thread_initialize.c **** 
 128:../Middlewares/threadx/common/src/tx_thread_initialize.c **** 
 129:../Middlewares/threadx/common/src/tx_thread_initialize.c **** /* Define the global preempt disable variable.  If this is non-zero, preemption is
 130:../Middlewares/threadx/common/src/tx_thread_initialize.c ****    disabled.  It is used internally by ThreadX to prevent preemption of a thread in 
 131:../Middlewares/threadx/common/src/tx_thread_initialize.c ****    the middle of a service that is resuming or suspending another thread.  */
 132:../Middlewares/threadx/common/src/tx_thread_initialize.c **** 
 133:../Middlewares/threadx/common/src/tx_thread_initialize.c **** volatile UINT   _tx_thread_preempt_disable;
 134:../Middlewares/threadx/common/src/tx_thread_initialize.c **** 
 135:../Middlewares/threadx/common/src/tx_thread_initialize.c **** 
 136:../Middlewares/threadx/common/src/tx_thread_initialize.c **** /* Define the global function pointer for mutex cleanup on thread completion or 
 137:../Middlewares/threadx/common/src/tx_thread_initialize.c ****    termination. This pointer is setup during mutex initialization.  */
 138:../Middlewares/threadx/common/src/tx_thread_initialize.c **** 
 139:../Middlewares/threadx/common/src/tx_thread_initialize.c **** VOID            (*_tx_thread_mutex_release)(TX_THREAD *thread_ptr);
ARM GAS  /tmp/cc1rVKuD.s 			page 4


 140:../Middlewares/threadx/common/src/tx_thread_initialize.c **** 
 141:../Middlewares/threadx/common/src/tx_thread_initialize.c **** 
 142:../Middlewares/threadx/common/src/tx_thread_initialize.c **** /* Define the global build options variable.  This contains a bit map representing
 143:../Middlewares/threadx/common/src/tx_thread_initialize.c ****    how the ThreadX library was built. The following are the bit field definitions:
 144:../Middlewares/threadx/common/src/tx_thread_initialize.c **** 
 145:../Middlewares/threadx/common/src/tx_thread_initialize.c ****                     Bit(s)                   Meaning
 146:../Middlewares/threadx/common/src/tx_thread_initialize.c **** 
 147:../Middlewares/threadx/common/src/tx_thread_initialize.c ****                     31                  TX_NOT_INTERRUPTABLE defined
 148:../Middlewares/threadx/common/src/tx_thread_initialize.c ****                     30                  TX_INLINE_THREAD_RESUME_SUSPEND define
 149:../Middlewares/threadx/common/src/tx_thread_initialize.c ****                     29-24               Priority groups 1  -> 32 priorities
 150:../Middlewares/threadx/common/src/tx_thread_initialize.c ****                                                         2  -> 64 priorities
 151:../Middlewares/threadx/common/src/tx_thread_initialize.c ****                                                         3  -> 96 priorities
 152:../Middlewares/threadx/common/src/tx_thread_initialize.c **** 
 153:../Middlewares/threadx/common/src/tx_thread_initialize.c ****                                                         ...
 154:../Middlewares/threadx/common/src/tx_thread_initialize.c **** 
 155:../Middlewares/threadx/common/src/tx_thread_initialize.c ****                                                         32 -> 1024 priorities
 156:../Middlewares/threadx/common/src/tx_thread_initialize.c ****                     23                  TX_TIMER_PROCESS_IN_ISR defined
 157:../Middlewares/threadx/common/src/tx_thread_initialize.c ****                     22                  TX_REACTIVATE_INLINE defined
 158:../Middlewares/threadx/common/src/tx_thread_initialize.c ****                     21                  TX_DISABLE_STACK_FILLING defined
 159:../Middlewares/threadx/common/src/tx_thread_initialize.c ****                     20                  TX_ENABLE_STACK_CHECKING defined
 160:../Middlewares/threadx/common/src/tx_thread_initialize.c ****                     19                  TX_DISABLE_PREEMPTION_THRESHOLD defined
 161:../Middlewares/threadx/common/src/tx_thread_initialize.c ****                     18                  TX_DISABLE_REDUNDANT_CLEARING defined
 162:../Middlewares/threadx/common/src/tx_thread_initialize.c ****                     17                  TX_DISABLE_NOTIFY_CALLBACKS defined
 163:../Middlewares/threadx/common/src/tx_thread_initialize.c ****                     16                  TX_BLOCK_POOL_ENABLE_PERFORMANCE_INFO defined
 164:../Middlewares/threadx/common/src/tx_thread_initialize.c ****                     15                  TX_BYTE_POOL_ENABLE_PERFORMANCE_INFO defined
 165:../Middlewares/threadx/common/src/tx_thread_initialize.c ****                     14                  TX_EVENT_FLAGS_ENABLE_PERFORMANCE_INFO defined
 166:../Middlewares/threadx/common/src/tx_thread_initialize.c ****                     13                  TX_MUTEX_ENABLE_PERFORMANCE_INFO defined
 167:../Middlewares/threadx/common/src/tx_thread_initialize.c ****                     12                  TX_QUEUE_ENABLE_PERFORMANCE_INFO defined
 168:../Middlewares/threadx/common/src/tx_thread_initialize.c ****                     11                  TX_SEMAPHORE_ENABLE_PERFORMANCE_INFO defined
 169:../Middlewares/threadx/common/src/tx_thread_initialize.c ****                     10                  TX_THREAD_ENABLE_PERFORMANCE_INFO defined
 170:../Middlewares/threadx/common/src/tx_thread_initialize.c ****                     9                   TX_TIMER_ENABLE_PERFORMANCE_INFO defined
 171:../Middlewares/threadx/common/src/tx_thread_initialize.c ****                     8                   TX_ENABLE_EVENT_TRACE defined
 172:../Middlewares/threadx/common/src/tx_thread_initialize.c ****                     7                   TX_ENABLE_EXECUTION_CHANGE_NOTIFY defined
 173:../Middlewares/threadx/common/src/tx_thread_initialize.c ****                     6-0                 Port Specific   */
 174:../Middlewares/threadx/common/src/tx_thread_initialize.c **** 
 175:../Middlewares/threadx/common/src/tx_thread_initialize.c **** ULONG           _tx_build_options;
 176:../Middlewares/threadx/common/src/tx_thread_initialize.c **** 
 177:../Middlewares/threadx/common/src/tx_thread_initialize.c **** 
 178:../Middlewares/threadx/common/src/tx_thread_initialize.c **** #if defined(TX_ENABLE_STACK_CHECKING) || defined(TX_PORT_THREAD_STACK_ERROR_HANDLING)
 179:../Middlewares/threadx/common/src/tx_thread_initialize.c **** 
 180:../Middlewares/threadx/common/src/tx_thread_initialize.c **** /* Define the global function pointer for stack error handling. If a stack error is 
 181:../Middlewares/threadx/common/src/tx_thread_initialize.c ****    detected and the application has registered a stack error handler, it will be 
 182:../Middlewares/threadx/common/src/tx_thread_initialize.c ****    called via this function pointer.  */
 183:../Middlewares/threadx/common/src/tx_thread_initialize.c **** 
 184:../Middlewares/threadx/common/src/tx_thread_initialize.c **** VOID            (*_tx_thread_application_stack_error_handler)(TX_THREAD *thread_ptr);
 185:../Middlewares/threadx/common/src/tx_thread_initialize.c **** 
 186:../Middlewares/threadx/common/src/tx_thread_initialize.c **** #endif
 187:../Middlewares/threadx/common/src/tx_thread_initialize.c **** 
 188:../Middlewares/threadx/common/src/tx_thread_initialize.c **** #ifdef TX_THREAD_ENABLE_PERFORMANCE_INFO
 189:../Middlewares/threadx/common/src/tx_thread_initialize.c **** 
 190:../Middlewares/threadx/common/src/tx_thread_initialize.c **** /* Define the total number of thread resumptions. Each time a thread enters the
 191:../Middlewares/threadx/common/src/tx_thread_initialize.c ****    ready state this variable is incremented.  */
 192:../Middlewares/threadx/common/src/tx_thread_initialize.c **** 
 193:../Middlewares/threadx/common/src/tx_thread_initialize.c **** ULONG           _tx_thread_performance_resume_count;
 194:../Middlewares/threadx/common/src/tx_thread_initialize.c **** 
 195:../Middlewares/threadx/common/src/tx_thread_initialize.c **** 
 196:../Middlewares/threadx/common/src/tx_thread_initialize.c **** /* Define the total number of thread suspensions. Each time a thread enters a 
ARM GAS  /tmp/cc1rVKuD.s 			page 5


 197:../Middlewares/threadx/common/src/tx_thread_initialize.c ****    suspended state this variable is incremented.  */
 198:../Middlewares/threadx/common/src/tx_thread_initialize.c **** 
 199:../Middlewares/threadx/common/src/tx_thread_initialize.c **** ULONG           _tx_thread_performance_suspend_count;
 200:../Middlewares/threadx/common/src/tx_thread_initialize.c **** 
 201:../Middlewares/threadx/common/src/tx_thread_initialize.c **** 
 202:../Middlewares/threadx/common/src/tx_thread_initialize.c **** /* Define the total number of solicited thread preemptions. Each time a thread is 
 203:../Middlewares/threadx/common/src/tx_thread_initialize.c ****    preempted by directly calling a ThreadX service, this variable is incremented.  */
 204:../Middlewares/threadx/common/src/tx_thread_initialize.c **** 
 205:../Middlewares/threadx/common/src/tx_thread_initialize.c **** ULONG           _tx_thread_performance_solicited_preemption_count;
 206:../Middlewares/threadx/common/src/tx_thread_initialize.c **** 
 207:../Middlewares/threadx/common/src/tx_thread_initialize.c **** 
 208:../Middlewares/threadx/common/src/tx_thread_initialize.c **** /* Define the total number of interrupt thread preemptions. Each time a thread is 
 209:../Middlewares/threadx/common/src/tx_thread_initialize.c ****    preempted as a result of an ISR calling a ThreadX service, this variable is 
 210:../Middlewares/threadx/common/src/tx_thread_initialize.c ****    incremented.  */
 211:../Middlewares/threadx/common/src/tx_thread_initialize.c **** 
 212:../Middlewares/threadx/common/src/tx_thread_initialize.c **** ULONG           _tx_thread_performance_interrupt_preemption_count;
 213:../Middlewares/threadx/common/src/tx_thread_initialize.c **** 
 214:../Middlewares/threadx/common/src/tx_thread_initialize.c **** 
 215:../Middlewares/threadx/common/src/tx_thread_initialize.c **** /* Define the total number of priority inversions. Each time a thread is blocked by
 216:../Middlewares/threadx/common/src/tx_thread_initialize.c ****    a mutex owned by a lower-priority thread, this variable is incremented.  */
 217:../Middlewares/threadx/common/src/tx_thread_initialize.c **** 
 218:../Middlewares/threadx/common/src/tx_thread_initialize.c **** ULONG           _tx_thread_performance_priority_inversion_count;
 219:../Middlewares/threadx/common/src/tx_thread_initialize.c **** 
 220:../Middlewares/threadx/common/src/tx_thread_initialize.c **** 
 221:../Middlewares/threadx/common/src/tx_thread_initialize.c **** /* Define the total number of time-slices.  Each time a time-slice operation is 
 222:../Middlewares/threadx/common/src/tx_thread_initialize.c ****    actually performed (another thread is setup for running) this variable is 
 223:../Middlewares/threadx/common/src/tx_thread_initialize.c ****    incremented.  */
 224:../Middlewares/threadx/common/src/tx_thread_initialize.c **** 
 225:../Middlewares/threadx/common/src/tx_thread_initialize.c **** ULONG           _tx_thread_performance_time_slice_count;
 226:../Middlewares/threadx/common/src/tx_thread_initialize.c **** 
 227:../Middlewares/threadx/common/src/tx_thread_initialize.c **** 
 228:../Middlewares/threadx/common/src/tx_thread_initialize.c **** /* Define the total number of thread relinquish operations.  Each time a thread 
 229:../Middlewares/threadx/common/src/tx_thread_initialize.c ****    relinquish operation is actually performed (another thread is setup for running)
 230:../Middlewares/threadx/common/src/tx_thread_initialize.c ****    this variable is incremented.  */
 231:../Middlewares/threadx/common/src/tx_thread_initialize.c **** 
 232:../Middlewares/threadx/common/src/tx_thread_initialize.c **** ULONG           _tx_thread_performance_relinquish_count;
 233:../Middlewares/threadx/common/src/tx_thread_initialize.c **** 
 234:../Middlewares/threadx/common/src/tx_thread_initialize.c **** 
 235:../Middlewares/threadx/common/src/tx_thread_initialize.c **** /* Define the total number of thread timeouts. Each time a thread has a 
 236:../Middlewares/threadx/common/src/tx_thread_initialize.c ****    timeout this variable is incremented.  */
 237:../Middlewares/threadx/common/src/tx_thread_initialize.c **** 
 238:../Middlewares/threadx/common/src/tx_thread_initialize.c **** ULONG           _tx_thread_performance_timeout_count;
 239:../Middlewares/threadx/common/src/tx_thread_initialize.c **** 
 240:../Middlewares/threadx/common/src/tx_thread_initialize.c **** 
 241:../Middlewares/threadx/common/src/tx_thread_initialize.c **** /* Define the total number of thread wait aborts. Each time a thread's suspension 
 242:../Middlewares/threadx/common/src/tx_thread_initialize.c ****    is lifted by the tx_thread_wait_abort call this variable is incremented.  */
 243:../Middlewares/threadx/common/src/tx_thread_initialize.c **** 
 244:../Middlewares/threadx/common/src/tx_thread_initialize.c **** ULONG           _tx_thread_performance_wait_abort_count;
 245:../Middlewares/threadx/common/src/tx_thread_initialize.c **** 
 246:../Middlewares/threadx/common/src/tx_thread_initialize.c **** 
 247:../Middlewares/threadx/common/src/tx_thread_initialize.c **** /* Define the total number of idle system thread returns. Each time a thread returns to 
 248:../Middlewares/threadx/common/src/tx_thread_initialize.c ****    an idle system (no other thread is ready to run) this variable is incremented.  */
 249:../Middlewares/threadx/common/src/tx_thread_initialize.c **** 
 250:../Middlewares/threadx/common/src/tx_thread_initialize.c **** ULONG           _tx_thread_performance_idle_return_count;
 251:../Middlewares/threadx/common/src/tx_thread_initialize.c **** 
 252:../Middlewares/threadx/common/src/tx_thread_initialize.c **** 
 253:../Middlewares/threadx/common/src/tx_thread_initialize.c **** /* Define the total number of non-idle system thread returns. Each time a thread returns to 
ARM GAS  /tmp/cc1rVKuD.s 			page 6


 254:../Middlewares/threadx/common/src/tx_thread_initialize.c ****    a non-idle system (another thread is ready to run) this variable is incremented.  */
 255:../Middlewares/threadx/common/src/tx_thread_initialize.c **** 
 256:../Middlewares/threadx/common/src/tx_thread_initialize.c **** ULONG           _tx_thread_performance_non_idle_return_count;
 257:../Middlewares/threadx/common/src/tx_thread_initialize.c **** 
 258:../Middlewares/threadx/common/src/tx_thread_initialize.c **** 
 259:../Middlewares/threadx/common/src/tx_thread_initialize.c **** /* Define the last TX_THREAD_EXECUTE_LOG_SIZE threads scheduled in ThreadX. This 
 260:../Middlewares/threadx/common/src/tx_thread_initialize.c ****    is a circular list, where the index points to the oldest entry.  */
 261:../Middlewares/threadx/common/src/tx_thread_initialize.c **** 
 262:../Middlewares/threadx/common/src/tx_thread_initialize.c **** ULONG           _tx_thread_performance__execute_log_index;
 263:../Middlewares/threadx/common/src/tx_thread_initialize.c **** TX_THREAD *     _tx_thread_performance_execute_log[TX_THREAD_EXECUTE_LOG_SIZE];
 264:../Middlewares/threadx/common/src/tx_thread_initialize.c **** #endif
 265:../Middlewares/threadx/common/src/tx_thread_initialize.c **** 
 266:../Middlewares/threadx/common/src/tx_thread_initialize.c **** 
 267:../Middlewares/threadx/common/src/tx_thread_initialize.c **** /* Define special string.  */
 268:../Middlewares/threadx/common/src/tx_thread_initialize.c **** 
 269:../Middlewares/threadx/common/src/tx_thread_initialize.c **** #ifndef TX_MISRA_ENABLE
 270:../Middlewares/threadx/common/src/tx_thread_initialize.c **** const CHAR _tx_thread_special_string[] = 
 271:../Middlewares/threadx/common/src/tx_thread_initialize.c ****   "G-ML-EL-ML-BL-DL-BL-GB-GL-M-D-DL-GZ-KH-EL-CM-NH-HA-GF-DD-JC-YZ-CT-AT-DW-USA-CA-SD-SDSU";
 272:../Middlewares/threadx/common/src/tx_thread_initialize.c **** #endif
 273:../Middlewares/threadx/common/src/tx_thread_initialize.c **** 
 274:../Middlewares/threadx/common/src/tx_thread_initialize.c **** 
 275:../Middlewares/threadx/common/src/tx_thread_initialize.c **** /**************************************************************************/
 276:../Middlewares/threadx/common/src/tx_thread_initialize.c **** /*                                                                        */
 277:../Middlewares/threadx/common/src/tx_thread_initialize.c **** /*  FUNCTION                                               RELEASE        */
 278:../Middlewares/threadx/common/src/tx_thread_initialize.c **** /*                                                                        */
 279:../Middlewares/threadx/common/src/tx_thread_initialize.c **** /*    _tx_thread_initialize                               PORTABLE C      */
 280:../Middlewares/threadx/common/src/tx_thread_initialize.c **** /*                                                           6.1.9        */
 281:../Middlewares/threadx/common/src/tx_thread_initialize.c **** /*  AUTHOR                                                                */
 282:../Middlewares/threadx/common/src/tx_thread_initialize.c **** /*                                                                        */
 283:../Middlewares/threadx/common/src/tx_thread_initialize.c **** /*    William E. Lamie, Microsoft Corporation                             */
 284:../Middlewares/threadx/common/src/tx_thread_initialize.c **** /*                                                                        */
 285:../Middlewares/threadx/common/src/tx_thread_initialize.c **** /*  DESCRIPTION                                                           */
 286:../Middlewares/threadx/common/src/tx_thread_initialize.c **** /*                                                                        */
 287:../Middlewares/threadx/common/src/tx_thread_initialize.c **** /*    This function initializes the various control data structures for   */
 288:../Middlewares/threadx/common/src/tx_thread_initialize.c **** /*    the thread control component.                                       */
 289:../Middlewares/threadx/common/src/tx_thread_initialize.c **** /*                                                                        */
 290:../Middlewares/threadx/common/src/tx_thread_initialize.c **** /*  INPUT                                                                 */
 291:../Middlewares/threadx/common/src/tx_thread_initialize.c **** /*                                                                        */
 292:../Middlewares/threadx/common/src/tx_thread_initialize.c **** /*    None                                                                */
 293:../Middlewares/threadx/common/src/tx_thread_initialize.c **** /*                                                                        */
 294:../Middlewares/threadx/common/src/tx_thread_initialize.c **** /*  OUTPUT                                                                */
 295:../Middlewares/threadx/common/src/tx_thread_initialize.c **** /*                                                                        */
 296:../Middlewares/threadx/common/src/tx_thread_initialize.c **** /*    None                                                                */
 297:../Middlewares/threadx/common/src/tx_thread_initialize.c **** /*                                                                        */
 298:../Middlewares/threadx/common/src/tx_thread_initialize.c **** /*  CALLS                                                                 */
 299:../Middlewares/threadx/common/src/tx_thread_initialize.c **** /*                                                                        */
 300:../Middlewares/threadx/common/src/tx_thread_initialize.c **** /*    None                                                                */
 301:../Middlewares/threadx/common/src/tx_thread_initialize.c **** /*                                                                        */
 302:../Middlewares/threadx/common/src/tx_thread_initialize.c **** /*  CALLED BY                                                             */
 303:../Middlewares/threadx/common/src/tx_thread_initialize.c **** /*                                                                        */
 304:../Middlewares/threadx/common/src/tx_thread_initialize.c **** /*    _tx_initialize_high_level         High level initialization         */
 305:../Middlewares/threadx/common/src/tx_thread_initialize.c **** /*                                                                        */
 306:../Middlewares/threadx/common/src/tx_thread_initialize.c **** /*  RELEASE HISTORY                                                       */
 307:../Middlewares/threadx/common/src/tx_thread_initialize.c **** /*                                                                        */
 308:../Middlewares/threadx/common/src/tx_thread_initialize.c **** /*    DATE              NAME                      DESCRIPTION             */
 309:../Middlewares/threadx/common/src/tx_thread_initialize.c **** /*                                                                        */
 310:../Middlewares/threadx/common/src/tx_thread_initialize.c **** /*  05-19-2020     William E. Lamie         Initial Version 6.0           */
ARM GAS  /tmp/cc1rVKuD.s 			page 7


 311:../Middlewares/threadx/common/src/tx_thread_initialize.c **** /*  09-30-2020     Yuxin Zhou               Modified comment(s),          */
 312:../Middlewares/threadx/common/src/tx_thread_initialize.c **** /*                                            resulting in version 6.1    */
 313:../Middlewares/threadx/common/src/tx_thread_initialize.c **** /*  06-02-2021     Yuxin Zhou               Modified comment(s), added    */
 314:../Middlewares/threadx/common/src/tx_thread_initialize.c **** /*                                            Execution Profile support,  */
 315:../Middlewares/threadx/common/src/tx_thread_initialize.c **** /*                                            resulting in version 6.1.7  */
 316:../Middlewares/threadx/common/src/tx_thread_initialize.c **** /*  10-15-2021     Yuxin Zhou               Modified comment(s), improved */
 317:../Middlewares/threadx/common/src/tx_thread_initialize.c **** /*                                            stack check error handling, */
 318:../Middlewares/threadx/common/src/tx_thread_initialize.c **** /*                                            resulting in version 6.1.9  */   
 319:../Middlewares/threadx/common/src/tx_thread_initialize.c **** /*                                                                        */
 320:../Middlewares/threadx/common/src/tx_thread_initialize.c **** /**************************************************************************/
 321:../Middlewares/threadx/common/src/tx_thread_initialize.c **** VOID  _tx_thread_initialize(VOID)
 322:../Middlewares/threadx/common/src/tx_thread_initialize.c **** {
  34              		.loc 1 322 1 view -0
  35              		.cfi_startproc
  36              		@ args = 0, pretend = 0, frame = 0
  37              		@ frame_needed = 0, uses_anonymous_args = 0
 323:../Middlewares/threadx/common/src/tx_thread_initialize.c **** 
 324:../Middlewares/threadx/common/src/tx_thread_initialize.c ****     /* Note: the system stack pointer and the system state variables are 
 325:../Middlewares/threadx/common/src/tx_thread_initialize.c ****        initialized by the low and high-level initialization functions,
 326:../Middlewares/threadx/common/src/tx_thread_initialize.c ****        respectively.  */
 327:../Middlewares/threadx/common/src/tx_thread_initialize.c **** 
 328:../Middlewares/threadx/common/src/tx_thread_initialize.c **** #ifndef TX_DISABLE_REDUNDANT_CLEARING
 329:../Middlewares/threadx/common/src/tx_thread_initialize.c **** 
 330:../Middlewares/threadx/common/src/tx_thread_initialize.c ****     /* Set current thread pointer to NULL.  */
 331:../Middlewares/threadx/common/src/tx_thread_initialize.c ****     TX_THREAD_SET_CURRENT(TX_NULL)
  38              		.loc 1 331 5 view .LVU1
 322:../Middlewares/threadx/common/src/tx_thread_initialize.c **** 
  39              		.loc 1 322 1 is_stmt 0 view .LVU2
  40 0000 10B5     		push	{r4, lr}
  41              		.cfi_def_cfa_offset 8
  42              		.cfi_offset 4, -8
  43              		.cfi_offset 14, -4
  44              		.loc 1 331 5 view .LVU3
  45 0002 0024     		movs	r4, #0
 332:../Middlewares/threadx/common/src/tx_thread_initialize.c **** 
 333:../Middlewares/threadx/common/src/tx_thread_initialize.c ****     /* Initialize the execute thread pointer to NULL.  */
 334:../Middlewares/threadx/common/src/tx_thread_initialize.c ****     _tx_thread_execute_ptr =  TX_NULL;
 335:../Middlewares/threadx/common/src/tx_thread_initialize.c **** 
 336:../Middlewares/threadx/common/src/tx_thread_initialize.c ****     /* Initialize the priority information.  */
 337:../Middlewares/threadx/common/src/tx_thread_initialize.c ****     TX_MEMSET(&_tx_thread_priority_maps[0], 0, (sizeof(_tx_thread_priority_maps)));
 338:../Middlewares/threadx/common/src/tx_thread_initialize.c **** 
 339:../Middlewares/threadx/common/src/tx_thread_initialize.c **** #ifndef TX_DISABLE_PREEMPTION_THRESHOLD
 340:../Middlewares/threadx/common/src/tx_thread_initialize.c ****     TX_MEMSET(&_tx_thread_preempted_maps[0], 0, (sizeof(_tx_thread_preempted_maps)));
 341:../Middlewares/threadx/common/src/tx_thread_initialize.c **** #endif
 342:../Middlewares/threadx/common/src/tx_thread_initialize.c **** #endif
 343:../Middlewares/threadx/common/src/tx_thread_initialize.c **** 
 344:../Middlewares/threadx/common/src/tx_thread_initialize.c ****     /* Setup the highest priority variable to the max, indicating no thread is currently
 345:../Middlewares/threadx/common/src/tx_thread_initialize.c ****        ready.  */
 346:../Middlewares/threadx/common/src/tx_thread_initialize.c ****     _tx_thread_highest_priority =  ((UINT) TX_MAX_PRIORITIES);
  46              		.loc 1 346 33 view .LVU4
  47 0004 2022     		movs	r2, #32
 331:../Middlewares/threadx/common/src/tx_thread_initialize.c **** 
  48              		.loc 1 331 5 view .LVU5
  49 0006 104B     		ldr	r3, .L2
 347:../Middlewares/threadx/common/src/tx_thread_initialize.c **** 
 348:../Middlewares/threadx/common/src/tx_thread_initialize.c **** 
 349:../Middlewares/threadx/common/src/tx_thread_initialize.c **** #ifndef TX_DISABLE_REDUNDANT_CLEARING
ARM GAS  /tmp/cc1rVKuD.s 			page 8


 350:../Middlewares/threadx/common/src/tx_thread_initialize.c **** 
 351:../Middlewares/threadx/common/src/tx_thread_initialize.c ****     /* Initialize the array of priority head pointers.  */
 352:../Middlewares/threadx/common/src/tx_thread_initialize.c ****     TX_MEMSET(&_tx_thread_priority_list[0], 0, (sizeof(_tx_thread_priority_list)));
  50              		.loc 1 352 5 view .LVU6
  51 0008 2146     		mov	r1, r4
 331:../Middlewares/threadx/common/src/tx_thread_initialize.c **** 
  52              		.loc 1 331 5 view .LVU7
  53 000a 1C60     		str	r4, [r3]
 334:../Middlewares/threadx/common/src/tx_thread_initialize.c **** 
  54              		.loc 1 334 5 is_stmt 1 view .LVU8
 334:../Middlewares/threadx/common/src/tx_thread_initialize.c **** 
  55              		.loc 1 334 28 is_stmt 0 view .LVU9
  56 000c 0F4B     		ldr	r3, .L2+4
  57              		.loc 1 352 5 view .LVU10
  58 000e 1048     		ldr	r0, .L2+8
 334:../Middlewares/threadx/common/src/tx_thread_initialize.c **** 
  59              		.loc 1 334 28 view .LVU11
  60 0010 1C60     		str	r4, [r3]
 337:../Middlewares/threadx/common/src/tx_thread_initialize.c **** 
  61              		.loc 1 337 5 is_stmt 1 view .LVU12
  62 0012 104B     		ldr	r3, .L2+12
  63 0014 1C60     		str	r4, [r3]
 340:../Middlewares/threadx/common/src/tx_thread_initialize.c **** #endif
  64              		.loc 1 340 5 view .LVU13
  65 0016 104B     		ldr	r3, .L2+16
  66 0018 1C60     		str	r4, [r3]
 346:../Middlewares/threadx/common/src/tx_thread_initialize.c **** 
  67              		.loc 1 346 5 view .LVU14
 346:../Middlewares/threadx/common/src/tx_thread_initialize.c **** 
  68              		.loc 1 346 33 is_stmt 0 view .LVU15
  69 001a 104B     		ldr	r3, .L2+20
  70 001c 1A60     		str	r2, [r3]
  71              		.loc 1 352 5 is_stmt 1 view .LVU16
  72 001e 8022     		movs	r2, #128
  73 0020 FFF7FEFF 		bl	memset
  74              	.LVL0:
 353:../Middlewares/threadx/common/src/tx_thread_initialize.c **** 
 354:../Middlewares/threadx/common/src/tx_thread_initialize.c ****     /* Initialize the head pointer of the created threads list and the
 355:../Middlewares/threadx/common/src/tx_thread_initialize.c ****        number of threads created.  */
 356:../Middlewares/threadx/common/src/tx_thread_initialize.c ****     _tx_thread_created_ptr =        TX_NULL;
  75              		.loc 1 356 5 view .LVU17
  76              		.loc 1 356 28 is_stmt 0 view .LVU18
  77 0024 0E4B     		ldr	r3, .L2+24
 357:../Middlewares/threadx/common/src/tx_thread_initialize.c ****     _tx_thread_created_count =      TX_EMPTY;
 358:../Middlewares/threadx/common/src/tx_thread_initialize.c **** 
 359:../Middlewares/threadx/common/src/tx_thread_initialize.c ****     /* Clear the global preempt disable variable.  */
 360:../Middlewares/threadx/common/src/tx_thread_initialize.c ****     _tx_thread_preempt_disable =    ((UINT) 0);
 361:../Middlewares/threadx/common/src/tx_thread_initialize.c **** 
 362:../Middlewares/threadx/common/src/tx_thread_initialize.c ****     /* Initialize the thread mutex release function pointer.  */
 363:../Middlewares/threadx/common/src/tx_thread_initialize.c ****     _tx_thread_mutex_release =      TX_NULL;
 364:../Middlewares/threadx/common/src/tx_thread_initialize.c **** 
 365:../Middlewares/threadx/common/src/tx_thread_initialize.c **** #ifdef TX_ENABLE_STACK_CHECKING
 366:../Middlewares/threadx/common/src/tx_thread_initialize.c **** 
 367:../Middlewares/threadx/common/src/tx_thread_initialize.c ****     /* Clear application registered stack error handler.  */
 368:../Middlewares/threadx/common/src/tx_thread_initialize.c ****     _tx_thread_application_stack_error_handler =  TX_NULL;
 369:../Middlewares/threadx/common/src/tx_thread_initialize.c **** #endif
 370:../Middlewares/threadx/common/src/tx_thread_initialize.c **** 
ARM GAS  /tmp/cc1rVKuD.s 			page 9


 371:../Middlewares/threadx/common/src/tx_thread_initialize.c **** #ifdef TX_THREAD_ENABLE_PERFORMANCE_INFO
 372:../Middlewares/threadx/common/src/tx_thread_initialize.c **** 
 373:../Middlewares/threadx/common/src/tx_thread_initialize.c ****     /* Clear performance counters.  */
 374:../Middlewares/threadx/common/src/tx_thread_initialize.c ****     _tx_thread_performance_resume_count =                ((ULONG) 0);
 375:../Middlewares/threadx/common/src/tx_thread_initialize.c ****     _tx_thread_performance_suspend_count =               ((ULONG) 0);
 376:../Middlewares/threadx/common/src/tx_thread_initialize.c ****     _tx_thread_performance_solicited_preemption_count =  ((ULONG) 0);
 377:../Middlewares/threadx/common/src/tx_thread_initialize.c ****     _tx_thread_performance_interrupt_preemption_count =  ((ULONG) 0);
 378:../Middlewares/threadx/common/src/tx_thread_initialize.c ****     _tx_thread_performance_priority_inversion_count =    ((ULONG) 0);
 379:../Middlewares/threadx/common/src/tx_thread_initialize.c ****     _tx_thread_performance_time_slice_count =            ((ULONG) 0);
 380:../Middlewares/threadx/common/src/tx_thread_initialize.c ****     _tx_thread_performance_relinquish_count =            ((ULONG) 0);
 381:../Middlewares/threadx/common/src/tx_thread_initialize.c ****     _tx_thread_performance_timeout_count =               ((ULONG) 0);
 382:../Middlewares/threadx/common/src/tx_thread_initialize.c ****     _tx_thread_performance_wait_abort_count =            ((ULONG) 0);
 383:../Middlewares/threadx/common/src/tx_thread_initialize.c ****     _tx_thread_performance_idle_return_count =           ((ULONG) 0);
 384:../Middlewares/threadx/common/src/tx_thread_initialize.c ****     _tx_thread_performance_non_idle_return_count =       ((ULONG) 0);
 385:../Middlewares/threadx/common/src/tx_thread_initialize.c **** 
 386:../Middlewares/threadx/common/src/tx_thread_initialize.c ****     /* Initialize the execute thread log.  */
 387:../Middlewares/threadx/common/src/tx_thread_initialize.c ****     TX_MEMSET(&_tx_thread_performance_execute_log[0], 0, (sizeof(_tx_thread_performance_execute_log
 388:../Middlewares/threadx/common/src/tx_thread_initialize.c **** #endif
 389:../Middlewares/threadx/common/src/tx_thread_initialize.c **** #endif
 390:../Middlewares/threadx/common/src/tx_thread_initialize.c **** 
 391:../Middlewares/threadx/common/src/tx_thread_initialize.c ****     /* Setup the build options flag. This is used to identify how the ThreadX library was construct
 392:../Middlewares/threadx/common/src/tx_thread_initialize.c ****     _tx_build_options =  _tx_build_options 
  78              		.loc 1 392 23 view .LVU19
  79 0026 0F4A     		ldr	r2, .L2+28
 356:../Middlewares/threadx/common/src/tx_thread_initialize.c ****     _tx_thread_created_count =      TX_EMPTY;
  80              		.loc 1 356 28 view .LVU20
  81 0028 1C60     		str	r4, [r3]
 357:../Middlewares/threadx/common/src/tx_thread_initialize.c ****     _tx_thread_created_count =      TX_EMPTY;
  82              		.loc 1 357 5 is_stmt 1 view .LVU21
 357:../Middlewares/threadx/common/src/tx_thread_initialize.c ****     _tx_thread_created_count =      TX_EMPTY;
  83              		.loc 1 357 30 is_stmt 0 view .LVU22
  84 002a 0F4B     		ldr	r3, .L2+32
  85 002c 1C60     		str	r4, [r3]
 360:../Middlewares/threadx/common/src/tx_thread_initialize.c **** 
  86              		.loc 1 360 5 is_stmt 1 view .LVU23
 360:../Middlewares/threadx/common/src/tx_thread_initialize.c **** 
  87              		.loc 1 360 32 is_stmt 0 view .LVU24
  88 002e 0F4B     		ldr	r3, .L2+36
  89 0030 1C60     		str	r4, [r3]
 363:../Middlewares/threadx/common/src/tx_thread_initialize.c **** 
  90              		.loc 1 363 5 is_stmt 1 view .LVU25
 363:../Middlewares/threadx/common/src/tx_thread_initialize.c **** 
  91              		.loc 1 363 30 is_stmt 0 view .LVU26
  92 0032 0F4B     		ldr	r3, .L2+40
  93 0034 1C60     		str	r4, [r3]
 368:../Middlewares/threadx/common/src/tx_thread_initialize.c **** #endif
  94              		.loc 1 368 5 is_stmt 1 view .LVU27
 368:../Middlewares/threadx/common/src/tx_thread_initialize.c **** #endif
  95              		.loc 1 368 48 is_stmt 0 view .LVU28
  96 0036 0F4B     		ldr	r3, .L2+44
  97 0038 1C60     		str	r4, [r3]
  98              		.loc 1 392 5 is_stmt 1 view .LVU29
 393:../Middlewares/threadx/common/src/tx_thread_initialize.c ****                             | (((ULONG) (TX_MAX_PRIORITIES/32)) << 24) 
 394:../Middlewares/threadx/common/src/tx_thread_initialize.c **** #ifdef TX_NOT_INTERRUPTABLE
 395:../Middlewares/threadx/common/src/tx_thread_initialize.c ****                             | (((ULONG) 1) << 31)
 396:../Middlewares/threadx/common/src/tx_thread_initialize.c **** #endif
 397:../Middlewares/threadx/common/src/tx_thread_initialize.c **** #ifdef TX_INLINE_THREAD_RESUME_SUSPEND
ARM GAS  /tmp/cc1rVKuD.s 			page 10


 398:../Middlewares/threadx/common/src/tx_thread_initialize.c ****                             | (((ULONG) 1) << 30)
 399:../Middlewares/threadx/common/src/tx_thread_initialize.c **** #endif
 400:../Middlewares/threadx/common/src/tx_thread_initialize.c **** #ifdef TX_TIMER_PROCESS_IN_ISR
 401:../Middlewares/threadx/common/src/tx_thread_initialize.c ****                             | (((ULONG) 1) << 23)
 402:../Middlewares/threadx/common/src/tx_thread_initialize.c **** #endif
 403:../Middlewares/threadx/common/src/tx_thread_initialize.c **** #ifdef TX_REACTIVATE_INLINE
 404:../Middlewares/threadx/common/src/tx_thread_initialize.c ****                             | (((ULONG) 1) << 22)
 405:../Middlewares/threadx/common/src/tx_thread_initialize.c **** #endif
 406:../Middlewares/threadx/common/src/tx_thread_initialize.c **** #ifdef TX_DISABLE_STACK_FILLING
 407:../Middlewares/threadx/common/src/tx_thread_initialize.c ****                             | (((ULONG) 1) << 21)
 408:../Middlewares/threadx/common/src/tx_thread_initialize.c **** #endif
 409:../Middlewares/threadx/common/src/tx_thread_initialize.c **** #ifdef TX_ENABLE_STACK_CHECKING
 410:../Middlewares/threadx/common/src/tx_thread_initialize.c ****                             | (((ULONG) 1) << 20)
 411:../Middlewares/threadx/common/src/tx_thread_initialize.c **** #endif
 412:../Middlewares/threadx/common/src/tx_thread_initialize.c **** #ifdef TX_DISABLE_PREEMPTION_THRESHOLD
 413:../Middlewares/threadx/common/src/tx_thread_initialize.c ****                             | (((ULONG) 1) << 19)
 414:../Middlewares/threadx/common/src/tx_thread_initialize.c **** #endif
 415:../Middlewares/threadx/common/src/tx_thread_initialize.c **** #ifdef TX_DISABLE_REDUNDANT_CLEARING
 416:../Middlewares/threadx/common/src/tx_thread_initialize.c ****                             | (((ULONG) 1) << 18)
 417:../Middlewares/threadx/common/src/tx_thread_initialize.c **** #endif
 418:../Middlewares/threadx/common/src/tx_thread_initialize.c **** #ifdef TX_DISABLE_NOTIFY_CALLBACKS
 419:../Middlewares/threadx/common/src/tx_thread_initialize.c ****                             | (((ULONG) 1) << 17)
 420:../Middlewares/threadx/common/src/tx_thread_initialize.c **** #endif
 421:../Middlewares/threadx/common/src/tx_thread_initialize.c **** #ifdef TX_BLOCK_POOL_ENABLE_PERFORMANCE_INFO
 422:../Middlewares/threadx/common/src/tx_thread_initialize.c ****                             | (((ULONG) 1) << 16)
 423:../Middlewares/threadx/common/src/tx_thread_initialize.c **** #endif
 424:../Middlewares/threadx/common/src/tx_thread_initialize.c **** #ifdef TX_BYTE_POOL_ENABLE_PERFORMANCE_INFO
 425:../Middlewares/threadx/common/src/tx_thread_initialize.c ****                             | (((ULONG) 1) << 15)
 426:../Middlewares/threadx/common/src/tx_thread_initialize.c **** #endif
 427:../Middlewares/threadx/common/src/tx_thread_initialize.c **** #ifdef TX_EVENT_FLAGS_ENABLE_PERFORMANCE_INFO
 428:../Middlewares/threadx/common/src/tx_thread_initialize.c ****                             | (((ULONG) 1) << 14)
 429:../Middlewares/threadx/common/src/tx_thread_initialize.c **** #endif
 430:../Middlewares/threadx/common/src/tx_thread_initialize.c **** #ifdef TX_MUTEX_ENABLE_PERFORMANCE_INFO
 431:../Middlewares/threadx/common/src/tx_thread_initialize.c ****                             | (((ULONG) 1) << 13)
 432:../Middlewares/threadx/common/src/tx_thread_initialize.c **** #endif
 433:../Middlewares/threadx/common/src/tx_thread_initialize.c **** #ifdef TX_QUEUE_ENABLE_PERFORMANCE_INFO
 434:../Middlewares/threadx/common/src/tx_thread_initialize.c ****                             | (((ULONG) 1) << 12)
 435:../Middlewares/threadx/common/src/tx_thread_initialize.c **** #endif
 436:../Middlewares/threadx/common/src/tx_thread_initialize.c **** #ifdef TX_SEMAPHORE_ENABLE_PERFORMANCE_INFO
 437:../Middlewares/threadx/common/src/tx_thread_initialize.c ****                             | (((ULONG) 1) << 11)
 438:../Middlewares/threadx/common/src/tx_thread_initialize.c **** #endif
 439:../Middlewares/threadx/common/src/tx_thread_initialize.c **** #ifdef TX_THREAD_ENABLE_PERFORMANCE_INFO
 440:../Middlewares/threadx/common/src/tx_thread_initialize.c ****                             | (((ULONG) 1) << 10)
 441:../Middlewares/threadx/common/src/tx_thread_initialize.c **** #endif
 442:../Middlewares/threadx/common/src/tx_thread_initialize.c **** #ifdef TX_TIMER_ENABLE_PERFORMANCE_INFO
 443:../Middlewares/threadx/common/src/tx_thread_initialize.c ****                             | (((ULONG) 1) << 9)
 444:../Middlewares/threadx/common/src/tx_thread_initialize.c **** #endif
 445:../Middlewares/threadx/common/src/tx_thread_initialize.c **** #ifdef TX_ENABLE_EVENT_TRACE
 446:../Middlewares/threadx/common/src/tx_thread_initialize.c ****                             | (((ULONG) 1) << 8)
  99              		.loc 1 446 29 is_stmt 0 view .LVU30
 100 003a 1368     		ldr	r3, [r2]
 101 003c 43F00123 		orr	r3, r3, #16777472
 102 0040 43F48013 		orr	r3, r3, #1048576
 392:../Middlewares/threadx/common/src/tx_thread_initialize.c ****                             | (((ULONG) (TX_MAX_PRIORITIES/32)) << 24) 
 103              		.loc 1 392 23 view .LVU31
 104 0044 1360     		str	r3, [r2]
 447:../Middlewares/threadx/common/src/tx_thread_initialize.c **** #endif
ARM GAS  /tmp/cc1rVKuD.s 			page 11


 448:../Middlewares/threadx/common/src/tx_thread_initialize.c **** #if defined(TX_ENABLE_EXECUTION_CHANGE_NOTIFY) || defined(TX_EXECUTION_PROFILE_ENABLE)
 449:../Middlewares/threadx/common/src/tx_thread_initialize.c ****                             | (((ULONG) 1) << 7)
 450:../Middlewares/threadx/common/src/tx_thread_initialize.c **** #endif
 451:../Middlewares/threadx/common/src/tx_thread_initialize.c **** #if TX_PORT_SPECIFIC_BUILD_OPTIONS != 0
 452:../Middlewares/threadx/common/src/tx_thread_initialize.c ****                             | TX_PORT_SPECIFIC_BUILD_OPTIONS
 453:../Middlewares/threadx/common/src/tx_thread_initialize.c **** #endif
 454:../Middlewares/threadx/common/src/tx_thread_initialize.c ****                             ;
 455:../Middlewares/threadx/common/src/tx_thread_initialize.c **** }
 105              		.loc 1 455 1 view .LVU32
 106 0046 10BD     		pop	{r4, pc}
 107              	.L3:
 108              		.align	2
 109              	.L2:
 110 0048 00000000 		.word	_tx_thread_current_ptr
 111 004c 00000000 		.word	_tx_thread_execute_ptr
 112 0050 00000000 		.word	_tx_thread_priority_list
 113 0054 00000000 		.word	_tx_thread_priority_maps
 114 0058 00000000 		.word	_tx_thread_preempted_maps
 115 005c 00000000 		.word	_tx_thread_highest_priority
 116 0060 00000000 		.word	_tx_thread_created_ptr
 117 0064 00000000 		.word	_tx_build_options
 118 0068 00000000 		.word	_tx_thread_created_count
 119 006c 00000000 		.word	_tx_thread_preempt_disable
 120 0070 00000000 		.word	_tx_thread_mutex_release
 121 0074 00000000 		.word	_tx_thread_application_stack_error_handler
 122              		.cfi_endproc
 123              	.LFE8:
 125              		.global	_tx_thread_special_string
 126              		.section	.rodata._tx_thread_special_string,"a"
 129              	_tx_thread_special_string:
 130 0000 472D4D4C 		.ascii	"G-ML-EL-ML-BL-DL-BL-GB-GL-M-D-DL-GZ-KH-EL-CM-NH-HA-"
 130      2D454C2D 
 130      4D4C2D42 
 130      4C2D444C 
 130      2D424C2D 
 131 0033 47462D44 		.ascii	"GF-DD-JC-YZ-CT-AT-DW-USA-CA-SD-SDSU\000"
 131      442D4A43 
 131      2D595A2D 
 131      43542D41 
 131      542D4457 
 132              		.global	_tx_thread_application_stack_error_handler
 133              		.section	.bss._tx_thread_application_stack_error_handler,"aw",%nobits
 134              		.align	2
 137              	_tx_thread_application_stack_error_handler:
 138 0000 00000000 		.space	4
 139              		.global	_tx_build_options
 140              		.section	.bss._tx_build_options,"aw",%nobits
 141              		.align	2
 144              	_tx_build_options:
 145 0000 00000000 		.space	4
 146              		.global	_tx_thread_mutex_release
 147              		.section	.bss._tx_thread_mutex_release,"aw",%nobits
 148              		.align	2
 151              	_tx_thread_mutex_release:
 152 0000 00000000 		.space	4
 153              		.global	_tx_thread_preempt_disable
 154              		.section	.bss._tx_thread_preempt_disable,"aw",%nobits
ARM GAS  /tmp/cc1rVKuD.s 			page 12


 155              		.align	2
 158              	_tx_thread_preempt_disable:
 159 0000 00000000 		.space	4
 160              		.global	_tx_thread_priority_list
 161              		.section	.bss._tx_thread_priority_list,"aw",%nobits
 162              		.align	2
 165              	_tx_thread_priority_list:
 166 0000 00000000 		.space	128
 166      00000000 
 166      00000000 
 166      00000000 
 166      00000000 
 167              		.global	_tx_thread_highest_priority
 168              		.section	.bss._tx_thread_highest_priority,"aw",%nobits
 169              		.align	2
 172              	_tx_thread_highest_priority:
 173 0000 00000000 		.space	4
 174              		.global	_tx_thread_preempted_maps
 175              		.section	.bss._tx_thread_preempted_maps,"aw",%nobits
 176              		.align	2
 179              	_tx_thread_preempted_maps:
 180 0000 00000000 		.space	4
 181              		.global	_tx_thread_priority_maps
 182              		.section	.bss._tx_thread_priority_maps,"aw",%nobits
 183              		.align	2
 186              	_tx_thread_priority_maps:
 187 0000 00000000 		.space	4
 188              		.global	_tx_thread_system_state
 189              		.section	.data._tx_thread_system_state,"aw"
 190              		.align	2
 193              	_tx_thread_system_state:
 194 0000 F0F0F0F0 		.word	-252645136
 195              		.global	_tx_thread_created_count
 196              		.section	.bss._tx_thread_created_count,"aw",%nobits
 197              		.align	2
 200              	_tx_thread_created_count:
 201 0000 00000000 		.space	4
 202              		.global	_tx_thread_created_ptr
 203              		.section	.bss._tx_thread_created_ptr,"aw",%nobits
 204              		.align	2
 207              	_tx_thread_created_ptr:
 208 0000 00000000 		.space	4
 209              		.global	_tx_thread_execute_ptr
 210              		.section	.bss._tx_thread_execute_ptr,"aw",%nobits
 211              		.align	2
 214              	_tx_thread_execute_ptr:
 215 0000 00000000 		.space	4
 216              		.global	_tx_thread_current_ptr
 217              		.section	.bss._tx_thread_current_ptr,"aw",%nobits
 218              		.align	2
 221              	_tx_thread_current_ptr:
 222 0000 00000000 		.space	4
 223              		.global	_tx_thread_system_stack_ptr
 224              		.section	.bss._tx_thread_system_stack_ptr,"aw",%nobits
 225              		.align	2
 228              	_tx_thread_system_stack_ptr:
 229 0000 00000000 		.space	4
ARM GAS  /tmp/cc1rVKuD.s 			page 13


 230              		.global	_tx_version_id
 231              		.section	.data._tx_version_id,"aw"
 234              	_tx_version_id:
 235 0000 436F7079 		.ascii	"Copyright (c) Microsoft Corporation. All rights res"
 235      72696768 
 235      74202863 
 235      29204D69 
 235      63726F73 
 236 0033 65727665 		.ascii	"erved. * ThreadX Cortex-M55/GNU Version 6.4.0 *\000"
 236      642E202A 
 236      20546872 
 236      65616458 
 236      20436F72 
 237              		.text
 238              	.Letext0:
 239              		.file 2 "../Middlewares/threadx/ports/cortex_m55/gnu/inc/tx_port.h"
 240              		.file 3 "../Middlewares/threadx/common/inc/tx_api.h"
 241              		.file 4 "../Middlewares/threadx/common/inc/tx_thread.h"
 242              		.file 5 "/opt/st/stm32cubeclt_1.21.0/GNU-tools-for-STM32/arm-none-eabi/include/string.h"
 243              		.file 6 "<built-in>"
ARM GAS  /tmp/cc1rVKuD.s 			page 14


DEFINED SYMBOLS
                            *ABS*:00000000 tx_thread_initialize.c
     /tmp/cc1rVKuD.s:26     .text._tx_thread_initialize:00000000 $t
     /tmp/cc1rVKuD.s:32     .text._tx_thread_initialize:00000000 _tx_thread_initialize
     /tmp/cc1rVKuD.s:110    .text._tx_thread_initialize:00000048 $d
     /tmp/cc1rVKuD.s:221    .bss._tx_thread_current_ptr:00000000 _tx_thread_current_ptr
     /tmp/cc1rVKuD.s:214    .bss._tx_thread_execute_ptr:00000000 _tx_thread_execute_ptr
     /tmp/cc1rVKuD.s:165    .bss._tx_thread_priority_list:00000000 _tx_thread_priority_list
     /tmp/cc1rVKuD.s:186    .bss._tx_thread_priority_maps:00000000 _tx_thread_priority_maps
     /tmp/cc1rVKuD.s:179    .bss._tx_thread_preempted_maps:00000000 _tx_thread_preempted_maps
     /tmp/cc1rVKuD.s:172    .bss._tx_thread_highest_priority:00000000 _tx_thread_highest_priority
     /tmp/cc1rVKuD.s:207    .bss._tx_thread_created_ptr:00000000 _tx_thread_created_ptr
     /tmp/cc1rVKuD.s:144    .bss._tx_build_options:00000000 _tx_build_options
     /tmp/cc1rVKuD.s:200    .bss._tx_thread_created_count:00000000 _tx_thread_created_count
     /tmp/cc1rVKuD.s:158    .bss._tx_thread_preempt_disable:00000000 _tx_thread_preempt_disable
     /tmp/cc1rVKuD.s:151    .bss._tx_thread_mutex_release:00000000 _tx_thread_mutex_release
     /tmp/cc1rVKuD.s:137    .bss._tx_thread_application_stack_error_handler:00000000 _tx_thread_application_stack_error_handler
     /tmp/cc1rVKuD.s:129    .rodata._tx_thread_special_string:00000000 _tx_thread_special_string
     /tmp/cc1rVKuD.s:134    .bss._tx_thread_application_stack_error_handler:00000000 $d
     /tmp/cc1rVKuD.s:141    .bss._tx_build_options:00000000 $d
     /tmp/cc1rVKuD.s:148    .bss._tx_thread_mutex_release:00000000 $d
     /tmp/cc1rVKuD.s:155    .bss._tx_thread_preempt_disable:00000000 $d
     /tmp/cc1rVKuD.s:162    .bss._tx_thread_priority_list:00000000 $d
     /tmp/cc1rVKuD.s:169    .bss._tx_thread_highest_priority:00000000 $d
     /tmp/cc1rVKuD.s:176    .bss._tx_thread_preempted_maps:00000000 $d
     /tmp/cc1rVKuD.s:183    .bss._tx_thread_priority_maps:00000000 $d
     /tmp/cc1rVKuD.s:193    .data._tx_thread_system_state:00000000 _tx_thread_system_state
     /tmp/cc1rVKuD.s:190    .data._tx_thread_system_state:00000000 $d
     /tmp/cc1rVKuD.s:197    .bss._tx_thread_created_count:00000000 $d
     /tmp/cc1rVKuD.s:204    .bss._tx_thread_created_ptr:00000000 $d
     /tmp/cc1rVKuD.s:211    .bss._tx_thread_execute_ptr:00000000 $d
     /tmp/cc1rVKuD.s:218    .bss._tx_thread_current_ptr:00000000 $d
     /tmp/cc1rVKuD.s:228    .bss._tx_thread_system_stack_ptr:00000000 _tx_thread_system_stack_ptr
     /tmp/cc1rVKuD.s:225    .bss._tx_thread_system_stack_ptr:00000000 $d
     /tmp/cc1rVKuD.s:234    .data._tx_version_id:00000000 _tx_version_id
                           .group:00000000 wm4.0.43608cab4da50df6ba2dfee95636a2b5
                           .group:00000000 wm4.tx_api.h.111.1e40bacadb0edb5b6b36282830ee23a5
                           .group:00000000 wm4.ieeefp.h.77.99029d7b8220a2cd73dd257e2bbe825d
                           .group:00000000 wm4._newlib_version.h.4.0eb654b64686e2bd29646258853f6c22
                           .group:00000000 wm4.newlib.h.27.b904f6f8971bd921b436e5701877de32
                           .group:00000000 wm4.features.h.22.4b93ad64e0d80833c46a20ecae380bb0
                           .group:00000000 wm4.config.h.224.10ee1ad185d877c6e334e6581faab44d
                           .group:00000000 wm4._ansi.h.31.de524f58584151836e90d8620a16f8e8
                           .group:00000000 wm4.stdlib.h.13.4ed386f5c1a80d71e72172885d946ef2
                           .group:00000000 wm4.stddef.h.200.7df09ddbfbefc5947db7aca5a0fd7644
                           .group:00000000 wm4.stddef.h.39.613e674cf2e6f142dfe584123421de07
                           .group:00000000 wm4._default_types.h.6.959254cf5f09734ea7516c89e8bb21bd
                           .group:00000000 wm4.cdefs.h.49.56fd742369e655e7e8a7e365e706e208
                           .group:00000000 wm4._types.h.20.dd0d04dca3800a0d2a6129b87f3adbb2
                           .group:00000000 wm4.stddef.h.173.4903093a50a8482cb062b176ea61fac3
                           .group:00000000 wm4._types.h.127.3bdfe3ff8ea2d0985b03d9cbe93480e3
                           .group:00000000 wm4.reent.h.18.25503cdc8b7e55dd0d6ea7b3e5af7a03
                           .group:00000000 wm4.lock.h.2.1461d1fff82dffe8bfddc23307f6484f
                           .group:00000000 wm4.reent.h.78.6d702f69a6d6435d2dbe915b10150b1a
                           .group:00000000 wm4.alloca.h.8.dfc0c703c47ec3e69746825b17d9e66d
                           .group:00000000 wm4.stdlib.h.56.f4862cfbf4363a1db01842d5bdf72c18
                           .group:00000000 wm4.string.h.8.c4b8571ce60dff2817f43fec8b86aecd
ARM GAS  /tmp/cc1rVKuD.s 			page 15


                           .group:00000000 wm4.stddef.h.173.1cea4f16a943c8e875db6791959c3141
                           .group:00000000 wm4.string.h.177.59a005921fa78485abc80a0267de5752
                           .group:00000000 wm4.tx_port.h.115.294deb9dc65e442684b838abd8efd62b
                           .group:00000000 wm4.tx_api.h.143.a8f6e7c0fde9aa86e8b6e86681771d37
                           .group:00000000 wm4.tx_initialize.h.51.e1963fa1b2d5f240125caf44b0e61d2d
                           .group:00000000 wm4.tx_thread.h.58.aca505065ec84c0c978a4a3ba538ff60

UNDEFINED SYMBOLS
memset
