ARM GAS  /tmp/ccSRdHOm.s 			page 1


   1              		.arch armv8.1-m.main
   2              		.fpu fpv5-d16
   3              		.arch_extension dsp
   4              		.arch_extension fp
   5              		.arch_extension fp.dp
   6              		.arch_extension mve
   7              		.arch_extension mve.fp
   8              		.eabi_attribute 5, "cortex-m55"
   9              		.eabi_attribute 28, 1
  10              		.eabi_attribute 20, 1
  11              		.eabi_attribute 21, 1
  12              		.eabi_attribute 23, 3
  13              		.eabi_attribute 24, 1
  14              		.eabi_attribute 25, 1
  15              		.eabi_attribute 26, 1
  16              		.eabi_attribute 30, 4
  17              		.eabi_attribute 34, 1
  18              		.eabi_attribute 38, 1
  19              		.eabi_attribute 18, 4
  20              		.file	"tx_trace_event_unfilter.c"
  21              		.text
  22              	.Ltext0:
  23              		.cfi_sections	.debug_frame
  24              		.file 1 "../Middlewares/threadx/common/src/tx_trace_event_unfilter.c"
  25              		.section	.text._tx_trace_event_unfilter,"ax",%progbits
  26              		.align	1
  27              		.global	_tx_trace_event_unfilter
  28              		.syntax unified
  29              		.thumb
  30              		.thumb_func
  32              	_tx_trace_event_unfilter:
  33              	.LVL0:
  34              	.LFB8:
   1:../Middlewares/threadx/common/src/tx_trace_event_unfilter.c **** /**************************************************************************/
   2:../Middlewares/threadx/common/src/tx_trace_event_unfilter.c **** /*                                                                        */
   3:../Middlewares/threadx/common/src/tx_trace_event_unfilter.c **** /*       Copyright (c) Microsoft Corporation. All rights reserved.        */
   4:../Middlewares/threadx/common/src/tx_trace_event_unfilter.c **** /*                                                                        */
   5:../Middlewares/threadx/common/src/tx_trace_event_unfilter.c **** /*       This software is licensed under the Microsoft Software License   */
   6:../Middlewares/threadx/common/src/tx_trace_event_unfilter.c **** /*       Terms for Microsoft Azure RTOS. Full text of the license can be  */
   7:../Middlewares/threadx/common/src/tx_trace_event_unfilter.c **** /*       found in the LICENSE file at https://aka.ms/AzureRTOS_EULA       */
   8:../Middlewares/threadx/common/src/tx_trace_event_unfilter.c **** /*       and in the root directory of this software.                      */
   9:../Middlewares/threadx/common/src/tx_trace_event_unfilter.c **** /*                                                                        */
  10:../Middlewares/threadx/common/src/tx_trace_event_unfilter.c **** /**************************************************************************/
  11:../Middlewares/threadx/common/src/tx_trace_event_unfilter.c **** 
  12:../Middlewares/threadx/common/src/tx_trace_event_unfilter.c **** 
  13:../Middlewares/threadx/common/src/tx_trace_event_unfilter.c **** /**************************************************************************/
  14:../Middlewares/threadx/common/src/tx_trace_event_unfilter.c **** /**************************************************************************/
  15:../Middlewares/threadx/common/src/tx_trace_event_unfilter.c **** /**                                                                       */
  16:../Middlewares/threadx/common/src/tx_trace_event_unfilter.c **** /** ThreadX Component                                                     */
  17:../Middlewares/threadx/common/src/tx_trace_event_unfilter.c **** /**                                                                       */
  18:../Middlewares/threadx/common/src/tx_trace_event_unfilter.c **** /**   Trace                                                               */
  19:../Middlewares/threadx/common/src/tx_trace_event_unfilter.c **** /**                                                                       */
  20:../Middlewares/threadx/common/src/tx_trace_event_unfilter.c **** /**************************************************************************/
  21:../Middlewares/threadx/common/src/tx_trace_event_unfilter.c **** /**************************************************************************/
  22:../Middlewares/threadx/common/src/tx_trace_event_unfilter.c **** 
  23:../Middlewares/threadx/common/src/tx_trace_event_unfilter.c **** #ifndef TX_SOURCE_CODE
  24:../Middlewares/threadx/common/src/tx_trace_event_unfilter.c **** #define TX_SOURCE_CODE
ARM GAS  /tmp/ccSRdHOm.s 			page 2


  25:../Middlewares/threadx/common/src/tx_trace_event_unfilter.c **** #endif
  26:../Middlewares/threadx/common/src/tx_trace_event_unfilter.c **** 
  27:../Middlewares/threadx/common/src/tx_trace_event_unfilter.c **** 
  28:../Middlewares/threadx/common/src/tx_trace_event_unfilter.c **** /* Include necessary system files.  */
  29:../Middlewares/threadx/common/src/tx_trace_event_unfilter.c **** 
  30:../Middlewares/threadx/common/src/tx_trace_event_unfilter.c **** #include "tx_api.h"
  31:../Middlewares/threadx/common/src/tx_trace_event_unfilter.c **** #include "tx_trace.h"
  32:../Middlewares/threadx/common/src/tx_trace_event_unfilter.c **** 
  33:../Middlewares/threadx/common/src/tx_trace_event_unfilter.c **** 
  34:../Middlewares/threadx/common/src/tx_trace_event_unfilter.c **** /**************************************************************************/
  35:../Middlewares/threadx/common/src/tx_trace_event_unfilter.c **** /*                                                                        */
  36:../Middlewares/threadx/common/src/tx_trace_event_unfilter.c **** /*  FUNCTION                                               RELEASE        */
  37:../Middlewares/threadx/common/src/tx_trace_event_unfilter.c **** /*                                                                        */
  38:../Middlewares/threadx/common/src/tx_trace_event_unfilter.c **** /*    _tx_trace_event_unfilter                            PORTABLE C      */
  39:../Middlewares/threadx/common/src/tx_trace_event_unfilter.c **** /*                                                           6.1          */
  40:../Middlewares/threadx/common/src/tx_trace_event_unfilter.c **** /*  AUTHOR                                                                */
  41:../Middlewares/threadx/common/src/tx_trace_event_unfilter.c **** /*                                                                        */
  42:../Middlewares/threadx/common/src/tx_trace_event_unfilter.c **** /*    William E. Lamie, Microsoft Corporation                             */
  43:../Middlewares/threadx/common/src/tx_trace_event_unfilter.c **** /*                                                                        */
  44:../Middlewares/threadx/common/src/tx_trace_event_unfilter.c **** /*  DESCRIPTION                                                           */
  45:../Middlewares/threadx/common/src/tx_trace_event_unfilter.c **** /*                                                                        */
  46:../Middlewares/threadx/common/src/tx_trace_event_unfilter.c **** /*    This function removes the event filter, which allows the            */
  47:../Middlewares/threadx/common/src/tx_trace_event_unfilter.c **** /*    application to un-filter various trace events during run-time.      */
  48:../Middlewares/threadx/common/src/tx_trace_event_unfilter.c **** /*                                                                        */
  49:../Middlewares/threadx/common/src/tx_trace_event_unfilter.c **** /*  INPUT                                                                 */
  50:../Middlewares/threadx/common/src/tx_trace_event_unfilter.c **** /*                                                                        */
  51:../Middlewares/threadx/common/src/tx_trace_event_unfilter.c **** /*    event_unfilter_bits                   Trace un-filter event bit(s)  */
  52:../Middlewares/threadx/common/src/tx_trace_event_unfilter.c **** /*                                                                        */
  53:../Middlewares/threadx/common/src/tx_trace_event_unfilter.c **** /*  OUTPUT                                                                */
  54:../Middlewares/threadx/common/src/tx_trace_event_unfilter.c **** /*                                                                        */
  55:../Middlewares/threadx/common/src/tx_trace_event_unfilter.c **** /*    Completion Status                                                   */
  56:../Middlewares/threadx/common/src/tx_trace_event_unfilter.c **** /*                                                                        */
  57:../Middlewares/threadx/common/src/tx_trace_event_unfilter.c **** /*  CALLS                                                                 */
  58:../Middlewares/threadx/common/src/tx_trace_event_unfilter.c **** /*                                                                        */
  59:../Middlewares/threadx/common/src/tx_trace_event_unfilter.c **** /*    None                                                                */
  60:../Middlewares/threadx/common/src/tx_trace_event_unfilter.c **** /*                                                                        */
  61:../Middlewares/threadx/common/src/tx_trace_event_unfilter.c **** /*  CALLED BY                                                             */
  62:../Middlewares/threadx/common/src/tx_trace_event_unfilter.c **** /*                                                                        */
  63:../Middlewares/threadx/common/src/tx_trace_event_unfilter.c **** /*    Application Code                                                    */
  64:../Middlewares/threadx/common/src/tx_trace_event_unfilter.c **** /*                                                                        */
  65:../Middlewares/threadx/common/src/tx_trace_event_unfilter.c **** /*  RELEASE HISTORY                                                       */
  66:../Middlewares/threadx/common/src/tx_trace_event_unfilter.c **** /*                                                                        */
  67:../Middlewares/threadx/common/src/tx_trace_event_unfilter.c **** /*    DATE              NAME                      DESCRIPTION             */
  68:../Middlewares/threadx/common/src/tx_trace_event_unfilter.c **** /*                                                                        */
  69:../Middlewares/threadx/common/src/tx_trace_event_unfilter.c **** /*  05-19-2020     William E. Lamie         Initial Version 6.0           */
  70:../Middlewares/threadx/common/src/tx_trace_event_unfilter.c **** /*  09-30-2020     Yuxin Zhou               Modified comment(s),          */
  71:../Middlewares/threadx/common/src/tx_trace_event_unfilter.c **** /*                                            resulting in version 6.1    */
  72:../Middlewares/threadx/common/src/tx_trace_event_unfilter.c **** /*                                                                        */
  73:../Middlewares/threadx/common/src/tx_trace_event_unfilter.c **** /**************************************************************************/
  74:../Middlewares/threadx/common/src/tx_trace_event_unfilter.c **** UINT  _tx_trace_event_unfilter(ULONG event_unfilter_bits)
  75:../Middlewares/threadx/common/src/tx_trace_event_unfilter.c **** {
  35              		.loc 1 75 1 view -0
  36              		.cfi_startproc
  37              		@ args = 0, pretend = 0, frame = 0
  38              		@ frame_needed = 0, uses_anonymous_args = 0
  39              		@ link register save eliminated.
  76:../Middlewares/threadx/common/src/tx_trace_event_unfilter.c **** 
ARM GAS  /tmp/ccSRdHOm.s 			page 3


  77:../Middlewares/threadx/common/src/tx_trace_event_unfilter.c **** #ifdef TX_ENABLE_EVENT_TRACE
  78:../Middlewares/threadx/common/src/tx_trace_event_unfilter.c **** 
  79:../Middlewares/threadx/common/src/tx_trace_event_unfilter.c ****     /* Make sure the specified bits are set in the event enable variable.  */
  80:../Middlewares/threadx/common/src/tx_trace_event_unfilter.c ****     _tx_trace_event_enable_bits =  _tx_trace_event_enable_bits | event_unfilter_bits;
  40              		.loc 1 80 5 view .LVU1
  41              		.loc 1 80 33 is_stmt 0 view .LVU2
  42 0000 024A     		ldr	r2, .L2
  43              		.loc 1 80 64 view .LVU3
  44 0002 1368     		ldr	r3, [r2]
  45 0004 0343     		orrs	r3, r3, r0
  46              		.loc 1 80 33 view .LVU4
  47 0006 1360     		str	r3, [r2]
  81:../Middlewares/threadx/common/src/tx_trace_event_unfilter.c **** 
  82:../Middlewares/threadx/common/src/tx_trace_event_unfilter.c ****     /* Return success.  */
  83:../Middlewares/threadx/common/src/tx_trace_event_unfilter.c ****     return(TX_SUCCESS);
  48              		.loc 1 83 5 is_stmt 1 view .LVU5
  84:../Middlewares/threadx/common/src/tx_trace_event_unfilter.c **** 
  85:../Middlewares/threadx/common/src/tx_trace_event_unfilter.c **** #else
  86:../Middlewares/threadx/common/src/tx_trace_event_unfilter.c **** 
  87:../Middlewares/threadx/common/src/tx_trace_event_unfilter.c **** UINT        status;
  88:../Middlewares/threadx/common/src/tx_trace_event_unfilter.c **** 
  89:../Middlewares/threadx/common/src/tx_trace_event_unfilter.c **** 
  90:../Middlewares/threadx/common/src/tx_trace_event_unfilter.c ****     /* Access input arguments just for the sake of lint, MISRA, etc.  */
  91:../Middlewares/threadx/common/src/tx_trace_event_unfilter.c ****     if (event_unfilter_bits != ((ULONG) 0))
  92:../Middlewares/threadx/common/src/tx_trace_event_unfilter.c ****     {
  93:../Middlewares/threadx/common/src/tx_trace_event_unfilter.c **** 
  94:../Middlewares/threadx/common/src/tx_trace_event_unfilter.c ****         /* Trace not enabled, return an error.  */
  95:../Middlewares/threadx/common/src/tx_trace_event_unfilter.c ****         status =  TX_FEATURE_NOT_ENABLED;
  96:../Middlewares/threadx/common/src/tx_trace_event_unfilter.c ****     }
  97:../Middlewares/threadx/common/src/tx_trace_event_unfilter.c ****     else
  98:../Middlewares/threadx/common/src/tx_trace_event_unfilter.c ****     {
  99:../Middlewares/threadx/common/src/tx_trace_event_unfilter.c **** 
 100:../Middlewares/threadx/common/src/tx_trace_event_unfilter.c ****         /* Trace not enabled, return an error.  */
 101:../Middlewares/threadx/common/src/tx_trace_event_unfilter.c ****         status =  TX_FEATURE_NOT_ENABLED;
 102:../Middlewares/threadx/common/src/tx_trace_event_unfilter.c ****     }
 103:../Middlewares/threadx/common/src/tx_trace_event_unfilter.c **** 
 104:../Middlewares/threadx/common/src/tx_trace_event_unfilter.c ****     /* Return completion status.  */
 105:../Middlewares/threadx/common/src/tx_trace_event_unfilter.c ****     return(status);
 106:../Middlewares/threadx/common/src/tx_trace_event_unfilter.c **** #endif
 107:../Middlewares/threadx/common/src/tx_trace_event_unfilter.c **** }
  49              		.loc 1 107 1 is_stmt 0 view .LVU6
  50 0008 0020     		movs	r0, #0
  51              	.LVL1:
  52              		.loc 1 107 1 view .LVU7
  53 000a 7047     		bx	lr
  54              	.L3:
  55              		.align	2
  56              	.L2:
  57 000c 00000000 		.word	_tx_trace_event_enable_bits
  58              		.cfi_endproc
  59              	.LFE8:
  61              		.text
  62              	.Letext0:
  63              		.file 2 "../Middlewares/threadx/ports/cortex_m55/gnu/inc/tx_port.h"
  64              		.file 3 "../Middlewares/threadx/common/inc/tx_trace.h"
ARM GAS  /tmp/ccSRdHOm.s 			page 4


DEFINED SYMBOLS
                            *ABS*:00000000 tx_trace_event_unfilter.c
     /tmp/ccSRdHOm.s:26     .text._tx_trace_event_unfilter:00000000 $t
     /tmp/ccSRdHOm.s:32     .text._tx_trace_event_unfilter:00000000 _tx_trace_event_unfilter
     /tmp/ccSRdHOm.s:57     .text._tx_trace_event_unfilter:0000000c $d
                           .group:00000000 wm4.0.43608cab4da50df6ba2dfee95636a2b5
                           .group:00000000 wm4.tx_api.h.111.1e40bacadb0edb5b6b36282830ee23a5
                           .group:00000000 wm4.ieeefp.h.77.99029d7b8220a2cd73dd257e2bbe825d
                           .group:00000000 wm4._newlib_version.h.4.0eb654b64686e2bd29646258853f6c22
                           .group:00000000 wm4.newlib.h.27.b904f6f8971bd921b436e5701877de32
                           .group:00000000 wm4.features.h.22.4b93ad64e0d80833c46a20ecae380bb0
                           .group:00000000 wm4.config.h.224.10ee1ad185d877c6e334e6581faab44d
                           .group:00000000 wm4._ansi.h.31.de524f58584151836e90d8620a16f8e8
                           .group:00000000 wm4.stdlib.h.13.4ed386f5c1a80d71e72172885d946ef2
                           .group:00000000 wm4.stddef.h.200.7df09ddbfbefc5947db7aca5a0fd7644
                           .group:00000000 wm4.stddef.h.39.613e674cf2e6f142dfe584123421de07
                           .group:00000000 wm4._default_types.h.6.959254cf5f09734ea7516c89e8bb21bd
                           .group:00000000 wm4.cdefs.h.49.56fd742369e655e7e8a7e365e706e208
                           .group:00000000 wm4._types.h.20.dd0d04dca3800a0d2a6129b87f3adbb2
                           .group:00000000 wm4.stddef.h.173.4903093a50a8482cb062b176ea61fac3
                           .group:00000000 wm4._types.h.127.3bdfe3ff8ea2d0985b03d9cbe93480e3
                           .group:00000000 wm4.reent.h.18.25503cdc8b7e55dd0d6ea7b3e5af7a03
                           .group:00000000 wm4.lock.h.2.1461d1fff82dffe8bfddc23307f6484f
                           .group:00000000 wm4.reent.h.78.6d702f69a6d6435d2dbe915b10150b1a
                           .group:00000000 wm4.alloca.h.8.dfc0c703c47ec3e69746825b17d9e66d
                           .group:00000000 wm4.stdlib.h.56.f4862cfbf4363a1db01842d5bdf72c18
                           .group:00000000 wm4.string.h.8.c4b8571ce60dff2817f43fec8b86aecd
                           .group:00000000 wm4.stddef.h.173.1cea4f16a943c8e875db6791959c3141
                           .group:00000000 wm4.string.h.177.59a005921fa78485abc80a0267de5752
                           .group:00000000 wm4.tx_port.h.115.294deb9dc65e442684b838abd8efd62b
                           .group:00000000 wm4.tx_api.h.143.a8f6e7c0fde9aa86e8b6e86681771d37
                           .group:00000000 wm4.tx_thread.h.58.aca505065ec84c0c978a4a3ba538ff60
                           .group:00000000 wm4.tx_trace.h.77.bb51149367e9195b9dec1539d7828ce8

UNDEFINED SYMBOLS
_tx_trace_event_enable_bits
