ARM GAS  /tmp/ccvR2KpL.s 			page 1


   1              		.arch armv8.1-m.main
   2              		.fpu fpv5-d16
   3              		.arch_extension dsp
   4              		.arch_extension fp
   5              		.arch_extension fp.dp
   6              		.arch_extension mve
   7              		.arch_extension mve.fp
   8              		.eabi_attribute 5, "cortex-m55"
   9              		.eabi_attribute 28, 1
  10              		.eabi_attribute 20, 1
  11              		.eabi_attribute 21, 1
  12              		.eabi_attribute 23, 3
  13              		.eabi_attribute 24, 1
  14              		.eabi_attribute 25, 1
  15              		.eabi_attribute 26, 1
  16              		.eabi_attribute 30, 4
  17              		.eabi_attribute 34, 1
  18              		.eabi_attribute 38, 1
  19              		.eabi_attribute 18, 4
  20              		.file	"tx_trace_disable.c"
  21              		.text
  22              	.Ltext0:
  23              		.cfi_sections	.debug_frame
  24              		.file 1 "../Middlewares/threadx/common/src/tx_trace_disable.c"
  25              		.section	.text._tx_trace_disable,"ax",%progbits
  26              		.align	1
  27              		.global	_tx_trace_disable
  28              		.syntax unified
  29              		.thumb
  30              		.thumb_func
  32              	_tx_trace_disable:
  33              	.LFB8:
   1:../Middlewares/threadx/common/src/tx_trace_disable.c **** /**************************************************************************/
   2:../Middlewares/threadx/common/src/tx_trace_disable.c **** /*                                                                        */
   3:../Middlewares/threadx/common/src/tx_trace_disable.c **** /*       Copyright (c) Microsoft Corporation. All rights reserved.        */
   4:../Middlewares/threadx/common/src/tx_trace_disable.c **** /*                                                                        */
   5:../Middlewares/threadx/common/src/tx_trace_disable.c **** /*       This software is licensed under the Microsoft Software License   */
   6:../Middlewares/threadx/common/src/tx_trace_disable.c **** /*       Terms for Microsoft Azure RTOS. Full text of the license can be  */
   7:../Middlewares/threadx/common/src/tx_trace_disable.c **** /*       found in the LICENSE file at https://aka.ms/AzureRTOS_EULA       */
   8:../Middlewares/threadx/common/src/tx_trace_disable.c **** /*       and in the root directory of this software.                      */
   9:../Middlewares/threadx/common/src/tx_trace_disable.c **** /*                                                                        */
  10:../Middlewares/threadx/common/src/tx_trace_disable.c **** /**************************************************************************/
  11:../Middlewares/threadx/common/src/tx_trace_disable.c **** 
  12:../Middlewares/threadx/common/src/tx_trace_disable.c **** 
  13:../Middlewares/threadx/common/src/tx_trace_disable.c **** /**************************************************************************/
  14:../Middlewares/threadx/common/src/tx_trace_disable.c **** /**************************************************************************/
  15:../Middlewares/threadx/common/src/tx_trace_disable.c **** /**                                                                       */
  16:../Middlewares/threadx/common/src/tx_trace_disable.c **** /** ThreadX Component                                                     */
  17:../Middlewares/threadx/common/src/tx_trace_disable.c **** /**                                                                       */
  18:../Middlewares/threadx/common/src/tx_trace_disable.c **** /**   Trace                                                               */
  19:../Middlewares/threadx/common/src/tx_trace_disable.c **** /**                                                                       */
  20:../Middlewares/threadx/common/src/tx_trace_disable.c **** /**************************************************************************/
  21:../Middlewares/threadx/common/src/tx_trace_disable.c **** /**************************************************************************/
  22:../Middlewares/threadx/common/src/tx_trace_disable.c **** 
  23:../Middlewares/threadx/common/src/tx_trace_disable.c **** #define TX_SOURCE_CODE
  24:../Middlewares/threadx/common/src/tx_trace_disable.c **** 
  25:../Middlewares/threadx/common/src/tx_trace_disable.c **** 
ARM GAS  /tmp/ccvR2KpL.s 			page 2


  26:../Middlewares/threadx/common/src/tx_trace_disable.c **** /* Include necessary system files.  */
  27:../Middlewares/threadx/common/src/tx_trace_disable.c **** 
  28:../Middlewares/threadx/common/src/tx_trace_disable.c **** #include "tx_api.h"
  29:../Middlewares/threadx/common/src/tx_trace_disable.c **** #include "tx_trace.h"
  30:../Middlewares/threadx/common/src/tx_trace_disable.c **** 
  31:../Middlewares/threadx/common/src/tx_trace_disable.c **** 
  32:../Middlewares/threadx/common/src/tx_trace_disable.c **** /**************************************************************************/
  33:../Middlewares/threadx/common/src/tx_trace_disable.c **** /*                                                                        */
  34:../Middlewares/threadx/common/src/tx_trace_disable.c **** /*  FUNCTION                                               RELEASE        */
  35:../Middlewares/threadx/common/src/tx_trace_disable.c **** /*                                                                        */
  36:../Middlewares/threadx/common/src/tx_trace_disable.c **** /*    _tx_trace_disable                                   PORTABLE C      */
  37:../Middlewares/threadx/common/src/tx_trace_disable.c **** /*                                                           6.1          */
  38:../Middlewares/threadx/common/src/tx_trace_disable.c **** /*  AUTHOR                                                                */
  39:../Middlewares/threadx/common/src/tx_trace_disable.c **** /*                                                                        */
  40:../Middlewares/threadx/common/src/tx_trace_disable.c **** /*    William E. Lamie, Microsoft Corporation                             */
  41:../Middlewares/threadx/common/src/tx_trace_disable.c **** /*                                                                        */
  42:../Middlewares/threadx/common/src/tx_trace_disable.c **** /*  DESCRIPTION                                                           */
  43:../Middlewares/threadx/common/src/tx_trace_disable.c **** /*                                                                        */
  44:../Middlewares/threadx/common/src/tx_trace_disable.c **** /*    This function disables trace inside of ThreadX.                     */
  45:../Middlewares/threadx/common/src/tx_trace_disable.c **** /*                                                                        */
  46:../Middlewares/threadx/common/src/tx_trace_disable.c **** /*  INPUT                                                                 */
  47:../Middlewares/threadx/common/src/tx_trace_disable.c **** /*                                                                        */
  48:../Middlewares/threadx/common/src/tx_trace_disable.c **** /*    None                                                                */
  49:../Middlewares/threadx/common/src/tx_trace_disable.c **** /*                                                                        */
  50:../Middlewares/threadx/common/src/tx_trace_disable.c **** /*  OUTPUT                                                                */
  51:../Middlewares/threadx/common/src/tx_trace_disable.c **** /*                                                                        */
  52:../Middlewares/threadx/common/src/tx_trace_disable.c **** /*    Completion Status                                                   */
  53:../Middlewares/threadx/common/src/tx_trace_disable.c **** /*                                                                        */
  54:../Middlewares/threadx/common/src/tx_trace_disable.c **** /*  CALLS                                                                 */
  55:../Middlewares/threadx/common/src/tx_trace_disable.c **** /*                                                                        */
  56:../Middlewares/threadx/common/src/tx_trace_disable.c **** /*    None                                                                */
  57:../Middlewares/threadx/common/src/tx_trace_disable.c **** /*                                                                        */
  58:../Middlewares/threadx/common/src/tx_trace_disable.c **** /*  CALLED BY                                                             */
  59:../Middlewares/threadx/common/src/tx_trace_disable.c **** /*                                                                        */
  60:../Middlewares/threadx/common/src/tx_trace_disable.c **** /*    Application Code                                                    */
  61:../Middlewares/threadx/common/src/tx_trace_disable.c **** /*                                                                        */
  62:../Middlewares/threadx/common/src/tx_trace_disable.c **** /*  RELEASE HISTORY                                                       */
  63:../Middlewares/threadx/common/src/tx_trace_disable.c **** /*                                                                        */
  64:../Middlewares/threadx/common/src/tx_trace_disable.c **** /*    DATE              NAME                      DESCRIPTION             */
  65:../Middlewares/threadx/common/src/tx_trace_disable.c **** /*                                                                        */
  66:../Middlewares/threadx/common/src/tx_trace_disable.c **** /*  05-19-2020     William E. Lamie         Initial Version 6.0           */
  67:../Middlewares/threadx/common/src/tx_trace_disable.c **** /*  09-30-2020     Yuxin Zhou               Modified comment(s),          */
  68:../Middlewares/threadx/common/src/tx_trace_disable.c **** /*                                            resulting in version 6.1    */
  69:../Middlewares/threadx/common/src/tx_trace_disable.c **** /*                                                                        */
  70:../Middlewares/threadx/common/src/tx_trace_disable.c **** /**************************************************************************/
  71:../Middlewares/threadx/common/src/tx_trace_disable.c **** UINT  _tx_trace_disable(VOID)
  72:../Middlewares/threadx/common/src/tx_trace_disable.c **** {
  34              		.loc 1 72 1 view -0
  35              		.cfi_startproc
  36              		@ args = 0, pretend = 0, frame = 0
  37              		@ frame_needed = 0, uses_anonymous_args = 0
  38              		@ link register save eliminated.
  73:../Middlewares/threadx/common/src/tx_trace_disable.c **** 
  74:../Middlewares/threadx/common/src/tx_trace_disable.c **** #ifdef TX_ENABLE_EVENT_TRACE
  75:../Middlewares/threadx/common/src/tx_trace_disable.c **** UINT     status;
  39              		.loc 1 75 1 view .LVU1
  76:../Middlewares/threadx/common/src/tx_trace_disable.c **** 
ARM GAS  /tmp/ccvR2KpL.s 			page 3


  77:../Middlewares/threadx/common/src/tx_trace_disable.c **** 
  78:../Middlewares/threadx/common/src/tx_trace_disable.c ****     /* Determine if trace is already disabled.  */
  79:../Middlewares/threadx/common/src/tx_trace_disable.c ****     if (_tx_trace_buffer_current_ptr == TX_NULL)
  40              		.loc 1 79 5 view .LVU2
  41              		.loc 1 79 38 is_stmt 0 view .LVU3
  42 0000 044B     		ldr	r3, .L4
  43              		.loc 1 79 8 view .LVU4
  44 0002 1A68     		ldr	r2, [r3]
  45 0004 22B1     		cbz	r2, .L3
  80:../Middlewares/threadx/common/src/tx_trace_disable.c ****     {
  81:../Middlewares/threadx/common/src/tx_trace_disable.c **** 
  82:../Middlewares/threadx/common/src/tx_trace_disable.c ****         /* Yes, trace is already disabled.  */
  83:../Middlewares/threadx/common/src/tx_trace_disable.c ****         status =  TX_NOT_DONE;
  84:../Middlewares/threadx/common/src/tx_trace_disable.c ****     }
  85:../Middlewares/threadx/common/src/tx_trace_disable.c ****     else
  86:../Middlewares/threadx/common/src/tx_trace_disable.c ****     {
  87:../Middlewares/threadx/common/src/tx_trace_disable.c **** 
  88:../Middlewares/threadx/common/src/tx_trace_disable.c ****         /* Otherwise, simply clear the current pointer and registery start pointer to disable the t
  89:../Middlewares/threadx/common/src/tx_trace_disable.c ****         _tx_trace_buffer_current_ptr =  TX_NULL;
  46              		.loc 1 89 9 is_stmt 1 view .LVU5
  47              		.loc 1 89 38 is_stmt 0 view .LVU6
  48 0006 0020     		movs	r0, #0
  49 0008 1860     		str	r0, [r3]
  90:../Middlewares/threadx/common/src/tx_trace_disable.c ****         _tx_trace_registry_start_ptr =  TX_NULL;
  50              		.loc 1 90 9 is_stmt 1 view .LVU7
  51              		.loc 1 90 38 is_stmt 0 view .LVU8
  52 000a 034B     		ldr	r3, .L4+4
  53 000c 1860     		str	r0, [r3]
  91:../Middlewares/threadx/common/src/tx_trace_disable.c **** 
  92:../Middlewares/threadx/common/src/tx_trace_disable.c ****         /* Successful completion.  */
  93:../Middlewares/threadx/common/src/tx_trace_disable.c ****         status =  TX_SUCCESS;
  54              		.loc 1 93 9 is_stmt 1 view .LVU9
  55              	.LVL0:
  56              		.loc 1 93 9 is_stmt 0 view .LVU10
  57 000e 7047     		bx	lr
  58              	.LVL1:
  59              	.L3:
  83:../Middlewares/threadx/common/src/tx_trace_disable.c ****     }
  60              		.loc 1 83 16 view .LVU11
  61 0010 2020     		movs	r0, #32
  62              	.LVL2:
  94:../Middlewares/threadx/common/src/tx_trace_disable.c ****     }
  95:../Middlewares/threadx/common/src/tx_trace_disable.c **** 
  96:../Middlewares/threadx/common/src/tx_trace_disable.c ****     /* Return completion status.  */
  97:../Middlewares/threadx/common/src/tx_trace_disable.c ****     return(status);
  63              		.loc 1 97 5 is_stmt 1 view .LVU12
  98:../Middlewares/threadx/common/src/tx_trace_disable.c **** 
  99:../Middlewares/threadx/common/src/tx_trace_disable.c **** #else
 100:../Middlewares/threadx/common/src/tx_trace_disable.c **** 
 101:../Middlewares/threadx/common/src/tx_trace_disable.c ****     /* Trace not enabled, return an error.  */
 102:../Middlewares/threadx/common/src/tx_trace_disable.c ****     return(TX_FEATURE_NOT_ENABLED);
 103:../Middlewares/threadx/common/src/tx_trace_disable.c **** #endif
 104:../Middlewares/threadx/common/src/tx_trace_disable.c **** }
  64              		.loc 1 104 1 is_stmt 0 view .LVU13
  65 0012 7047     		bx	lr
  66              	.L5:
  67              		.align	2
ARM GAS  /tmp/ccvR2KpL.s 			page 4


  68              	.L4:
  69 0014 00000000 		.word	_tx_trace_buffer_current_ptr
  70 0018 00000000 		.word	_tx_trace_registry_start_ptr
  71              		.cfi_endproc
  72              	.LFE8:
  74              		.text
  75              	.Letext0:
  76              		.file 2 "../Middlewares/threadx/ports/cortex_m55/gnu/inc/tx_port.h"
  77              		.file 3 "../Middlewares/threadx/common/inc/tx_trace.h"
ARM GAS  /tmp/ccvR2KpL.s 			page 5


DEFINED SYMBOLS
                            *ABS*:00000000 tx_trace_disable.c
     /tmp/ccvR2KpL.s:26     .text._tx_trace_disable:00000000 $t
     /tmp/ccvR2KpL.s:32     .text._tx_trace_disable:00000000 _tx_trace_disable
     /tmp/ccvR2KpL.s:69     .text._tx_trace_disable:00000014 $d
                           .group:00000000 wm4.0.43608cab4da50df6ba2dfee95636a2b5
                           .group:00000000 wm4.tx_api.h.111.1e40bacadb0edb5b6b36282830ee23a5
                           .group:00000000 wm4.ieeefp.h.77.99029d7b8220a2cd73dd257e2bbe825d
                           .group:00000000 wm4._newlib_version.h.4.0eb654b64686e2bd29646258853f6c22
                           .group:00000000 wm4.newlib.h.27.b904f6f8971bd921b436e5701877de32
                           .group:00000000 wm4.features.h.22.4b93ad64e0d80833c46a20ecae380bb0
                           .group:00000000 wm4.config.h.224.10ee1ad185d877c6e334e6581faab44d
                           .group:00000000 wm4._ansi.h.31.de524f58584151836e90d8620a16f8e8
                           .group:00000000 wm4.stdlib.h.13.4ed386f5c1a80d71e72172885d946ef2
                           .group:00000000 wm4.stddef.h.200.7df09ddbfbefc5947db7aca5a0fd7644
                           .group:00000000 wm4.stddef.h.39.613e674cf2e6f142dfe584123421de07
                           .group:00000000 wm4._default_types.h.6.959254cf5f09734ea7516c89e8bb21bd
                           .group:00000000 wm4.cdefs.h.49.56fd742369e655e7e8a7e365e706e208
                           .group:00000000 wm4._types.h.20.dd0d04dca3800a0d2a6129b87f3adbb2
                           .group:00000000 wm4.stddef.h.173.4903093a50a8482cb062b176ea61fac3
                           .group:00000000 wm4._types.h.127.3bdfe3ff8ea2d0985b03d9cbe93480e3
                           .group:00000000 wm4.reent.h.18.25503cdc8b7e55dd0d6ea7b3e5af7a03
                           .group:00000000 wm4.lock.h.2.1461d1fff82dffe8bfddc23307f6484f
                           .group:00000000 wm4.reent.h.78.6d702f69a6d6435d2dbe915b10150b1a
                           .group:00000000 wm4.alloca.h.8.dfc0c703c47ec3e69746825b17d9e66d
                           .group:00000000 wm4.stdlib.h.56.f4862cfbf4363a1db01842d5bdf72c18
                           .group:00000000 wm4.string.h.8.c4b8571ce60dff2817f43fec8b86aecd
                           .group:00000000 wm4.stddef.h.173.1cea4f16a943c8e875db6791959c3141
                           .group:00000000 wm4.string.h.177.59a005921fa78485abc80a0267de5752
                           .group:00000000 wm4.tx_port.h.115.294deb9dc65e442684b838abd8efd62b
                           .group:00000000 wm4.tx_api.h.143.a8f6e7c0fde9aa86e8b6e86681771d37
                           .group:00000000 wm4.tx_thread.h.58.aca505065ec84c0c978a4a3ba538ff60
                           .group:00000000 wm4.tx_trace.h.77.bb51149367e9195b9dec1539d7828ce8

UNDEFINED SYMBOLS
_tx_trace_buffer_current_ptr
_tx_trace_registry_start_ptr
