ARM GAS  /tmp/ccGXU5uI.s 			page 1


   1              		.arch armv8.1-m.main
   2              		.fpu fpv5-d16
   3              		.arch_extension dsp
   4              		.arch_extension fp
   5              		.arch_extension fp.dp
   6              		.arch_extension mve
   7              		.arch_extension mve.fp
   8              		.eabi_attribute 5, "cortex-m55"
   9              		.eabi_attribute 28, 1
  10              		.eabi_attribute 20, 1
  11              		.eabi_attribute 21, 1
  12              		.eabi_attribute 23, 3
  13              		.eabi_attribute 24, 1
  14              		.eabi_attribute 25, 1
  15              		.eabi_attribute 26, 1
  16              		.eabi_attribute 30, 4
  17              		.eabi_attribute 34, 1
  18              		.eabi_attribute 38, 1
  19              		.eabi_attribute 18, 4
  20              		.file	"txe_event_flags_delete.c"
  21              		.text
  22              	.Ltext0:
  23              		.cfi_sections	.debug_frame
  24              		.file 1 "../Middlewares/threadx/common/src/txe_event_flags_delete.c"
  25              		.section	.text._txe_event_flags_delete,"ax",%progbits
  26              		.align	1
  27              		.global	_txe_event_flags_delete
  28              		.syntax unified
  29              		.thumb
  30              		.thumb_func
  32              	_txe_event_flags_delete:
  33              	.LVL0:
  34              	.LFB8:
   1:../Middlewares/threadx/common/src/txe_event_flags_delete.c **** /**************************************************************************/
   2:../Middlewares/threadx/common/src/txe_event_flags_delete.c **** /*                                                                        */
   3:../Middlewares/threadx/common/src/txe_event_flags_delete.c **** /*       Copyright (c) Microsoft Corporation. All rights reserved.        */
   4:../Middlewares/threadx/common/src/txe_event_flags_delete.c **** /*                                                                        */
   5:../Middlewares/threadx/common/src/txe_event_flags_delete.c **** /*       This software is licensed under the Microsoft Software License   */
   6:../Middlewares/threadx/common/src/txe_event_flags_delete.c **** /*       Terms for Microsoft Azure RTOS. Full text of the license can be  */
   7:../Middlewares/threadx/common/src/txe_event_flags_delete.c **** /*       found in the LICENSE file at https://aka.ms/AzureRTOS_EULA       */
   8:../Middlewares/threadx/common/src/txe_event_flags_delete.c **** /*       and in the root directory of this software.                      */
   9:../Middlewares/threadx/common/src/txe_event_flags_delete.c **** /*                                                                        */
  10:../Middlewares/threadx/common/src/txe_event_flags_delete.c **** /**************************************************************************/
  11:../Middlewares/threadx/common/src/txe_event_flags_delete.c **** 
  12:../Middlewares/threadx/common/src/txe_event_flags_delete.c **** 
  13:../Middlewares/threadx/common/src/txe_event_flags_delete.c **** /**************************************************************************/
  14:../Middlewares/threadx/common/src/txe_event_flags_delete.c **** /**************************************************************************/
  15:../Middlewares/threadx/common/src/txe_event_flags_delete.c **** /**                                                                       */
  16:../Middlewares/threadx/common/src/txe_event_flags_delete.c **** /** ThreadX Component                                                     */
  17:../Middlewares/threadx/common/src/txe_event_flags_delete.c **** /**                                                                       */
  18:../Middlewares/threadx/common/src/txe_event_flags_delete.c **** /**   Event Flags                                                         */
  19:../Middlewares/threadx/common/src/txe_event_flags_delete.c **** /**                                                                       */
  20:../Middlewares/threadx/common/src/txe_event_flags_delete.c **** /**************************************************************************/
  21:../Middlewares/threadx/common/src/txe_event_flags_delete.c **** /**************************************************************************/
  22:../Middlewares/threadx/common/src/txe_event_flags_delete.c **** 
  23:../Middlewares/threadx/common/src/txe_event_flags_delete.c **** #define TX_SOURCE_CODE
  24:../Middlewares/threadx/common/src/txe_event_flags_delete.c **** 
ARM GAS  /tmp/ccGXU5uI.s 			page 2


  25:../Middlewares/threadx/common/src/txe_event_flags_delete.c **** 
  26:../Middlewares/threadx/common/src/txe_event_flags_delete.c **** /* Include necessary system files.  */
  27:../Middlewares/threadx/common/src/txe_event_flags_delete.c **** 
  28:../Middlewares/threadx/common/src/txe_event_flags_delete.c **** #include "tx_api.h"
  29:../Middlewares/threadx/common/src/txe_event_flags_delete.c **** #include "tx_thread.h"
  30:../Middlewares/threadx/common/src/txe_event_flags_delete.c **** #include "tx_timer.h"
  31:../Middlewares/threadx/common/src/txe_event_flags_delete.c **** #include "tx_event_flags.h"
  32:../Middlewares/threadx/common/src/txe_event_flags_delete.c **** 
  33:../Middlewares/threadx/common/src/txe_event_flags_delete.c **** 
  34:../Middlewares/threadx/common/src/txe_event_flags_delete.c **** /**************************************************************************/
  35:../Middlewares/threadx/common/src/txe_event_flags_delete.c **** /*                                                                        */
  36:../Middlewares/threadx/common/src/txe_event_flags_delete.c **** /*  FUNCTION                                               RELEASE        */
  37:../Middlewares/threadx/common/src/txe_event_flags_delete.c **** /*                                                                        */
  38:../Middlewares/threadx/common/src/txe_event_flags_delete.c **** /*    _txe_event_flags_delete                             PORTABLE C      */
  39:../Middlewares/threadx/common/src/txe_event_flags_delete.c **** /*                                                           6.1          */
  40:../Middlewares/threadx/common/src/txe_event_flags_delete.c **** /*  AUTHOR                                                                */
  41:../Middlewares/threadx/common/src/txe_event_flags_delete.c **** /*                                                                        */
  42:../Middlewares/threadx/common/src/txe_event_flags_delete.c **** /*    William E. Lamie, Microsoft Corporation                             */
  43:../Middlewares/threadx/common/src/txe_event_flags_delete.c **** /*                                                                        */
  44:../Middlewares/threadx/common/src/txe_event_flags_delete.c **** /*  DESCRIPTION                                                           */
  45:../Middlewares/threadx/common/src/txe_event_flags_delete.c **** /*                                                                        */
  46:../Middlewares/threadx/common/src/txe_event_flags_delete.c **** /*    This function checks for errors in the delete event flags group     */
  47:../Middlewares/threadx/common/src/txe_event_flags_delete.c **** /*    function call.                                                      */
  48:../Middlewares/threadx/common/src/txe_event_flags_delete.c **** /*                                                                        */
  49:../Middlewares/threadx/common/src/txe_event_flags_delete.c **** /*  INPUT                                                                 */
  50:../Middlewares/threadx/common/src/txe_event_flags_delete.c **** /*                                                                        */
  51:../Middlewares/threadx/common/src/txe_event_flags_delete.c **** /*    group_ptr                         Pointer to group control block    */
  52:../Middlewares/threadx/common/src/txe_event_flags_delete.c **** /*                                                                        */
  53:../Middlewares/threadx/common/src/txe_event_flags_delete.c **** /*  OUTPUT                                                                */
  54:../Middlewares/threadx/common/src/txe_event_flags_delete.c **** /*                                                                        */
  55:../Middlewares/threadx/common/src/txe_event_flags_delete.c **** /*    TX_GROUP_ERROR                    Invalid event flag group pointer  */
  56:../Middlewares/threadx/common/src/txe_event_flags_delete.c **** /*    TX_CALLER_ERROR                   Invalid caller of this function   */
  57:../Middlewares/threadx/common/src/txe_event_flags_delete.c **** /*    status                            Actual completion status          */
  58:../Middlewares/threadx/common/src/txe_event_flags_delete.c **** /*                                                                        */
  59:../Middlewares/threadx/common/src/txe_event_flags_delete.c **** /*  CALLS                                                                 */
  60:../Middlewares/threadx/common/src/txe_event_flags_delete.c **** /*                                                                        */
  61:../Middlewares/threadx/common/src/txe_event_flags_delete.c **** /*    _tx_event_flags_delete            Actual delete event flags function*/
  62:../Middlewares/threadx/common/src/txe_event_flags_delete.c **** /*                                                                        */
  63:../Middlewares/threadx/common/src/txe_event_flags_delete.c **** /*  CALLED BY                                                             */
  64:../Middlewares/threadx/common/src/txe_event_flags_delete.c **** /*                                                                        */
  65:../Middlewares/threadx/common/src/txe_event_flags_delete.c **** /*    Application Code                                                    */
  66:../Middlewares/threadx/common/src/txe_event_flags_delete.c **** /*                                                                        */
  67:../Middlewares/threadx/common/src/txe_event_flags_delete.c **** /*  RELEASE HISTORY                                                       */
  68:../Middlewares/threadx/common/src/txe_event_flags_delete.c **** /*                                                                        */
  69:../Middlewares/threadx/common/src/txe_event_flags_delete.c **** /*    DATE              NAME                      DESCRIPTION             */
  70:../Middlewares/threadx/common/src/txe_event_flags_delete.c **** /*                                                                        */
  71:../Middlewares/threadx/common/src/txe_event_flags_delete.c **** /*  05-19-2020     William E. Lamie         Initial Version 6.0           */
  72:../Middlewares/threadx/common/src/txe_event_flags_delete.c **** /*  09-30-2020     Yuxin Zhou               Modified comment(s),          */
  73:../Middlewares/threadx/common/src/txe_event_flags_delete.c **** /*                                            resulting in version 6.1    */
  74:../Middlewares/threadx/common/src/txe_event_flags_delete.c **** /*                                                                        */
  75:../Middlewares/threadx/common/src/txe_event_flags_delete.c **** /**************************************************************************/
  76:../Middlewares/threadx/common/src/txe_event_flags_delete.c **** UINT  _txe_event_flags_delete(TX_EVENT_FLAGS_GROUP *group_ptr)
  77:../Middlewares/threadx/common/src/txe_event_flags_delete.c **** {
  35              		.loc 1 77 1 view -0
  36              		.cfi_startproc
  37              		@ args = 0, pretend = 0, frame = 0
  38              		@ frame_needed = 0, uses_anonymous_args = 0
ARM GAS  /tmp/ccGXU5uI.s 			page 3


  39              		@ link register save eliminated.
  78:../Middlewares/threadx/common/src/txe_event_flags_delete.c **** 
  79:../Middlewares/threadx/common/src/txe_event_flags_delete.c **** UINT            status;
  40              		.loc 1 79 1 view .LVU1
  80:../Middlewares/threadx/common/src/txe_event_flags_delete.c **** #ifndef TX_TIMER_PROCESS_IN_ISR
  81:../Middlewares/threadx/common/src/txe_event_flags_delete.c **** TX_THREAD       *thread_ptr;
  41              		.loc 1 81 1 view .LVU2
  82:../Middlewares/threadx/common/src/txe_event_flags_delete.c **** #endif
  83:../Middlewares/threadx/common/src/txe_event_flags_delete.c **** 
  84:../Middlewares/threadx/common/src/txe_event_flags_delete.c **** 
  85:../Middlewares/threadx/common/src/txe_event_flags_delete.c **** #ifndef TX_TIMER_PROCESS_IN_ISR
  86:../Middlewares/threadx/common/src/txe_event_flags_delete.c **** 
  87:../Middlewares/threadx/common/src/txe_event_flags_delete.c ****     /* Default status to success.  */
  88:../Middlewares/threadx/common/src/txe_event_flags_delete.c ****     status =  TX_SUCCESS;
  42              		.loc 1 88 5 view .LVU3
  89:../Middlewares/threadx/common/src/txe_event_flags_delete.c **** #endif
  90:../Middlewares/threadx/common/src/txe_event_flags_delete.c **** 
  91:../Middlewares/threadx/common/src/txe_event_flags_delete.c ****     /* Check for an invalid event flag group pointer.  */
  92:../Middlewares/threadx/common/src/txe_event_flags_delete.c ****     if (group_ptr == TX_NULL)
  43              		.loc 1 92 5 view .LVU4
  44              		.loc 1 92 8 is_stmt 0 view .LVU5
  45 0000 80B1     		cbz	r0, .L4
  93:../Middlewares/threadx/common/src/txe_event_flags_delete.c ****     {
  94:../Middlewares/threadx/common/src/txe_event_flags_delete.c **** 
  95:../Middlewares/threadx/common/src/txe_event_flags_delete.c ****         /* Event flags group pointer is invalid, return appropriate error code.  */
  96:../Middlewares/threadx/common/src/txe_event_flags_delete.c ****         status =  TX_GROUP_ERROR;
  97:../Middlewares/threadx/common/src/txe_event_flags_delete.c ****     }
  98:../Middlewares/threadx/common/src/txe_event_flags_delete.c **** 
  99:../Middlewares/threadx/common/src/txe_event_flags_delete.c ****     /* Now check for invalid event flag group ID.  */
 100:../Middlewares/threadx/common/src/txe_event_flags_delete.c ****     else if (group_ptr -> tx_event_flags_group_id != TX_EVENT_FLAGS_ID)
  46              		.loc 1 100 10 is_stmt 1 view .LVU6
  47              		.loc 1 100 13 is_stmt 0 view .LVU7
  48 0002 0268     		ldr	r2, [r0]
  49 0004 094B     		ldr	r3, .L7
  50 0006 9A42     		cmp	r2, r3
  51 0008 0CD1     		bne	.L4
 101:../Middlewares/threadx/common/src/txe_event_flags_delete.c ****     {
 102:../Middlewares/threadx/common/src/txe_event_flags_delete.c **** 
 103:../Middlewares/threadx/common/src/txe_event_flags_delete.c ****         /* Event flags group pointer is invalid, return appropriate error code.  */
 104:../Middlewares/threadx/common/src/txe_event_flags_delete.c ****         status =  TX_GROUP_ERROR;
 105:../Middlewares/threadx/common/src/txe_event_flags_delete.c ****     }
 106:../Middlewares/threadx/common/src/txe_event_flags_delete.c **** 
 107:../Middlewares/threadx/common/src/txe_event_flags_delete.c ****     /* Check for invalid caller of this function.  */
 108:../Middlewares/threadx/common/src/txe_event_flags_delete.c **** 
 109:../Middlewares/threadx/common/src/txe_event_flags_delete.c ****     /* Is the caller an ISR or Initialization?  */
 110:../Middlewares/threadx/common/src/txe_event_flags_delete.c ****     else if (TX_THREAD_GET_SYSTEM_STATE() != ((ULONG) 0))
  52              		.loc 1 110 10 is_stmt 1 view .LVU8
  53              	.LBB4:
  54              	.LBI4:
  55              		.file 2 "../Middlewares/threadx/ports/cortex_m55/gnu/inc/tx_port.h"
   1:../Middlewares/threadx/ports/cortex_m55/gnu/inc/tx_port.h **** /**************************************************************************/
   2:../Middlewares/threadx/ports/cortex_m55/gnu/inc/tx_port.h **** /*                                                                        */
   3:../Middlewares/threadx/ports/cortex_m55/gnu/inc/tx_port.h **** /*       Copyright (c) Microsoft Corporation. All rights reserved.        */
   4:../Middlewares/threadx/ports/cortex_m55/gnu/inc/tx_port.h **** /*                                                                        */
   5:../Middlewares/threadx/ports/cortex_m55/gnu/inc/tx_port.h **** /*       This software is licensed under the Microsoft Software License   */
   6:../Middlewares/threadx/ports/cortex_m55/gnu/inc/tx_port.h **** /*       Terms for Microsoft Azure RTOS. Full text of the license can be  */
   7:../Middlewares/threadx/ports/cortex_m55/gnu/inc/tx_port.h **** /*       found in the LICENSE file at https://aka.ms/AzureRTOS_EULA       */
ARM GAS  /tmp/ccGXU5uI.s 			page 4


   8:../Middlewares/threadx/ports/cortex_m55/gnu/inc/tx_port.h **** /*       and in the root directory of this software.                      */
   9:../Middlewares/threadx/ports/cortex_m55/gnu/inc/tx_port.h **** /*                                                                        */
  10:../Middlewares/threadx/ports/cortex_m55/gnu/inc/tx_port.h **** /**************************************************************************/
  11:../Middlewares/threadx/ports/cortex_m55/gnu/inc/tx_port.h **** 
  12:../Middlewares/threadx/ports/cortex_m55/gnu/inc/tx_port.h **** 
  13:../Middlewares/threadx/ports/cortex_m55/gnu/inc/tx_port.h **** /**************************************************************************/
  14:../Middlewares/threadx/ports/cortex_m55/gnu/inc/tx_port.h **** /**************************************************************************/
  15:../Middlewares/threadx/ports/cortex_m55/gnu/inc/tx_port.h **** /**                                                                       */
  16:../Middlewares/threadx/ports/cortex_m55/gnu/inc/tx_port.h **** /** ThreadX Component                                                     */
  17:../Middlewares/threadx/ports/cortex_m55/gnu/inc/tx_port.h **** /**                                                                       */
  18:../Middlewares/threadx/ports/cortex_m55/gnu/inc/tx_port.h **** /**   Port Specific                                                       */
  19:../Middlewares/threadx/ports/cortex_m55/gnu/inc/tx_port.h **** /**                                                                       */
  20:../Middlewares/threadx/ports/cortex_m55/gnu/inc/tx_port.h **** /**************************************************************************/
  21:../Middlewares/threadx/ports/cortex_m55/gnu/inc/tx_port.h **** /**************************************************************************/
  22:../Middlewares/threadx/ports/cortex_m55/gnu/inc/tx_port.h **** 
  23:../Middlewares/threadx/ports/cortex_m55/gnu/inc/tx_port.h **** 
  24:../Middlewares/threadx/ports/cortex_m55/gnu/inc/tx_port.h **** /**************************************************************************/
  25:../Middlewares/threadx/ports/cortex_m55/gnu/inc/tx_port.h **** /*                                                                        */
  26:../Middlewares/threadx/ports/cortex_m55/gnu/inc/tx_port.h **** /*  PORT SPECIFIC C INFORMATION                            RELEASE        */
  27:../Middlewares/threadx/ports/cortex_m55/gnu/inc/tx_port.h **** /*                                                                        */
  28:../Middlewares/threadx/ports/cortex_m55/gnu/inc/tx_port.h **** /*    tx_port.h                                         Cortex-M55/GNU    */
  29:../Middlewares/threadx/ports/cortex_m55/gnu/inc/tx_port.h **** /*                                                           6.2.1        */
  30:../Middlewares/threadx/ports/cortex_m55/gnu/inc/tx_port.h **** /*                                                                        */
  31:../Middlewares/threadx/ports/cortex_m55/gnu/inc/tx_port.h **** /*  AUTHOR                                                                */
  32:../Middlewares/threadx/ports/cortex_m55/gnu/inc/tx_port.h **** /*                                                                        */
  33:../Middlewares/threadx/ports/cortex_m55/gnu/inc/tx_port.h **** /*    Scott Larson, Microsoft Corporation                                 */
  34:../Middlewares/threadx/ports/cortex_m55/gnu/inc/tx_port.h **** /*                                                                        */
  35:../Middlewares/threadx/ports/cortex_m55/gnu/inc/tx_port.h **** /*  DESCRIPTION                                                           */
  36:../Middlewares/threadx/ports/cortex_m55/gnu/inc/tx_port.h **** /*                                                                        */
  37:../Middlewares/threadx/ports/cortex_m55/gnu/inc/tx_port.h **** /*    This file contains data type definitions that make the ThreadX      */
  38:../Middlewares/threadx/ports/cortex_m55/gnu/inc/tx_port.h **** /*    real-time kernel function identically on a variety of different     */
  39:../Middlewares/threadx/ports/cortex_m55/gnu/inc/tx_port.h **** /*    processor architectures.  For example, the size or number of bits   */
  40:../Middlewares/threadx/ports/cortex_m55/gnu/inc/tx_port.h **** /*    in an "int" data type vary between microprocessor architectures and */
  41:../Middlewares/threadx/ports/cortex_m55/gnu/inc/tx_port.h **** /*    even C compilers for the same microprocessor.  ThreadX does not     */
  42:../Middlewares/threadx/ports/cortex_m55/gnu/inc/tx_port.h **** /*    directly use native C data types.  Instead, ThreadX creates its     */
  43:../Middlewares/threadx/ports/cortex_m55/gnu/inc/tx_port.h **** /*    own special types that can be mapped to actual data types by this   */
  44:../Middlewares/threadx/ports/cortex_m55/gnu/inc/tx_port.h **** /*    file to guarantee consistency in the interface and functionality.   */
  45:../Middlewares/threadx/ports/cortex_m55/gnu/inc/tx_port.h **** /*                                                                        */
  46:../Middlewares/threadx/ports/cortex_m55/gnu/inc/tx_port.h **** /*    This file replaces the previous Cortex-M55 files. It unifies        */
  47:../Middlewares/threadx/ports/cortex_m55/gnu/inc/tx_port.h **** /*    the Cortex-M55 compilers into one common file.                      */
  48:../Middlewares/threadx/ports/cortex_m55/gnu/inc/tx_port.h **** /*                                                                        */
  49:../Middlewares/threadx/ports/cortex_m55/gnu/inc/tx_port.h **** /*  RELEASE HISTORY                                                       */
  50:../Middlewares/threadx/ports/cortex_m55/gnu/inc/tx_port.h **** /*                                                                        */
  51:../Middlewares/threadx/ports/cortex_m55/gnu/inc/tx_port.h **** /*    DATE              NAME                      DESCRIPTION             */
  52:../Middlewares/threadx/ports/cortex_m55/gnu/inc/tx_port.h **** /*                                                                        */
  53:../Middlewares/threadx/ports/cortex_m55/gnu/inc/tx_port.h **** /*  09-30-2020      Scott Larson            Initial Version 6.1           */
  54:../Middlewares/threadx/ports/cortex_m55/gnu/inc/tx_port.h **** /*  03-02-2021      Scott Larson            Modified comment(s), added    */
  55:../Middlewares/threadx/ports/cortex_m55/gnu/inc/tx_port.h **** /*                                            ULONG64_DEFINED,            */
  56:../Middlewares/threadx/ports/cortex_m55/gnu/inc/tx_port.h **** /*                                            resulting in version 6.1.5  */
  57:../Middlewares/threadx/ports/cortex_m55/gnu/inc/tx_port.h **** /*  06-02-2021      Scott Larson            Modified comment(s), removed  */
  58:../Middlewares/threadx/ports/cortex_m55/gnu/inc/tx_port.h **** /*                                            unneeded header file, funcs */
  59:../Middlewares/threadx/ports/cortex_m55/gnu/inc/tx_port.h **** /*                                            set_control and get_control */
  60:../Middlewares/threadx/ports/cortex_m55/gnu/inc/tx_port.h **** /*                                            changed to inline,          */
  61:../Middlewares/threadx/ports/cortex_m55/gnu/inc/tx_port.h **** /*                                            added symbol to enable      */
  62:../Middlewares/threadx/ports/cortex_m55/gnu/inc/tx_port.h **** /*                                            stack error handler,        */
  63:../Middlewares/threadx/ports/cortex_m55/gnu/inc/tx_port.h **** /*                                            resulting in version 6.1.7  */
  64:../Middlewares/threadx/ports/cortex_m55/gnu/inc/tx_port.h **** /*  10-15-2021      Scott Larson            Modified comment(s), improved */
ARM GAS  /tmp/ccGXU5uI.s 			page 5


  65:../Middlewares/threadx/ports/cortex_m55/gnu/inc/tx_port.h **** /*                                            stack check error handling, */
  66:../Middlewares/threadx/ports/cortex_m55/gnu/inc/tx_port.h **** /*                                            resulting in version 6.1.9  */
  67:../Middlewares/threadx/ports/cortex_m55/gnu/inc/tx_port.h **** /*  01-31-2022      Scott Larson            Modified comment(s), unified  */
  68:../Middlewares/threadx/ports/cortex_m55/gnu/inc/tx_port.h **** /*                                            this file across compilers, */
  69:../Middlewares/threadx/ports/cortex_m55/gnu/inc/tx_port.h **** /*                                            fixed predefined macro,     */
  70:../Middlewares/threadx/ports/cortex_m55/gnu/inc/tx_port.h **** /*                                            resulting in version 6.1.10 */
  71:../Middlewares/threadx/ports/cortex_m55/gnu/inc/tx_port.h **** /*  04-25-2022      Scott Larson            Modified comments and added   */
  72:../Middlewares/threadx/ports/cortex_m55/gnu/inc/tx_port.h **** /*                                            volatile to registers,      */
  73:../Middlewares/threadx/ports/cortex_m55/gnu/inc/tx_port.h **** /*                                            resulting in version 6.1.11 */
  74:../Middlewares/threadx/ports/cortex_m55/gnu/inc/tx_port.h **** /*  07-29-2022      Scott Larson            Modified comments and changed */
  75:../Middlewares/threadx/ports/cortex_m55/gnu/inc/tx_port.h **** /*                                            secure stack initialization */
  76:../Middlewares/threadx/ports/cortex_m55/gnu/inc/tx_port.h **** /*                                            macro to port-specific,     */
  77:../Middlewares/threadx/ports/cortex_m55/gnu/inc/tx_port.h **** /*                                            described BASEPRI usage,    */
  78:../Middlewares/threadx/ports/cortex_m55/gnu/inc/tx_port.h **** /*                                            resulting in version 6.1.12 */
  79:../Middlewares/threadx/ports/cortex_m55/gnu/inc/tx_port.h **** /*  03-08-2023      Scott Larson            Removed unneeded #include,    */
  80:../Middlewares/threadx/ports/cortex_m55/gnu/inc/tx_port.h **** /*                                            resulting in version 6.2.1  */
  81:../Middlewares/threadx/ports/cortex_m55/gnu/inc/tx_port.h **** /*                                                                        */
  82:../Middlewares/threadx/ports/cortex_m55/gnu/inc/tx_port.h **** /**************************************************************************/
  83:../Middlewares/threadx/ports/cortex_m55/gnu/inc/tx_port.h **** 
  84:../Middlewares/threadx/ports/cortex_m55/gnu/inc/tx_port.h **** #ifndef TX_PORT_H
  85:../Middlewares/threadx/ports/cortex_m55/gnu/inc/tx_port.h **** #define TX_PORT_H
  86:../Middlewares/threadx/ports/cortex_m55/gnu/inc/tx_port.h **** 
  87:../Middlewares/threadx/ports/cortex_m55/gnu/inc/tx_port.h **** /* Determine if the optional ThreadX user define file should be used.  */
  88:../Middlewares/threadx/ports/cortex_m55/gnu/inc/tx_port.h **** #ifdef TX_INCLUDE_USER_DEFINE_FILE
  89:../Middlewares/threadx/ports/cortex_m55/gnu/inc/tx_port.h **** 
  90:../Middlewares/threadx/ports/cortex_m55/gnu/inc/tx_port.h **** /* Yes, include the user defines in tx_user.h. The defines in this file may
  91:../Middlewares/threadx/ports/cortex_m55/gnu/inc/tx_port.h ****    alternately be defined on the command line.  */
  92:../Middlewares/threadx/ports/cortex_m55/gnu/inc/tx_port.h **** 
  93:../Middlewares/threadx/ports/cortex_m55/gnu/inc/tx_port.h **** #include "tx_user.h"
  94:../Middlewares/threadx/ports/cortex_m55/gnu/inc/tx_port.h **** #endif /* TX_INCLUDE_USER_DEFINE_FILE */
  95:../Middlewares/threadx/ports/cortex_m55/gnu/inc/tx_port.h **** 
  96:../Middlewares/threadx/ports/cortex_m55/gnu/inc/tx_port.h **** /* Define compiler library include files.  */
  97:../Middlewares/threadx/ports/cortex_m55/gnu/inc/tx_port.h **** 
  98:../Middlewares/threadx/ports/cortex_m55/gnu/inc/tx_port.h **** #include <stdlib.h>
  99:../Middlewares/threadx/ports/cortex_m55/gnu/inc/tx_port.h **** #include <string.h>
 100:../Middlewares/threadx/ports/cortex_m55/gnu/inc/tx_port.h **** 
 101:../Middlewares/threadx/ports/cortex_m55/gnu/inc/tx_port.h **** #ifdef __ICCARM__
 102:../Middlewares/threadx/ports/cortex_m55/gnu/inc/tx_port.h **** #include <intrinsics.h>                         /* IAR Intrinsics */
 103:../Middlewares/threadx/ports/cortex_m55/gnu/inc/tx_port.h **** #define __asm__                 __asm           /* Define to make all inline asm from each compiler
 104:../Middlewares/threadx/ports/cortex_m55/gnu/inc/tx_port.h **** #define _tx_control_get         __get_CONTROL
 105:../Middlewares/threadx/ports/cortex_m55/gnu/inc/tx_port.h **** #define _tx_control_set         __set_CONTROL
 106:../Middlewares/threadx/ports/cortex_m55/gnu/inc/tx_port.h **** #define _tx_ipsr_get            __get_IPSR
 107:../Middlewares/threadx/ports/cortex_m55/gnu/inc/tx_port.h **** #ifdef  TX_ENABLE_IAR_LIBRARY_SUPPORT
 108:../Middlewares/threadx/ports/cortex_m55/gnu/inc/tx_port.h **** #include <yvals.h>
 109:../Middlewares/threadx/ports/cortex_m55/gnu/inc/tx_port.h **** #endif /* TX_ENABLE_IAR_LIBRARY_SUPPORT */
 110:../Middlewares/threadx/ports/cortex_m55/gnu/inc/tx_port.h **** #endif /* __ICCARM__ */
 111:../Middlewares/threadx/ports/cortex_m55/gnu/inc/tx_port.h **** 
 112:../Middlewares/threadx/ports/cortex_m55/gnu/inc/tx_port.h **** 
 113:../Middlewares/threadx/ports/cortex_m55/gnu/inc/tx_port.h **** /* Define ThreadX basic types for this port.  */
 114:../Middlewares/threadx/ports/cortex_m55/gnu/inc/tx_port.h **** 
 115:../Middlewares/threadx/ports/cortex_m55/gnu/inc/tx_port.h **** #define VOID                                    void
 116:../Middlewares/threadx/ports/cortex_m55/gnu/inc/tx_port.h **** typedef char                                    CHAR;
 117:../Middlewares/threadx/ports/cortex_m55/gnu/inc/tx_port.h **** typedef unsigned char                           UCHAR;
 118:../Middlewares/threadx/ports/cortex_m55/gnu/inc/tx_port.h **** typedef int                                     INT;
 119:../Middlewares/threadx/ports/cortex_m55/gnu/inc/tx_port.h **** typedef unsigned int                            UINT;
 120:../Middlewares/threadx/ports/cortex_m55/gnu/inc/tx_port.h **** typedef long                                    LONG;
 121:../Middlewares/threadx/ports/cortex_m55/gnu/inc/tx_port.h **** typedef unsigned long                           ULONG;
ARM GAS  /tmp/ccGXU5uI.s 			page 6


 122:../Middlewares/threadx/ports/cortex_m55/gnu/inc/tx_port.h **** typedef unsigned long long                      ULONG64;
 123:../Middlewares/threadx/ports/cortex_m55/gnu/inc/tx_port.h **** typedef short                                   SHORT;
 124:../Middlewares/threadx/ports/cortex_m55/gnu/inc/tx_port.h **** typedef unsigned short                          USHORT;
 125:../Middlewares/threadx/ports/cortex_m55/gnu/inc/tx_port.h **** #define ULONG64_DEFINED
 126:../Middlewares/threadx/ports/cortex_m55/gnu/inc/tx_port.h **** 
 127:../Middlewares/threadx/ports/cortex_m55/gnu/inc/tx_port.h **** /* Function prototypes for this port. */
 128:../Middlewares/threadx/ports/cortex_m55/gnu/inc/tx_port.h **** struct  TX_THREAD_STRUCT;
 129:../Middlewares/threadx/ports/cortex_m55/gnu/inc/tx_port.h **** UINT    _txe_thread_secure_stack_allocate(struct TX_THREAD_STRUCT *thread_ptr, ULONG stack_size);
 130:../Middlewares/threadx/ports/cortex_m55/gnu/inc/tx_port.h **** UINT    _txe_thread_secure_stack_free(struct TX_THREAD_STRUCT *thread_ptr);
 131:../Middlewares/threadx/ports/cortex_m55/gnu/inc/tx_port.h **** UINT    _tx_thread_secure_stack_allocate(struct TX_THREAD_STRUCT *tx_thread, ULONG stack_size);
 132:../Middlewares/threadx/ports/cortex_m55/gnu/inc/tx_port.h **** UINT    _tx_thread_secure_stack_free(struct TX_THREAD_STRUCT *tx_thread);
 133:../Middlewares/threadx/ports/cortex_m55/gnu/inc/tx_port.h **** 
 134:../Middlewares/threadx/ports/cortex_m55/gnu/inc/tx_port.h **** /* Define the system API mappings based on the error checking
 135:../Middlewares/threadx/ports/cortex_m55/gnu/inc/tx_port.h ****    selected by the user.  Note: this section is only applicable to
 136:../Middlewares/threadx/ports/cortex_m55/gnu/inc/tx_port.h ****    application source code, hence the conditional that turns off this
 137:../Middlewares/threadx/ports/cortex_m55/gnu/inc/tx_port.h ****    stuff when the include file is processed by the ThreadX source. */
 138:../Middlewares/threadx/ports/cortex_m55/gnu/inc/tx_port.h **** 
 139:../Middlewares/threadx/ports/cortex_m55/gnu/inc/tx_port.h **** #ifndef TX_SOURCE_CODE
 140:../Middlewares/threadx/ports/cortex_m55/gnu/inc/tx_port.h **** 
 141:../Middlewares/threadx/ports/cortex_m55/gnu/inc/tx_port.h **** 
 142:../Middlewares/threadx/ports/cortex_m55/gnu/inc/tx_port.h **** /* Determine if error checking is desired.  If so, map API functions
 143:../Middlewares/threadx/ports/cortex_m55/gnu/inc/tx_port.h ****    to the appropriate error checking front-ends.  Otherwise, map API
 144:../Middlewares/threadx/ports/cortex_m55/gnu/inc/tx_port.h ****    functions to the core functions that actually perform the work.
 145:../Middlewares/threadx/ports/cortex_m55/gnu/inc/tx_port.h ****    Note: error checking is enabled by default.  */
 146:../Middlewares/threadx/ports/cortex_m55/gnu/inc/tx_port.h **** 
 147:../Middlewares/threadx/ports/cortex_m55/gnu/inc/tx_port.h **** #ifdef TX_DISABLE_ERROR_CHECKING
 148:../Middlewares/threadx/ports/cortex_m55/gnu/inc/tx_port.h **** 
 149:../Middlewares/threadx/ports/cortex_m55/gnu/inc/tx_port.h **** /* Services without error checking.  */
 150:../Middlewares/threadx/ports/cortex_m55/gnu/inc/tx_port.h **** 
 151:../Middlewares/threadx/ports/cortex_m55/gnu/inc/tx_port.h **** #define tx_thread_secure_stack_allocate   _tx_thread_secure_stack_allocate
 152:../Middlewares/threadx/ports/cortex_m55/gnu/inc/tx_port.h **** #define tx_thread_secure_stack_free       _tx_thread_secure_stack_free
 153:../Middlewares/threadx/ports/cortex_m55/gnu/inc/tx_port.h **** 
 154:../Middlewares/threadx/ports/cortex_m55/gnu/inc/tx_port.h **** #else
 155:../Middlewares/threadx/ports/cortex_m55/gnu/inc/tx_port.h **** 
 156:../Middlewares/threadx/ports/cortex_m55/gnu/inc/tx_port.h **** /* Services with error checking.  */
 157:../Middlewares/threadx/ports/cortex_m55/gnu/inc/tx_port.h **** 
 158:../Middlewares/threadx/ports/cortex_m55/gnu/inc/tx_port.h **** #define tx_thread_secure_stack_allocate   _txe_thread_secure_stack_allocate
 159:../Middlewares/threadx/ports/cortex_m55/gnu/inc/tx_port.h **** #define tx_thread_secure_stack_free       _txe_thread_secure_stack_free
 160:../Middlewares/threadx/ports/cortex_m55/gnu/inc/tx_port.h **** 
 161:../Middlewares/threadx/ports/cortex_m55/gnu/inc/tx_port.h **** #endif  /* TX_DISABLE_ERROR_CHECKING */
 162:../Middlewares/threadx/ports/cortex_m55/gnu/inc/tx_port.h **** #endif  /* TX_SOURCE_CODE */
 163:../Middlewares/threadx/ports/cortex_m55/gnu/inc/tx_port.h **** 
 164:../Middlewares/threadx/ports/cortex_m55/gnu/inc/tx_port.h **** /* This port has a usage fault handler in _tx_initialize_low_level for stack exceptions.  */
 165:../Middlewares/threadx/ports/cortex_m55/gnu/inc/tx_port.h **** #define TX_PORT_THREAD_STACK_ERROR_HANDLING
 166:../Middlewares/threadx/ports/cortex_m55/gnu/inc/tx_port.h **** 
 167:../Middlewares/threadx/ports/cortex_m55/gnu/inc/tx_port.h **** /* Define the priority levels for ThreadX.  Legal values range
 168:../Middlewares/threadx/ports/cortex_m55/gnu/inc/tx_port.h ****    from 32 to 1024 and MUST be evenly divisible by 32.  */
 169:../Middlewares/threadx/ports/cortex_m55/gnu/inc/tx_port.h **** 
 170:../Middlewares/threadx/ports/cortex_m55/gnu/inc/tx_port.h **** #ifndef TX_MAX_PRIORITIES
 171:../Middlewares/threadx/ports/cortex_m55/gnu/inc/tx_port.h **** #define TX_MAX_PRIORITIES                       32
 172:../Middlewares/threadx/ports/cortex_m55/gnu/inc/tx_port.h **** #endif
 173:../Middlewares/threadx/ports/cortex_m55/gnu/inc/tx_port.h **** 
 174:../Middlewares/threadx/ports/cortex_m55/gnu/inc/tx_port.h **** 
 175:../Middlewares/threadx/ports/cortex_m55/gnu/inc/tx_port.h **** /* Define the minimum stack for a ThreadX thread on this processor. If the size supplied during
 176:../Middlewares/threadx/ports/cortex_m55/gnu/inc/tx_port.h ****    thread creation is less than this value, the thread create call will return an error.  */
 177:../Middlewares/threadx/ports/cortex_m55/gnu/inc/tx_port.h **** 
 178:../Middlewares/threadx/ports/cortex_m55/gnu/inc/tx_port.h **** #ifndef TX_MINIMUM_STACK
ARM GAS  /tmp/ccGXU5uI.s 			page 7


 179:../Middlewares/threadx/ports/cortex_m55/gnu/inc/tx_port.h **** #define TX_MINIMUM_STACK                        200         /* Minimum stack size for this port  */
 180:../Middlewares/threadx/ports/cortex_m55/gnu/inc/tx_port.h **** #endif
 181:../Middlewares/threadx/ports/cortex_m55/gnu/inc/tx_port.h **** 
 182:../Middlewares/threadx/ports/cortex_m55/gnu/inc/tx_port.h **** 
 183:../Middlewares/threadx/ports/cortex_m55/gnu/inc/tx_port.h **** /* Define the system timer thread's default stack size and priority.  These are only applicable
 184:../Middlewares/threadx/ports/cortex_m55/gnu/inc/tx_port.h ****    if TX_TIMER_PROCESS_IN_ISR is not defined.  */
 185:../Middlewares/threadx/ports/cortex_m55/gnu/inc/tx_port.h **** 
 186:../Middlewares/threadx/ports/cortex_m55/gnu/inc/tx_port.h **** #ifndef TX_TIMER_THREAD_STACK_SIZE
 187:../Middlewares/threadx/ports/cortex_m55/gnu/inc/tx_port.h **** #define TX_TIMER_THREAD_STACK_SIZE              1024        /* Default timer thread stack size  */
 188:../Middlewares/threadx/ports/cortex_m55/gnu/inc/tx_port.h **** #endif
 189:../Middlewares/threadx/ports/cortex_m55/gnu/inc/tx_port.h **** 
 190:../Middlewares/threadx/ports/cortex_m55/gnu/inc/tx_port.h **** #ifndef TX_TIMER_THREAD_PRIORITY
 191:../Middlewares/threadx/ports/cortex_m55/gnu/inc/tx_port.h **** #define TX_TIMER_THREAD_PRIORITY                0           /* Default timer thread priority    */
 192:../Middlewares/threadx/ports/cortex_m55/gnu/inc/tx_port.h **** #endif
 193:../Middlewares/threadx/ports/cortex_m55/gnu/inc/tx_port.h **** 
 194:../Middlewares/threadx/ports/cortex_m55/gnu/inc/tx_port.h **** /* By default, ThreadX for Cortex-M uses the PRIMASK register to enable/disable interrupts.
 195:../Middlewares/threadx/ports/cortex_m55/gnu/inc/tx_port.h **** If using BASEPRI is desired, define the following two symbols for both c and assembly files:
 196:../Middlewares/threadx/ports/cortex_m55/gnu/inc/tx_port.h **** TX_PORT_USE_BASEPRI - This tells ThreadX to use BASEPRI instead of PRIMASK.
 197:../Middlewares/threadx/ports/cortex_m55/gnu/inc/tx_port.h **** TX_PORT_BASEPRI = (priority_mask << (8 - number_priority_bits)) - this defines the maximum priority
 198:../Middlewares/threadx/ports/cortex_m55/gnu/inc/tx_port.h **** Any interrupt with a higher priority than priority_mask will not be masked, thus the interrupt will
 199:../Middlewares/threadx/ports/cortex_m55/gnu/inc/tx_port.h **** */
 200:../Middlewares/threadx/ports/cortex_m55/gnu/inc/tx_port.h **** 
 201:../Middlewares/threadx/ports/cortex_m55/gnu/inc/tx_port.h **** /* Define various constants for the ThreadX Cortex-M port.  */
 202:../Middlewares/threadx/ports/cortex_m55/gnu/inc/tx_port.h **** 
 203:../Middlewares/threadx/ports/cortex_m55/gnu/inc/tx_port.h **** #define TX_INT_DISABLE                          1           /* Disable interrupts               */
 204:../Middlewares/threadx/ports/cortex_m55/gnu/inc/tx_port.h **** #define TX_INT_ENABLE                           0           /* Enable interrupts                */
 205:../Middlewares/threadx/ports/cortex_m55/gnu/inc/tx_port.h **** 
 206:../Middlewares/threadx/ports/cortex_m55/gnu/inc/tx_port.h **** 
 207:../Middlewares/threadx/ports/cortex_m55/gnu/inc/tx_port.h **** /* Define the clock source for trace event entry time stamp. The following two item are port specif
 208:../Middlewares/threadx/ports/cortex_m55/gnu/inc/tx_port.h ****    For example, if the time source is at the address 0x0a800024 and is 16-bits in size, the clock
 209:../Middlewares/threadx/ports/cortex_m55/gnu/inc/tx_port.h ****    source constants would be:
 210:../Middlewares/threadx/ports/cortex_m55/gnu/inc/tx_port.h **** 
 211:../Middlewares/threadx/ports/cortex_m55/gnu/inc/tx_port.h **** #define TX_TRACE_TIME_SOURCE                    *((volatile ULONG *) 0x0a800024)
 212:../Middlewares/threadx/ports/cortex_m55/gnu/inc/tx_port.h **** #define TX_TRACE_TIME_MASK                      0x0000FFFFUL
 213:../Middlewares/threadx/ports/cortex_m55/gnu/inc/tx_port.h **** 
 214:../Middlewares/threadx/ports/cortex_m55/gnu/inc/tx_port.h **** */
 215:../Middlewares/threadx/ports/cortex_m55/gnu/inc/tx_port.h **** 
 216:../Middlewares/threadx/ports/cortex_m55/gnu/inc/tx_port.h **** #ifndef TX_MISRA_ENABLE
 217:../Middlewares/threadx/ports/cortex_m55/gnu/inc/tx_port.h **** #ifndef TX_TRACE_TIME_SOURCE
 218:../Middlewares/threadx/ports/cortex_m55/gnu/inc/tx_port.h **** #define TX_TRACE_TIME_SOURCE                    *((volatile ULONG *) 0xE0001004)
 219:../Middlewares/threadx/ports/cortex_m55/gnu/inc/tx_port.h **** #endif
 220:../Middlewares/threadx/ports/cortex_m55/gnu/inc/tx_port.h **** #else
 221:../Middlewares/threadx/ports/cortex_m55/gnu/inc/tx_port.h **** ULONG   _tx_misra_time_stamp_get(VOID);
 222:../Middlewares/threadx/ports/cortex_m55/gnu/inc/tx_port.h **** #define TX_TRACE_TIME_SOURCE                    _tx_misra_time_stamp_get()
 223:../Middlewares/threadx/ports/cortex_m55/gnu/inc/tx_port.h **** #endif
 224:../Middlewares/threadx/ports/cortex_m55/gnu/inc/tx_port.h **** 
 225:../Middlewares/threadx/ports/cortex_m55/gnu/inc/tx_port.h **** #ifndef TX_TRACE_TIME_MASK
 226:../Middlewares/threadx/ports/cortex_m55/gnu/inc/tx_port.h **** #define TX_TRACE_TIME_MASK                      0xFFFFFFFFUL
 227:../Middlewares/threadx/ports/cortex_m55/gnu/inc/tx_port.h **** #endif
 228:../Middlewares/threadx/ports/cortex_m55/gnu/inc/tx_port.h **** 
 229:../Middlewares/threadx/ports/cortex_m55/gnu/inc/tx_port.h **** 
 230:../Middlewares/threadx/ports/cortex_m55/gnu/inc/tx_port.h **** /* Define the port specific options for the _tx_build_options variable. This variable indicates
 231:../Middlewares/threadx/ports/cortex_m55/gnu/inc/tx_port.h ****    how the ThreadX library was built.  */
 232:../Middlewares/threadx/ports/cortex_m55/gnu/inc/tx_port.h **** 
 233:../Middlewares/threadx/ports/cortex_m55/gnu/inc/tx_port.h **** #define TX_PORT_SPECIFIC_BUILD_OPTIONS          (0)
 234:../Middlewares/threadx/ports/cortex_m55/gnu/inc/tx_port.h **** 
 235:../Middlewares/threadx/ports/cortex_m55/gnu/inc/tx_port.h **** 
ARM GAS  /tmp/ccGXU5uI.s 			page 8


 236:../Middlewares/threadx/ports/cortex_m55/gnu/inc/tx_port.h **** /* Define the in-line initialization constant so that modules with in-line
 237:../Middlewares/threadx/ports/cortex_m55/gnu/inc/tx_port.h ****    initialization capabilities can prevent their initialization from being
 238:../Middlewares/threadx/ports/cortex_m55/gnu/inc/tx_port.h ****    a function call.  */
 239:../Middlewares/threadx/ports/cortex_m55/gnu/inc/tx_port.h **** 
 240:../Middlewares/threadx/ports/cortex_m55/gnu/inc/tx_port.h **** #ifdef TX_MISRA_ENABLE
 241:../Middlewares/threadx/ports/cortex_m55/gnu/inc/tx_port.h **** #define TX_DISABLE_INLINE
 242:../Middlewares/threadx/ports/cortex_m55/gnu/inc/tx_port.h **** #else
 243:../Middlewares/threadx/ports/cortex_m55/gnu/inc/tx_port.h **** #define TX_INLINE_INITIALIZATION
 244:../Middlewares/threadx/ports/cortex_m55/gnu/inc/tx_port.h **** #endif
 245:../Middlewares/threadx/ports/cortex_m55/gnu/inc/tx_port.h **** 
 246:../Middlewares/threadx/ports/cortex_m55/gnu/inc/tx_port.h **** 
 247:../Middlewares/threadx/ports/cortex_m55/gnu/inc/tx_port.h **** /* Determine whether or not stack checking is enabled. By default, ThreadX stack checking is
 248:../Middlewares/threadx/ports/cortex_m55/gnu/inc/tx_port.h ****    disabled. When the following is defined, ThreadX thread stack checking is enabled.  If stack
 249:../Middlewares/threadx/ports/cortex_m55/gnu/inc/tx_port.h ****    checking is enabled (TX_ENABLE_STACK_CHECKING is defined), the TX_DISABLE_STACK_FILLING
 250:../Middlewares/threadx/ports/cortex_m55/gnu/inc/tx_port.h ****    define is negated, thereby forcing the stack fill which is necessary for the stack checking
 251:../Middlewares/threadx/ports/cortex_m55/gnu/inc/tx_port.h ****    logic.  */
 252:../Middlewares/threadx/ports/cortex_m55/gnu/inc/tx_port.h **** 
 253:../Middlewares/threadx/ports/cortex_m55/gnu/inc/tx_port.h **** #ifndef TX_MISRA_ENABLE
 254:../Middlewares/threadx/ports/cortex_m55/gnu/inc/tx_port.h **** #ifdef TX_ENABLE_STACK_CHECKING
 255:../Middlewares/threadx/ports/cortex_m55/gnu/inc/tx_port.h **** #undef TX_DISABLE_STACK_FILLING
 256:../Middlewares/threadx/ports/cortex_m55/gnu/inc/tx_port.h **** #endif
 257:../Middlewares/threadx/ports/cortex_m55/gnu/inc/tx_port.h **** #endif
 258:../Middlewares/threadx/ports/cortex_m55/gnu/inc/tx_port.h **** 
 259:../Middlewares/threadx/ports/cortex_m55/gnu/inc/tx_port.h **** 
 260:../Middlewares/threadx/ports/cortex_m55/gnu/inc/tx_port.h **** /* Define the TX_THREAD control block extensions for this port. The main reason
 261:../Middlewares/threadx/ports/cortex_m55/gnu/inc/tx_port.h ****    for the multiple macros is so that backward compatibility can be maintained with
 262:../Middlewares/threadx/ports/cortex_m55/gnu/inc/tx_port.h ****    existing ThreadX kernel awareness modules.  */
 263:../Middlewares/threadx/ports/cortex_m55/gnu/inc/tx_port.h **** 
 264:../Middlewares/threadx/ports/cortex_m55/gnu/inc/tx_port.h **** #define TX_THREAD_EXTENSION_0
 265:../Middlewares/threadx/ports/cortex_m55/gnu/inc/tx_port.h **** #define TX_THREAD_EXTENSION_1
 266:../Middlewares/threadx/ports/cortex_m55/gnu/inc/tx_port.h **** 
 267:../Middlewares/threadx/ports/cortex_m55/gnu/inc/tx_port.h **** #ifdef  TX_ENABLE_IAR_LIBRARY_SUPPORT
 268:../Middlewares/threadx/ports/cortex_m55/gnu/inc/tx_port.h **** /* IAR library support */
 269:../Middlewares/threadx/ports/cortex_m55/gnu/inc/tx_port.h **** #if !defined(TX_SINGLE_MODE_SECURE) && !defined(TX_SINGLE_MODE_NON_SECURE)
 270:../Middlewares/threadx/ports/cortex_m55/gnu/inc/tx_port.h **** /* ThreadX in non-secure zone with calls to secure zone. */
 271:../Middlewares/threadx/ports/cortex_m55/gnu/inc/tx_port.h **** #define TX_THREAD_EXTENSION_2           VOID    *tx_thread_secure_stack_context;    \
 272:../Middlewares/threadx/ports/cortex_m55/gnu/inc/tx_port.h ****                                         VOID    *tx_thread_iar_tls_pointer;
 273:../Middlewares/threadx/ports/cortex_m55/gnu/inc/tx_port.h **** #else
 274:../Middlewares/threadx/ports/cortex_m55/gnu/inc/tx_port.h **** /* ThreadX in only one zone. */
 275:../Middlewares/threadx/ports/cortex_m55/gnu/inc/tx_port.h **** #define TX_THREAD_EXTENSION_2           VOID    *tx_thread_iar_tls_pointer;
 276:../Middlewares/threadx/ports/cortex_m55/gnu/inc/tx_port.h **** #endif
 277:../Middlewares/threadx/ports/cortex_m55/gnu/inc/tx_port.h **** 
 278:../Middlewares/threadx/ports/cortex_m55/gnu/inc/tx_port.h **** #else
 279:../Middlewares/threadx/ports/cortex_m55/gnu/inc/tx_port.h **** /* No IAR library support */
 280:../Middlewares/threadx/ports/cortex_m55/gnu/inc/tx_port.h **** #if !defined(TX_SINGLE_MODE_SECURE) && !defined(TX_SINGLE_MODE_NON_SECURE)
 281:../Middlewares/threadx/ports/cortex_m55/gnu/inc/tx_port.h **** /* ThreadX in non-secure zone with calls to secure zone. */
 282:../Middlewares/threadx/ports/cortex_m55/gnu/inc/tx_port.h **** #define TX_THREAD_EXTENSION_2           VOID    *tx_thread_secure_stack_context;
 283:../Middlewares/threadx/ports/cortex_m55/gnu/inc/tx_port.h **** #else
 284:../Middlewares/threadx/ports/cortex_m55/gnu/inc/tx_port.h **** /* ThreadX in only one zone. */
 285:../Middlewares/threadx/ports/cortex_m55/gnu/inc/tx_port.h **** #define TX_THREAD_EXTENSION_2
 286:../Middlewares/threadx/ports/cortex_m55/gnu/inc/tx_port.h **** #endif
 287:../Middlewares/threadx/ports/cortex_m55/gnu/inc/tx_port.h **** 
 288:../Middlewares/threadx/ports/cortex_m55/gnu/inc/tx_port.h **** #endif  /* TX_ENABLE_IAR_LIBRARY_SUPPORT */
 289:../Middlewares/threadx/ports/cortex_m55/gnu/inc/tx_port.h **** 
 290:../Middlewares/threadx/ports/cortex_m55/gnu/inc/tx_port.h **** #define TX_THREAD_EXTENSION_3
 291:../Middlewares/threadx/ports/cortex_m55/gnu/inc/tx_port.h **** 
 292:../Middlewares/threadx/ports/cortex_m55/gnu/inc/tx_port.h **** 
ARM GAS  /tmp/ccGXU5uI.s 			page 9


 293:../Middlewares/threadx/ports/cortex_m55/gnu/inc/tx_port.h **** /* Define the port extensions of the remaining ThreadX objects.  */
 294:../Middlewares/threadx/ports/cortex_m55/gnu/inc/tx_port.h **** 
 295:../Middlewares/threadx/ports/cortex_m55/gnu/inc/tx_port.h **** #define TX_BLOCK_POOL_EXTENSION
 296:../Middlewares/threadx/ports/cortex_m55/gnu/inc/tx_port.h **** #define TX_BYTE_POOL_EXTENSION
 297:../Middlewares/threadx/ports/cortex_m55/gnu/inc/tx_port.h **** #define TX_EVENT_FLAGS_GROUP_EXTENSION
 298:../Middlewares/threadx/ports/cortex_m55/gnu/inc/tx_port.h **** #define TX_MUTEX_EXTENSION
 299:../Middlewares/threadx/ports/cortex_m55/gnu/inc/tx_port.h **** #define TX_QUEUE_EXTENSION
 300:../Middlewares/threadx/ports/cortex_m55/gnu/inc/tx_port.h **** #define TX_SEMAPHORE_EXTENSION
 301:../Middlewares/threadx/ports/cortex_m55/gnu/inc/tx_port.h **** #define TX_TIMER_EXTENSION
 302:../Middlewares/threadx/ports/cortex_m55/gnu/inc/tx_port.h **** 
 303:../Middlewares/threadx/ports/cortex_m55/gnu/inc/tx_port.h **** 
 304:../Middlewares/threadx/ports/cortex_m55/gnu/inc/tx_port.h **** /* Define the user extension field of the thread control block.  Nothing
 305:../Middlewares/threadx/ports/cortex_m55/gnu/inc/tx_port.h ****    additional is needed for this port so it is defined as white space.  */
 306:../Middlewares/threadx/ports/cortex_m55/gnu/inc/tx_port.h **** 
 307:../Middlewares/threadx/ports/cortex_m55/gnu/inc/tx_port.h **** #ifndef TX_THREAD_USER_EXTENSION
 308:../Middlewares/threadx/ports/cortex_m55/gnu/inc/tx_port.h **** #define TX_THREAD_USER_EXTENSION
 309:../Middlewares/threadx/ports/cortex_m55/gnu/inc/tx_port.h **** #endif
 310:../Middlewares/threadx/ports/cortex_m55/gnu/inc/tx_port.h **** 
 311:../Middlewares/threadx/ports/cortex_m55/gnu/inc/tx_port.h **** 
 312:../Middlewares/threadx/ports/cortex_m55/gnu/inc/tx_port.h **** /* Define the macros for processing extensions in tx_thread_create, tx_thread_delete,
 313:../Middlewares/threadx/ports/cortex_m55/gnu/inc/tx_port.h ****    tx_thread_shell_entry, and tx_thread_terminate.  */
 314:../Middlewares/threadx/ports/cortex_m55/gnu/inc/tx_port.h **** #ifdef  TX_ENABLE_IAR_LIBRARY_SUPPORT
 315:../Middlewares/threadx/ports/cortex_m55/gnu/inc/tx_port.h **** void    *_tx_iar_create_per_thread_tls_area(void);
 316:../Middlewares/threadx/ports/cortex_m55/gnu/inc/tx_port.h **** void    _tx_iar_destroy_per_thread_tls_area(void *tls_ptr);
 317:../Middlewares/threadx/ports/cortex_m55/gnu/inc/tx_port.h **** void    __iar_Initlocks(void);
 318:../Middlewares/threadx/ports/cortex_m55/gnu/inc/tx_port.h **** #define TX_THREAD_CREATE_EXTENSION(thread_ptr)                      thread_ptr -> tx_thread_iar_tls
 319:../Middlewares/threadx/ports/cortex_m55/gnu/inc/tx_port.h **** 
 320:../Middlewares/threadx/ports/cortex_m55/gnu/inc/tx_port.h **** #if !defined(TX_SINGLE_MODE_SECURE) && !defined(TX_SINGLE_MODE_NON_SECURE)
 321:../Middlewares/threadx/ports/cortex_m55/gnu/inc/tx_port.h **** #define TX_THREAD_DELETE_EXTENSION(thread_ptr)                      do {_tx_iar_destroy_per_thread_
 322:../Middlewares/threadx/ports/cortex_m55/gnu/inc/tx_port.h ****                                                                         thread_ptr -> tx_thread_iar
 323:../Middlewares/threadx/ports/cortex_m55/gnu/inc/tx_port.h ****                                                                     if(thread_ptr -> tx_thread_secu
 324:../Middlewares/threadx/ports/cortex_m55/gnu/inc/tx_port.h **** #else
 325:../Middlewares/threadx/ports/cortex_m55/gnu/inc/tx_port.h **** #define TX_THREAD_DELETE_EXTENSION(thread_ptr)                      do {_tx_iar_destroy_per_thread_
 326:../Middlewares/threadx/ports/cortex_m55/gnu/inc/tx_port.h ****                                                                         thread_ptr -> tx_thread_iar
 327:../Middlewares/threadx/ports/cortex_m55/gnu/inc/tx_port.h **** #endif
 328:../Middlewares/threadx/ports/cortex_m55/gnu/inc/tx_port.h **** #define TX_PORT_SPECIFIC_PRE_SCHEDULER_INITIALIZATION               do {__iar_Initlocks();} while(0
 329:../Middlewares/threadx/ports/cortex_m55/gnu/inc/tx_port.h **** 
 330:../Middlewares/threadx/ports/cortex_m55/gnu/inc/tx_port.h **** #else   /* No IAR library support. */
 331:../Middlewares/threadx/ports/cortex_m55/gnu/inc/tx_port.h **** #define TX_THREAD_CREATE_EXTENSION(thread_ptr)
 332:../Middlewares/threadx/ports/cortex_m55/gnu/inc/tx_port.h **** #if !defined(TX_SINGLE_MODE_SECURE) && !defined(TX_SINGLE_MODE_NON_SECURE)
 333:../Middlewares/threadx/ports/cortex_m55/gnu/inc/tx_port.h **** #define TX_THREAD_DELETE_EXTENSION(thread_ptr)                      if(thread_ptr -> tx_thread_secu
 334:../Middlewares/threadx/ports/cortex_m55/gnu/inc/tx_port.h **** #else
 335:../Middlewares/threadx/ports/cortex_m55/gnu/inc/tx_port.h **** #define TX_THREAD_DELETE_EXTENSION(thread_ptr)
 336:../Middlewares/threadx/ports/cortex_m55/gnu/inc/tx_port.h **** #endif
 337:../Middlewares/threadx/ports/cortex_m55/gnu/inc/tx_port.h **** #endif  /* TX_ENABLE_IAR_LIBRARY_SUPPORT */
 338:../Middlewares/threadx/ports/cortex_m55/gnu/inc/tx_port.h **** 
 339:../Middlewares/threadx/ports/cortex_m55/gnu/inc/tx_port.h **** #if !defined(TX_SINGLE_MODE_SECURE) && !defined(TX_SINGLE_MODE_NON_SECURE)
 340:../Middlewares/threadx/ports/cortex_m55/gnu/inc/tx_port.h **** /* Define the size of the secure stack for the timer thread and use the extension to allocate the s
 341:../Middlewares/threadx/ports/cortex_m55/gnu/inc/tx_port.h **** #define TX_TIMER_THREAD_SECURE_STACK_SIZE       256
 342:../Middlewares/threadx/ports/cortex_m55/gnu/inc/tx_port.h **** #define TX_TIMER_INITIALIZE_EXTENSION(status)   _tx_thread_secure_stack_allocate(&_tx_timer_thread,
 343:../Middlewares/threadx/ports/cortex_m55/gnu/inc/tx_port.h **** #endif
 344:../Middlewares/threadx/ports/cortex_m55/gnu/inc/tx_port.h **** 
 345:../Middlewares/threadx/ports/cortex_m55/gnu/inc/tx_port.h **** 
 346:../Middlewares/threadx/ports/cortex_m55/gnu/inc/tx_port.h **** #if defined(__ARMVFP__) || defined(__ARM_PCS_VFP) || defined(__ARM_FP) || defined(__TARGET_FPU_VFP)
 347:../Middlewares/threadx/ports/cortex_m55/gnu/inc/tx_port.h **** 
 348:../Middlewares/threadx/ports/cortex_m55/gnu/inc/tx_port.h **** #ifdef TX_MISRA_ENABLE
 349:../Middlewares/threadx/ports/cortex_m55/gnu/inc/tx_port.h **** 
ARM GAS  /tmp/ccGXU5uI.s 			page 10


 350:../Middlewares/threadx/ports/cortex_m55/gnu/inc/tx_port.h **** ULONG  _tx_misra_control_get(void);
 351:../Middlewares/threadx/ports/cortex_m55/gnu/inc/tx_port.h **** void   _tx_misra_control_set(ULONG value);
 352:../Middlewares/threadx/ports/cortex_m55/gnu/inc/tx_port.h **** ULONG  _tx_misra_fpccr_get(void);
 353:../Middlewares/threadx/ports/cortex_m55/gnu/inc/tx_port.h **** void   _tx_misra_vfp_touch(void);
 354:../Middlewares/threadx/ports/cortex_m55/gnu/inc/tx_port.h **** 
 355:../Middlewares/threadx/ports/cortex_m55/gnu/inc/tx_port.h **** #else   /* TX_MISRA_ENABLE not defined */
 356:../Middlewares/threadx/ports/cortex_m55/gnu/inc/tx_port.h **** 
 357:../Middlewares/threadx/ports/cortex_m55/gnu/inc/tx_port.h **** #ifdef __GNUC__ /* GCC and ARM Compiler 6 */
 358:../Middlewares/threadx/ports/cortex_m55/gnu/inc/tx_port.h **** 
 359:../Middlewares/threadx/ports/cortex_m55/gnu/inc/tx_port.h **** __attribute__( ( always_inline ) ) static inline ULONG _tx_control_get(void)
 360:../Middlewares/threadx/ports/cortex_m55/gnu/inc/tx_port.h **** {
 361:../Middlewares/threadx/ports/cortex_m55/gnu/inc/tx_port.h **** ULONG  control_value;
 362:../Middlewares/threadx/ports/cortex_m55/gnu/inc/tx_port.h **** 
 363:../Middlewares/threadx/ports/cortex_m55/gnu/inc/tx_port.h ****     __asm__ volatile (" MRS  %0,CONTROL ": "=r" (control_value) );
 364:../Middlewares/threadx/ports/cortex_m55/gnu/inc/tx_port.h ****     return(control_value);
 365:../Middlewares/threadx/ports/cortex_m55/gnu/inc/tx_port.h **** }
 366:../Middlewares/threadx/ports/cortex_m55/gnu/inc/tx_port.h **** 
 367:../Middlewares/threadx/ports/cortex_m55/gnu/inc/tx_port.h **** __attribute__( ( always_inline ) ) static inline void _tx_control_set(ULONG control_value)
 368:../Middlewares/threadx/ports/cortex_m55/gnu/inc/tx_port.h **** {
 369:../Middlewares/threadx/ports/cortex_m55/gnu/inc/tx_port.h ****     __asm__ volatile (" MSR  CONTROL,%0": : "r" (control_value): "memory" );
 370:../Middlewares/threadx/ports/cortex_m55/gnu/inc/tx_port.h **** }
 371:../Middlewares/threadx/ports/cortex_m55/gnu/inc/tx_port.h **** 
 372:../Middlewares/threadx/ports/cortex_m55/gnu/inc/tx_port.h **** #endif  /* __GNUC__ */
 373:../Middlewares/threadx/ports/cortex_m55/gnu/inc/tx_port.h **** 
 374:../Middlewares/threadx/ports/cortex_m55/gnu/inc/tx_port.h **** /* Touch VFP register in order to flush. Works for AC6/GCC/IAR compilers. */
 375:../Middlewares/threadx/ports/cortex_m55/gnu/inc/tx_port.h **** #define TX_VFP_TOUCH()  __asm__ volatile ("VMOV.F32 s0, s0");
 376:../Middlewares/threadx/ports/cortex_m55/gnu/inc/tx_port.h **** 
 377:../Middlewares/threadx/ports/cortex_m55/gnu/inc/tx_port.h **** #endif  /* TX_MISRA_ENABLE */
 378:../Middlewares/threadx/ports/cortex_m55/gnu/inc/tx_port.h **** 
 379:../Middlewares/threadx/ports/cortex_m55/gnu/inc/tx_port.h **** /* A completed thread falls into _thread_shell_entry and we can simply deactivate the FPU via CONTR
 380:../Middlewares/threadx/ports/cortex_m55/gnu/inc/tx_port.h ****    in order to ensure no lazy stacking will occur. */
 381:../Middlewares/threadx/ports/cortex_m55/gnu/inc/tx_port.h **** 
 382:../Middlewares/threadx/ports/cortex_m55/gnu/inc/tx_port.h **** #ifndef TX_MISRA_ENABLE
 383:../Middlewares/threadx/ports/cortex_m55/gnu/inc/tx_port.h **** 
 384:../Middlewares/threadx/ports/cortex_m55/gnu/inc/tx_port.h **** #define TX_THREAD_COMPLETED_EXTENSION(thread_ptr)   {                                              
 385:../Middlewares/threadx/ports/cortex_m55/gnu/inc/tx_port.h ****                                                     ULONG  _tx_vfp_state;                          
 386:../Middlewares/threadx/ports/cortex_m55/gnu/inc/tx_port.h ****                                                         _tx_vfp_state = _tx_control_get();         
 387:../Middlewares/threadx/ports/cortex_m55/gnu/inc/tx_port.h ****                                                         _tx_vfp_state = _tx_vfp_state & ~((ULONG) 0
 388:../Middlewares/threadx/ports/cortex_m55/gnu/inc/tx_port.h ****                                                         _tx_control_set(_tx_vfp_state);            
 389:../Middlewares/threadx/ports/cortex_m55/gnu/inc/tx_port.h ****                                                     }
 390:../Middlewares/threadx/ports/cortex_m55/gnu/inc/tx_port.h **** #else
 391:../Middlewares/threadx/ports/cortex_m55/gnu/inc/tx_port.h **** 
 392:../Middlewares/threadx/ports/cortex_m55/gnu/inc/tx_port.h **** #define TX_THREAD_COMPLETED_EXTENSION(thread_ptr)   {                                              
 393:../Middlewares/threadx/ports/cortex_m55/gnu/inc/tx_port.h ****                                                     ULONG  _tx_vfp_state;                          
 394:../Middlewares/threadx/ports/cortex_m55/gnu/inc/tx_port.h ****                                                         _tx_vfp_state = _tx_misra_control_get();   
 395:../Middlewares/threadx/ports/cortex_m55/gnu/inc/tx_port.h ****                                                         _tx_vfp_state = _tx_vfp_state & ~((ULONG) 0
 396:../Middlewares/threadx/ports/cortex_m55/gnu/inc/tx_port.h ****                                                         _tx_misra_control_set(_tx_vfp_state);      
 397:../Middlewares/threadx/ports/cortex_m55/gnu/inc/tx_port.h ****                                                     }
 398:../Middlewares/threadx/ports/cortex_m55/gnu/inc/tx_port.h **** #endif
 399:../Middlewares/threadx/ports/cortex_m55/gnu/inc/tx_port.h **** 
 400:../Middlewares/threadx/ports/cortex_m55/gnu/inc/tx_port.h **** /* A thread can be terminated by another thread, so we first check if it's self-terminating and not
 401:../Middlewares/threadx/ports/cortex_m55/gnu/inc/tx_port.h ****    If so, deactivate the FPU via CONTROL.FPCA. Otherwise we are in an interrupt or another thread i
 402:../Middlewares/threadx/ports/cortex_m55/gnu/inc/tx_port.h ****    this one, so if the FPCCR.LSPACT bit is set, we need to save the CONTROL.FPCA state, touch the F
 403:../Middlewares/threadx/ports/cortex_m55/gnu/inc/tx_port.h ****    the lazy FPU save, then restore the CONTROL.FPCA state. */
 404:../Middlewares/threadx/ports/cortex_m55/gnu/inc/tx_port.h **** 
 405:../Middlewares/threadx/ports/cortex_m55/gnu/inc/tx_port.h **** #ifndef TX_MISRA_ENABLE
 406:../Middlewares/threadx/ports/cortex_m55/gnu/inc/tx_port.h **** 
ARM GAS  /tmp/ccGXU5uI.s 			page 11


 407:../Middlewares/threadx/ports/cortex_m55/gnu/inc/tx_port.h **** #define TX_THREAD_TERMINATED_EXTENSION(thread_ptr)  {                                              
 408:../Middlewares/threadx/ports/cortex_m55/gnu/inc/tx_port.h ****                                                     ULONG  _tx_system_state;                       
 409:../Middlewares/threadx/ports/cortex_m55/gnu/inc/tx_port.h ****                                                         _tx_system_state = TX_THREAD_GET_SYSTEM_STA
 410:../Middlewares/threadx/ports/cortex_m55/gnu/inc/tx_port.h ****                                                         if ((_tx_system_state == ((ULONG) 0)) && ((
 411:../Middlewares/threadx/ports/cortex_m55/gnu/inc/tx_port.h ****                                                         {                                          
 412:../Middlewares/threadx/ports/cortex_m55/gnu/inc/tx_port.h ****                                                         ULONG  _tx_vfp_state;                      
 413:../Middlewares/threadx/ports/cortex_m55/gnu/inc/tx_port.h ****                                                             _tx_vfp_state = _tx_control_get();     
 414:../Middlewares/threadx/ports/cortex_m55/gnu/inc/tx_port.h ****                                                             _tx_vfp_state = _tx_vfp_state & ~((ULON
 415:../Middlewares/threadx/ports/cortex_m55/gnu/inc/tx_port.h ****                                                             _tx_control_set(_tx_vfp_state);        
 416:../Middlewares/threadx/ports/cortex_m55/gnu/inc/tx_port.h ****                                                         }                                          
 417:../Middlewares/threadx/ports/cortex_m55/gnu/inc/tx_port.h ****                                                         else                                       
 418:../Middlewares/threadx/ports/cortex_m55/gnu/inc/tx_port.h ****                                                         {                                          
 419:../Middlewares/threadx/ports/cortex_m55/gnu/inc/tx_port.h ****                                                         ULONG  _tx_fpccr;                          
 420:../Middlewares/threadx/ports/cortex_m55/gnu/inc/tx_port.h ****                                                             _tx_fpccr = *((volatile ULONG *) 0xE000
 421:../Middlewares/threadx/ports/cortex_m55/gnu/inc/tx_port.h ****                                                             _tx_fpccr = _tx_fpccr & ((ULONG) 0x01);
 422:../Middlewares/threadx/ports/cortex_m55/gnu/inc/tx_port.h ****                                                             if (_tx_fpccr == ((ULONG) 0x01))       
 423:../Middlewares/threadx/ports/cortex_m55/gnu/inc/tx_port.h ****                                                             {                                      
 424:../Middlewares/threadx/ports/cortex_m55/gnu/inc/tx_port.h ****                                                             ULONG _tx_vfp_state;                   
 425:../Middlewares/threadx/ports/cortex_m55/gnu/inc/tx_port.h ****                                                                 _tx_vfp_state = _tx_control_get(); 
 426:../Middlewares/threadx/ports/cortex_m55/gnu/inc/tx_port.h ****                                                                 _tx_vfp_state = _tx_vfp_state & ((U
 427:../Middlewares/threadx/ports/cortex_m55/gnu/inc/tx_port.h ****                                                                 TX_VFP_TOUCH();                    
 428:../Middlewares/threadx/ports/cortex_m55/gnu/inc/tx_port.h ****                                                                 if (_tx_vfp_state == ((ULONG) 0))  
 429:../Middlewares/threadx/ports/cortex_m55/gnu/inc/tx_port.h ****                                                                 {                                  
 430:../Middlewares/threadx/ports/cortex_m55/gnu/inc/tx_port.h ****                                                                     _tx_vfp_state = _tx_control_get
 431:../Middlewares/threadx/ports/cortex_m55/gnu/inc/tx_port.h ****                                                                     _tx_vfp_state = _tx_vfp_state &
 432:../Middlewares/threadx/ports/cortex_m55/gnu/inc/tx_port.h ****                                                                     _tx_control_set(_tx_vfp_state);
 433:../Middlewares/threadx/ports/cortex_m55/gnu/inc/tx_port.h ****                                                                 }                                  
 434:../Middlewares/threadx/ports/cortex_m55/gnu/inc/tx_port.h ****                                                             }                                      
 435:../Middlewares/threadx/ports/cortex_m55/gnu/inc/tx_port.h ****                                                         }                                          
 436:../Middlewares/threadx/ports/cortex_m55/gnu/inc/tx_port.h ****                                                     }
 437:../Middlewares/threadx/ports/cortex_m55/gnu/inc/tx_port.h **** #else
 438:../Middlewares/threadx/ports/cortex_m55/gnu/inc/tx_port.h **** 
 439:../Middlewares/threadx/ports/cortex_m55/gnu/inc/tx_port.h **** #define TX_THREAD_TERMINATED_EXTENSION(thread_ptr)  {                                              
 440:../Middlewares/threadx/ports/cortex_m55/gnu/inc/tx_port.h ****                                                     ULONG  _tx_system_state;                       
 441:../Middlewares/threadx/ports/cortex_m55/gnu/inc/tx_port.h ****                                                         _tx_system_state = TX_THREAD_GET_SYSTEM_STA
 442:../Middlewares/threadx/ports/cortex_m55/gnu/inc/tx_port.h ****                                                         if ((_tx_system_state == ((ULONG) 0)) && ((
 443:../Middlewares/threadx/ports/cortex_m55/gnu/inc/tx_port.h ****                                                         {                                          
 444:../Middlewares/threadx/ports/cortex_m55/gnu/inc/tx_port.h ****                                                         ULONG  _tx_vfp_state;                      
 445:../Middlewares/threadx/ports/cortex_m55/gnu/inc/tx_port.h ****                                                             _tx_vfp_state = _tx_misra_control_get()
 446:../Middlewares/threadx/ports/cortex_m55/gnu/inc/tx_port.h ****                                                             _tx_vfp_state = _tx_vfp_state & ~((ULON
 447:../Middlewares/threadx/ports/cortex_m55/gnu/inc/tx_port.h ****                                                             _tx_misra_control_set(_tx_vfp_state);  
 448:../Middlewares/threadx/ports/cortex_m55/gnu/inc/tx_port.h ****                                                         }                                          
 449:../Middlewares/threadx/ports/cortex_m55/gnu/inc/tx_port.h ****                                                         else                                       
 450:../Middlewares/threadx/ports/cortex_m55/gnu/inc/tx_port.h ****                                                         {                                          
 451:../Middlewares/threadx/ports/cortex_m55/gnu/inc/tx_port.h ****                                                         ULONG  _tx_fpccr;                          
 452:../Middlewares/threadx/ports/cortex_m55/gnu/inc/tx_port.h ****                                                             _tx_fpccr = _tx_misra_fpccr_get();     
 453:../Middlewares/threadx/ports/cortex_m55/gnu/inc/tx_port.h ****                                                             _tx_fpccr = _tx_fpccr & ((ULONG) 0x01);
 454:../Middlewares/threadx/ports/cortex_m55/gnu/inc/tx_port.h ****                                                             if (_tx_fpccr == ((ULONG) 0x01))       
 455:../Middlewares/threadx/ports/cortex_m55/gnu/inc/tx_port.h ****                                                             {                                      
 456:../Middlewares/threadx/ports/cortex_m55/gnu/inc/tx_port.h ****                                                             ULONG _tx_vfp_state;                   
 457:../Middlewares/threadx/ports/cortex_m55/gnu/inc/tx_port.h ****                                                                 _tx_vfp_state = _tx_misra_control_g
 458:../Middlewares/threadx/ports/cortex_m55/gnu/inc/tx_port.h ****                                                                 _tx_vfp_state = _tx_vfp_state & ((U
 459:../Middlewares/threadx/ports/cortex_m55/gnu/inc/tx_port.h ****                                                                 _tx_misra_vfp_touch();             
 460:../Middlewares/threadx/ports/cortex_m55/gnu/inc/tx_port.h ****                                                                 if (_tx_vfp_state == ((ULONG) 0))  
 461:../Middlewares/threadx/ports/cortex_m55/gnu/inc/tx_port.h ****                                                                 {                                  
 462:../Middlewares/threadx/ports/cortex_m55/gnu/inc/tx_port.h ****                                                                     _tx_vfp_state = _tx_misra_contr
 463:../Middlewares/threadx/ports/cortex_m55/gnu/inc/tx_port.h ****                                                                     _tx_vfp_state = _tx_vfp_state &
ARM GAS  /tmp/ccGXU5uI.s 			page 12


 464:../Middlewares/threadx/ports/cortex_m55/gnu/inc/tx_port.h ****                                                                     _tx_misra_control_set(_tx_vfp_s
 465:../Middlewares/threadx/ports/cortex_m55/gnu/inc/tx_port.h ****                                                                 }                                  
 466:../Middlewares/threadx/ports/cortex_m55/gnu/inc/tx_port.h ****                                                             }                                      
 467:../Middlewares/threadx/ports/cortex_m55/gnu/inc/tx_port.h ****                                                         }                                          
 468:../Middlewares/threadx/ports/cortex_m55/gnu/inc/tx_port.h ****                                                     }
 469:../Middlewares/threadx/ports/cortex_m55/gnu/inc/tx_port.h **** #endif
 470:../Middlewares/threadx/ports/cortex_m55/gnu/inc/tx_port.h **** 
 471:../Middlewares/threadx/ports/cortex_m55/gnu/inc/tx_port.h **** #else   /* No VFP in use */
 472:../Middlewares/threadx/ports/cortex_m55/gnu/inc/tx_port.h **** 
 473:../Middlewares/threadx/ports/cortex_m55/gnu/inc/tx_port.h **** #define TX_THREAD_COMPLETED_EXTENSION(thread_ptr)
 474:../Middlewares/threadx/ports/cortex_m55/gnu/inc/tx_port.h **** #define TX_THREAD_TERMINATED_EXTENSION(thread_ptr)
 475:../Middlewares/threadx/ports/cortex_m55/gnu/inc/tx_port.h **** 
 476:../Middlewares/threadx/ports/cortex_m55/gnu/inc/tx_port.h **** #endif  /* defined(__ARMVFP__) || defined(__ARM_PCS_VFP) || defined(__ARM_FP) || defined(__TARGET_F
 477:../Middlewares/threadx/ports/cortex_m55/gnu/inc/tx_port.h **** 
 478:../Middlewares/threadx/ports/cortex_m55/gnu/inc/tx_port.h **** 
 479:../Middlewares/threadx/ports/cortex_m55/gnu/inc/tx_port.h **** /* Define the ThreadX object creation extensions for the remaining objects.  */
 480:../Middlewares/threadx/ports/cortex_m55/gnu/inc/tx_port.h **** 
 481:../Middlewares/threadx/ports/cortex_m55/gnu/inc/tx_port.h **** #define TX_BLOCK_POOL_CREATE_EXTENSION(pool_ptr)
 482:../Middlewares/threadx/ports/cortex_m55/gnu/inc/tx_port.h **** #define TX_BYTE_POOL_CREATE_EXTENSION(pool_ptr)
 483:../Middlewares/threadx/ports/cortex_m55/gnu/inc/tx_port.h **** #define TX_EVENT_FLAGS_GROUP_CREATE_EXTENSION(group_ptr)
 484:../Middlewares/threadx/ports/cortex_m55/gnu/inc/tx_port.h **** #define TX_MUTEX_CREATE_EXTENSION(mutex_ptr)
 485:../Middlewares/threadx/ports/cortex_m55/gnu/inc/tx_port.h **** #define TX_QUEUE_CREATE_EXTENSION(queue_ptr)
 486:../Middlewares/threadx/ports/cortex_m55/gnu/inc/tx_port.h **** #define TX_SEMAPHORE_CREATE_EXTENSION(semaphore_ptr)
 487:../Middlewares/threadx/ports/cortex_m55/gnu/inc/tx_port.h **** #define TX_TIMER_CREATE_EXTENSION(timer_ptr)
 488:../Middlewares/threadx/ports/cortex_m55/gnu/inc/tx_port.h **** 
 489:../Middlewares/threadx/ports/cortex_m55/gnu/inc/tx_port.h **** 
 490:../Middlewares/threadx/ports/cortex_m55/gnu/inc/tx_port.h **** /* Define the ThreadX object deletion extensions for the remaining objects.  */
 491:../Middlewares/threadx/ports/cortex_m55/gnu/inc/tx_port.h **** 
 492:../Middlewares/threadx/ports/cortex_m55/gnu/inc/tx_port.h **** #define TX_BLOCK_POOL_DELETE_EXTENSION(pool_ptr)
 493:../Middlewares/threadx/ports/cortex_m55/gnu/inc/tx_port.h **** #define TX_BYTE_POOL_DELETE_EXTENSION(pool_ptr)
 494:../Middlewares/threadx/ports/cortex_m55/gnu/inc/tx_port.h **** #define TX_EVENT_FLAGS_GROUP_DELETE_EXTENSION(group_ptr)
 495:../Middlewares/threadx/ports/cortex_m55/gnu/inc/tx_port.h **** #define TX_MUTEX_DELETE_EXTENSION(mutex_ptr)
 496:../Middlewares/threadx/ports/cortex_m55/gnu/inc/tx_port.h **** #define TX_QUEUE_DELETE_EXTENSION(queue_ptr)
 497:../Middlewares/threadx/ports/cortex_m55/gnu/inc/tx_port.h **** #define TX_SEMAPHORE_DELETE_EXTENSION(semaphore_ptr)
 498:../Middlewares/threadx/ports/cortex_m55/gnu/inc/tx_port.h **** #define TX_TIMER_DELETE_EXTENSION(timer_ptr)
 499:../Middlewares/threadx/ports/cortex_m55/gnu/inc/tx_port.h **** 
 500:../Middlewares/threadx/ports/cortex_m55/gnu/inc/tx_port.h **** 
 501:../Middlewares/threadx/ports/cortex_m55/gnu/inc/tx_port.h **** /* Define the get system state macro.  */
 502:../Middlewares/threadx/ports/cortex_m55/gnu/inc/tx_port.h **** 
 503:../Middlewares/threadx/ports/cortex_m55/gnu/inc/tx_port.h **** #ifndef TX_THREAD_GET_SYSTEM_STATE
 504:../Middlewares/threadx/ports/cortex_m55/gnu/inc/tx_port.h **** #ifndef TX_MISRA_ENABLE
 505:../Middlewares/threadx/ports/cortex_m55/gnu/inc/tx_port.h **** 
 506:../Middlewares/threadx/ports/cortex_m55/gnu/inc/tx_port.h **** #if defined(__GNUC__) /* GCC and AC6 */
 507:../Middlewares/threadx/ports/cortex_m55/gnu/inc/tx_port.h **** __attribute__( ( always_inline ) ) static inline UINT _tx_ipsr_get(void)
  56              		.loc 2 507 55 view .LVU9
  57              	.LBB5:
 508:../Middlewares/threadx/ports/cortex_m55/gnu/inc/tx_port.h **** {
 509:../Middlewares/threadx/ports/cortex_m55/gnu/inc/tx_port.h **** UINT ipsr_value;
  58              		.loc 2 509 1 view .LVU10
 510:../Middlewares/threadx/ports/cortex_m55/gnu/inc/tx_port.h ****     __asm__ volatile (" MRS  %0,IPSR ": "=r" (ipsr_value) );
  59              		.loc 2 510 5 view .LVU11
  60              		.syntax unified
  61              	@ 510 "../Middlewares/threadx/ports/cortex_m55/gnu/inc/tx_port.h" 1
  62 000a EFF30582 		 MRS  r2,IPSR 
  63              	@ 0 "" 2
  64              	.LVL1:
 511:../Middlewares/threadx/ports/cortex_m55/gnu/inc/tx_port.h ****     return(ipsr_value);
ARM GAS  /tmp/ccGXU5uI.s 			page 13


  65              		.loc 2 511 5 view .LVU12
  66              		.loc 2 511 5 is_stmt 0 view .LVU13
  67              		.thumb
  68              		.syntax unified
  69              	.LBE5:
  70              	.LBE4:
  71              		.loc 1 110 14 discriminator 1 view .LVU14
  72 000e 084B     		ldr	r3, .L7+4
  73 0010 1B68     		ldr	r3, [r3]
  74              		.loc 1 110 13 discriminator 1 view .LVU15
  75 0012 1343     		orrs	r3, r3, r2
  76 0014 08D1     		bne	.L6
 111:../Middlewares/threadx/common/src/txe_event_flags_delete.c ****     {
 112:../Middlewares/threadx/common/src/txe_event_flags_delete.c **** 
 113:../Middlewares/threadx/common/src/txe_event_flags_delete.c ****         /* Invalid caller of this function, return appropriate error code.  */
 114:../Middlewares/threadx/common/src/txe_event_flags_delete.c ****         status =  TX_CALLER_ERROR;
 115:../Middlewares/threadx/common/src/txe_event_flags_delete.c ****     }
 116:../Middlewares/threadx/common/src/txe_event_flags_delete.c ****     else
 117:../Middlewares/threadx/common/src/txe_event_flags_delete.c ****     {
 118:../Middlewares/threadx/common/src/txe_event_flags_delete.c **** 
 119:../Middlewares/threadx/common/src/txe_event_flags_delete.c **** #ifndef TX_TIMER_PROCESS_IN_ISR
 120:../Middlewares/threadx/common/src/txe_event_flags_delete.c **** 
 121:../Middlewares/threadx/common/src/txe_event_flags_delete.c ****         /* Pickup thread pointer.  */
 122:../Middlewares/threadx/common/src/txe_event_flags_delete.c ****         TX_THREAD_GET_CURRENT(thread_ptr)
  77              		.loc 1 122 9 is_stmt 1 view .LVU16
  78              	.LVL2:
 123:../Middlewares/threadx/common/src/txe_event_flags_delete.c **** 
 124:../Middlewares/threadx/common/src/txe_event_flags_delete.c ****         /* Is the caller the system timer thread?  */
 125:../Middlewares/threadx/common/src/txe_event_flags_delete.c ****         if (thread_ptr == &_tx_timer_thread)
  79              		.loc 1 125 9 view .LVU17
  80              		.loc 1 125 12 is_stmt 0 view .LVU18
  81 0016 074B     		ldr	r3, .L7+8
  82              	.LVL3:
  83              		.loc 1 125 12 view .LVU19
  84 0018 1A68     		ldr	r2, [r3]
  85 001a 074B     		ldr	r3, .L7+12
  86              	.LVL4:
  87              		.loc 1 125 12 view .LVU20
  88 001c 9A42     		cmp	r2, r3
  89 001e 03D0     		beq	.L6
 126:../Middlewares/threadx/common/src/txe_event_flags_delete.c ****         {
 127:../Middlewares/threadx/common/src/txe_event_flags_delete.c **** 
 128:../Middlewares/threadx/common/src/txe_event_flags_delete.c ****             /* Invalid caller of this function, return appropriate error code.  */
 129:../Middlewares/threadx/common/src/txe_event_flags_delete.c ****             status =  TX_CALLER_ERROR;
 130:../Middlewares/threadx/common/src/txe_event_flags_delete.c ****         }
 131:../Middlewares/threadx/common/src/txe_event_flags_delete.c **** 
 132:../Middlewares/threadx/common/src/txe_event_flags_delete.c ****         /* Determine if everything is okay.  */
 133:../Middlewares/threadx/common/src/txe_event_flags_delete.c ****         if (status == TX_SUCCESS)
  90              		.loc 1 133 9 is_stmt 1 view .LVU21
 134:../Middlewares/threadx/common/src/txe_event_flags_delete.c ****         {
 135:../Middlewares/threadx/common/src/txe_event_flags_delete.c **** #endif
 136:../Middlewares/threadx/common/src/txe_event_flags_delete.c **** 
 137:../Middlewares/threadx/common/src/txe_event_flags_delete.c ****             /* Call actual event flag group delete function.  */
 138:../Middlewares/threadx/common/src/txe_event_flags_delete.c ****             status =  _tx_event_flags_delete(group_ptr);
  91              		.loc 1 138 13 view .LVU22
  92              		.loc 1 138 23 is_stmt 0 view .LVU23
  93 0020 FFF7FEBF 		b	_tx_event_flags_delete
ARM GAS  /tmp/ccGXU5uI.s 			page 14


  94              	.LVL5:
  95              	.L4:
  96:../Middlewares/threadx/common/src/txe_event_flags_delete.c ****     }
  96              		.loc 1 96 16 view .LVU24
  97 0024 0620     		movs	r0, #6
  98              	.LVL6:
  96:../Middlewares/threadx/common/src/txe_event_flags_delete.c ****     }
  99              		.loc 1 96 16 view .LVU25
 100 0026 7047     		bx	lr
 101              	.LVL7:
 102              	.L6:
 114:../Middlewares/threadx/common/src/txe_event_flags_delete.c ****     }
 103              		.loc 1 114 16 view .LVU26
 104 0028 1320     		movs	r0, #19
 105              	.LVL8:
 139:../Middlewares/threadx/common/src/txe_event_flags_delete.c **** 
 140:../Middlewares/threadx/common/src/txe_event_flags_delete.c **** #ifndef TX_TIMER_PROCESS_IN_ISR
 141:../Middlewares/threadx/common/src/txe_event_flags_delete.c ****         }
 142:../Middlewares/threadx/common/src/txe_event_flags_delete.c **** #endif
 143:../Middlewares/threadx/common/src/txe_event_flags_delete.c ****     }
 144:../Middlewares/threadx/common/src/txe_event_flags_delete.c **** 
 145:../Middlewares/threadx/common/src/txe_event_flags_delete.c ****     /* Return completion status.  */
 146:../Middlewares/threadx/common/src/txe_event_flags_delete.c ****     return(status);
 106              		.loc 1 146 5 is_stmt 1 view .LVU27
 147:../Middlewares/threadx/common/src/txe_event_flags_delete.c **** }
 107              		.loc 1 147 1 is_stmt 0 view .LVU28
 108 002a 7047     		bx	lr
 109              	.L8:
 110              		.align	2
 111              	.L7:
 112 002c 4E445644 		.word	1146504270
 113 0030 00000000 		.word	_tx_thread_system_state
 114 0034 00000000 		.word	_tx_thread_current_ptr
 115 0038 00000000 		.word	_tx_timer_thread
 116              		.cfi_endproc
 117              	.LFE8:
 119              		.text
 120              	.Letext0:
 121              		.file 3 "../Middlewares/threadx/common/inc/tx_api.h"
 122              		.file 4 "../Middlewares/threadx/common/inc/tx_thread.h"
 123              		.file 5 "../Middlewares/threadx/common/inc/tx_timer.h"
ARM GAS  /tmp/ccGXU5uI.s 			page 15


DEFINED SYMBOLS
                            *ABS*:00000000 txe_event_flags_delete.c
     /tmp/ccGXU5uI.s:26     .text._txe_event_flags_delete:00000000 $t
     /tmp/ccGXU5uI.s:32     .text._txe_event_flags_delete:00000000 _txe_event_flags_delete
     /tmp/ccGXU5uI.s:112    .text._txe_event_flags_delete:0000002c $d
                           .group:00000000 wm4.0.43608cab4da50df6ba2dfee95636a2b5
                           .group:00000000 wm4.tx_api.h.111.1e40bacadb0edb5b6b36282830ee23a5
                           .group:00000000 wm4.ieeefp.h.77.99029d7b8220a2cd73dd257e2bbe825d
                           .group:00000000 wm4._newlib_version.h.4.0eb654b64686e2bd29646258853f6c22
                           .group:00000000 wm4.newlib.h.27.b904f6f8971bd921b436e5701877de32
                           .group:00000000 wm4.features.h.22.4b93ad64e0d80833c46a20ecae380bb0
                           .group:00000000 wm4.config.h.224.10ee1ad185d877c6e334e6581faab44d
                           .group:00000000 wm4._ansi.h.31.de524f58584151836e90d8620a16f8e8
                           .group:00000000 wm4.stdlib.h.13.4ed386f5c1a80d71e72172885d946ef2
                           .group:00000000 wm4.stddef.h.200.7df09ddbfbefc5947db7aca5a0fd7644
                           .group:00000000 wm4.stddef.h.39.613e674cf2e6f142dfe584123421de07
                           .group:00000000 wm4._default_types.h.6.959254cf5f09734ea7516c89e8bb21bd
                           .group:00000000 wm4.cdefs.h.49.56fd742369e655e7e8a7e365e706e208
                           .group:00000000 wm4._types.h.20.dd0d04dca3800a0d2a6129b87f3adbb2
                           .group:00000000 wm4.stddef.h.173.4903093a50a8482cb062b176ea61fac3
                           .group:00000000 wm4._types.h.127.3bdfe3ff8ea2d0985b03d9cbe93480e3
                           .group:00000000 wm4.reent.h.18.25503cdc8b7e55dd0d6ea7b3e5af7a03
                           .group:00000000 wm4.lock.h.2.1461d1fff82dffe8bfddc23307f6484f
                           .group:00000000 wm4.reent.h.78.6d702f69a6d6435d2dbe915b10150b1a
                           .group:00000000 wm4.alloca.h.8.dfc0c703c47ec3e69746825b17d9e66d
                           .group:00000000 wm4.stdlib.h.56.f4862cfbf4363a1db01842d5bdf72c18
                           .group:00000000 wm4.string.h.8.c4b8571ce60dff2817f43fec8b86aecd
                           .group:00000000 wm4.stddef.h.173.1cea4f16a943c8e875db6791959c3141
                           .group:00000000 wm4.string.h.177.59a005921fa78485abc80a0267de5752
                           .group:00000000 wm4.tx_port.h.115.294deb9dc65e442684b838abd8efd62b
                           .group:00000000 wm4.tx_api.h.143.a8f6e7c0fde9aa86e8b6e86681771d37
                           .group:00000000 wm4.tx_thread.h.58.aca505065ec84c0c978a4a3ba538ff60
                           .group:00000000 wm4.tx_timer.h.51.b883a0ddd0951b922baa8ab45496c096
                           .group:00000000 wm4.tx_event_flags.h.51.617d885441fe4ce0388d19666d2dbff5

UNDEFINED SYMBOLS
_tx_event_flags_delete
_tx_thread_system_state
_tx_thread_current_ptr
_tx_timer_thread
