ARM GAS  /tmp/cc7ZlMZ7.s 			page 1


   1              		.arch armv8.1-m.main
   2              		.fpu fpv5-d16
   3              		.arch_extension dsp
   4              		.arch_extension fp
   5              		.arch_extension fp.dp
   6              		.arch_extension mve
   7              		.arch_extension mve.fp
   8              		.eabi_attribute 5, "cortex-m55"
   9              		.eabi_attribute 28, 1
  10              		.eabi_attribute 20, 1
  11              		.eabi_attribute 21, 1
  12              		.eabi_attribute 23, 3
  13              		.eabi_attribute 24, 1
  14              		.eabi_attribute 25, 1
  15              		.eabi_attribute 26, 1
  16              		.eabi_attribute 30, 4
  17              		.eabi_attribute 34, 1
  18              		.eabi_attribute 38, 1
  19              		.eabi_attribute 18, 4
  20              		.file	"txe_block_release.c"
  21              		.text
  22              	.Ltext0:
  23              		.cfi_sections	.debug_frame
  24              		.file 1 "../Middlewares/threadx/common/src/txe_block_release.c"
  25              		.section	.text._txe_block_release,"ax",%progbits
  26              		.align	1
  27              		.global	_txe_block_release
  28              		.syntax unified
  29              		.thumb
  30              		.thumb_func
  32              	_txe_block_release:
  33              	.LVL0:
  34              	.LFB8:
   1:../Middlewares/threadx/common/src/txe_block_release.c **** /**************************************************************************/
   2:../Middlewares/threadx/common/src/txe_block_release.c **** /*                                                                        */
   3:../Middlewares/threadx/common/src/txe_block_release.c **** /*       Copyright (c) Microsoft Corporation. All rights reserved.        */
   4:../Middlewares/threadx/common/src/txe_block_release.c **** /*                                                                        */
   5:../Middlewares/threadx/common/src/txe_block_release.c **** /*       This software is licensed under the Microsoft Software License   */
   6:../Middlewares/threadx/common/src/txe_block_release.c **** /*       Terms for Microsoft Azure RTOS. Full text of the license can be  */
   7:../Middlewares/threadx/common/src/txe_block_release.c **** /*       found in the LICENSE file at https://aka.ms/AzureRTOS_EULA       */
   8:../Middlewares/threadx/common/src/txe_block_release.c **** /*       and in the root directory of this software.                      */
   9:../Middlewares/threadx/common/src/txe_block_release.c **** /*                                                                        */
  10:../Middlewares/threadx/common/src/txe_block_release.c **** /**************************************************************************/
  11:../Middlewares/threadx/common/src/txe_block_release.c **** 
  12:../Middlewares/threadx/common/src/txe_block_release.c **** 
  13:../Middlewares/threadx/common/src/txe_block_release.c **** /**************************************************************************/
  14:../Middlewares/threadx/common/src/txe_block_release.c **** /**************************************************************************/
  15:../Middlewares/threadx/common/src/txe_block_release.c **** /**                                                                       */
  16:../Middlewares/threadx/common/src/txe_block_release.c **** /** ThreadX Component                                                     */
  17:../Middlewares/threadx/common/src/txe_block_release.c **** /**                                                                       */
  18:../Middlewares/threadx/common/src/txe_block_release.c **** /**   Block Pool                                                          */
  19:../Middlewares/threadx/common/src/txe_block_release.c **** /**                                                                       */
  20:../Middlewares/threadx/common/src/txe_block_release.c **** /**************************************************************************/
  21:../Middlewares/threadx/common/src/txe_block_release.c **** /**************************************************************************/
  22:../Middlewares/threadx/common/src/txe_block_release.c **** 
  23:../Middlewares/threadx/common/src/txe_block_release.c **** #define TX_SOURCE_CODE
  24:../Middlewares/threadx/common/src/txe_block_release.c **** 
ARM GAS  /tmp/cc7ZlMZ7.s 			page 2


  25:../Middlewares/threadx/common/src/txe_block_release.c **** 
  26:../Middlewares/threadx/common/src/txe_block_release.c **** /* Include necessary system files.  */
  27:../Middlewares/threadx/common/src/txe_block_release.c **** 
  28:../Middlewares/threadx/common/src/txe_block_release.c **** #include "tx_api.h"
  29:../Middlewares/threadx/common/src/txe_block_release.c **** #include "tx_block_pool.h"
  30:../Middlewares/threadx/common/src/txe_block_release.c **** 
  31:../Middlewares/threadx/common/src/txe_block_release.c **** 
  32:../Middlewares/threadx/common/src/txe_block_release.c **** /**************************************************************************/
  33:../Middlewares/threadx/common/src/txe_block_release.c **** /*                                                                        */
  34:../Middlewares/threadx/common/src/txe_block_release.c **** /*  FUNCTION                                               RELEASE        */
  35:../Middlewares/threadx/common/src/txe_block_release.c **** /*                                                                        */
  36:../Middlewares/threadx/common/src/txe_block_release.c **** /*    _txe_block_release                                  PORTABLE C      */
  37:../Middlewares/threadx/common/src/txe_block_release.c **** /*                                                           6.1          */
  38:../Middlewares/threadx/common/src/txe_block_release.c **** /*  AUTHOR                                                                */
  39:../Middlewares/threadx/common/src/txe_block_release.c **** /*                                                                        */
  40:../Middlewares/threadx/common/src/txe_block_release.c **** /*    William E. Lamie, Microsoft Corporation                             */
  41:../Middlewares/threadx/common/src/txe_block_release.c **** /*                                                                        */
  42:../Middlewares/threadx/common/src/txe_block_release.c **** /*  DESCRIPTION                                                           */
  43:../Middlewares/threadx/common/src/txe_block_release.c **** /*                                                                        */
  44:../Middlewares/threadx/common/src/txe_block_release.c **** /*    This function checks for errors in the block release function call. */
  45:../Middlewares/threadx/common/src/txe_block_release.c **** /*                                                                        */
  46:../Middlewares/threadx/common/src/txe_block_release.c **** /*  INPUT                                                                 */
  47:../Middlewares/threadx/common/src/txe_block_release.c **** /*                                                                        */
  48:../Middlewares/threadx/common/src/txe_block_release.c **** /*    block_ptr                         Pointer to memory block           */
  49:../Middlewares/threadx/common/src/txe_block_release.c **** /*                                                                        */
  50:../Middlewares/threadx/common/src/txe_block_release.c **** /*  OUTPUT                                                                */
  51:../Middlewares/threadx/common/src/txe_block_release.c **** /*                                                                        */
  52:../Middlewares/threadx/common/src/txe_block_release.c **** /*    TX_PTR_ERROR                      Invalid memory block pointer      */
  53:../Middlewares/threadx/common/src/txe_block_release.c **** /*    status                            Actual completion status          */
  54:../Middlewares/threadx/common/src/txe_block_release.c **** /*                                                                        */
  55:../Middlewares/threadx/common/src/txe_block_release.c **** /*  CALLS                                                                 */
  56:../Middlewares/threadx/common/src/txe_block_release.c **** /*                                                                        */
  57:../Middlewares/threadx/common/src/txe_block_release.c **** /*    _tx_block_release                 Actual block release function     */
  58:../Middlewares/threadx/common/src/txe_block_release.c **** /*                                                                        */
  59:../Middlewares/threadx/common/src/txe_block_release.c **** /*  CALLED BY                                                             */
  60:../Middlewares/threadx/common/src/txe_block_release.c **** /*                                                                        */
  61:../Middlewares/threadx/common/src/txe_block_release.c **** /*    Application Code                                                    */
  62:../Middlewares/threadx/common/src/txe_block_release.c **** /*                                                                        */
  63:../Middlewares/threadx/common/src/txe_block_release.c **** /*  RELEASE HISTORY                                                       */
  64:../Middlewares/threadx/common/src/txe_block_release.c **** /*                                                                        */
  65:../Middlewares/threadx/common/src/txe_block_release.c **** /*    DATE              NAME                      DESCRIPTION             */
  66:../Middlewares/threadx/common/src/txe_block_release.c **** /*                                                                        */
  67:../Middlewares/threadx/common/src/txe_block_release.c **** /*  05-19-2020     William E. Lamie         Initial Version 6.0           */
  68:../Middlewares/threadx/common/src/txe_block_release.c **** /*  09-30-2020     Yuxin Zhou               Modified comment(s),          */
  69:../Middlewares/threadx/common/src/txe_block_release.c **** /*                                            resulting in version 6.1    */
  70:../Middlewares/threadx/common/src/txe_block_release.c **** /*                                                                        */
  71:../Middlewares/threadx/common/src/txe_block_release.c **** /**************************************************************************/
  72:../Middlewares/threadx/common/src/txe_block_release.c **** UINT  _txe_block_release(VOID *block_ptr)
  73:../Middlewares/threadx/common/src/txe_block_release.c **** {
  35              		.loc 1 73 1 view -0
  36              		.cfi_startproc
  37              		@ args = 0, pretend = 0, frame = 0
  38              		@ frame_needed = 0, uses_anonymous_args = 0
  39              		@ link register save eliminated.
  74:../Middlewares/threadx/common/src/txe_block_release.c **** 
  75:../Middlewares/threadx/common/src/txe_block_release.c **** UINT                status;
  40              		.loc 1 75 1 view .LVU1
ARM GAS  /tmp/cc7ZlMZ7.s 			page 3


  76:../Middlewares/threadx/common/src/txe_block_release.c **** TX_BLOCK_POOL       *pool_ptr;
  41              		.loc 1 76 1 view .LVU2
  77:../Middlewares/threadx/common/src/txe_block_release.c **** UCHAR               **indirect_ptr;
  42              		.loc 1 77 1 view .LVU3
  78:../Middlewares/threadx/common/src/txe_block_release.c **** UCHAR               *work_ptr;
  43              		.loc 1 78 1 view .LVU4
  79:../Middlewares/threadx/common/src/txe_block_release.c **** 
  80:../Middlewares/threadx/common/src/txe_block_release.c **** 
  81:../Middlewares/threadx/common/src/txe_block_release.c ****     /* First check the supplied pointer.  */
  82:../Middlewares/threadx/common/src/txe_block_release.c ****     if (block_ptr == TX_NULL)
  44              		.loc 1 82 5 view .LVU5
  45              		.loc 1 82 8 is_stmt 0 view .LVU6
  46 0000 40B1     		cbz	r0, .L1
  83:../Middlewares/threadx/common/src/txe_block_release.c ****     {
  84:../Middlewares/threadx/common/src/txe_block_release.c **** 
  85:../Middlewares/threadx/common/src/txe_block_release.c ****         /* The block pointer is invalid, return appropriate status.  */
  86:../Middlewares/threadx/common/src/txe_block_release.c ****         status =  TX_PTR_ERROR;
  87:../Middlewares/threadx/common/src/txe_block_release.c ****     }
  88:../Middlewares/threadx/common/src/txe_block_release.c ****     else
  89:../Middlewares/threadx/common/src/txe_block_release.c ****     {
  90:../Middlewares/threadx/common/src/txe_block_release.c **** 
  91:../Middlewares/threadx/common/src/txe_block_release.c ****         /* Pickup the pool pointer which is just previous to the starting
  92:../Middlewares/threadx/common/src/txe_block_release.c ****            address of block that the caller sees.  */
  93:../Middlewares/threadx/common/src/txe_block_release.c ****         work_ptr =      TX_VOID_TO_UCHAR_POINTER_CONVERT(block_ptr);
  47              		.loc 1 93 9 is_stmt 1 view .LVU7
  48              	.LVL1:
  94:../Middlewares/threadx/common/src/txe_block_release.c ****         work_ptr =      TX_UCHAR_POINTER_SUB(work_ptr, (sizeof(UCHAR *)));
  49              		.loc 1 94 9 view .LVU8
  95:../Middlewares/threadx/common/src/txe_block_release.c ****         indirect_ptr =  TX_UCHAR_TO_INDIRECT_UCHAR_POINTER_CONVERT(work_ptr);
  50              		.loc 1 95 9 view .LVU9
  96:../Middlewares/threadx/common/src/txe_block_release.c ****         work_ptr =      *indirect_ptr;
  51              		.loc 1 96 9 view .LVU10
  52              		.loc 1 96 18 is_stmt 0 view .LVU11
  53 0002 50F8043C 		ldr	r3, [r0, #-4]
  54              	.LVL2:
  97:../Middlewares/threadx/common/src/txe_block_release.c ****         pool_ptr =      TX_UCHAR_TO_BLOCK_POOL_POINTER_CONVERT(work_ptr);
  55              		.loc 1 97 9 is_stmt 1 view .LVU12
  98:../Middlewares/threadx/common/src/txe_block_release.c **** 
  99:../Middlewares/threadx/common/src/txe_block_release.c ****         /* Check for an invalid pool pointer.  */
 100:../Middlewares/threadx/common/src/txe_block_release.c ****         if (pool_ptr == TX_NULL)
  56              		.loc 1 100 9 view .LVU13
  57              		.loc 1 100 12 is_stmt 0 view .LVU14
  58 0006 2BB1     		cbz	r3, .L1
 101:../Middlewares/threadx/common/src/txe_block_release.c ****         {
 102:../Middlewares/threadx/common/src/txe_block_release.c **** 
 103:../Middlewares/threadx/common/src/txe_block_release.c ****             /* Pool pointer is invalid, return appropriate error code.  */
 104:../Middlewares/threadx/common/src/txe_block_release.c ****             status =  TX_PTR_ERROR;
 105:../Middlewares/threadx/common/src/txe_block_release.c ****         }
 106:../Middlewares/threadx/common/src/txe_block_release.c **** 
 107:../Middlewares/threadx/common/src/txe_block_release.c ****         /* Now check for invalid pool ID.  */
 108:../Middlewares/threadx/common/src/txe_block_release.c ****         else if  (pool_ptr -> tx_block_pool_id != TX_BLOCK_POOL_ID)
  59              		.loc 1 108 14 is_stmt 1 view .LVU15
  60              		.loc 1 108 18 is_stmt 0 view .LVU16
  61 0008 1A68     		ldr	r2, [r3]
  62 000a 034B     		ldr	r3, .L8
  63              	.LVL3:
  64              		.loc 1 108 18 view .LVU17
ARM GAS  /tmp/cc7ZlMZ7.s 			page 4


  65 000c 9A42     		cmp	r2, r3
  66 000e 01D1     		bne	.L1
 109:../Middlewares/threadx/common/src/txe_block_release.c ****         {
 110:../Middlewares/threadx/common/src/txe_block_release.c **** 
 111:../Middlewares/threadx/common/src/txe_block_release.c ****             /* Pool pointer is invalid, return appropriate error code.  */
 112:../Middlewares/threadx/common/src/txe_block_release.c ****             status =  TX_PTR_ERROR;
 113:../Middlewares/threadx/common/src/txe_block_release.c ****         }
 114:../Middlewares/threadx/common/src/txe_block_release.c ****         else
 115:../Middlewares/threadx/common/src/txe_block_release.c ****         {
 116:../Middlewares/threadx/common/src/txe_block_release.c **** 
 117:../Middlewares/threadx/common/src/txe_block_release.c ****             /* Call actual block release function.  */
 118:../Middlewares/threadx/common/src/txe_block_release.c ****             status =  _tx_block_release(block_ptr);
  67              		.loc 1 118 13 is_stmt 1 view .LVU18
  68              		.loc 1 118 23 is_stmt 0 view .LVU19
  69 0010 FFF7FEBF 		b	_tx_block_release
  70              	.LVL4:
  71              	.L1:
 119:../Middlewares/threadx/common/src/txe_block_release.c ****         }
 120:../Middlewares/threadx/common/src/txe_block_release.c ****     }
 121:../Middlewares/threadx/common/src/txe_block_release.c **** 
 122:../Middlewares/threadx/common/src/txe_block_release.c ****     /* Return completion status.  */
 123:../Middlewares/threadx/common/src/txe_block_release.c ****     return(status);
 124:../Middlewares/threadx/common/src/txe_block_release.c **** }
  72              		.loc 1 124 1 view .LVU20
  73 0014 0320     		movs	r0, #3
  74              	.LVL5:
  75              		.loc 1 124 1 view .LVU21
  76 0016 7047     		bx	lr
  77              	.L9:
  78              		.align	2
  79              	.L8:
  80 0018 434F4C42 		.word	1112297283
  81              		.cfi_endproc
  82              	.LFE8:
  84              		.text
  85              	.Letext0:
  86              		.file 2 "../Middlewares/threadx/ports/cortex_m55/gnu/inc/tx_port.h"
  87              		.file 3 "../Middlewares/threadx/common/inc/tx_api.h"
ARM GAS  /tmp/cc7ZlMZ7.s 			page 5


DEFINED SYMBOLS
                            *ABS*:00000000 txe_block_release.c
     /tmp/cc7ZlMZ7.s:26     .text._txe_block_release:00000000 $t
     /tmp/cc7ZlMZ7.s:32     .text._txe_block_release:00000000 _txe_block_release
     /tmp/cc7ZlMZ7.s:80     .text._txe_block_release:00000018 $d
                           .group:00000000 wm4.0.43608cab4da50df6ba2dfee95636a2b5
                           .group:00000000 wm4.tx_api.h.111.1e40bacadb0edb5b6b36282830ee23a5
                           .group:00000000 wm4.ieeefp.h.77.99029d7b8220a2cd73dd257e2bbe825d
                           .group:00000000 wm4._newlib_version.h.4.0eb654b64686e2bd29646258853f6c22
                           .group:00000000 wm4.newlib.h.27.b904f6f8971bd921b436e5701877de32
                           .group:00000000 wm4.features.h.22.4b93ad64e0d80833c46a20ecae380bb0
                           .group:00000000 wm4.config.h.224.10ee1ad185d877c6e334e6581faab44d
                           .group:00000000 wm4._ansi.h.31.de524f58584151836e90d8620a16f8e8
                           .group:00000000 wm4.stdlib.h.13.4ed386f5c1a80d71e72172885d946ef2
                           .group:00000000 wm4.stddef.h.200.7df09ddbfbefc5947db7aca5a0fd7644
                           .group:00000000 wm4.stddef.h.39.613e674cf2e6f142dfe584123421de07
                           .group:00000000 wm4._default_types.h.6.959254cf5f09734ea7516c89e8bb21bd
                           .group:00000000 wm4.cdefs.h.49.56fd742369e655e7e8a7e365e706e208
                           .group:00000000 wm4._types.h.20.dd0d04dca3800a0d2a6129b87f3adbb2
                           .group:00000000 wm4.stddef.h.173.4903093a50a8482cb062b176ea61fac3
                           .group:00000000 wm4._types.h.127.3bdfe3ff8ea2d0985b03d9cbe93480e3
                           .group:00000000 wm4.reent.h.18.25503cdc8b7e55dd0d6ea7b3e5af7a03
                           .group:00000000 wm4.lock.h.2.1461d1fff82dffe8bfddc23307f6484f
                           .group:00000000 wm4.reent.h.78.6d702f69a6d6435d2dbe915b10150b1a
                           .group:00000000 wm4.alloca.h.8.dfc0c703c47ec3e69746825b17d9e66d
                           .group:00000000 wm4.stdlib.h.56.f4862cfbf4363a1db01842d5bdf72c18
                           .group:00000000 wm4.string.h.8.c4b8571ce60dff2817f43fec8b86aecd
                           .group:00000000 wm4.stddef.h.173.1cea4f16a943c8e875db6791959c3141
                           .group:00000000 wm4.string.h.177.59a005921fa78485abc80a0267de5752
                           .group:00000000 wm4.tx_port.h.115.294deb9dc65e442684b838abd8efd62b
                           .group:00000000 wm4.tx_api.h.143.a8f6e7c0fde9aa86e8b6e86681771d37
                           .group:00000000 wm4.tx_block_pool.h.51.b81bcfde04212f413e35c0462798ddd7

UNDEFINED SYMBOLS
_tx_block_release
