ARM GAS  /tmp/ccqWFfJC.s 			page 1


   1              		.arch armv8.1-m.main
   2              		.fpu fpv5-d16
   3              		.arch_extension dsp
   4              		.arch_extension fp
   5              		.arch_extension fp.dp
   6              		.arch_extension mve
   7              		.arch_extension mve.fp
   8              		.eabi_attribute 5, "cortex-m55"
   9              		.eabi_attribute 28, 1
  10              		.eabi_attribute 20, 1
  11              		.eabi_attribute 21, 1
  12              		.eabi_attribute 23, 3
  13              		.eabi_attribute 24, 1
  14              		.eabi_attribute 25, 1
  15              		.eabi_attribute 26, 1
  16              		.eabi_attribute 30, 4
  17              		.eabi_attribute 34, 1
  18              		.eabi_attribute 38, 1
  19              		.eabi_attribute 18, 4
  20              		.file	"txe_event_flags_info_get.c"
  21              		.text
  22              	.Ltext0:
  23              		.cfi_sections	.debug_frame
  24              		.file 1 "../Middlewares/threadx/common/src/txe_event_flags_info_get.c"
  25              		.section	.text._txe_event_flags_info_get,"ax",%progbits
  26              		.align	1
  27              		.global	_txe_event_flags_info_get
  28              		.syntax unified
  29              		.thumb
  30              		.thumb_func
  32              	_txe_event_flags_info_get:
  33              	.LVL0:
  34              	.LFB8:
   1:../Middlewares/threadx/common/src/txe_event_flags_info_get.c **** /**************************************************************************/
   2:../Middlewares/threadx/common/src/txe_event_flags_info_get.c **** /*                                                                        */
   3:../Middlewares/threadx/common/src/txe_event_flags_info_get.c **** /*       Copyright (c) Microsoft Corporation. All rights reserved.        */
   4:../Middlewares/threadx/common/src/txe_event_flags_info_get.c **** /*                                                                        */
   5:../Middlewares/threadx/common/src/txe_event_flags_info_get.c **** /*       This software is licensed under the Microsoft Software License   */
   6:../Middlewares/threadx/common/src/txe_event_flags_info_get.c **** /*       Terms for Microsoft Azure RTOS. Full text of the license can be  */
   7:../Middlewares/threadx/common/src/txe_event_flags_info_get.c **** /*       found in the LICENSE file at https://aka.ms/AzureRTOS_EULA       */
   8:../Middlewares/threadx/common/src/txe_event_flags_info_get.c **** /*       and in the root directory of this software.                      */
   9:../Middlewares/threadx/common/src/txe_event_flags_info_get.c **** /*                                                                        */
  10:../Middlewares/threadx/common/src/txe_event_flags_info_get.c **** /**************************************************************************/
  11:../Middlewares/threadx/common/src/txe_event_flags_info_get.c **** 
  12:../Middlewares/threadx/common/src/txe_event_flags_info_get.c **** 
  13:../Middlewares/threadx/common/src/txe_event_flags_info_get.c **** /**************************************************************************/
  14:../Middlewares/threadx/common/src/txe_event_flags_info_get.c **** /**************************************************************************/
  15:../Middlewares/threadx/common/src/txe_event_flags_info_get.c **** /**                                                                       */
  16:../Middlewares/threadx/common/src/txe_event_flags_info_get.c **** /** ThreadX Component                                                     */
  17:../Middlewares/threadx/common/src/txe_event_flags_info_get.c **** /**                                                                       */
  18:../Middlewares/threadx/common/src/txe_event_flags_info_get.c **** /**   Event Flags                                                         */
  19:../Middlewares/threadx/common/src/txe_event_flags_info_get.c **** /**                                                                       */
  20:../Middlewares/threadx/common/src/txe_event_flags_info_get.c **** /**************************************************************************/
  21:../Middlewares/threadx/common/src/txe_event_flags_info_get.c **** /**************************************************************************/
  22:../Middlewares/threadx/common/src/txe_event_flags_info_get.c **** 
  23:../Middlewares/threadx/common/src/txe_event_flags_info_get.c **** #define TX_SOURCE_CODE
  24:../Middlewares/threadx/common/src/txe_event_flags_info_get.c **** 
ARM GAS  /tmp/ccqWFfJC.s 			page 2


  25:../Middlewares/threadx/common/src/txe_event_flags_info_get.c **** 
  26:../Middlewares/threadx/common/src/txe_event_flags_info_get.c **** /* Include necessary system files.  */
  27:../Middlewares/threadx/common/src/txe_event_flags_info_get.c **** 
  28:../Middlewares/threadx/common/src/txe_event_flags_info_get.c **** #include "tx_api.h"
  29:../Middlewares/threadx/common/src/txe_event_flags_info_get.c **** #include "tx_event_flags.h"
  30:../Middlewares/threadx/common/src/txe_event_flags_info_get.c **** 
  31:../Middlewares/threadx/common/src/txe_event_flags_info_get.c **** 
  32:../Middlewares/threadx/common/src/txe_event_flags_info_get.c **** /**************************************************************************/
  33:../Middlewares/threadx/common/src/txe_event_flags_info_get.c **** /*                                                                        */
  34:../Middlewares/threadx/common/src/txe_event_flags_info_get.c **** /*  FUNCTION                                               RELEASE        */
  35:../Middlewares/threadx/common/src/txe_event_flags_info_get.c **** /*                                                                        */
  36:../Middlewares/threadx/common/src/txe_event_flags_info_get.c **** /*    _txe_event_flags_info_get                           PORTABLE C      */
  37:../Middlewares/threadx/common/src/txe_event_flags_info_get.c **** /*                                                           6.1          */
  38:../Middlewares/threadx/common/src/txe_event_flags_info_get.c **** /*  AUTHOR                                                                */
  39:../Middlewares/threadx/common/src/txe_event_flags_info_get.c **** /*                                                                        */
  40:../Middlewares/threadx/common/src/txe_event_flags_info_get.c **** /*    William E. Lamie, Microsoft Corporation                             */
  41:../Middlewares/threadx/common/src/txe_event_flags_info_get.c **** /*                                                                        */
  42:../Middlewares/threadx/common/src/txe_event_flags_info_get.c **** /*  DESCRIPTION                                                           */
  43:../Middlewares/threadx/common/src/txe_event_flags_info_get.c **** /*                                                                        */
  44:../Middlewares/threadx/common/src/txe_event_flags_info_get.c **** /*    This function checks for errors in the event flag information get   */
  45:../Middlewares/threadx/common/src/txe_event_flags_info_get.c **** /*    service.                                                            */
  46:../Middlewares/threadx/common/src/txe_event_flags_info_get.c **** /*                                                                        */
  47:../Middlewares/threadx/common/src/txe_event_flags_info_get.c **** /*  INPUT                                                                 */
  48:../Middlewares/threadx/common/src/txe_event_flags_info_get.c **** /*                                                                        */
  49:../Middlewares/threadx/common/src/txe_event_flags_info_get.c **** /*    group_ptr                         Pointer to event flag group       */
  50:../Middlewares/threadx/common/src/txe_event_flags_info_get.c **** /*    name                              Destination for the event flags   */
  51:../Middlewares/threadx/common/src/txe_event_flags_info_get.c **** /*                                        group name                      */
  52:../Middlewares/threadx/common/src/txe_event_flags_info_get.c **** /*    current_flags                     Current event flags               */
  53:../Middlewares/threadx/common/src/txe_event_flags_info_get.c **** /*    first_suspended                   Destination for pointer of first  */
  54:../Middlewares/threadx/common/src/txe_event_flags_info_get.c **** /*                                        thread suspended on event flags */
  55:../Middlewares/threadx/common/src/txe_event_flags_info_get.c **** /*    suspended_count                   Destination for suspended count   */
  56:../Middlewares/threadx/common/src/txe_event_flags_info_get.c **** /*    next_group                        Destination for pointer to next   */
  57:../Middlewares/threadx/common/src/txe_event_flags_info_get.c **** /*                                        event flag group on the created */
  58:../Middlewares/threadx/common/src/txe_event_flags_info_get.c **** /*                                        list                            */
  59:../Middlewares/threadx/common/src/txe_event_flags_info_get.c **** /*                                                                        */
  60:../Middlewares/threadx/common/src/txe_event_flags_info_get.c **** /*  OUTPUT                                                                */
  61:../Middlewares/threadx/common/src/txe_event_flags_info_get.c **** /*                                                                        */
  62:../Middlewares/threadx/common/src/txe_event_flags_info_get.c **** /*    TX_GROUP_ERROR                    Invalid event flag group pointer  */
  63:../Middlewares/threadx/common/src/txe_event_flags_info_get.c **** /*    status                            Completion status                 */
  64:../Middlewares/threadx/common/src/txe_event_flags_info_get.c **** /*                                                                        */
  65:../Middlewares/threadx/common/src/txe_event_flags_info_get.c **** /*  CALLS                                                                 */
  66:../Middlewares/threadx/common/src/txe_event_flags_info_get.c **** /*                                                                        */
  67:../Middlewares/threadx/common/src/txe_event_flags_info_get.c **** /*    _tx_event_flags_info_get          Actual event flags group info     */
  68:../Middlewares/threadx/common/src/txe_event_flags_info_get.c **** /*                                        get service                     */
  69:../Middlewares/threadx/common/src/txe_event_flags_info_get.c **** /*                                                                        */
  70:../Middlewares/threadx/common/src/txe_event_flags_info_get.c **** /*  CALLED BY                                                             */
  71:../Middlewares/threadx/common/src/txe_event_flags_info_get.c **** /*                                                                        */
  72:../Middlewares/threadx/common/src/txe_event_flags_info_get.c **** /*    Application Code                                                    */
  73:../Middlewares/threadx/common/src/txe_event_flags_info_get.c **** /*                                                                        */
  74:../Middlewares/threadx/common/src/txe_event_flags_info_get.c **** /*  RELEASE HISTORY                                                       */
  75:../Middlewares/threadx/common/src/txe_event_flags_info_get.c **** /*                                                                        */
  76:../Middlewares/threadx/common/src/txe_event_flags_info_get.c **** /*    DATE              NAME                      DESCRIPTION             */
  77:../Middlewares/threadx/common/src/txe_event_flags_info_get.c **** /*                                                                        */
  78:../Middlewares/threadx/common/src/txe_event_flags_info_get.c **** /*  05-19-2020     William E. Lamie         Initial Version 6.0           */
  79:../Middlewares/threadx/common/src/txe_event_flags_info_get.c **** /*  09-30-2020     Yuxin Zhou               Modified comment(s),          */
  80:../Middlewares/threadx/common/src/txe_event_flags_info_get.c **** /*                                            resulting in version 6.1    */
  81:../Middlewares/threadx/common/src/txe_event_flags_info_get.c **** /*                                                                        */
ARM GAS  /tmp/ccqWFfJC.s 			page 3


  82:../Middlewares/threadx/common/src/txe_event_flags_info_get.c **** /**************************************************************************/
  83:../Middlewares/threadx/common/src/txe_event_flags_info_get.c **** UINT  _txe_event_flags_info_get(TX_EVENT_FLAGS_GROUP *group_ptr, CHAR **name, ULONG *current_flags,
  84:../Middlewares/threadx/common/src/txe_event_flags_info_get.c ****                     TX_THREAD **first_suspended, ULONG *suspended_count,
  85:../Middlewares/threadx/common/src/txe_event_flags_info_get.c ****                     TX_EVENT_FLAGS_GROUP **next_group)
  86:../Middlewares/threadx/common/src/txe_event_flags_info_get.c **** {
  35              		.loc 1 86 1 view -0
  36              		.cfi_startproc
  37              		@ args = 8, pretend = 0, frame = 0
  38              		@ frame_needed = 0, uses_anonymous_args = 0
  39              		@ link register save eliminated.
  87:../Middlewares/threadx/common/src/txe_event_flags_info_get.c **** 
  88:../Middlewares/threadx/common/src/txe_event_flags_info_get.c **** UINT        status;
  40              		.loc 1 88 1 view .LVU1
  89:../Middlewares/threadx/common/src/txe_event_flags_info_get.c **** 
  90:../Middlewares/threadx/common/src/txe_event_flags_info_get.c **** 
  91:../Middlewares/threadx/common/src/txe_event_flags_info_get.c ****     /* Check for an invalid event flag group pointer.  */
  92:../Middlewares/threadx/common/src/txe_event_flags_info_get.c ****     if (group_ptr == TX_NULL)
  41              		.loc 1 92 5 view .LVU2
  86:../Middlewares/threadx/common/src/txe_event_flags_info_get.c **** 
  42              		.loc 1 86 1 is_stmt 0 view .LVU3
  43 0000 F0B4     		push	{r4, r5, r6, r7}
  44              		.cfi_def_cfa_offset 16
  45              		.cfi_offset 4, -16
  46              		.cfi_offset 5, -12
  47              		.cfi_offset 6, -8
  48              		.cfi_offset 7, -4
  86:../Middlewares/threadx/common/src/txe_event_flags_info_get.c **** 
  49              		.loc 1 86 1 view .LVU4
  50 0002 DDE90456 		ldrd	r5, r6, [sp, #16]
  51              		.loc 1 92 8 view .LVU5
  52 0006 40B1     		cbz	r0, .L1
  93:../Middlewares/threadx/common/src/txe_event_flags_info_get.c ****     {
  94:../Middlewares/threadx/common/src/txe_event_flags_info_get.c **** 
  95:../Middlewares/threadx/common/src/txe_event_flags_info_get.c ****         /* Event flags group pointer is invalid, return appropriate error code.  */
  96:../Middlewares/threadx/common/src/txe_event_flags_info_get.c ****         status =  TX_GROUP_ERROR;
  97:../Middlewares/threadx/common/src/txe_event_flags_info_get.c ****     }
  98:../Middlewares/threadx/common/src/txe_event_flags_info_get.c **** 
  99:../Middlewares/threadx/common/src/txe_event_flags_info_get.c ****     /* Now check for invalid event flag group ID.  */
 100:../Middlewares/threadx/common/src/txe_event_flags_info_get.c ****     else if (group_ptr -> tx_event_flags_group_id != TX_EVENT_FLAGS_ID)
  53              		.loc 1 100 10 is_stmt 1 view .LVU6
  54              		.loc 1 100 13 is_stmt 0 view .LVU7
  55 0008 0768     		ldr	r7, [r0]
  56 000a 054C     		ldr	r4, .L6
  57 000c A742     		cmp	r7, r4
  58 000e 04D1     		bne	.L1
 101:../Middlewares/threadx/common/src/txe_event_flags_info_get.c ****     {
 102:../Middlewares/threadx/common/src/txe_event_flags_info_get.c **** 
 103:../Middlewares/threadx/common/src/txe_event_flags_info_get.c ****         /* Event flags group pointer is invalid, return appropriate error code.  */
 104:../Middlewares/threadx/common/src/txe_event_flags_info_get.c ****         status =  TX_GROUP_ERROR;
 105:../Middlewares/threadx/common/src/txe_event_flags_info_get.c ****     }
 106:../Middlewares/threadx/common/src/txe_event_flags_info_get.c ****     else
 107:../Middlewares/threadx/common/src/txe_event_flags_info_get.c ****     {
 108:../Middlewares/threadx/common/src/txe_event_flags_info_get.c **** 
 109:../Middlewares/threadx/common/src/txe_event_flags_info_get.c ****         /* Otherwise, call the actual event flags group information get service.  */
 110:../Middlewares/threadx/common/src/txe_event_flags_info_get.c ****         status =  _tx_event_flags_info_get(group_ptr, name, current_flags, first_suspended,
  59              		.loc 1 110 9 is_stmt 1 view .LVU8
  60              		.loc 1 110 19 is_stmt 0 view .LVU9
ARM GAS  /tmp/ccqWFfJC.s 			page 4


  61 0010 CDE90456 		strd	r5, r6, [sp, #16]
  62              	.LVL1:
 111:../Middlewares/threadx/common/src/txe_event_flags_info_get.c ****                                                             suspended_count, next_group);
 112:../Middlewares/threadx/common/src/txe_event_flags_info_get.c ****     }
 113:../Middlewares/threadx/common/src/txe_event_flags_info_get.c **** 
 114:../Middlewares/threadx/common/src/txe_event_flags_info_get.c ****     /* Return completion status.  */
 115:../Middlewares/threadx/common/src/txe_event_flags_info_get.c ****     return(status);
 116:../Middlewares/threadx/common/src/txe_event_flags_info_get.c **** }
  63              		.loc 1 116 1 view .LVU10
  64 0014 F0BC     		pop	{r4, r5, r6, r7}
  65              		.cfi_remember_state
  66              		.cfi_restore 7
  67              		.cfi_restore 6
  68              		.cfi_restore 5
  69              		.cfi_restore 4
  70              		.cfi_def_cfa_offset 0
 110:../Middlewares/threadx/common/src/txe_event_flags_info_get.c ****                                                             suspended_count, next_group);
  71              		.loc 1 110 19 view .LVU11
  72 0016 FFF7FEBF 		b	_tx_event_flags_info_get
  73              	.LVL2:
  74              	.L1:
  75              		.cfi_restore_state
  76              		.loc 1 116 1 view .LVU12
  77 001a 0620     		movs	r0, #6
  78              	.LVL3:
  79              		.loc 1 116 1 view .LVU13
  80 001c F0BC     		pop	{r4, r5, r6, r7}
  81              		.cfi_restore 7
  82              		.cfi_restore 6
  83              		.cfi_restore 5
  84              		.cfi_restore 4
  85              		.cfi_def_cfa_offset 0
  86              	.LVL4:
  87              		.loc 1 116 1 view .LVU14
  88 001e 7047     		bx	lr
  89              	.L7:
  90              		.align	2
  91              	.L6:
  92 0020 4E445644 		.word	1146504270
  93              		.cfi_endproc
  94              	.LFE8:
  96              		.text
  97              	.Letext0:
  98              		.file 2 "../Middlewares/threadx/ports/cortex_m55/gnu/inc/tx_port.h"
  99              		.file 3 "../Middlewares/threadx/common/inc/tx_api.h"
ARM GAS  /tmp/ccqWFfJC.s 			page 5


DEFINED SYMBOLS
                            *ABS*:00000000 txe_event_flags_info_get.c
     /tmp/ccqWFfJC.s:26     .text._txe_event_flags_info_get:00000000 $t
     /tmp/ccqWFfJC.s:32     .text._txe_event_flags_info_get:00000000 _txe_event_flags_info_get
     /tmp/ccqWFfJC.s:92     .text._txe_event_flags_info_get:00000020 $d
                           .group:00000000 wm4.0.43608cab4da50df6ba2dfee95636a2b5
                           .group:00000000 wm4.tx_api.h.111.1e40bacadb0edb5b6b36282830ee23a5
                           .group:00000000 wm4.ieeefp.h.77.99029d7b8220a2cd73dd257e2bbe825d
                           .group:00000000 wm4._newlib_version.h.4.0eb654b64686e2bd29646258853f6c22
                           .group:00000000 wm4.newlib.h.27.b904f6f8971bd921b436e5701877de32
                           .group:00000000 wm4.features.h.22.4b93ad64e0d80833c46a20ecae380bb0
                           .group:00000000 wm4.config.h.224.10ee1ad185d877c6e334e6581faab44d
                           .group:00000000 wm4._ansi.h.31.de524f58584151836e90d8620a16f8e8
                           .group:00000000 wm4.stdlib.h.13.4ed386f5c1a80d71e72172885d946ef2
                           .group:00000000 wm4.stddef.h.200.7df09ddbfbefc5947db7aca5a0fd7644
                           .group:00000000 wm4.stddef.h.39.613e674cf2e6f142dfe584123421de07
                           .group:00000000 wm4._default_types.h.6.959254cf5f09734ea7516c89e8bb21bd
                           .group:00000000 wm4.cdefs.h.49.56fd742369e655e7e8a7e365e706e208
                           .group:00000000 wm4._types.h.20.dd0d04dca3800a0d2a6129b87f3adbb2
                           .group:00000000 wm4.stddef.h.173.4903093a50a8482cb062b176ea61fac3
                           .group:00000000 wm4._types.h.127.3bdfe3ff8ea2d0985b03d9cbe93480e3
                           .group:00000000 wm4.reent.h.18.25503cdc8b7e55dd0d6ea7b3e5af7a03
                           .group:00000000 wm4.lock.h.2.1461d1fff82dffe8bfddc23307f6484f
                           .group:00000000 wm4.reent.h.78.6d702f69a6d6435d2dbe915b10150b1a
                           .group:00000000 wm4.alloca.h.8.dfc0c703c47ec3e69746825b17d9e66d
                           .group:00000000 wm4.stdlib.h.56.f4862cfbf4363a1db01842d5bdf72c18
                           .group:00000000 wm4.string.h.8.c4b8571ce60dff2817f43fec8b86aecd
                           .group:00000000 wm4.stddef.h.173.1cea4f16a943c8e875db6791959c3141
                           .group:00000000 wm4.string.h.177.59a005921fa78485abc80a0267de5752
                           .group:00000000 wm4.tx_port.h.115.294deb9dc65e442684b838abd8efd62b
                           .group:00000000 wm4.tx_api.h.143.a8f6e7c0fde9aa86e8b6e86681771d37
                           .group:00000000 wm4.tx_event_flags.h.51.617d885441fe4ce0388d19666d2dbff5

UNDEFINED SYMBOLS
_tx_event_flags_info_get
