ARM GAS  /tmp/ccmx4s6L.s 			page 1


   1              		.arch armv8.1-m.main
   2              		.fpu fpv5-d16
   3              		.arch_extension dsp
   4              		.arch_extension fp
   5              		.arch_extension fp.dp
   6              		.arch_extension mve
   7              		.arch_extension mve.fp
   8              		.eabi_attribute 5, "cortex-m55"
   9              		.eabi_attribute 28, 1
  10              		.eabi_attribute 20, 1
  11              		.eabi_attribute 21, 1
  12              		.eabi_attribute 23, 3
  13              		.eabi_attribute 24, 1
  14              		.eabi_attribute 25, 1
  15              		.eabi_attribute 26, 1
  16              		.eabi_attribute 30, 4
  17              		.eabi_attribute 34, 1
  18              		.eabi_attribute 38, 1
  19              		.eabi_attribute 18, 4
  20              		.file	"txe_thread_info_get.c"
  21              		.text
  22              	.Ltext0:
  23              		.cfi_sections	.debug_frame
  24              		.file 1 "../Middlewares/threadx/common/src/txe_thread_info_get.c"
  25              		.section	.text._txe_thread_info_get,"ax",%progbits
  26              		.align	1
  27              		.global	_txe_thread_info_get
  28              		.syntax unified
  29              		.thumb
  30              		.thumb_func
  32              	_txe_thread_info_get:
  33              	.LVL0:
  34              	.LFB8:
   1:../Middlewares/threadx/common/src/txe_thread_info_get.c **** /**************************************************************************/
   2:../Middlewares/threadx/common/src/txe_thread_info_get.c **** /*                                                                        */
   3:../Middlewares/threadx/common/src/txe_thread_info_get.c **** /*       Copyright (c) Microsoft Corporation. All rights reserved.        */
   4:../Middlewares/threadx/common/src/txe_thread_info_get.c **** /*                                                                        */
   5:../Middlewares/threadx/common/src/txe_thread_info_get.c **** /*       This software is licensed under the Microsoft Software License   */
   6:../Middlewares/threadx/common/src/txe_thread_info_get.c **** /*       Terms for Microsoft Azure RTOS. Full text of the license can be  */
   7:../Middlewares/threadx/common/src/txe_thread_info_get.c **** /*       found in the LICENSE file at https://aka.ms/AzureRTOS_EULA       */
   8:../Middlewares/threadx/common/src/txe_thread_info_get.c **** /*       and in the root directory of this software.                      */
   9:../Middlewares/threadx/common/src/txe_thread_info_get.c **** /*                                                                        */
  10:../Middlewares/threadx/common/src/txe_thread_info_get.c **** /**************************************************************************/
  11:../Middlewares/threadx/common/src/txe_thread_info_get.c **** 
  12:../Middlewares/threadx/common/src/txe_thread_info_get.c **** 
  13:../Middlewares/threadx/common/src/txe_thread_info_get.c **** /**************************************************************************/
  14:../Middlewares/threadx/common/src/txe_thread_info_get.c **** /**************************************************************************/
  15:../Middlewares/threadx/common/src/txe_thread_info_get.c **** /**                                                                       */
  16:../Middlewares/threadx/common/src/txe_thread_info_get.c **** /** ThreadX Component                                                     */
  17:../Middlewares/threadx/common/src/txe_thread_info_get.c **** /**                                                                       */
  18:../Middlewares/threadx/common/src/txe_thread_info_get.c **** /**   Thread                                                              */
  19:../Middlewares/threadx/common/src/txe_thread_info_get.c **** /**                                                                       */
  20:../Middlewares/threadx/common/src/txe_thread_info_get.c **** /**************************************************************************/
  21:../Middlewares/threadx/common/src/txe_thread_info_get.c **** /**************************************************************************/
  22:../Middlewares/threadx/common/src/txe_thread_info_get.c **** 
  23:../Middlewares/threadx/common/src/txe_thread_info_get.c **** #define TX_SOURCE_CODE
  24:../Middlewares/threadx/common/src/txe_thread_info_get.c **** 
ARM GAS  /tmp/ccmx4s6L.s 			page 2


  25:../Middlewares/threadx/common/src/txe_thread_info_get.c **** 
  26:../Middlewares/threadx/common/src/txe_thread_info_get.c **** /* Include necessary system files.  */
  27:../Middlewares/threadx/common/src/txe_thread_info_get.c **** 
  28:../Middlewares/threadx/common/src/txe_thread_info_get.c **** #include "tx_api.h"
  29:../Middlewares/threadx/common/src/txe_thread_info_get.c **** #include "tx_thread.h"
  30:../Middlewares/threadx/common/src/txe_thread_info_get.c **** 
  31:../Middlewares/threadx/common/src/txe_thread_info_get.c **** 
  32:../Middlewares/threadx/common/src/txe_thread_info_get.c **** /**************************************************************************/
  33:../Middlewares/threadx/common/src/txe_thread_info_get.c **** /*                                                                        */
  34:../Middlewares/threadx/common/src/txe_thread_info_get.c **** /*  FUNCTION                                               RELEASE        */
  35:../Middlewares/threadx/common/src/txe_thread_info_get.c **** /*                                                                        */
  36:../Middlewares/threadx/common/src/txe_thread_info_get.c **** /*    _txe_thread_info_get                                PORTABLE C      */
  37:../Middlewares/threadx/common/src/txe_thread_info_get.c **** /*                                                           6.1          */
  38:../Middlewares/threadx/common/src/txe_thread_info_get.c **** /*  AUTHOR                                                                */
  39:../Middlewares/threadx/common/src/txe_thread_info_get.c **** /*                                                                        */
  40:../Middlewares/threadx/common/src/txe_thread_info_get.c **** /*    William E. Lamie, Microsoft Corporation                             */
  41:../Middlewares/threadx/common/src/txe_thread_info_get.c **** /*                                                                        */
  42:../Middlewares/threadx/common/src/txe_thread_info_get.c **** /*  DESCRIPTION                                                           */
  43:../Middlewares/threadx/common/src/txe_thread_info_get.c **** /*                                                                        */
  44:../Middlewares/threadx/common/src/txe_thread_info_get.c **** /*    This function checks for errors in the thread information get       */
  45:../Middlewares/threadx/common/src/txe_thread_info_get.c **** /*    service.                                                            */
  46:../Middlewares/threadx/common/src/txe_thread_info_get.c **** /*                                                                        */
  47:../Middlewares/threadx/common/src/txe_thread_info_get.c **** /*  INPUT                                                                 */
  48:../Middlewares/threadx/common/src/txe_thread_info_get.c **** /*                                                                        */
  49:../Middlewares/threadx/common/src/txe_thread_info_get.c **** /*    thread_ptr                        Pointer to thread control block   */
  50:../Middlewares/threadx/common/src/txe_thread_info_get.c **** /*    name                              Destination for the thread name   */
  51:../Middlewares/threadx/common/src/txe_thread_info_get.c **** /*    state                             Destination for thread state      */
  52:../Middlewares/threadx/common/src/txe_thread_info_get.c **** /*    run_count                         Destination for thread run count  */
  53:../Middlewares/threadx/common/src/txe_thread_info_get.c **** /*    priority                          Destination for thread priority   */
  54:../Middlewares/threadx/common/src/txe_thread_info_get.c **** /*    preemption_threshold              Destination for thread preemption-*/
  55:../Middlewares/threadx/common/src/txe_thread_info_get.c **** /*                                        threshold                       */
  56:../Middlewares/threadx/common/src/txe_thread_info_get.c **** /*    time_slice                        Destination for thread time-slice */
  57:../Middlewares/threadx/common/src/txe_thread_info_get.c **** /*    next_thread                       Destination for next created      */
  58:../Middlewares/threadx/common/src/txe_thread_info_get.c **** /*                                        thread                          */
  59:../Middlewares/threadx/common/src/txe_thread_info_get.c **** /*    next_suspended_thread             Destination for next suspended    */
  60:../Middlewares/threadx/common/src/txe_thread_info_get.c **** /*                                        thread                          */
  61:../Middlewares/threadx/common/src/txe_thread_info_get.c **** /*                                                                        */
  62:../Middlewares/threadx/common/src/txe_thread_info_get.c **** /*  OUTPUT                                                                */
  63:../Middlewares/threadx/common/src/txe_thread_info_get.c **** /*                                                                        */
  64:../Middlewares/threadx/common/src/txe_thread_info_get.c **** /*    TX_THREAD_ERROR                   Invalid thread pointer            */
  65:../Middlewares/threadx/common/src/txe_thread_info_get.c **** /*    status                            Completion status                 */
  66:../Middlewares/threadx/common/src/txe_thread_info_get.c **** /*                                                                        */
  67:../Middlewares/threadx/common/src/txe_thread_info_get.c **** /*  CALLS                                                                 */
  68:../Middlewares/threadx/common/src/txe_thread_info_get.c **** /*                                                                        */
  69:../Middlewares/threadx/common/src/txe_thread_info_get.c **** /*    _tx_thread_info_get               Actual thread information get     */
  70:../Middlewares/threadx/common/src/txe_thread_info_get.c **** /*                                        service                         */
  71:../Middlewares/threadx/common/src/txe_thread_info_get.c **** /*                                                                        */
  72:../Middlewares/threadx/common/src/txe_thread_info_get.c **** /*  CALLED BY                                                             */
  73:../Middlewares/threadx/common/src/txe_thread_info_get.c **** /*                                                                        */
  74:../Middlewares/threadx/common/src/txe_thread_info_get.c **** /*    Application Code                                                    */
  75:../Middlewares/threadx/common/src/txe_thread_info_get.c **** /*                                                                        */
  76:../Middlewares/threadx/common/src/txe_thread_info_get.c **** /*  RELEASE HISTORY                                                       */
  77:../Middlewares/threadx/common/src/txe_thread_info_get.c **** /*                                                                        */
  78:../Middlewares/threadx/common/src/txe_thread_info_get.c **** /*    DATE              NAME                      DESCRIPTION             */
  79:../Middlewares/threadx/common/src/txe_thread_info_get.c **** /*                                                                        */
  80:../Middlewares/threadx/common/src/txe_thread_info_get.c **** /*  05-19-2020     William E. Lamie         Initial Version 6.0           */
  81:../Middlewares/threadx/common/src/txe_thread_info_get.c **** /*  09-30-2020     Yuxin Zhou               Modified comment(s),          */
ARM GAS  /tmp/ccmx4s6L.s 			page 3


  82:../Middlewares/threadx/common/src/txe_thread_info_get.c **** /*                                            resulting in version 6.1    */
  83:../Middlewares/threadx/common/src/txe_thread_info_get.c **** /*                                                                        */
  84:../Middlewares/threadx/common/src/txe_thread_info_get.c **** /**************************************************************************/
  85:../Middlewares/threadx/common/src/txe_thread_info_get.c **** UINT  _txe_thread_info_get(TX_THREAD *thread_ptr, CHAR **name, UINT *state, ULONG *run_count,
  86:../Middlewares/threadx/common/src/txe_thread_info_get.c ****                 UINT *priority, UINT *preemption_threshold, ULONG *time_slice,
  87:../Middlewares/threadx/common/src/txe_thread_info_get.c ****                 TX_THREAD **next_thread, TX_THREAD **next_suspended_thread)
  88:../Middlewares/threadx/common/src/txe_thread_info_get.c **** {
  35              		.loc 1 88 1 view -0
  36              		.cfi_startproc
  37              		@ args = 20, pretend = 0, frame = 0
  38              		@ frame_needed = 0, uses_anonymous_args = 0
  89:../Middlewares/threadx/common/src/txe_thread_info_get.c **** 
  90:../Middlewares/threadx/common/src/txe_thread_info_get.c **** UINT    status;
  39              		.loc 1 90 1 view .LVU1
  91:../Middlewares/threadx/common/src/txe_thread_info_get.c **** 
  92:../Middlewares/threadx/common/src/txe_thread_info_get.c **** 
  93:../Middlewares/threadx/common/src/txe_thread_info_get.c ****     /* Check for an invalid thread pointer.  */
  94:../Middlewares/threadx/common/src/txe_thread_info_get.c ****     if (thread_ptr == TX_NULL)
  40              		.loc 1 94 5 view .LVU2
  88:../Middlewares/threadx/common/src/txe_thread_info_get.c **** 
  41              		.loc 1 88 1 is_stmt 0 view .LVU3
  42 0000 2DE9F041 		push	{r4, r5, r6, r7, r8, lr}
  43              		.cfi_def_cfa_offset 24
  44              		.cfi_offset 4, -24
  45              		.cfi_offset 5, -20
  46              		.cfi_offset 6, -16
  47              		.cfi_offset 7, -12
  48              		.cfi_offset 8, -8
  49              		.cfi_offset 14, -4
  88:../Middlewares/threadx/common/src/txe_thread_info_get.c **** 
  50              		.loc 1 88 1 view .LVU4
  51 0004 DDF828E0 		ldr	lr, [sp, #40]
  52 0008 DDE90656 		ldrd	r5, r6, [sp, #24]
  53 000c DDE9087C 		ldrd	r7, ip, [sp, #32]
  54              		.loc 1 94 8 view .LVU5
  55 0010 68B1     		cbz	r0, .L1
  95:../Middlewares/threadx/common/src/txe_thread_info_get.c ****     {
  96:../Middlewares/threadx/common/src/txe_thread_info_get.c **** 
  97:../Middlewares/threadx/common/src/txe_thread_info_get.c ****         /* Thread pointer is invalid, return appropriate error code.  */
  98:../Middlewares/threadx/common/src/txe_thread_info_get.c ****         status =  TX_THREAD_ERROR;
  99:../Middlewares/threadx/common/src/txe_thread_info_get.c ****     }
 100:../Middlewares/threadx/common/src/txe_thread_info_get.c **** 
 101:../Middlewares/threadx/common/src/txe_thread_info_get.c ****     /* Now check for invalid thread ID.  */
 102:../Middlewares/threadx/common/src/txe_thread_info_get.c ****     else if (thread_ptr -> tx_thread_id != TX_THREAD_ID)
  56              		.loc 1 102 10 is_stmt 1 view .LVU6
  57              		.loc 1 102 13 is_stmt 0 view .LVU7
  58 0012 D0F80080 		ldr	r8, [r0]
  59 0016 074C     		ldr	r4, .L6
  60 0018 A045     		cmp	r8, r4
  61 001a 08D1     		bne	.L1
 103:../Middlewares/threadx/common/src/txe_thread_info_get.c ****     {
 104:../Middlewares/threadx/common/src/txe_thread_info_get.c **** 
 105:../Middlewares/threadx/common/src/txe_thread_info_get.c ****         /* Thread pointer is invalid, return appropriate error code.  */
 106:../Middlewares/threadx/common/src/txe_thread_info_get.c ****         status =  TX_THREAD_ERROR;
 107:../Middlewares/threadx/common/src/txe_thread_info_get.c ****     }
 108:../Middlewares/threadx/common/src/txe_thread_info_get.c ****     else
 109:../Middlewares/threadx/common/src/txe_thread_info_get.c ****     {
ARM GAS  /tmp/ccmx4s6L.s 			page 4


 110:../Middlewares/threadx/common/src/txe_thread_info_get.c **** 
 111:../Middlewares/threadx/common/src/txe_thread_info_get.c ****         /* Call the actual thread information get service.  */
 112:../Middlewares/threadx/common/src/txe_thread_info_get.c ****         status =  _tx_thread_info_get(thread_ptr, name, state, run_count, priority, preemption_thre
  62              		.loc 1 112 9 is_stmt 1 view .LVU8
  63              		.loc 1 112 19 is_stmt 0 view .LVU9
  64 001c CDE909CE 		strd	ip, lr, [sp, #36]
  65              	.LVL1:
  66              		.loc 1 112 19 view .LVU10
  67 0020 CDE90767 		strd	r6, r7, [sp, #28]
  68              	.LVL2:
  69              		.loc 1 112 19 view .LVU11
  70 0024 0695     		str	r5, [sp, #24]
  71              	.LVL3:
 113:../Middlewares/threadx/common/src/txe_thread_info_get.c ****                             time_slice, next_thread, next_suspended_thread);
 114:../Middlewares/threadx/common/src/txe_thread_info_get.c ****     }
 115:../Middlewares/threadx/common/src/txe_thread_info_get.c **** 
 116:../Middlewares/threadx/common/src/txe_thread_info_get.c ****     /* Return completion status.  */
 117:../Middlewares/threadx/common/src/txe_thread_info_get.c ****     return(status);
 118:../Middlewares/threadx/common/src/txe_thread_info_get.c **** }
  72              		.loc 1 118 1 view .LVU12
  73 0026 BDE8F041 		pop	{r4, r5, r6, r7, r8, lr}
  74              		.cfi_remember_state
  75              		.cfi_restore 14
  76              		.cfi_restore 8
  77              		.cfi_restore 7
  78              		.cfi_restore 6
  79              		.cfi_restore 5
  80              		.cfi_restore 4
  81              		.cfi_def_cfa_offset 0
 112:../Middlewares/threadx/common/src/txe_thread_info_get.c ****                             time_slice, next_thread, next_suspended_thread);
  82              		.loc 1 112 19 view .LVU13
  83 002a FFF7FEBF 		b	_tx_thread_info_get
  84              	.LVL4:
  85              	.L1:
  86              		.cfi_restore_state
  87              		.loc 1 118 1 view .LVU14
  88 002e 0E20     		movs	r0, #14
  89              	.LVL5:
  90              		.loc 1 118 1 view .LVU15
  91 0030 BDE8F081 		pop	{r4, r5, r6, r7, r8, pc}
  92              	.LVL6:
  93              	.L7:
  94              		.loc 1 118 1 view .LVU16
  95              		.align	2
  96              	.L6:
  97 0034 44524854 		.word	1414025796
  98              		.cfi_endproc
  99              	.LFE8:
 101              		.text
 102              	.Letext0:
 103              		.file 2 "../Middlewares/threadx/ports/cortex_m55/gnu/inc/tx_port.h"
 104              		.file 3 "../Middlewares/threadx/common/inc/tx_api.h"
ARM GAS  /tmp/ccmx4s6L.s 			page 5


DEFINED SYMBOLS
                            *ABS*:00000000 txe_thread_info_get.c
     /tmp/ccmx4s6L.s:26     .text._txe_thread_info_get:00000000 $t
     /tmp/ccmx4s6L.s:32     .text._txe_thread_info_get:00000000 _txe_thread_info_get
     /tmp/ccmx4s6L.s:97     .text._txe_thread_info_get:00000034 $d
                           .group:00000000 wm4.0.43608cab4da50df6ba2dfee95636a2b5
                           .group:00000000 wm4.tx_api.h.111.1e40bacadb0edb5b6b36282830ee23a5
                           .group:00000000 wm4.ieeefp.h.77.99029d7b8220a2cd73dd257e2bbe825d
                           .group:00000000 wm4._newlib_version.h.4.0eb654b64686e2bd29646258853f6c22
                           .group:00000000 wm4.newlib.h.27.b904f6f8971bd921b436e5701877de32
                           .group:00000000 wm4.features.h.22.4b93ad64e0d80833c46a20ecae380bb0
                           .group:00000000 wm4.config.h.224.10ee1ad185d877c6e334e6581faab44d
                           .group:00000000 wm4._ansi.h.31.de524f58584151836e90d8620a16f8e8
                           .group:00000000 wm4.stdlib.h.13.4ed386f5c1a80d71e72172885d946ef2
                           .group:00000000 wm4.stddef.h.200.7df09ddbfbefc5947db7aca5a0fd7644
                           .group:00000000 wm4.stddef.h.39.613e674cf2e6f142dfe584123421de07
                           .group:00000000 wm4._default_types.h.6.959254cf5f09734ea7516c89e8bb21bd
                           .group:00000000 wm4.cdefs.h.49.56fd742369e655e7e8a7e365e706e208
                           .group:00000000 wm4._types.h.20.dd0d04dca3800a0d2a6129b87f3adbb2
                           .group:00000000 wm4.stddef.h.173.4903093a50a8482cb062b176ea61fac3
                           .group:00000000 wm4._types.h.127.3bdfe3ff8ea2d0985b03d9cbe93480e3
                           .group:00000000 wm4.reent.h.18.25503cdc8b7e55dd0d6ea7b3e5af7a03
                           .group:00000000 wm4.lock.h.2.1461d1fff82dffe8bfddc23307f6484f
                           .group:00000000 wm4.reent.h.78.6d702f69a6d6435d2dbe915b10150b1a
                           .group:00000000 wm4.alloca.h.8.dfc0c703c47ec3e69746825b17d9e66d
                           .group:00000000 wm4.stdlib.h.56.f4862cfbf4363a1db01842d5bdf72c18
                           .group:00000000 wm4.string.h.8.c4b8571ce60dff2817f43fec8b86aecd
                           .group:00000000 wm4.stddef.h.173.1cea4f16a943c8e875db6791959c3141
                           .group:00000000 wm4.string.h.177.59a005921fa78485abc80a0267de5752
                           .group:00000000 wm4.tx_port.h.115.294deb9dc65e442684b838abd8efd62b
                           .group:00000000 wm4.tx_api.h.143.a8f6e7c0fde9aa86e8b6e86681771d37
                           .group:00000000 wm4.tx_thread.h.58.aca505065ec84c0c978a4a3ba538ff60

UNDEFINED SYMBOLS
_tx_thread_info_get
