ARM GAS  /tmp/cczfccyK.s 			page 1


   1              		.arch armv8.1-m.main
   2              		.fpu fpv5-d16
   3              		.arch_extension dsp
   4              		.arch_extension fp
   5              		.arch_extension fp.dp
   6              		.arch_extension mve
   7              		.arch_extension mve.fp
   8              		.eabi_attribute 5, "cortex-m55"
   9              		.eabi_attribute 28, 1
  10              		.eabi_attribute 20, 1
  11              		.eabi_attribute 21, 1
  12              		.eabi_attribute 23, 3
  13              		.eabi_attribute 24, 1
  14              		.eabi_attribute 25, 1
  15              		.eabi_attribute 26, 1
  16              		.eabi_attribute 30, 4
  17              		.eabi_attribute 34, 1
  18              		.eabi_attribute 38, 1
  19              		.eabi_attribute 18, 4
  20              		.file	"txe_event_flags_set.c"
  21              		.text
  22              	.Ltext0:
  23              		.cfi_sections	.debug_frame
  24              		.file 1 "../Middlewares/threadx/common/src/txe_event_flags_set.c"
  25              		.section	.text._txe_event_flags_set,"ax",%progbits
  26              		.align	1
  27              		.global	_txe_event_flags_set
  28              		.syntax unified
  29              		.thumb
  30              		.thumb_func
  32              	_txe_event_flags_set:
  33              	.LVL0:
  34              	.LFB8:
   1:../Middlewares/threadx/common/src/txe_event_flags_set.c **** /**************************************************************************/
   2:../Middlewares/threadx/common/src/txe_event_flags_set.c **** /*                                                                        */
   3:../Middlewares/threadx/common/src/txe_event_flags_set.c **** /*       Copyright (c) Microsoft Corporation. All rights reserved.        */
   4:../Middlewares/threadx/common/src/txe_event_flags_set.c **** /*                                                                        */
   5:../Middlewares/threadx/common/src/txe_event_flags_set.c **** /*       This software is licensed under the Microsoft Software License   */
   6:../Middlewares/threadx/common/src/txe_event_flags_set.c **** /*       Terms for Microsoft Azure RTOS. Full text of the license can be  */
   7:../Middlewares/threadx/common/src/txe_event_flags_set.c **** /*       found in the LICENSE file at https://aka.ms/AzureRTOS_EULA       */
   8:../Middlewares/threadx/common/src/txe_event_flags_set.c **** /*       and in the root directory of this software.                      */
   9:../Middlewares/threadx/common/src/txe_event_flags_set.c **** /*                                                                        */
  10:../Middlewares/threadx/common/src/txe_event_flags_set.c **** /**************************************************************************/
  11:../Middlewares/threadx/common/src/txe_event_flags_set.c **** 
  12:../Middlewares/threadx/common/src/txe_event_flags_set.c **** 
  13:../Middlewares/threadx/common/src/txe_event_flags_set.c **** /**************************************************************************/
  14:../Middlewares/threadx/common/src/txe_event_flags_set.c **** /**************************************************************************/
  15:../Middlewares/threadx/common/src/txe_event_flags_set.c **** /**                                                                       */
  16:../Middlewares/threadx/common/src/txe_event_flags_set.c **** /** ThreadX Component                                                     */
  17:../Middlewares/threadx/common/src/txe_event_flags_set.c **** /**                                                                       */
  18:../Middlewares/threadx/common/src/txe_event_flags_set.c **** /**   Event Flags                                                         */
  19:../Middlewares/threadx/common/src/txe_event_flags_set.c **** /**                                                                       */
  20:../Middlewares/threadx/common/src/txe_event_flags_set.c **** /**************************************************************************/
  21:../Middlewares/threadx/common/src/txe_event_flags_set.c **** /**************************************************************************/
  22:../Middlewares/threadx/common/src/txe_event_flags_set.c **** 
  23:../Middlewares/threadx/common/src/txe_event_flags_set.c **** #define TX_SOURCE_CODE
  24:../Middlewares/threadx/common/src/txe_event_flags_set.c **** 
ARM GAS  /tmp/cczfccyK.s 			page 2


  25:../Middlewares/threadx/common/src/txe_event_flags_set.c **** 
  26:../Middlewares/threadx/common/src/txe_event_flags_set.c **** /* Include necessary system files.  */
  27:../Middlewares/threadx/common/src/txe_event_flags_set.c **** 
  28:../Middlewares/threadx/common/src/txe_event_flags_set.c **** #include "tx_api.h"
  29:../Middlewares/threadx/common/src/txe_event_flags_set.c **** #include "tx_event_flags.h"
  30:../Middlewares/threadx/common/src/txe_event_flags_set.c **** 
  31:../Middlewares/threadx/common/src/txe_event_flags_set.c **** 
  32:../Middlewares/threadx/common/src/txe_event_flags_set.c **** /**************************************************************************/
  33:../Middlewares/threadx/common/src/txe_event_flags_set.c **** /*                                                                        */
  34:../Middlewares/threadx/common/src/txe_event_flags_set.c **** /*  FUNCTION                                               RELEASE        */
  35:../Middlewares/threadx/common/src/txe_event_flags_set.c **** /*                                                                        */
  36:../Middlewares/threadx/common/src/txe_event_flags_set.c **** /*    _txe_event_flags_set                                PORTABLE C      */
  37:../Middlewares/threadx/common/src/txe_event_flags_set.c **** /*                                                           6.1          */
  38:../Middlewares/threadx/common/src/txe_event_flags_set.c **** /*  AUTHOR                                                                */
  39:../Middlewares/threadx/common/src/txe_event_flags_set.c **** /*                                                                        */
  40:../Middlewares/threadx/common/src/txe_event_flags_set.c **** /*    William E. Lamie, Microsoft Corporation                             */
  41:../Middlewares/threadx/common/src/txe_event_flags_set.c **** /*                                                                        */
  42:../Middlewares/threadx/common/src/txe_event_flags_set.c **** /*  DESCRIPTION                                                           */
  43:../Middlewares/threadx/common/src/txe_event_flags_set.c **** /*                                                                        */
  44:../Middlewares/threadx/common/src/txe_event_flags_set.c **** /*    This function checks for errors in the set event flags function     */
  45:../Middlewares/threadx/common/src/txe_event_flags_set.c **** /*    call.                                                               */
  46:../Middlewares/threadx/common/src/txe_event_flags_set.c **** /*                                                                        */
  47:../Middlewares/threadx/common/src/txe_event_flags_set.c **** /*  INPUT                                                                 */
  48:../Middlewares/threadx/common/src/txe_event_flags_set.c **** /*                                                                        */
  49:../Middlewares/threadx/common/src/txe_event_flags_set.c **** /*    group_ptr                         Pointer to group control block    */
  50:../Middlewares/threadx/common/src/txe_event_flags_set.c **** /*    flags_to_set                      Event flags to set                */
  51:../Middlewares/threadx/common/src/txe_event_flags_set.c **** /*    set_option                        Specified either AND or OR        */
  52:../Middlewares/threadx/common/src/txe_event_flags_set.c **** /*                                        operation on the event flags    */
  53:../Middlewares/threadx/common/src/txe_event_flags_set.c **** /*                                                                        */
  54:../Middlewares/threadx/common/src/txe_event_flags_set.c **** /*  OUTPUT                                                                */
  55:../Middlewares/threadx/common/src/txe_event_flags_set.c **** /*                                                                        */
  56:../Middlewares/threadx/common/src/txe_event_flags_set.c **** /*    TX_GROUP_ERROR                    Invalid event flags group pointer */
  57:../Middlewares/threadx/common/src/txe_event_flags_set.c **** /*    TX_OPTION_ERROR                   Invalid set option                */
  58:../Middlewares/threadx/common/src/txe_event_flags_set.c **** /*    status                            Actual completion status          */
  59:../Middlewares/threadx/common/src/txe_event_flags_set.c **** /*                                                                        */
  60:../Middlewares/threadx/common/src/txe_event_flags_set.c **** /*  CALLS                                                                 */
  61:../Middlewares/threadx/common/src/txe_event_flags_set.c **** /*                                                                        */
  62:../Middlewares/threadx/common/src/txe_event_flags_set.c **** /*    _tx_event_flags_set               Actual set event flags function   */
  63:../Middlewares/threadx/common/src/txe_event_flags_set.c **** /*                                                                        */
  64:../Middlewares/threadx/common/src/txe_event_flags_set.c **** /*  CALLED BY                                                             */
  65:../Middlewares/threadx/common/src/txe_event_flags_set.c **** /*                                                                        */
  66:../Middlewares/threadx/common/src/txe_event_flags_set.c **** /*    Application Code                                                    */
  67:../Middlewares/threadx/common/src/txe_event_flags_set.c **** /*                                                                        */
  68:../Middlewares/threadx/common/src/txe_event_flags_set.c **** /*  RELEASE HISTORY                                                       */
  69:../Middlewares/threadx/common/src/txe_event_flags_set.c **** /*                                                                        */
  70:../Middlewares/threadx/common/src/txe_event_flags_set.c **** /*    DATE              NAME                      DESCRIPTION             */
  71:../Middlewares/threadx/common/src/txe_event_flags_set.c **** /*                                                                        */
  72:../Middlewares/threadx/common/src/txe_event_flags_set.c **** /*  05-19-2020     William E. Lamie         Initial Version 6.0           */
  73:../Middlewares/threadx/common/src/txe_event_flags_set.c **** /*  09-30-2020     Yuxin Zhou               Modified comment(s),          */
  74:../Middlewares/threadx/common/src/txe_event_flags_set.c **** /*                                            resulting in version 6.1    */
  75:../Middlewares/threadx/common/src/txe_event_flags_set.c **** /*                                                                        */
  76:../Middlewares/threadx/common/src/txe_event_flags_set.c **** /**************************************************************************/
  77:../Middlewares/threadx/common/src/txe_event_flags_set.c **** UINT  _txe_event_flags_set(TX_EVENT_FLAGS_GROUP *group_ptr, ULONG flags_to_set, UINT set_option)
  78:../Middlewares/threadx/common/src/txe_event_flags_set.c **** {
  35              		.loc 1 78 1 view -0
  36              		.cfi_startproc
  37              		@ args = 0, pretend = 0, frame = 0
ARM GAS  /tmp/cczfccyK.s 			page 3


  38              		@ frame_needed = 0, uses_anonymous_args = 0
  39              		@ link register save eliminated.
  79:../Middlewares/threadx/common/src/txe_event_flags_set.c **** 
  80:../Middlewares/threadx/common/src/txe_event_flags_set.c **** UINT        status;
  40              		.loc 1 80 1 view .LVU1
  81:../Middlewares/threadx/common/src/txe_event_flags_set.c **** 
  82:../Middlewares/threadx/common/src/txe_event_flags_set.c **** 
  83:../Middlewares/threadx/common/src/txe_event_flags_set.c ****     /* Default status to success.  */
  84:../Middlewares/threadx/common/src/txe_event_flags_set.c ****     status =  TX_SUCCESS;
  41              		.loc 1 84 5 view .LVU2
  85:../Middlewares/threadx/common/src/txe_event_flags_set.c **** 
  86:../Middlewares/threadx/common/src/txe_event_flags_set.c ****     /* Check for an invalid event flag group pointer.  */
  87:../Middlewares/threadx/common/src/txe_event_flags_set.c ****     if (group_ptr == TX_NULL)
  42              		.loc 1 87 5 view .LVU3
  78:../Middlewares/threadx/common/src/txe_event_flags_set.c **** 
  43              		.loc 1 78 1 is_stmt 0 view .LVU4
  44 0000 30B4     		push	{r4, r5}
  45              		.cfi_def_cfa_offset 8
  46              		.cfi_offset 4, -8
  47              		.cfi_offset 5, -4
  48              		.loc 1 87 8 view .LVU5
  49 0002 48B1     		cbz	r0, .L4
  88:../Middlewares/threadx/common/src/txe_event_flags_set.c ****     {
  89:../Middlewares/threadx/common/src/txe_event_flags_set.c **** 
  90:../Middlewares/threadx/common/src/txe_event_flags_set.c ****         /* Event flags group pointer is invalid, return appropriate error code.  */
  91:../Middlewares/threadx/common/src/txe_event_flags_set.c ****         status =  TX_GROUP_ERROR;
  92:../Middlewares/threadx/common/src/txe_event_flags_set.c ****     }
  93:../Middlewares/threadx/common/src/txe_event_flags_set.c **** 
  94:../Middlewares/threadx/common/src/txe_event_flags_set.c ****     /* Now check for invalid event flag group ID.  */
  95:../Middlewares/threadx/common/src/txe_event_flags_set.c ****     else if (group_ptr -> tx_event_flags_group_id != TX_EVENT_FLAGS_ID)
  50              		.loc 1 95 10 is_stmt 1 view .LVU6
  51              		.loc 1 95 13 is_stmt 0 view .LVU7
  52 0004 0568     		ldr	r5, [r0]
  53 0006 074B     		ldr	r3, .L6
  54 0008 9D42     		cmp	r5, r3
  55 000a 05D1     		bne	.L4
  96:../Middlewares/threadx/common/src/txe_event_flags_set.c ****     {
  97:../Middlewares/threadx/common/src/txe_event_flags_set.c **** 
  98:../Middlewares/threadx/common/src/txe_event_flags_set.c ****         /* Event flags group pointer is invalid, return appropriate error code.  */
  99:../Middlewares/threadx/common/src/txe_event_flags_set.c ****         status =  TX_GROUP_ERROR;
 100:../Middlewares/threadx/common/src/txe_event_flags_set.c ****     }
 101:../Middlewares/threadx/common/src/txe_event_flags_set.c ****     else
 102:../Middlewares/threadx/common/src/txe_event_flags_set.c ****     {
 103:../Middlewares/threadx/common/src/txe_event_flags_set.c **** 
 104:../Middlewares/threadx/common/src/txe_event_flags_set.c ****         /* Check for invalid set option.  */
 105:../Middlewares/threadx/common/src/txe_event_flags_set.c ****         if (set_option != TX_AND)
  56              		.loc 1 105 9 is_stmt 1 view .LVU8
  57              		.loc 1 105 12 is_stmt 0 view .LVU9
  58 000c 32F00203 		bics	r3, r2, #2
  59 0010 05D1     		bne	.L5
  60              	.LVL1:
 106:../Middlewares/threadx/common/src/txe_event_flags_set.c ****         {
 107:../Middlewares/threadx/common/src/txe_event_flags_set.c **** 
 108:../Middlewares/threadx/common/src/txe_event_flags_set.c ****             if (set_option != TX_OR)
 109:../Middlewares/threadx/common/src/txe_event_flags_set.c ****             {
 110:../Middlewares/threadx/common/src/txe_event_flags_set.c **** 
 111:../Middlewares/threadx/common/src/txe_event_flags_set.c ****                 /* Invalid set events option, return appropriate error.  */
ARM GAS  /tmp/cczfccyK.s 			page 4


 112:../Middlewares/threadx/common/src/txe_event_flags_set.c ****                 status =  TX_OPTION_ERROR;
 113:../Middlewares/threadx/common/src/txe_event_flags_set.c ****             }
 114:../Middlewares/threadx/common/src/txe_event_flags_set.c ****         }
 115:../Middlewares/threadx/common/src/txe_event_flags_set.c ****     }
 116:../Middlewares/threadx/common/src/txe_event_flags_set.c **** 
 117:../Middlewares/threadx/common/src/txe_event_flags_set.c ****     /* Determine if everything is okay.  */
 118:../Middlewares/threadx/common/src/txe_event_flags_set.c ****     if (status == TX_SUCCESS)
 119:../Middlewares/threadx/common/src/txe_event_flags_set.c ****     {
 120:../Middlewares/threadx/common/src/txe_event_flags_set.c **** 
 121:../Middlewares/threadx/common/src/txe_event_flags_set.c ****         /* Call actual event flags set function.  */
 122:../Middlewares/threadx/common/src/txe_event_flags_set.c ****         status =  _tx_event_flags_set(group_ptr, flags_to_set, set_option);
  61              		.loc 1 122 9 is_stmt 1 view .LVU10
 123:../Middlewares/threadx/common/src/txe_event_flags_set.c ****     }
 124:../Middlewares/threadx/common/src/txe_event_flags_set.c **** 
 125:../Middlewares/threadx/common/src/txe_event_flags_set.c ****     /* Return completion status.  */
 126:../Middlewares/threadx/common/src/txe_event_flags_set.c ****     return(status);
 127:../Middlewares/threadx/common/src/txe_event_flags_set.c **** }
  62              		.loc 1 127 1 is_stmt 0 view .LVU11
  63 0012 30BC     		pop	{r4, r5}
  64              		.cfi_remember_state
  65              		.cfi_restore 5
  66              		.cfi_restore 4
  67              		.cfi_def_cfa_offset 0
 122:../Middlewares/threadx/common/src/txe_event_flags_set.c ****     }
  68              		.loc 1 122 19 view .LVU12
  69 0014 FFF7FEBF 		b	_tx_event_flags_set
  70              	.LVL2:
  71              	.L4:
  72              		.cfi_restore_state
  99:../Middlewares/threadx/common/src/txe_event_flags_set.c ****     }
  73              		.loc 1 99 16 view .LVU13
  74 0018 0620     		movs	r0, #6
  75              	.LVL3:
  76              	.L1:
  77              		.loc 1 127 1 view .LVU14
  78 001a 30BC     		pop	{r4, r5}
  79              		.cfi_remember_state
  80              		.cfi_restore 5
  81              		.cfi_restore 4
  82              		.cfi_def_cfa_offset 0
  83 001c 7047     		bx	lr
  84              	.LVL4:
  85              	.L5:
  86              		.cfi_restore_state
 112:../Middlewares/threadx/common/src/txe_event_flags_set.c ****             }
  87              		.loc 1 112 24 view .LVU15
  88 001e 0820     		movs	r0, #8
  89              	.LVL5:
 126:../Middlewares/threadx/common/src/txe_event_flags_set.c **** }
  90              		.loc 1 126 5 is_stmt 1 view .LVU16
 126:../Middlewares/threadx/common/src/txe_event_flags_set.c **** }
  91              		.loc 1 126 11 is_stmt 0 view .LVU17
  92 0020 FBE7     		b	.L1
  93              	.L7:
  94 0022 00BF     		.align	2
  95              	.L6:
  96 0024 4E445644 		.word	1146504270
ARM GAS  /tmp/cczfccyK.s 			page 5


  97              		.cfi_endproc
  98              	.LFE8:
 100              		.text
 101              	.Letext0:
 102              		.file 2 "../Middlewares/threadx/ports/cortex_m55/gnu/inc/tx_port.h"
 103              		.file 3 "../Middlewares/threadx/common/inc/tx_api.h"
ARM GAS  /tmp/cczfccyK.s 			page 6


DEFINED SYMBOLS
                            *ABS*:00000000 txe_event_flags_set.c
     /tmp/cczfccyK.s:26     .text._txe_event_flags_set:00000000 $t
     /tmp/cczfccyK.s:32     .text._txe_event_flags_set:00000000 _txe_event_flags_set
     /tmp/cczfccyK.s:96     .text._txe_event_flags_set:00000024 $d
                           .group:00000000 wm4.0.43608cab4da50df6ba2dfee95636a2b5
                           .group:00000000 wm4.tx_api.h.111.1e40bacadb0edb5b6b36282830ee23a5
                           .group:00000000 wm4.ieeefp.h.77.99029d7b8220a2cd73dd257e2bbe825d
                           .group:00000000 wm4._newlib_version.h.4.0eb654b64686e2bd29646258853f6c22
                           .group:00000000 wm4.newlib.h.27.b904f6f8971bd921b436e5701877de32
                           .group:00000000 wm4.features.h.22.4b93ad64e0d80833c46a20ecae380bb0
                           .group:00000000 wm4.config.h.224.10ee1ad185d877c6e334e6581faab44d
                           .group:00000000 wm4._ansi.h.31.de524f58584151836e90d8620a16f8e8
                           .group:00000000 wm4.stdlib.h.13.4ed386f5c1a80d71e72172885d946ef2
                           .group:00000000 wm4.stddef.h.200.7df09ddbfbefc5947db7aca5a0fd7644
                           .group:00000000 wm4.stddef.h.39.613e674cf2e6f142dfe584123421de07
                           .group:00000000 wm4._default_types.h.6.959254cf5f09734ea7516c89e8bb21bd
                           .group:00000000 wm4.cdefs.h.49.56fd742369e655e7e8a7e365e706e208
                           .group:00000000 wm4._types.h.20.dd0d04dca3800a0d2a6129b87f3adbb2
                           .group:00000000 wm4.stddef.h.173.4903093a50a8482cb062b176ea61fac3
                           .group:00000000 wm4._types.h.127.3bdfe3ff8ea2d0985b03d9cbe93480e3
                           .group:00000000 wm4.reent.h.18.25503cdc8b7e55dd0d6ea7b3e5af7a03
                           .group:00000000 wm4.lock.h.2.1461d1fff82dffe8bfddc23307f6484f
                           .group:00000000 wm4.reent.h.78.6d702f69a6d6435d2dbe915b10150b1a
                           .group:00000000 wm4.alloca.h.8.dfc0c703c47ec3e69746825b17d9e66d
                           .group:00000000 wm4.stdlib.h.56.f4862cfbf4363a1db01842d5bdf72c18
                           .group:00000000 wm4.string.h.8.c4b8571ce60dff2817f43fec8b86aecd
                           .group:00000000 wm4.stddef.h.173.1cea4f16a943c8e875db6791959c3141
                           .group:00000000 wm4.string.h.177.59a005921fa78485abc80a0267de5752
                           .group:00000000 wm4.tx_port.h.115.294deb9dc65e442684b838abd8efd62b
                           .group:00000000 wm4.tx_api.h.143.a8f6e7c0fde9aa86e8b6e86681771d37
                           .group:00000000 wm4.tx_event_flags.h.51.617d885441fe4ce0388d19666d2dbff5

UNDEFINED SYMBOLS
_tx_event_flags_set
