ARM GAS  /tmp/ccQ7WRPt.s 			page 1


   1              		.arch armv8.1-m.main
   2              		.fpu fpv5-d16
   3              		.arch_extension dsp
   4              		.arch_extension fp
   5              		.arch_extension fp.dp
   6              		.arch_extension mve
   7              		.arch_extension mve.fp
   8              		.eabi_attribute 5, "cortex-m55"
   9              		.eabi_attribute 28, 1
  10              		.eabi_attribute 20, 1
  11              		.eabi_attribute 21, 1
  12              		.eabi_attribute 23, 3
  13              		.eabi_attribute 24, 1
  14              		.eabi_attribute 25, 1
  15              		.eabi_attribute 26, 1
  16              		.eabi_attribute 30, 4
  17              		.eabi_attribute 34, 1
  18              		.eabi_attribute 38, 1
  19              		.eabi_attribute 18, 4
  20              		.file	"txe_semaphore_ceiling_put.c"
  21              		.text
  22              	.Ltext0:
  23              		.cfi_sections	.debug_frame
  24              		.file 1 "../Middlewares/threadx/common/src/txe_semaphore_ceiling_put.c"
  25              		.section	.text._txe_semaphore_ceiling_put,"ax",%progbits
  26              		.align	1
  27              		.global	_txe_semaphore_ceiling_put
  28              		.syntax unified
  29              		.thumb
  30              		.thumb_func
  32              	_txe_semaphore_ceiling_put:
  33              	.LVL0:
  34              	.LFB8:
   1:../Middlewares/threadx/common/src/txe_semaphore_ceiling_put.c **** /**************************************************************************/
   2:../Middlewares/threadx/common/src/txe_semaphore_ceiling_put.c **** /*                                                                        */
   3:../Middlewares/threadx/common/src/txe_semaphore_ceiling_put.c **** /*       Copyright (c) Microsoft Corporation. All rights reserved.        */
   4:../Middlewares/threadx/common/src/txe_semaphore_ceiling_put.c **** /*                                                                        */
   5:../Middlewares/threadx/common/src/txe_semaphore_ceiling_put.c **** /*       This software is licensed under the Microsoft Software License   */
   6:../Middlewares/threadx/common/src/txe_semaphore_ceiling_put.c **** /*       Terms for Microsoft Azure RTOS. Full text of the license can be  */
   7:../Middlewares/threadx/common/src/txe_semaphore_ceiling_put.c **** /*       found in the LICENSE file at https://aka.ms/AzureRTOS_EULA       */
   8:../Middlewares/threadx/common/src/txe_semaphore_ceiling_put.c **** /*       and in the root directory of this software.                      */
   9:../Middlewares/threadx/common/src/txe_semaphore_ceiling_put.c **** /*                                                                        */
  10:../Middlewares/threadx/common/src/txe_semaphore_ceiling_put.c **** /**************************************************************************/
  11:../Middlewares/threadx/common/src/txe_semaphore_ceiling_put.c **** 
  12:../Middlewares/threadx/common/src/txe_semaphore_ceiling_put.c **** 
  13:../Middlewares/threadx/common/src/txe_semaphore_ceiling_put.c **** /**************************************************************************/
  14:../Middlewares/threadx/common/src/txe_semaphore_ceiling_put.c **** /**************************************************************************/
  15:../Middlewares/threadx/common/src/txe_semaphore_ceiling_put.c **** /**                                                                       */
  16:../Middlewares/threadx/common/src/txe_semaphore_ceiling_put.c **** /** ThreadX Component                                                     */
  17:../Middlewares/threadx/common/src/txe_semaphore_ceiling_put.c **** /**                                                                       */
  18:../Middlewares/threadx/common/src/txe_semaphore_ceiling_put.c **** /**   Semaphore                                                           */
  19:../Middlewares/threadx/common/src/txe_semaphore_ceiling_put.c **** /**                                                                       */
  20:../Middlewares/threadx/common/src/txe_semaphore_ceiling_put.c **** /**************************************************************************/
  21:../Middlewares/threadx/common/src/txe_semaphore_ceiling_put.c **** /**************************************************************************/
  22:../Middlewares/threadx/common/src/txe_semaphore_ceiling_put.c **** 
  23:../Middlewares/threadx/common/src/txe_semaphore_ceiling_put.c **** #define TX_SOURCE_CODE
  24:../Middlewares/threadx/common/src/txe_semaphore_ceiling_put.c **** 
ARM GAS  /tmp/ccQ7WRPt.s 			page 2


  25:../Middlewares/threadx/common/src/txe_semaphore_ceiling_put.c **** 
  26:../Middlewares/threadx/common/src/txe_semaphore_ceiling_put.c **** /* Include necessary system files.  */
  27:../Middlewares/threadx/common/src/txe_semaphore_ceiling_put.c **** 
  28:../Middlewares/threadx/common/src/txe_semaphore_ceiling_put.c **** #include "tx_api.h"
  29:../Middlewares/threadx/common/src/txe_semaphore_ceiling_put.c **** #include "tx_semaphore.h"
  30:../Middlewares/threadx/common/src/txe_semaphore_ceiling_put.c **** 
  31:../Middlewares/threadx/common/src/txe_semaphore_ceiling_put.c **** 
  32:../Middlewares/threadx/common/src/txe_semaphore_ceiling_put.c **** /**************************************************************************/
  33:../Middlewares/threadx/common/src/txe_semaphore_ceiling_put.c **** /*                                                                        */
  34:../Middlewares/threadx/common/src/txe_semaphore_ceiling_put.c **** /*  FUNCTION                                               RELEASE        */
  35:../Middlewares/threadx/common/src/txe_semaphore_ceiling_put.c **** /*                                                                        */
  36:../Middlewares/threadx/common/src/txe_semaphore_ceiling_put.c **** /*    _txe_semaphore_ceiling_put                          PORTABLE C      */
  37:../Middlewares/threadx/common/src/txe_semaphore_ceiling_put.c **** /*                                                           6.1          */
  38:../Middlewares/threadx/common/src/txe_semaphore_ceiling_put.c **** /*  AUTHOR                                                                */
  39:../Middlewares/threadx/common/src/txe_semaphore_ceiling_put.c **** /*                                                                        */
  40:../Middlewares/threadx/common/src/txe_semaphore_ceiling_put.c **** /*    William E. Lamie, Microsoft Corporation                             */
  41:../Middlewares/threadx/common/src/txe_semaphore_ceiling_put.c **** /*                                                                        */
  42:../Middlewares/threadx/common/src/txe_semaphore_ceiling_put.c **** /*  DESCRIPTION                                                           */
  43:../Middlewares/threadx/common/src/txe_semaphore_ceiling_put.c **** /*                                                                        */
  44:../Middlewares/threadx/common/src/txe_semaphore_ceiling_put.c **** /*    This function checks for errors in the semaphore ceiling put        */
  45:../Middlewares/threadx/common/src/txe_semaphore_ceiling_put.c **** /*    function call.                                                      */
  46:../Middlewares/threadx/common/src/txe_semaphore_ceiling_put.c **** /*                                                                        */
  47:../Middlewares/threadx/common/src/txe_semaphore_ceiling_put.c **** /*  INPUT                                                                 */
  48:../Middlewares/threadx/common/src/txe_semaphore_ceiling_put.c **** /*                                                                        */
  49:../Middlewares/threadx/common/src/txe_semaphore_ceiling_put.c **** /*    semaphore_ptr                         Pointer to semaphore          */
  50:../Middlewares/threadx/common/src/txe_semaphore_ceiling_put.c **** /*    ceiling                               Maximum value of semaphore    */
  51:../Middlewares/threadx/common/src/txe_semaphore_ceiling_put.c **** /*                                                                        */
  52:../Middlewares/threadx/common/src/txe_semaphore_ceiling_put.c **** /*  OUTPUT                                                                */
  53:../Middlewares/threadx/common/src/txe_semaphore_ceiling_put.c **** /*                                                                        */
  54:../Middlewares/threadx/common/src/txe_semaphore_ceiling_put.c **** /*    TX_SEMAPHORE_ERROR                    Invalid semaphore pointer     */
  55:../Middlewares/threadx/common/src/txe_semaphore_ceiling_put.c **** /*    TX_INVALID_CEILING                    Invalid semaphore ceiling     */
  56:../Middlewares/threadx/common/src/txe_semaphore_ceiling_put.c **** /*    status                                Actual completion status      */
  57:../Middlewares/threadx/common/src/txe_semaphore_ceiling_put.c **** /*                                                                        */
  58:../Middlewares/threadx/common/src/txe_semaphore_ceiling_put.c **** /*  CALLS                                                                 */
  59:../Middlewares/threadx/common/src/txe_semaphore_ceiling_put.c **** /*                                                                        */
  60:../Middlewares/threadx/common/src/txe_semaphore_ceiling_put.c **** /*    _tx_semaphore_ceiling_put             Actual semaphore ceiling put  */
  61:../Middlewares/threadx/common/src/txe_semaphore_ceiling_put.c **** /*                                            function                    */
  62:../Middlewares/threadx/common/src/txe_semaphore_ceiling_put.c **** /*                                                                        */
  63:../Middlewares/threadx/common/src/txe_semaphore_ceiling_put.c **** /*  CALLED BY                                                             */
  64:../Middlewares/threadx/common/src/txe_semaphore_ceiling_put.c **** /*                                                                        */
  65:../Middlewares/threadx/common/src/txe_semaphore_ceiling_put.c **** /*    Application Code                                                    */
  66:../Middlewares/threadx/common/src/txe_semaphore_ceiling_put.c **** /*                                                                        */
  67:../Middlewares/threadx/common/src/txe_semaphore_ceiling_put.c **** /*  RELEASE HISTORY                                                       */
  68:../Middlewares/threadx/common/src/txe_semaphore_ceiling_put.c **** /*                                                                        */
  69:../Middlewares/threadx/common/src/txe_semaphore_ceiling_put.c **** /*    DATE              NAME                      DESCRIPTION             */
  70:../Middlewares/threadx/common/src/txe_semaphore_ceiling_put.c **** /*                                                                        */
  71:../Middlewares/threadx/common/src/txe_semaphore_ceiling_put.c **** /*  05-19-2020     William E. Lamie         Initial Version 6.0           */
  72:../Middlewares/threadx/common/src/txe_semaphore_ceiling_put.c **** /*  09-30-2020     Yuxin Zhou               Modified comment(s),          */
  73:../Middlewares/threadx/common/src/txe_semaphore_ceiling_put.c **** /*                                            resulting in version 6.1    */
  74:../Middlewares/threadx/common/src/txe_semaphore_ceiling_put.c **** /*                                                                        */
  75:../Middlewares/threadx/common/src/txe_semaphore_ceiling_put.c **** /**************************************************************************/
  76:../Middlewares/threadx/common/src/txe_semaphore_ceiling_put.c **** UINT  _txe_semaphore_ceiling_put(TX_SEMAPHORE *semaphore_ptr, ULONG ceiling)
  77:../Middlewares/threadx/common/src/txe_semaphore_ceiling_put.c **** {
  35              		.loc 1 77 1 view -0
  36              		.cfi_startproc
  37              		@ args = 0, pretend = 0, frame = 0
  38              		@ frame_needed = 0, uses_anonymous_args = 0
ARM GAS  /tmp/ccQ7WRPt.s 			page 3


  39              		@ link register save eliminated.
  78:../Middlewares/threadx/common/src/txe_semaphore_ceiling_put.c **** 
  79:../Middlewares/threadx/common/src/txe_semaphore_ceiling_put.c **** UINT        status;
  40              		.loc 1 79 1 view .LVU1
  80:../Middlewares/threadx/common/src/txe_semaphore_ceiling_put.c **** 
  81:../Middlewares/threadx/common/src/txe_semaphore_ceiling_put.c **** 
  82:../Middlewares/threadx/common/src/txe_semaphore_ceiling_put.c ****     /* Check for an invalid semaphore pointer.  */
  83:../Middlewares/threadx/common/src/txe_semaphore_ceiling_put.c ****     if (semaphore_ptr == TX_NULL)
  41              		.loc 1 83 5 view .LVU2
  77:../Middlewares/threadx/common/src/txe_semaphore_ceiling_put.c **** 
  42              		.loc 1 77 1 is_stmt 0 view .LVU3
  43 0000 10B4     		push	{r4}
  44              		.cfi_def_cfa_offset 4
  45              		.cfi_offset 4, -4
  46              		.loc 1 83 8 view .LVU4
  47 0002 40B1     		cbz	r0, .L4
  84:../Middlewares/threadx/common/src/txe_semaphore_ceiling_put.c ****     {
  85:../Middlewares/threadx/common/src/txe_semaphore_ceiling_put.c **** 
  86:../Middlewares/threadx/common/src/txe_semaphore_ceiling_put.c ****         /* Semaphore pointer is invalid, return appropriate error code.  */
  87:../Middlewares/threadx/common/src/txe_semaphore_ceiling_put.c ****         status =  TX_SEMAPHORE_ERROR;
  88:../Middlewares/threadx/common/src/txe_semaphore_ceiling_put.c ****     }
  89:../Middlewares/threadx/common/src/txe_semaphore_ceiling_put.c **** 
  90:../Middlewares/threadx/common/src/txe_semaphore_ceiling_put.c ****     /* Now check for a valid semaphore ID.  */
  91:../Middlewares/threadx/common/src/txe_semaphore_ceiling_put.c ****     else if (semaphore_ptr -> tx_semaphore_id != TX_SEMAPHORE_ID)
  48              		.loc 1 91 10 is_stmt 1 view .LVU5
  49              		.loc 1 91 13 is_stmt 0 view .LVU6
  50 0004 0468     		ldr	r4, [r0]
  51 0006 074B     		ldr	r3, .L6
  52 0008 9C42     		cmp	r4, r3
  53 000a 04D1     		bne	.L4
  92:../Middlewares/threadx/common/src/txe_semaphore_ceiling_put.c ****     {
  93:../Middlewares/threadx/common/src/txe_semaphore_ceiling_put.c **** 
  94:../Middlewares/threadx/common/src/txe_semaphore_ceiling_put.c ****         /* Semaphore pointer is invalid, return appropriate error code.  */
  95:../Middlewares/threadx/common/src/txe_semaphore_ceiling_put.c ****         status =  TX_SEMAPHORE_ERROR;
  96:../Middlewares/threadx/common/src/txe_semaphore_ceiling_put.c ****     }
  97:../Middlewares/threadx/common/src/txe_semaphore_ceiling_put.c **** 
  98:../Middlewares/threadx/common/src/txe_semaphore_ceiling_put.c ****     /* Determine if the ceiling is valid - must be greater than 1.  */
  99:../Middlewares/threadx/common/src/txe_semaphore_ceiling_put.c ****     else if (ceiling == ((ULONG) 0))
  54              		.loc 1 99 10 is_stmt 1 view .LVU7
  55              		.loc 1 99 13 is_stmt 0 view .LVU8
  56 000c 39B1     		cbz	r1, .L5
 100:../Middlewares/threadx/common/src/txe_semaphore_ceiling_put.c ****     {
 101:../Middlewares/threadx/common/src/txe_semaphore_ceiling_put.c **** 
 102:../Middlewares/threadx/common/src/txe_semaphore_ceiling_put.c ****         /* Invalid ceiling, return error.  */
 103:../Middlewares/threadx/common/src/txe_semaphore_ceiling_put.c ****         status =  TX_INVALID_CEILING;
 104:../Middlewares/threadx/common/src/txe_semaphore_ceiling_put.c ****     }
 105:../Middlewares/threadx/common/src/txe_semaphore_ceiling_put.c ****     else
 106:../Middlewares/threadx/common/src/txe_semaphore_ceiling_put.c ****     {
 107:../Middlewares/threadx/common/src/txe_semaphore_ceiling_put.c **** 
 108:../Middlewares/threadx/common/src/txe_semaphore_ceiling_put.c ****         /* Call actual semaphore ceiling put function.  */
 109:../Middlewares/threadx/common/src/txe_semaphore_ceiling_put.c ****         status =  _tx_semaphore_ceiling_put(semaphore_ptr, ceiling);
  57              		.loc 1 109 9 is_stmt 1 view .LVU9
 110:../Middlewares/threadx/common/src/txe_semaphore_ceiling_put.c ****     }
 111:../Middlewares/threadx/common/src/txe_semaphore_ceiling_put.c **** 
 112:../Middlewares/threadx/common/src/txe_semaphore_ceiling_put.c ****     /* Return completion status.  */
 113:../Middlewares/threadx/common/src/txe_semaphore_ceiling_put.c ****     return(status);
 114:../Middlewares/threadx/common/src/txe_semaphore_ceiling_put.c **** }
ARM GAS  /tmp/ccQ7WRPt.s 			page 4


  58              		.loc 1 114 1 is_stmt 0 view .LVU10
  59 000e 5DF8044B 		ldr	r4, [sp], #4
 109:../Middlewares/threadx/common/src/txe_semaphore_ceiling_put.c ****     }
  60              		.loc 1 109 19 view .LVU11
  61 0012 FFF7FEBF 		b	_tx_semaphore_ceiling_put
  62              	.LVL1:
  63              	.L4:
  87:../Middlewares/threadx/common/src/txe_semaphore_ceiling_put.c ****     }
  64              		.loc 1 87 16 view .LVU12
  65 0016 0C20     		movs	r0, #12
  66              	.LVL2:
  67              	.L1:
  68              		.loc 1 114 1 view .LVU13
  69 0018 5DF8044B 		ldr	r4, [sp], #4
  70 001c 7047     		bx	lr
  71              	.LVL3:
  72              	.L5:
 103:../Middlewares/threadx/common/src/txe_semaphore_ceiling_put.c ****     }
  73              		.loc 1 103 16 view .LVU14
  74 001e 2220     		movs	r0, #34
  75              	.LVL4:
 113:../Middlewares/threadx/common/src/txe_semaphore_ceiling_put.c **** }
  76              		.loc 1 113 5 is_stmt 1 view .LVU15
 113:../Middlewares/threadx/common/src/txe_semaphore_ceiling_put.c **** }
  77              		.loc 1 113 11 is_stmt 0 view .LVU16
  78 0020 FAE7     		b	.L1
  79              	.L7:
  80 0022 00BF     		.align	2
  81              	.L6:
  82 0024 414D4553 		.word	1397050689
  83              		.cfi_endproc
  84              	.LFE8:
  86              		.text
  87              	.Letext0:
  88              		.file 2 "../Middlewares/threadx/ports/cortex_m55/gnu/inc/tx_port.h"
  89              		.file 3 "../Middlewares/threadx/common/inc/tx_api.h"
ARM GAS  /tmp/ccQ7WRPt.s 			page 5


DEFINED SYMBOLS
                            *ABS*:00000000 txe_semaphore_ceiling_put.c
     /tmp/ccQ7WRPt.s:26     .text._txe_semaphore_ceiling_put:00000000 $t
     /tmp/ccQ7WRPt.s:32     .text._txe_semaphore_ceiling_put:00000000 _txe_semaphore_ceiling_put
     /tmp/ccQ7WRPt.s:82     .text._txe_semaphore_ceiling_put:00000024 $d
                           .group:00000000 wm4.0.43608cab4da50df6ba2dfee95636a2b5
                           .group:00000000 wm4.tx_api.h.111.1e40bacadb0edb5b6b36282830ee23a5
                           .group:00000000 wm4.ieeefp.h.77.99029d7b8220a2cd73dd257e2bbe825d
                           .group:00000000 wm4._newlib_version.h.4.0eb654b64686e2bd29646258853f6c22
                           .group:00000000 wm4.newlib.h.27.b904f6f8971bd921b436e5701877de32
                           .group:00000000 wm4.features.h.22.4b93ad64e0d80833c46a20ecae380bb0
                           .group:00000000 wm4.config.h.224.10ee1ad185d877c6e334e6581faab44d
                           .group:00000000 wm4._ansi.h.31.de524f58584151836e90d8620a16f8e8
                           .group:00000000 wm4.stdlib.h.13.4ed386f5c1a80d71e72172885d946ef2
                           .group:00000000 wm4.stddef.h.200.7df09ddbfbefc5947db7aca5a0fd7644
                           .group:00000000 wm4.stddef.h.39.613e674cf2e6f142dfe584123421de07
                           .group:00000000 wm4._default_types.h.6.959254cf5f09734ea7516c89e8bb21bd
                           .group:00000000 wm4.cdefs.h.49.56fd742369e655e7e8a7e365e706e208
                           .group:00000000 wm4._types.h.20.dd0d04dca3800a0d2a6129b87f3adbb2
                           .group:00000000 wm4.stddef.h.173.4903093a50a8482cb062b176ea61fac3
                           .group:00000000 wm4._types.h.127.3bdfe3ff8ea2d0985b03d9cbe93480e3
                           .group:00000000 wm4.reent.h.18.25503cdc8b7e55dd0d6ea7b3e5af7a03
                           .group:00000000 wm4.lock.h.2.1461d1fff82dffe8bfddc23307f6484f
                           .group:00000000 wm4.reent.h.78.6d702f69a6d6435d2dbe915b10150b1a
                           .group:00000000 wm4.alloca.h.8.dfc0c703c47ec3e69746825b17d9e66d
                           .group:00000000 wm4.stdlib.h.56.f4862cfbf4363a1db01842d5bdf72c18
                           .group:00000000 wm4.string.h.8.c4b8571ce60dff2817f43fec8b86aecd
                           .group:00000000 wm4.stddef.h.173.1cea4f16a943c8e875db6791959c3141
                           .group:00000000 wm4.string.h.177.59a005921fa78485abc80a0267de5752
                           .group:00000000 wm4.tx_port.h.115.294deb9dc65e442684b838abd8efd62b
                           .group:00000000 wm4.tx_api.h.143.a8f6e7c0fde9aa86e8b6e86681771d37
                           .group:00000000 wm4.tx_semaphore.h.51.932a6123e1ac16b9ce7fdbcdc224dd39

UNDEFINED SYMBOLS
_tx_semaphore_ceiling_put
