ARM GAS  /tmp/ccOh51zl.s 			page 1


   1              		.arch armv8.1-m.main
   2              		.fpu fpv5-d16
   3              		.arch_extension dsp
   4              		.arch_extension fp
   5              		.arch_extension fp.dp
   6              		.arch_extension mve
   7              		.arch_extension mve.fp
   8              		.eabi_attribute 5, "cortex-m55"
   9              		.eabi_attribute 28, 1
  10              		.eabi_attribute 20, 1
  11              		.eabi_attribute 21, 1
  12              		.eabi_attribute 23, 3
  13              		.eabi_attribute 24, 1
  14              		.eabi_attribute 25, 1
  15              		.eabi_attribute 26, 1
  16              		.eabi_attribute 30, 4
  17              		.eabi_attribute 34, 1
  18              		.eabi_attribute 38, 1
  19              		.eabi_attribute 18, 4
  20              		.file	"ux_utility_memory_set.c"
  21              		.text
  22              	.Ltext0:
  23              		.cfi_sections	.debug_frame
  24              		.file 1 "../STM32Cube_FW_N6/Middlewares/ST/usbx/common/core/src/ux_utility_memory_set.c"
  25              		.section	.text._ux_utility_memory_set,"ax",%progbits
  26              		.align	1
  27              		.global	_ux_utility_memory_set
  28              		.syntax unified
  29              		.thumb
  30              		.thumb_func
  32              	_ux_utility_memory_set:
  33              	.LVL0:
  34              	.LFB3:
   1:../STM32Cube_FW_N6/Middlewares/ST/usbx/common/core/src/ux_utility_memory_set.c **** /**************************************************************************/
   2:../STM32Cube_FW_N6/Middlewares/ST/usbx/common/core/src/ux_utility_memory_set.c **** /*                                                                        */
   3:../STM32Cube_FW_N6/Middlewares/ST/usbx/common/core/src/ux_utility_memory_set.c **** /*       Copyright (c) Microsoft Corporation. All rights reserved.        */
   4:../STM32Cube_FW_N6/Middlewares/ST/usbx/common/core/src/ux_utility_memory_set.c **** /*                                                                        */
   5:../STM32Cube_FW_N6/Middlewares/ST/usbx/common/core/src/ux_utility_memory_set.c **** /*       This software is licensed under the Microsoft Software License   */
   6:../STM32Cube_FW_N6/Middlewares/ST/usbx/common/core/src/ux_utility_memory_set.c **** /*       Terms for Microsoft Azure RTOS. Full text of the license can be  */
   7:../STM32Cube_FW_N6/Middlewares/ST/usbx/common/core/src/ux_utility_memory_set.c **** /*       found in the LICENSE file at https://aka.ms/AzureRTOS_EULA       */
   8:../STM32Cube_FW_N6/Middlewares/ST/usbx/common/core/src/ux_utility_memory_set.c **** /*       and in the root directory of this software.                      */
   9:../STM32Cube_FW_N6/Middlewares/ST/usbx/common/core/src/ux_utility_memory_set.c **** /*                                                                        */
  10:../STM32Cube_FW_N6/Middlewares/ST/usbx/common/core/src/ux_utility_memory_set.c **** /**************************************************************************/
  11:../STM32Cube_FW_N6/Middlewares/ST/usbx/common/core/src/ux_utility_memory_set.c **** 
  12:../STM32Cube_FW_N6/Middlewares/ST/usbx/common/core/src/ux_utility_memory_set.c **** 
  13:../STM32Cube_FW_N6/Middlewares/ST/usbx/common/core/src/ux_utility_memory_set.c **** /**************************************************************************/
  14:../STM32Cube_FW_N6/Middlewares/ST/usbx/common/core/src/ux_utility_memory_set.c **** /**************************************************************************/
  15:../STM32Cube_FW_N6/Middlewares/ST/usbx/common/core/src/ux_utility_memory_set.c **** /**                                                                       */ 
  16:../STM32Cube_FW_N6/Middlewares/ST/usbx/common/core/src/ux_utility_memory_set.c **** /** USBX Component                                                        */ 
  17:../STM32Cube_FW_N6/Middlewares/ST/usbx/common/core/src/ux_utility_memory_set.c **** /**                                                                       */
  18:../STM32Cube_FW_N6/Middlewares/ST/usbx/common/core/src/ux_utility_memory_set.c **** /**   Utility                                                             */
  19:../STM32Cube_FW_N6/Middlewares/ST/usbx/common/core/src/ux_utility_memory_set.c **** /**                                                                       */
  20:../STM32Cube_FW_N6/Middlewares/ST/usbx/common/core/src/ux_utility_memory_set.c **** /**************************************************************************/
  21:../STM32Cube_FW_N6/Middlewares/ST/usbx/common/core/src/ux_utility_memory_set.c **** /**************************************************************************/
  22:../STM32Cube_FW_N6/Middlewares/ST/usbx/common/core/src/ux_utility_memory_set.c **** 
  23:../STM32Cube_FW_N6/Middlewares/ST/usbx/common/core/src/ux_utility_memory_set.c **** 
  24:../STM32Cube_FW_N6/Middlewares/ST/usbx/common/core/src/ux_utility_memory_set.c **** /* Include necessary system files.  */
ARM GAS  /tmp/ccOh51zl.s 			page 2


  25:../STM32Cube_FW_N6/Middlewares/ST/usbx/common/core/src/ux_utility_memory_set.c **** 
  26:../STM32Cube_FW_N6/Middlewares/ST/usbx/common/core/src/ux_utility_memory_set.c **** #define UX_SOURCE_CODE
  27:../STM32Cube_FW_N6/Middlewares/ST/usbx/common/core/src/ux_utility_memory_set.c **** 
  28:../STM32Cube_FW_N6/Middlewares/ST/usbx/common/core/src/ux_utility_memory_set.c **** #include "ux_api.h"
  29:../STM32Cube_FW_N6/Middlewares/ST/usbx/common/core/src/ux_utility_memory_set.c **** 
  30:../STM32Cube_FW_N6/Middlewares/ST/usbx/common/core/src/ux_utility_memory_set.c **** 
  31:../STM32Cube_FW_N6/Middlewares/ST/usbx/common/core/src/ux_utility_memory_set.c **** /**************************************************************************/ 
  32:../STM32Cube_FW_N6/Middlewares/ST/usbx/common/core/src/ux_utility_memory_set.c **** /*                                                                        */ 
  33:../STM32Cube_FW_N6/Middlewares/ST/usbx/common/core/src/ux_utility_memory_set.c **** /*  FUNCTION                                               RELEASE        */ 
  34:../STM32Cube_FW_N6/Middlewares/ST/usbx/common/core/src/ux_utility_memory_set.c **** /*                                                                        */ 
  35:../STM32Cube_FW_N6/Middlewares/ST/usbx/common/core/src/ux_utility_memory_set.c **** /*    _ux_utility_memory_set                              PORTABLE C      */ 
  36:../STM32Cube_FW_N6/Middlewares/ST/usbx/common/core/src/ux_utility_memory_set.c **** /*                                                           6.1          */
  37:../STM32Cube_FW_N6/Middlewares/ST/usbx/common/core/src/ux_utility_memory_set.c **** /*  AUTHOR                                                                */
  38:../STM32Cube_FW_N6/Middlewares/ST/usbx/common/core/src/ux_utility_memory_set.c **** /*                                                                        */
  39:../STM32Cube_FW_N6/Middlewares/ST/usbx/common/core/src/ux_utility_memory_set.c **** /*    Chaoqiong Xiao, Microsoft Corporation                               */
  40:../STM32Cube_FW_N6/Middlewares/ST/usbx/common/core/src/ux_utility_memory_set.c **** /*                                                                        */
  41:../STM32Cube_FW_N6/Middlewares/ST/usbx/common/core/src/ux_utility_memory_set.c **** /*  DESCRIPTION                                                           */
  42:../STM32Cube_FW_N6/Middlewares/ST/usbx/common/core/src/ux_utility_memory_set.c **** /*                                                                        */ 
  43:../STM32Cube_FW_N6/Middlewares/ST/usbx/common/core/src/ux_utility_memory_set.c **** /*    This function sets a memory block with a specific value.            */ 
  44:../STM32Cube_FW_N6/Middlewares/ST/usbx/common/core/src/ux_utility_memory_set.c **** /*                                                                        */ 
  45:../STM32Cube_FW_N6/Middlewares/ST/usbx/common/core/src/ux_utility_memory_set.c **** /*  INPUT                                                                 */ 
  46:../STM32Cube_FW_N6/Middlewares/ST/usbx/common/core/src/ux_utility_memory_set.c **** /*                                                                        */ 
  47:../STM32Cube_FW_N6/Middlewares/ST/usbx/common/core/src/ux_utility_memory_set.c **** /*    destination                           Destination address           */ 
  48:../STM32Cube_FW_N6/Middlewares/ST/usbx/common/core/src/ux_utility_memory_set.c **** /*    value                                 8-bit value                   */ 
  49:../STM32Cube_FW_N6/Middlewares/ST/usbx/common/core/src/ux_utility_memory_set.c **** /*    length                                Size of memory to set         */ 
  50:../STM32Cube_FW_N6/Middlewares/ST/usbx/common/core/src/ux_utility_memory_set.c **** /*                                                                        */ 
  51:../STM32Cube_FW_N6/Middlewares/ST/usbx/common/core/src/ux_utility_memory_set.c **** /*  OUTPUT                                                                */ 
  52:../STM32Cube_FW_N6/Middlewares/ST/usbx/common/core/src/ux_utility_memory_set.c **** /*                                                                        */ 
  53:../STM32Cube_FW_N6/Middlewares/ST/usbx/common/core/src/ux_utility_memory_set.c **** /*    None                                                                */ 
  54:../STM32Cube_FW_N6/Middlewares/ST/usbx/common/core/src/ux_utility_memory_set.c **** /*                                                                        */ 
  55:../STM32Cube_FW_N6/Middlewares/ST/usbx/common/core/src/ux_utility_memory_set.c **** /*  CALLS                                                                 */ 
  56:../STM32Cube_FW_N6/Middlewares/ST/usbx/common/core/src/ux_utility_memory_set.c **** /*                                                                        */ 
  57:../STM32Cube_FW_N6/Middlewares/ST/usbx/common/core/src/ux_utility_memory_set.c **** /*    None                                                                */
  58:../STM32Cube_FW_N6/Middlewares/ST/usbx/common/core/src/ux_utility_memory_set.c **** /*                                                                        */ 
  59:../STM32Cube_FW_N6/Middlewares/ST/usbx/common/core/src/ux_utility_memory_set.c **** /*  CALLED BY                                                             */ 
  60:../STM32Cube_FW_N6/Middlewares/ST/usbx/common/core/src/ux_utility_memory_set.c **** /*                                                                        */ 
  61:../STM32Cube_FW_N6/Middlewares/ST/usbx/common/core/src/ux_utility_memory_set.c **** /*    USBX Components                                                     */ 
  62:../STM32Cube_FW_N6/Middlewares/ST/usbx/common/core/src/ux_utility_memory_set.c **** /*                                                                        */ 
  63:../STM32Cube_FW_N6/Middlewares/ST/usbx/common/core/src/ux_utility_memory_set.c **** /*  RELEASE HISTORY                                                       */ 
  64:../STM32Cube_FW_N6/Middlewares/ST/usbx/common/core/src/ux_utility_memory_set.c **** /*                                                                        */ 
  65:../STM32Cube_FW_N6/Middlewares/ST/usbx/common/core/src/ux_utility_memory_set.c **** /*    DATE              NAME                      DESCRIPTION             */ 
  66:../STM32Cube_FW_N6/Middlewares/ST/usbx/common/core/src/ux_utility_memory_set.c **** /*                                                                        */ 
  67:../STM32Cube_FW_N6/Middlewares/ST/usbx/common/core/src/ux_utility_memory_set.c **** /*  05-19-2020     Chaoqiong Xiao           Initial Version 6.0           */
  68:../STM32Cube_FW_N6/Middlewares/ST/usbx/common/core/src/ux_utility_memory_set.c **** /*  09-30-2020     Chaoqiong Xiao           Modified comment(s),          */
  69:../STM32Cube_FW_N6/Middlewares/ST/usbx/common/core/src/ux_utility_memory_set.c **** /*                                            resulting in version 6.1    */
  70:../STM32Cube_FW_N6/Middlewares/ST/usbx/common/core/src/ux_utility_memory_set.c **** /*                                                                        */
  71:../STM32Cube_FW_N6/Middlewares/ST/usbx/common/core/src/ux_utility_memory_set.c **** /**************************************************************************/
  72:../STM32Cube_FW_N6/Middlewares/ST/usbx/common/core/src/ux_utility_memory_set.c **** VOID  _ux_utility_memory_set(VOID *destination, UCHAR value, ULONG length)
  73:../STM32Cube_FW_N6/Middlewares/ST/usbx/common/core/src/ux_utility_memory_set.c **** {
  35              		.loc 1 73 1 view -0
  36              		.cfi_startproc
  37              		@ args = 0, pretend = 0, frame = 0
  38              		@ frame_needed = 0, uses_anonymous_args = 0
  74:../STM32Cube_FW_N6/Middlewares/ST/usbx/common/core/src/ux_utility_memory_set.c **** 
  75:../STM32Cube_FW_N6/Middlewares/ST/usbx/common/core/src/ux_utility_memory_set.c **** UCHAR *    work_ptr;
  39              		.loc 1 75 1 view .LVU1
  76:../STM32Cube_FW_N6/Middlewares/ST/usbx/common/core/src/ux_utility_memory_set.c **** 
ARM GAS  /tmp/ccOh51zl.s 			page 3


  77:../STM32Cube_FW_N6/Middlewares/ST/usbx/common/core/src/ux_utility_memory_set.c **** 
  78:../STM32Cube_FW_N6/Middlewares/ST/usbx/common/core/src/ux_utility_memory_set.c ****     /* Setup the working pointer */
  79:../STM32Cube_FW_N6/Middlewares/ST/usbx/common/core/src/ux_utility_memory_set.c ****     work_ptr =  (UCHAR *) destination;
  40              		.loc 1 79 5 view .LVU2
  80:../STM32Cube_FW_N6/Middlewares/ST/usbx/common/core/src/ux_utility_memory_set.c **** 
  81:../STM32Cube_FW_N6/Middlewares/ST/usbx/common/core/src/ux_utility_memory_set.c ****     /* Loop to set the memory.  */
  82:../STM32Cube_FW_N6/Middlewares/ST/usbx/common/core/src/ux_utility_memory_set.c ****     while(length--)
  41              		.loc 1 82 5 view .LVU3
  73:../STM32Cube_FW_N6/Middlewares/ST/usbx/common/core/src/ux_utility_memory_set.c **** 
  42              		.loc 1 73 1 is_stmt 0 view .LVU4
  43 0000 00B5     		push	{lr}
  44              		.cfi_def_cfa_offset 4
  45              		.cfi_offset 14, -4
  46 0002 02F1010E 		add	lr, r2, #1
  47 0006 4EF001E0 		dls	lr, lr
  48              	.LVL1:
  49              	.L2:
  50              		.loc 1 82 11 is_stmt 1 view .LVU5
  51              		.loc 1 82 11 is_stmt 0 view .LVU6
  52 000a BEF1010E 		subs	lr, #1;bne	.L3
  52      00D1
  83:../STM32Cube_FW_N6/Middlewares/ST/usbx/common/core/src/ux_utility_memory_set.c ****     {
  84:../STM32Cube_FW_N6/Middlewares/ST/usbx/common/core/src/ux_utility_memory_set.c **** 
  85:../STM32Cube_FW_N6/Middlewares/ST/usbx/common/core/src/ux_utility_memory_set.c ****         /* Set a byte.  */
  86:../STM32Cube_FW_N6/Middlewares/ST/usbx/common/core/src/ux_utility_memory_set.c ****         *work_ptr++ =  value;
  87:../STM32Cube_FW_N6/Middlewares/ST/usbx/common/core/src/ux_utility_memory_set.c ****     }
  88:../STM32Cube_FW_N6/Middlewares/ST/usbx/common/core/src/ux_utility_memory_set.c **** 
  89:../STM32Cube_FW_N6/Middlewares/ST/usbx/common/core/src/ux_utility_memory_set.c ****     /* Return to caller.  */
  90:../STM32Cube_FW_N6/Middlewares/ST/usbx/common/core/src/ux_utility_memory_set.c ****     return; 
  91:../STM32Cube_FW_N6/Middlewares/ST/usbx/common/core/src/ux_utility_memory_set.c **** }
  53              		.loc 1 91 1 view .LVU7
  54 0010 00BD     		pop	{pc}
  55              	.L3:
  86:../STM32Cube_FW_N6/Middlewares/ST/usbx/common/core/src/ux_utility_memory_set.c ****     }
  56              		.loc 1 86 9 is_stmt 1 view .LVU8
  57              	.LVL2:
  86:../STM32Cube_FW_N6/Middlewares/ST/usbx/common/core/src/ux_utility_memory_set.c ****     }
  58              		.loc 1 86 21 is_stmt 0 view .LVU9
  59 0012 00F8011B 		strb	r1, [r0], #1
  60              	.LVL3:
  86:../STM32Cube_FW_N6/Middlewares/ST/usbx/common/core/src/ux_utility_memory_set.c ****     }
  61              		.loc 1 86 21 view .LVU10
  62 0016 F8E7     		b	.L2
  63              		.cfi_endproc
  64              	.LFE3:
  66              		.text
  67              	.Letext0:
  68              		.file 2 "../STM32Cube_FW_N6/Middlewares/ST/usbx/ports/generic/inc/ux_port.h"
ARM GAS  /tmp/ccOh51zl.s 			page 4


DEFINED SYMBOLS
                            *ABS*:00000000 ux_utility_memory_set.c
     /tmp/ccOh51zl.s:26     .text._ux_utility_memory_set:00000000 $t
     /tmp/ccOh51zl.s:32     .text._ux_utility_memory_set:00000000 _ux_utility_memory_set
                           .group:00000000 wm4.0.43608cab4da50df6ba2dfee95636a2b5
                           .group:00000000 wm4.ux_user.h.114.1a24f49ab4050de1d28cc96eed1ff7ed
                           .group:00000000 wm4._newlib_version.h.4.0eb654b64686e2bd29646258853f6c22
                           .group:00000000 wm4.newlib.h.27.b904f6f8971bd921b436e5701877de32
                           .group:00000000 wm4.ieeefp.h.77.99029d7b8220a2cd73dd257e2bbe825d
                           .group:00000000 wm4.features.h.22.4b93ad64e0d80833c46a20ecae380bb0
                           .group:00000000 wm4.config.h.224.10ee1ad185d877c6e334e6581faab44d
                           .group:00000000 wm4._ansi.h.31.de524f58584151836e90d8620a16f8e8
                           .group:00000000 wm4.stdio.h.31.7c0e28c411445f3f9c5b11accf882760
                           .group:00000000 wm4._default_types.h.6.959254cf5f09734ea7516c89e8bb21bd
                           .group:00000000 wm4.stddef.h.200.ddb4176c6beb7e84f4fc90107f5448c9
                           .group:00000000 wm4.cdefs.h.49.56fd742369e655e7e8a7e365e706e208
                           .group:00000000 wm4.stddef.h.39.1701de33ba710abd106167c689c6bc7c
                           .group:00000000 wm4.stdarg.h.34.3a23a216c0c293b3d2ea2e89281481e6
                           .group:00000000 wm4._types.h.20.dd0d04dca3800a0d2a6129b87f3adbb2
                           .group:00000000 wm4.stddef.h.173.4903093a50a8482cb062b176ea61fac3
                           .group:00000000 wm4._types.h.127.3bdfe3ff8ea2d0985b03d9cbe93480e3
                           .group:00000000 wm4.reent.h.18.25503cdc8b7e55dd0d6ea7b3e5af7a03
                           .group:00000000 wm4.lock.h.2.1461d1fff82dffe8bfddc23307f6484f
                           .group:00000000 wm4.reent.h.78.6d702f69a6d6435d2dbe915b10150b1a
                           .group:00000000 wm4.stdio.h.67.0cf8a9c281ab0b348aef5c02e7e48825
                           .group:00000000 wm4.stdio.h.2.4aa87247282eca6c8f36f9de33d8df1a
                           .group:00000000 wm4.stdio.h.87.a1e20d2651f9bfb66e51bfbe849db00a
                           .group:00000000 wm4.string.h.8.c4b8571ce60dff2817f43fec8b86aecd
                           .group:00000000 wm4.stddef.h.173.1cea4f16a943c8e875db6791959c3141
                           .group:00000000 wm4.string.h.177.59a005921fa78485abc80a0267de5752
                           .group:00000000 wm4._intsup.h.10.48bafbb683905c4daa4565a85aeeb264
                           .group:00000000 wm4._stdint.h.10.c24fa3af3bc1706662bb5593a907e841
                           .group:00000000 wm4.stdint.h.23.d53047a68f4a85177f80b422d52785ed
                           .group:00000000 wm4.ux_port.h.89.ae1c293eff4e595cc9e7c7479e747a1e
                           .group:00000000 wm4.ux_api.h.182.effb4a50eb02f24d1d1ad0a575ebbb0c
                           .group:00000000 wm4.ux_utility.h.69.3aa9e2ccef0e2a41f2d49c9bf54d4b38
                           .group:00000000 wm4.ux_system.h.63.42f8c9cffcc26e0f12b75458b49daed3

NO UNDEFINED SYMBOLS
