ARM GAS  /tmp/ccDu7Xap.s 			page 1


   1              		.arch armv8.1-m.main
   2              		.fpu fpv5-d16
   3              		.arch_extension dsp
   4              		.arch_extension fp
   5              		.arch_extension fp.dp
   6              		.arch_extension mve
   7              		.arch_extension mve.fp
   8              		.eabi_attribute 5, "cortex-m55"
   9              		.eabi_attribute 28, 1
  10              		.eabi_attribute 20, 1
  11              		.eabi_attribute 21, 1
  12              		.eabi_attribute 23, 3
  13              		.eabi_attribute 24, 1
  14              		.eabi_attribute 25, 1
  15              		.eabi_attribute 26, 1
  16              		.eabi_attribute 30, 4
  17              		.eabi_attribute 34, 1
  18              		.eabi_attribute 38, 1
  19              		.eabi_attribute 18, 4
  20              		.file	"vision_models_pp.c"
  21              		.text
  22              	.Ltext0:
  23              		.cfi_sections	.debug_frame
  24              		.file 1 "../Middlewares/stm32-vision-models-postprocessing/lib_vision_models_pp/Src/vision_models_
  25              		.section	.text.vision_models_sigmoid_f,"ax",%progbits
  26              		.align	1
  27              		.global	vision_models_sigmoid_f
  28              		.syntax unified
  29              		.thumb
  30              		.thumb_func
  32              	vision_models_sigmoid_f:
  33              	.LVL0:
  34              	.LFB774:
   1:../Middlewares/stm32-vision-models-postprocessing/lib_vision_models_pp/Src/vision_models_pp.c **** /*---------------------------------------------------------------------------------------------
   2:../Middlewares/stm32-vision-models-postprocessing/lib_vision_models_pp/Src/vision_models_pp.c ****  * Copyright (c) 2023 STMicroelectronics.
   3:../Middlewares/stm32-vision-models-postprocessing/lib_vision_models_pp/Src/vision_models_pp.c ****  * All rights reserved.
   4:../Middlewares/stm32-vision-models-postprocessing/lib_vision_models_pp/Src/vision_models_pp.c ****  *
   5:../Middlewares/stm32-vision-models-postprocessing/lib_vision_models_pp/Src/vision_models_pp.c ****  * This software is licensed under terms that can be found in the LICENSE file in
   6:../Middlewares/stm32-vision-models-postprocessing/lib_vision_models_pp/Src/vision_models_pp.c ****  * the root directory of this software component.
   7:../Middlewares/stm32-vision-models-postprocessing/lib_vision_models_pp/Src/vision_models_pp.c ****  * If no LICENSE file comes with this software, it is provided AS-IS.
   8:../Middlewares/stm32-vision-models-postprocessing/lib_vision_models_pp/Src/vision_models_pp.c ****  *--------------------------------------------------------------------------------------------*/
   9:../Middlewares/stm32-vision-models-postprocessing/lib_vision_models_pp/Src/vision_models_pp.c **** 
  10:../Middlewares/stm32-vision-models-postprocessing/lib_vision_models_pp/Src/vision_models_pp.c **** #include "vision_models_pp.h"
  11:../Middlewares/stm32-vision-models-postprocessing/lib_vision_models_pp/Src/vision_models_pp.c **** 
  12:../Middlewares/stm32-vision-models-postprocessing/lib_vision_models_pp/Src/vision_models_pp.c **** 
  13:../Middlewares/stm32-vision-models-postprocessing/lib_vision_models_pp/Src/vision_models_pp.c **** 
  14:../Middlewares/stm32-vision-models-postprocessing/lib_vision_models_pp/Src/vision_models_pp.c **** float32_t vision_models_sigmoid_f(float32_t x)
  15:../Middlewares/stm32-vision-models-postprocessing/lib_vision_models_pp/Src/vision_models_pp.c **** {
  35              		.loc 1 15 1 view -0
  36              		.cfi_startproc
  37              		@ args = 0, pretend = 0, frame = 0
  38              		@ frame_needed = 0, uses_anonymous_args = 0
  16:../Middlewares/stm32-vision-models-postprocessing/lib_vision_models_pp/Src/vision_models_pp.c ****   return (1.0f / (1.0f + expf(-x)));
  39              		.loc 1 16 3 view .LVU1
  15:../Middlewares/stm32-vision-models-postprocessing/lib_vision_models_pp/Src/vision_models_pp.c ****   return (1.0f / (1.0f + expf(-x)));
  40              		.loc 1 15 1 is_stmt 0 view .LVU2
  41 0000 08B5     		push	{r3, lr}
ARM GAS  /tmp/ccDu7Xap.s 			page 2


  42              		.cfi_def_cfa_offset 8
  43              		.cfi_offset 3, -8
  44              		.cfi_offset 14, -4
  45              		.loc 1 16 26 view .LVU3
  46 0002 B1EE400A 		vneg.f32	s0, s0
  47              	.LVL1:
  48              		.loc 1 16 26 view .LVU4
  49 0006 FFF7FEFF 		bl	expf
  50              	.LVL2:
  51              		.loc 1 16 24 discriminator 1 view .LVU5
  52 000a F7EE007A 		vmov.f32	s15, #1.0e+0
  53 000e 30EE270A 		vadd.f32	s0, s0, s15
  17:../Middlewares/stm32-vision-models-postprocessing/lib_vision_models_pp/Src/vision_models_pp.c **** }
  54              		.loc 1 17 1 view .LVU6
  55 0012 87EE800A 		vdiv.f32	s0, s15, s0
  56 0016 08BD     		pop	{r3, pc}
  57              		.cfi_endproc
  58              	.LFE774:
  60              		.section	.text.vision_models_softmax_f,"ax",%progbits
  61              		.align	1
  62              		.global	vision_models_softmax_f
  63              		.syntax unified
  64              		.thumb
  65              		.thumb_func
  67              	vision_models_softmax_f:
  68              	.LVL3:
  69              	.LFB775:
  18:../Middlewares/stm32-vision-models-postprocessing/lib_vision_models_pp/Src/vision_models_pp.c **** 
  19:../Middlewares/stm32-vision-models-postprocessing/lib_vision_models_pp/Src/vision_models_pp.c **** 
  20:../Middlewares/stm32-vision-models-postprocessing/lib_vision_models_pp/Src/vision_models_pp.c **** void vision_models_softmax_f(float32_t *input_x, float32_t *output_x, int32_t len_x, float32_t *tmp
  21:../Middlewares/stm32-vision-models-postprocessing/lib_vision_models_pp/Src/vision_models_pp.c **** {
  70              		.loc 1 21 1 is_stmt 1 view -0
  71              		.cfi_startproc
  72              		@ args = 0, pretend = 0, frame = 0
  73              		@ frame_needed = 0, uses_anonymous_args = 0
  22:../Middlewares/stm32-vision-models-postprocessing/lib_vision_models_pp/Src/vision_models_pp.c ****   float32_t sum = 0;
  74              		.loc 1 22 3 view .LVU8
  23:../Middlewares/stm32-vision-models-postprocessing/lib_vision_models_pp/Src/vision_models_pp.c ****   float32_t max = input_x[0];
  75              		.loc 1 23 3 view .LVU9
  76 0000 002A     		cmp	r2, #0
  21:../Middlewares/stm32-vision-models-postprocessing/lib_vision_models_pp/Src/vision_models_pp.c ****   float32_t sum = 0;
  77              		.loc 1 21 1 is_stmt 0 view .LVU10
  78 0002 2DE9F047 		push	{r4, r5, r6, r7, r8, r9, r10, lr}
  79              		.cfi_def_cfa_offset 32
  80              		.cfi_offset 4, -32
  81              		.cfi_offset 5, -28
  82              		.cfi_offset 6, -24
  83              		.cfi_offset 7, -20
  84              		.cfi_offset 8, -16
  85              		.cfi_offset 9, -12
  86              		.cfi_offset 10, -8
  87              		.cfi_offset 14, -4
  88              	.LBB2:
  24:../Middlewares/stm32-vision-models-postprocessing/lib_vision_models_pp/Src/vision_models_pp.c ****   for (int32_t i = 1; i < len_x; ++i)
  89              		.loc 1 24 16 view .LVU11
  90 0006 9646     		mov	lr, r2
  91              	.LBE2:
ARM GAS  /tmp/ccDu7Xap.s 			page 3


  21:../Middlewares/stm32-vision-models-postprocessing/lib_vision_models_pp/Src/vision_models_pp.c ****   float32_t sum = 0;
  92              		.loc 1 21 1 view .LVU12
  93 0008 1E46     		mov	r6, r3
  94 000a C8BF     		it	gt
  95 000c 9646     		movgt	lr, r2
  23:../Middlewares/stm32-vision-models-postprocessing/lib_vision_models_pp/Src/vision_models_pp.c ****   float32_t max = input_x[0];
  96              		.loc 1 23 13 view .LVU13
  97 000e 0346     		mov	r3, r0
  98              	.LVL4:
  23:../Middlewares/stm32-vision-models-postprocessing/lib_vision_models_pp/Src/vision_models_pp.c ****   float32_t max = input_x[0];
  99              		.loc 1 23 13 view .LVU14
 100 0010 D8BF     		it	le
 101 0012 4FF0010E 		movle	lr, #1
  21:../Middlewares/stm32-vision-models-postprocessing/lib_vision_models_pp/Src/vision_models_pp.c ****   float32_t sum = 0;
 102              		.loc 1 21 1 view .LVU15
 103 0016 2DED028B 		vpush.64	{d8}
 104              		.cfi_def_cfa_offset 40
 105              		.cfi_offset 80, -40
 106              		.cfi_offset 81, -36
  21:../Middlewares/stm32-vision-models-postprocessing/lib_vision_models_pp/Src/vision_models_pp.c ****   float32_t sum = 0;
 107              		.loc 1 21 1 view .LVU16
 108 001a 0546     		mov	r5, r0
 109 001c 0F46     		mov	r7, r1
 110 001e 1446     		mov	r4, r2
  23:../Middlewares/stm32-vision-models-postprocessing/lib_vision_models_pp/Src/vision_models_pp.c ****   float32_t max = input_x[0];
 111              		.loc 1 23 13 view .LVU17
 112 0020 B3EC018A 		vldmia.32	r3!, {s16}
 113              	.LVL5:
 114              		.loc 1 24 3 is_stmt 1 view .LVU18
 115              	.LBB3:
 116              		.loc 1 24 8 view .LVU19
 117              		.loc 1 24 8 is_stmt 0 view .LVU20
 118 0024 4EF001E0 		dls	lr, lr
 119              	.LVL6:
 120              	.L3:
 121              		.loc 1 24 25 is_stmt 1 discriminator 1 view .LVU21
 122 0028 BEF1010E 		subs	lr, #1;bne	.L4
 122      21D1
 123              		.loc 1 24 25 is_stmt 0 discriminator 1 view .LVU22
 124 002e B046     		mov	r8, r6
 125 0030 B246     		mov	r10, r6
 126              	.LBE3:
 127              	.LBB4:
  25:../Middlewares/stm32-vision-models-postprocessing/lib_vision_models_pp/Src/vision_models_pp.c ****   {
  26:../Middlewares/stm32-vision-models-postprocessing/lib_vision_models_pp/Src/vision_models_pp.c ****     max = MAX(max, input_x[i]);
  27:../Middlewares/stm32-vision-models-postprocessing/lib_vision_models_pp/Src/vision_models_pp.c ****   }
  28:../Middlewares/stm32-vision-models-postprocessing/lib_vision_models_pp/Src/vision_models_pp.c ****   for (int32_t i = 0; i < len_x; ++i)
 128              		.loc 1 28 16 view .LVU23
 129 0032 4FF00009 		mov	r9, #0
 130              	.LBE4:
  22:../Middlewares/stm32-vision-models-postprocessing/lib_vision_models_pp/Src/vision_models_pp.c ****   float32_t max = input_x[0];
 131              		.loc 1 22 13 view .LVU24
 132 0036 DFED1F8A 		vldr.32	s17, .L12
 133              	.LVL7:
 134              	.L5:
 135              	.LBB5:
 136              		.loc 1 28 25 is_stmt 1 discriminator 1 view .LVU25
ARM GAS  /tmp/ccDu7Xap.s 			page 4


 137 003a A145     		cmp	r9, r4
 138 003c 22DB     		blt	.L6
 139              	.LBE5:
  29:../Middlewares/stm32-vision-models-postprocessing/lib_vision_models_pp/Src/vision_models_pp.c ****   {
  30:../Middlewares/stm32-vision-models-postprocessing/lib_vision_models_pp/Src/vision_models_pp.c ****     tmp_x[i] = expf(input_x[i]-max);
  31:../Middlewares/stm32-vision-models-postprocessing/lib_vision_models_pp/Src/vision_models_pp.c ****     sum += tmp_x[i];
  32:../Middlewares/stm32-vision-models-postprocessing/lib_vision_models_pp/Src/vision_models_pp.c ****   }
  33:../Middlewares/stm32-vision-models-postprocessing/lib_vision_models_pp/Src/vision_models_pp.c ****   sum = 1.0f / sum;
 140              		.loc 1 33 3 view .LVU26
 141 003e 002C     		cmp	r4, #0
 142              	.LBB6:
  34:../Middlewares/stm32-vision-models-postprocessing/lib_vision_models_pp/Src/vision_models_pp.c ****   for (int32_t i = 0; i < len_x; ++i)
 143              		.loc 1 34 16 is_stmt 0 view .LVU27
 144 0040 04F1010E 		add	lr, r4, #1
 145              	.LBE6:
  33:../Middlewares/stm32-vision-models-postprocessing/lib_vision_models_pp/Src/vision_models_pp.c ****   for (int32_t i = 0; i < len_x; ++i)
 146              		.loc 1 33 7 view .LVU28
 147 0044 F7EE007A 		vmov.f32	s15, #1.0e+0
 148 0048 B8BF     		it	lt
 149 004a 4FF0010E 		movlt	lr, #1
 150 004e 87EEA87A 		vdiv.f32	s14, s15, s17
 151              	.LVL8:
 152              		.loc 1 34 3 is_stmt 1 view .LVU29
 153              	.LBB7:
 154              		.loc 1 34 8 view .LVU30
 155              		.loc 1 34 8 is_stmt 0 view .LVU31
 156 0052 4EF001E0 		dls	lr, lr
 157              	.LVL9:
 158              	.L7:
 159              		.loc 1 34 25 is_stmt 1 discriminator 1 view .LVU32
 160 0056 BEF1010E 		subs	lr, #1;bne	.L8
 160      20D1
 161              	.LBE7:
  35:../Middlewares/stm32-vision-models-postprocessing/lib_vision_models_pp/Src/vision_models_pp.c ****   {
  36:../Middlewares/stm32-vision-models-postprocessing/lib_vision_models_pp/Src/vision_models_pp.c ****     tmp_x[i] *= sum;
  37:../Middlewares/stm32-vision-models-postprocessing/lib_vision_models_pp/Src/vision_models_pp.c ****   }
  38:../Middlewares/stm32-vision-models-postprocessing/lib_vision_models_pp/Src/vision_models_pp.c ****   if (output_x != tmp_x) {
 162              		.loc 1 38 3 view .LVU33
 163              		.loc 1 38 6 is_stmt 0 view .LVU34
 164 005c B742     		cmp	r7, r6
 165 005e 25D0     		beq	.L2
  39:../Middlewares/stm32-vision-models-postprocessing/lib_vision_models_pp/Src/vision_models_pp.c ****     memcpy(output_x, tmp_x, len_x * sizeof(float32_t));
 166              		.loc 1 39 5 is_stmt 1 view .LVU35
  40:../Middlewares/stm32-vision-models-postprocessing/lib_vision_models_pp/Src/vision_models_pp.c ****   }
  41:../Middlewares/stm32-vision-models-postprocessing/lib_vision_models_pp/Src/vision_models_pp.c **** }
 167              		.loc 1 41 1 is_stmt 0 view .LVU36
 168 0060 BDEC028B 		vldm	sp!, {d8}
 169              		.cfi_remember_state
 170              		.cfi_restore 80
 171              		.cfi_restore 81
 172              		.cfi_def_cfa_offset 32
 173              	.LVL10:
  39:../Middlewares/stm32-vision-models-postprocessing/lib_vision_models_pp/Src/vision_models_pp.c ****     memcpy(output_x, tmp_x, len_x * sizeof(float32_t));
 174              		.loc 1 39 5 view .LVU37
 175 0064 3146     		mov	r1, r6
 176 0066 3846     		mov	r0, r7
 177 0068 A200     		lsls	r2, r4, #2
ARM GAS  /tmp/ccDu7Xap.s 			page 5


 178              		.loc 1 41 1 view .LVU38
 179 006a BDE8F047 		pop	{r4, r5, r6, r7, r8, r9, r10, lr}
 180              		.cfi_restore 14
 181              		.cfi_restore 10
 182              		.cfi_restore 9
 183              		.cfi_restore 8
 184              		.cfi_restore 7
 185              		.cfi_restore 6
 186              		.cfi_restore 5
 187              		.cfi_restore 4
 188              		.cfi_def_cfa_offset 0
 189              	.LVL11:
  39:../Middlewares/stm32-vision-models-postprocessing/lib_vision_models_pp/Src/vision_models_pp.c ****     memcpy(output_x, tmp_x, len_x * sizeof(float32_t));
 190              		.loc 1 39 5 view .LVU39
 191 006e FFF7FEBF 		b	memcpy
 192              	.LVL12:
 193              	.L4:
 194              		.cfi_restore_state
 195              	.LBB8:
  26:../Middlewares/stm32-vision-models-postprocessing/lib_vision_models_pp/Src/vision_models_pp.c ****   }
 196              		.loc 1 26 5 is_stmt 1 view .LVU40
  26:../Middlewares/stm32-vision-models-postprocessing/lib_vision_models_pp/Src/vision_models_pp.c ****   }
 197              		.loc 1 26 11 is_stmt 0 view .LVU41
 198 0072 F3EC017A 		vldmia.32	r3!, {s15}
 199 0076 B4EEE78A 		vcmpe.f32	s16, s15
 200 007a F1EE10FA 		vmrs	APSR_nzcv, FPSCR
 201 007e 38FE278A 		vselgt.f32	s16, s16, s15
 202              	.LVL13:
  24:../Middlewares/stm32-vision-models-postprocessing/lib_vision_models_pp/Src/vision_models_pp.c ****   {
 203              		.loc 1 24 34 is_stmt 1 discriminator 2 view .LVU42
 204 0082 D1E7     		b	.L3
 205              	.LVL14:
 206              	.L6:
  24:../Middlewares/stm32-vision-models-postprocessing/lib_vision_models_pp/Src/vision_models_pp.c ****   {
 207              		.loc 1 24 34 is_stmt 0 discriminator 2 view .LVU43
 208              	.LBE8:
 209              	.LBB9:
  30:../Middlewares/stm32-vision-models-postprocessing/lib_vision_models_pp/Src/vision_models_pp.c ****     sum += tmp_x[i];
 210              		.loc 1 30 5 is_stmt 1 view .LVU44
  30:../Middlewares/stm32-vision-models-postprocessing/lib_vision_models_pp/Src/vision_models_pp.c ****     sum += tmp_x[i];
 211              		.loc 1 30 28 is_stmt 0 view .LVU45
 212 0084 B5EC010A 		vldmia.32	r5!, {s0}
  30:../Middlewares/stm32-vision-models-postprocessing/lib_vision_models_pp/Src/vision_models_pp.c ****     sum += tmp_x[i];
 213              		.loc 1 30 16 view .LVU46
 214 0088 30EE480A 		vsub.f32	s0, s0, s16
 215 008c FFF7FEFF 		bl	expf
 216              	.LVL15:
  28:../Middlewares/stm32-vision-models-postprocessing/lib_vision_models_pp/Src/vision_models_pp.c ****   {
 217              		.loc 1 28 34 discriminator 3 view .LVU47
 218 0090 09F10109 		add	r9, r9, #1
 219              	.LVL16:
  30:../Middlewares/stm32-vision-models-postprocessing/lib_vision_models_pp/Src/vision_models_pp.c ****     sum += tmp_x[i];
 220              		.loc 1 30 14 discriminator 1 view .LVU48
 221 0094 AAEC010A 		vstmia.32	r10!, {s0}
  31:../Middlewares/stm32-vision-models-postprocessing/lib_vision_models_pp/Src/vision_models_pp.c ****   }
 222              		.loc 1 31 5 is_stmt 1 view .LVU49
  31:../Middlewares/stm32-vision-models-postprocessing/lib_vision_models_pp/Src/vision_models_pp.c ****   }
ARM GAS  /tmp/ccDu7Xap.s 			page 6


 223              		.loc 1 31 9 is_stmt 0 view .LVU50
 224 0098 78EE808A 		vadd.f32	s17, s17, s0
 225              	.LVL17:
  28:../Middlewares/stm32-vision-models-postprocessing/lib_vision_models_pp/Src/vision_models_pp.c ****   {
 226              		.loc 1 28 34 is_stmt 1 discriminator 3 view .LVU51
 227 009c CDE7     		b	.L5
 228              	.LVL18:
 229              	.L8:
  28:../Middlewares/stm32-vision-models-postprocessing/lib_vision_models_pp/Src/vision_models_pp.c ****   {
 230              		.loc 1 28 34 is_stmt 0 discriminator 3 view .LVU52
 231              	.LBE9:
 232              	.LBB10:
  36:../Middlewares/stm32-vision-models-postprocessing/lib_vision_models_pp/Src/vision_models_pp.c ****   }
 233              		.loc 1 36 5 is_stmt 1 view .LVU53
  36:../Middlewares/stm32-vision-models-postprocessing/lib_vision_models_pp/Src/vision_models_pp.c ****   }
 234              		.loc 1 36 10 is_stmt 0 view .LVU54
 235 009e D8ED007A 		vldr.32	s15, [r8]
  36:../Middlewares/stm32-vision-models-postprocessing/lib_vision_models_pp/Src/vision_models_pp.c ****   }
 236              		.loc 1 36 14 view .LVU55
 237 00a2 67EE877A 		vmul.f32	s15, s15, s14
 238 00a6 E8EC017A 		vstmia.32	r8!, {s15}
  34:../Middlewares/stm32-vision-models-postprocessing/lib_vision_models_pp/Src/vision_models_pp.c ****   {
 239              		.loc 1 34 34 is_stmt 1 discriminator 3 view .LVU56
 240 00aa D4E7     		b	.L7
 241              	.L2:
  34:../Middlewares/stm32-vision-models-postprocessing/lib_vision_models_pp/Src/vision_models_pp.c ****   {
 242              		.loc 1 34 34 is_stmt 0 discriminator 3 view .LVU57
 243              	.LBE10:
 244              		.loc 1 41 1 view .LVU58
 245 00ac BDEC028B 		vldm	sp!, {d8}
 246              		.cfi_restore 80
 247              		.cfi_restore 81
 248              		.cfi_def_cfa_offset 32
 249              	.LVL19:
 250              		.loc 1 41 1 view .LVU59
 251 00b0 BDE8F087 		pop	{r4, r5, r6, r7, r8, r9, r10, pc}
 252              	.LVL20:
 253              	.L13:
 254              		.loc 1 41 1 view .LVU60
 255              		.align	2
 256              	.L12:
 257 00b4 00000000 		.word	0
 258              		.cfi_endproc
 259              	.LFE775:
 261              		.section	.text.overlap,"ax",%progbits
 262              		.align	1
 263              		.global	overlap
 264              		.syntax unified
 265              		.thumb
 266              		.thumb_func
 268              	overlap:
 269              	.LVL21:
 270              	.LFB776:
  42:../Middlewares/stm32-vision-models-postprocessing/lib_vision_models_pp/Src/vision_models_pp.c **** 
  43:../Middlewares/stm32-vision-models-postprocessing/lib_vision_models_pp/Src/vision_models_pp.c **** 
  44:../Middlewares/stm32-vision-models-postprocessing/lib_vision_models_pp/Src/vision_models_pp.c **** //***************iou ********
  45:../Middlewares/stm32-vision-models-postprocessing/lib_vision_models_pp/Src/vision_models_pp.c **** //inline
ARM GAS  /tmp/ccDu7Xap.s 			page 7


  46:../Middlewares/stm32-vision-models-postprocessing/lib_vision_models_pp/Src/vision_models_pp.c **** float32_t overlap(float32_t x1, float32_t w1, float32_t x2, float32_t w2)
  47:../Middlewares/stm32-vision-models-postprocessing/lib_vision_models_pp/Src/vision_models_pp.c **** {
 271              		.loc 1 47 1 is_stmt 1 view -0
 272              		.cfi_startproc
 273              		@ args = 0, pretend = 0, frame = 0
 274              		@ frame_needed = 0, uses_anonymous_args = 0
 275              		@ link register save eliminated.
  48:../Middlewares/stm32-vision-models-postprocessing/lib_vision_models_pp/Src/vision_models_pp.c ****   float32_t l1 = x1 - w1 / 2;
 276              		.loc 1 48 3 view .LVU62
 277              		.loc 1 48 13 is_stmt 0 view .LVU63
 278 0000 B6EE007A 		vmov.f32	s14, #5.0e-1
 279 0004 F0EE407A 		vmov.f32	s15, s0
  49:../Middlewares/stm32-vision-models-postprocessing/lib_vision_models_pp/Src/vision_models_pp.c ****   float32_t l2 = x2 - w2 / 2;
 280              		.loc 1 49 13 view .LVU64
 281 0008 F0EE416A 		vmov.f32	s13, s2
  48:../Middlewares/stm32-vision-models-postprocessing/lib_vision_models_pp/Src/vision_models_pp.c ****   float32_t l1 = x1 - w1 / 2;
 282              		.loc 1 48 13 view .LVU65
 283 000c E0EEC77A 		vfms.f32	s15, s1, s14
 284              	.LVL22:
 285              		.loc 1 49 3 is_stmt 1 view .LVU66
 286              		.loc 1 49 13 is_stmt 0 view .LVU67
 287 0010 E1EEC76A 		vfms.f32	s13, s3, s14
 288              	.LVL23:
  50:../Middlewares/stm32-vision-models-postprocessing/lib_vision_models_pp/Src/vision_models_pp.c ****   float32_t left = l1 > l2 ? l1 : l2;
 289              		.loc 1 50 3 is_stmt 1 view .LVU68
  51:../Middlewares/stm32-vision-models-postprocessing/lib_vision_models_pp/Src/vision_models_pp.c ****   float32_t r1 = x1 + w1 / 2;
 290              		.loc 1 51 13 is_stmt 0 view .LVU69
 291 0014 A0EE870A 		vfma.f32	s0, s1, s14
 292              	.LVL24:
 293              		.loc 1 51 13 view .LVU70
 294 0018 F4EEE67A 		vcmpe.f32	s15, s13
  52:../Middlewares/stm32-vision-models-postprocessing/lib_vision_models_pp/Src/vision_models_pp.c ****   float32_t r2 = x2 + w2 / 2;
 295              		.loc 1 52 13 view .LVU71
 296 001c A1EE871A 		vfma.f32	s2, s3, s14
 297              	.LVL25:
 298              		.loc 1 52 13 view .LVU72
 299 0020 F1EE10FA 		vmrs	APSR_nzcv, FPSCR
  53:../Middlewares/stm32-vision-models-postprocessing/lib_vision_models_pp/Src/vision_models_pp.c ****   float32_t right = r1 < r2 ? r1 : r2;
  54:../Middlewares/stm32-vision-models-postprocessing/lib_vision_models_pp/Src/vision_models_pp.c ****   return (right - left);
 300              		.loc 1 54 17 view .LVU73
 301 0024 B4EEC01A 		vcmpe.f32	s2, s0
 302 0028 77FEA67A 		vselgt.f32	s15, s15, s13
 303              	.LVL26:
  51:../Middlewares/stm32-vision-models-postprocessing/lib_vision_models_pp/Src/vision_models_pp.c ****   float32_t r2 = x2 + w2 / 2;
 304              		.loc 1 51 3 is_stmt 1 view .LVU74
  52:../Middlewares/stm32-vision-models-postprocessing/lib_vision_models_pp/Src/vision_models_pp.c ****   float32_t r2 = x2 + w2 / 2;
 305              		.loc 1 52 3 view .LVU75
  53:../Middlewares/stm32-vision-models-postprocessing/lib_vision_models_pp/Src/vision_models_pp.c ****   float32_t right = r1 < r2 ? r1 : r2;
 306              		.loc 1 53 3 view .LVU76
 307              		.loc 1 54 3 view .LVU77
 308              		.loc 1 54 17 is_stmt 0 view .LVU78
 309 002c F1EE10FA 		vmrs	APSR_nzcv, FPSCR
 310 0030 30FE010A 		vselgt.f32	s0, s0, s2
 311              	.LVL27:
  55:../Middlewares/stm32-vision-models-postprocessing/lib_vision_models_pp/Src/vision_models_pp.c **** }
 312              		.loc 1 55 1 view .LVU79
 313 0034 30EE670A 		vsub.f32	s0, s0, s15
ARM GAS  /tmp/ccDu7Xap.s 			page 8


 314 0038 7047     		bx	lr
 315              		.cfi_endproc
 316              	.LFE776:
 318              		.section	.text.box_intersection,"ax",%progbits
 319              		.align	1
 320              		.global	box_intersection
 321              		.syntax unified
 322              		.thumb
 323              		.thumb_func
 325              	box_intersection:
 326              	.LVL28:
 327              	.LFB777:
  56:../Middlewares/stm32-vision-models-postprocessing/lib_vision_models_pp/Src/vision_models_pp.c **** 
  57:../Middlewares/stm32-vision-models-postprocessing/lib_vision_models_pp/Src/vision_models_pp.c **** //inline
  58:../Middlewares/stm32-vision-models-postprocessing/lib_vision_models_pp/Src/vision_models_pp.c **** float32_t box_intersection(float32_t *a, float32_t *b)
  59:../Middlewares/stm32-vision-models-postprocessing/lib_vision_models_pp/Src/vision_models_pp.c **** {
 328              		.loc 1 59 1 is_stmt 1 view -0
 329              		.cfi_startproc
 330              		@ args = 0, pretend = 0, frame = 0
 331              		@ frame_needed = 0, uses_anonymous_args = 0
  60:../Middlewares/stm32-vision-models-postprocessing/lib_vision_models_pp/Src/vision_models_pp.c ****   float32_t w = overlap(a[0], a[2], b[0], b[2]);
 332              		.loc 1 60 3 view .LVU81
 333              		.loc 1 60 17 is_stmt 0 view .LVU82
 334 0000 D1ED021A 		vldr.32	s3, [r1, #8]
 335 0004 91ED001A 		vldr.32	s2, [r1]
 336 0008 D0ED020A 		vldr.32	s1, [r0, #8]
 337 000c 90ED000A 		vldr.32	s0, [r0]
  59:../Middlewares/stm32-vision-models-postprocessing/lib_vision_models_pp/Src/vision_models_pp.c ****   float32_t w = overlap(a[0], a[2], b[0], b[2]);
 338              		.loc 1 59 1 view .LVU83
 339 0010 08B5     		push	{r3, lr}
 340              		.cfi_def_cfa_offset 8
 341              		.cfi_offset 3, -8
 342              		.cfi_offset 14, -4
 343              		.loc 1 60 17 view .LVU84
 344 0012 FFF7FEFF 		bl	overlap
 345              	.LVL29:
  61:../Middlewares/stm32-vision-models-postprocessing/lib_vision_models_pp/Src/vision_models_pp.c ****   float32_t h = overlap(a[1], a[3], b[1], b[3]);
  62:../Middlewares/stm32-vision-models-postprocessing/lib_vision_models_pp/Src/vision_models_pp.c ****   if (w < 0 || h < 0) return 0;
 346              		.loc 1 62 6 view .LVU85
 347 0016 B5EEC00A 		vcmpe.f32	s0, #0
 348 001a F1EE10FA 		vmrs	APSR_nzcv, FPSCR
  60:../Middlewares/stm32-vision-models-postprocessing/lib_vision_models_pp/Src/vision_models_pp.c ****   float32_t h = overlap(a[1], a[3], b[1], b[3]);
 349              		.loc 1 60 17 view .LVU86
 350 001e B0EE406A 		vmov.f32	s12, s0
 351              	.LVL30:
  61:../Middlewares/stm32-vision-models-postprocessing/lib_vision_models_pp/Src/vision_models_pp.c ****   float32_t h = overlap(a[1], a[3], b[1], b[3]);
 352              		.loc 1 61 3 is_stmt 1 view .LVU87
 353              		.loc 1 62 3 view .LVU88
 354              		.loc 1 62 6 is_stmt 0 view .LVU89
 355 0022 11D4     		bmi	.L18
  61:../Middlewares/stm32-vision-models-postprocessing/lib_vision_models_pp/Src/vision_models_pp.c ****   float32_t h = overlap(a[1], a[3], b[1], b[3]);
 356              		.loc 1 61 17 view .LVU90
 357 0024 D1ED031A 		vldr.32	s3, [r1, #12]
 358 0028 91ED011A 		vldr.32	s2, [r1, #4]
 359 002c D0ED030A 		vldr.32	s1, [r0, #12]
 360 0030 90ED010A 		vldr.32	s0, [r0, #4]
 361              	.LVL31:
ARM GAS  /tmp/ccDu7Xap.s 			page 9


  61:../Middlewares/stm32-vision-models-postprocessing/lib_vision_models_pp/Src/vision_models_pp.c ****   float32_t h = overlap(a[1], a[3], b[1], b[3]);
 362              		.loc 1 61 17 view .LVU91
 363 0034 FFF7FEFF 		bl	overlap
 364              	.LVL32:
 365              		.loc 1 62 13 discriminator 2 view .LVU92
 366 0038 B5EEC00A 		vcmpe.f32	s0, #0
 367 003c F1EE10FA 		vmrs	APSR_nzcv, FPSCR
 368 0040 02D4     		bmi	.L18
  63:../Middlewares/stm32-vision-models-postprocessing/lib_vision_models_pp/Src/vision_models_pp.c ****   float32_t area = w * h;
 369              		.loc 1 63 3 is_stmt 1 view .LVU93
 370              		.loc 1 63 13 is_stmt 0 view .LVU94
 371 0042 26EE000A 		vmul.f32	s0, s12, s0
 372              	.LVL33:
  64:../Middlewares/stm32-vision-models-postprocessing/lib_vision_models_pp/Src/vision_models_pp.c ****   return (area);
 373              		.loc 1 64 3 is_stmt 1 view .LVU95
 374              	.L15:
  65:../Middlewares/stm32-vision-models-postprocessing/lib_vision_models_pp/Src/vision_models_pp.c **** }
 375              		.loc 1 65 1 is_stmt 0 view .LVU96
 376 0046 08BD     		pop	{r3, pc}
 377              	.L18:
  62:../Middlewares/stm32-vision-models-postprocessing/lib_vision_models_pp/Src/vision_models_pp.c ****   float32_t area = w * h;
 378              		.loc 1 62 30 discriminator 3 view .LVU97
 379 0048 9FED010A 		vldr.32	s0, .L19
 380 004c FBE7     		b	.L15
 381              	.L20:
 382 004e 00BF     		.align	2
 383              	.L19:
 384 0050 00000000 		.word	0
 385              		.cfi_endproc
 386              	.LFE777:
 388              		.section	.text.box_union,"ax",%progbits
 389              		.align	1
 390              		.global	box_union
 391              		.syntax unified
 392              		.thumb
 393              		.thumb_func
 395              	box_union:
 396              	.LVL34:
 397              	.LFB778:
  66:../Middlewares/stm32-vision-models-postprocessing/lib_vision_models_pp/Src/vision_models_pp.c **** 
  67:../Middlewares/stm32-vision-models-postprocessing/lib_vision_models_pp/Src/vision_models_pp.c **** //inline
  68:../Middlewares/stm32-vision-models-postprocessing/lib_vision_models_pp/Src/vision_models_pp.c **** float32_t box_union(float32_t *a, float32_t *b)
  69:../Middlewares/stm32-vision-models-postprocessing/lib_vision_models_pp/Src/vision_models_pp.c **** {
 398              		.loc 1 69 1 is_stmt 1 view -0
 399              		.cfi_startproc
 400              		@ args = 0, pretend = 0, frame = 0
 401              		@ frame_needed = 0, uses_anonymous_args = 0
  70:../Middlewares/stm32-vision-models-postprocessing/lib_vision_models_pp/Src/vision_models_pp.c ****   float32_t i = box_intersection(a, b);
 402              		.loc 1 70 3 view .LVU99
  69:../Middlewares/stm32-vision-models-postprocessing/lib_vision_models_pp/Src/vision_models_pp.c ****   float32_t i = box_intersection(a, b);
 403              		.loc 1 69 1 is_stmt 0 view .LVU100
 404 0000 10B5     		push	{r4, lr}
 405              		.cfi_def_cfa_offset 8
 406              		.cfi_offset 4, -8
 407              		.cfi_offset 14, -4
 408              		.loc 1 70 17 view .LVU101
 409 0002 FFF7FEFF 		bl	box_intersection
ARM GAS  /tmp/ccDu7Xap.s 			page 10


 410              	.LVL35:
  71:../Middlewares/stm32-vision-models-postprocessing/lib_vision_models_pp/Src/vision_models_pp.c ****   float32_t u = a[2] * a[3] + b[2] * b[3] - i;
 411              		.loc 1 71 3 is_stmt 1 view .LVU102
 412              		.loc 1 71 36 is_stmt 0 view .LVU103
 413 0006 91ED037A 		vldr.32	s14, [r1, #12]
 414 000a D1ED027A 		vldr.32	s15, [r1, #8]
 415              		.loc 1 71 29 view .LVU104
 416 000e D0ED026A 		vldr.32	s13, [r0, #8]
 417              		.loc 1 71 36 view .LVU105
 418 0012 67EE877A 		vmul.f32	s15, s15, s14
 419              		.loc 1 71 29 view .LVU106
 420 0016 90ED037A 		vldr.32	s14, [r0, #12]
 421 001a E6EE877A 		vfma.f32	s15, s13, s14
 422              	.LVL36:
  72:../Middlewares/stm32-vision-models-postprocessing/lib_vision_models_pp/Src/vision_models_pp.c ****   return (u);
 423              		.loc 1 72 3 is_stmt 1 view .LVU107
  73:../Middlewares/stm32-vision-models-postprocessing/lib_vision_models_pp/Src/vision_models_pp.c **** }
 424              		.loc 1 73 1 is_stmt 0 view .LVU108
 425 001e 37EEC00A 		vsub.f32	s0, s15, s0
 426              	.LVL37:
 427              		.loc 1 73 1 view .LVU109
 428 0022 10BD     		pop	{r4, pc}
 429              		.cfi_endproc
 430              	.LFE778:
 432              		.section	.text.vision_models_box_iou,"ax",%progbits
 433              		.align	1
 434              		.global	vision_models_box_iou
 435              		.syntax unified
 436              		.thumb
 437              		.thumb_func
 439              	vision_models_box_iou:
 440              	.LVL38:
 441              	.LFB779:
  74:../Middlewares/stm32-vision-models-postprocessing/lib_vision_models_pp/Src/vision_models_pp.c **** 
  75:../Middlewares/stm32-vision-models-postprocessing/lib_vision_models_pp/Src/vision_models_pp.c **** 
  76:../Middlewares/stm32-vision-models-postprocessing/lib_vision_models_pp/Src/vision_models_pp.c **** float32_t vision_models_box_iou(float32_t *a, float32_t *b)
  77:../Middlewares/stm32-vision-models-postprocessing/lib_vision_models_pp/Src/vision_models_pp.c **** {
 442              		.loc 1 77 1 is_stmt 1 view -0
 443              		.cfi_startproc
 444              		@ args = 0, pretend = 0, frame = 0
 445              		@ frame_needed = 0, uses_anonymous_args = 0
  78:../Middlewares/stm32-vision-models-postprocessing/lib_vision_models_pp/Src/vision_models_pp.c ****   float32_t I = box_intersection(a, b);
 446              		.loc 1 78 3 view .LVU111
  77:../Middlewares/stm32-vision-models-postprocessing/lib_vision_models_pp/Src/vision_models_pp.c ****   float32_t I = box_intersection(a, b);
 447              		.loc 1 77 1 is_stmt 0 view .LVU112
 448 0000 08B5     		push	{r3, lr}
 449              		.cfi_def_cfa_offset 8
 450              		.cfi_offset 3, -8
 451              		.cfi_offset 14, -4
 452              		.loc 1 78 17 view .LVU113
 453 0002 FFF7FEFF 		bl	box_intersection
 454              	.LVL39:
  79:../Middlewares/stm32-vision-models-postprocessing/lib_vision_models_pp/Src/vision_models_pp.c ****   float32_t U = box_union(a, b);
  80:../Middlewares/stm32-vision-models-postprocessing/lib_vision_models_pp/Src/vision_models_pp.c ****  if (I == 0 || U == 0)
 455              		.loc 1 80 5 view .LVU114
 456 0006 B5EE400A 		vcmp.f32	s0, #0
 457 000a F1EE10FA 		vmrs	APSR_nzcv, FPSCR
ARM GAS  /tmp/ccDu7Xap.s 			page 11


  78:../Middlewares/stm32-vision-models-postprocessing/lib_vision_models_pp/Src/vision_models_pp.c ****   float32_t U = box_union(a, b);
 458              		.loc 1 78 17 view .LVU115
 459 000e F0EE405A 		vmov.f32	s11, s0
 460              	.LVL40:
  79:../Middlewares/stm32-vision-models-postprocessing/lib_vision_models_pp/Src/vision_models_pp.c ****   float32_t U = box_union(a, b);
 461              		.loc 1 79 3 is_stmt 1 view .LVU116
 462              		.loc 1 80 2 view .LVU117
 463              		.loc 1 80 5 is_stmt 0 view .LVU118
 464 0012 0BD0     		beq	.L25
  79:../Middlewares/stm32-vision-models-postprocessing/lib_vision_models_pp/Src/vision_models_pp.c ****   float32_t U = box_union(a, b);
 465              		.loc 1 79 17 view .LVU119
 466 0014 FFF7FEFF 		bl	box_union
 467              	.LVL41:
 468              		.loc 1 80 13 discriminator 1 view .LVU120
 469 0018 B5EE400A 		vcmp.f32	s0, #0
 470 001c F1EE10FA 		vmrs	APSR_nzcv, FPSCR
  79:../Middlewares/stm32-vision-models-postprocessing/lib_vision_models_pp/Src/vision_models_pp.c ****   float32_t U = box_union(a, b);
 471              		.loc 1 79 17 view .LVU121
 472 0020 F0EE407A 		vmov.f32	s15, s0
 473              		.loc 1 80 13 discriminator 1 view .LVU122
 474 0024 02D0     		beq	.L25
  81:../Middlewares/stm32-vision-models-postprocessing/lib_vision_models_pp/Src/vision_models_pp.c ****   {
  82:../Middlewares/stm32-vision-models-postprocessing/lib_vision_models_pp/Src/vision_models_pp.c ****     return 0;
  83:../Middlewares/stm32-vision-models-postprocessing/lib_vision_models_pp/Src/vision_models_pp.c ****   }
  84:../Middlewares/stm32-vision-models-postprocessing/lib_vision_models_pp/Src/vision_models_pp.c ****   return (I / U);
 475              		.loc 1 84 3 is_stmt 1 view .LVU123
 476              		.loc 1 84 13 is_stmt 0 view .LVU124
 477 0026 85EEA70A 		vdiv.f32	s0, s11, s15
 478              	.L22:
  85:../Middlewares/stm32-vision-models-postprocessing/lib_vision_models_pp/Src/vision_models_pp.c **** }
 479              		.loc 1 85 1 view .LVU125
 480 002a 08BD     		pop	{r3, pc}
 481              	.L25:
  82:../Middlewares/stm32-vision-models-postprocessing/lib_vision_models_pp/Src/vision_models_pp.c ****   }
 482              		.loc 1 82 12 view .LVU126
 483 002c 9FED010A 		vldr.32	s0, .L26
 484 0030 FBE7     		b	.L22
 485              	.L27:
 486 0032 00BF     		.align	2
 487              	.L26:
 488 0034 00000000 		.word	0
 489              		.cfi_endproc
 490              	.LFE779:
 492              		.section	.text.twice_overlap_int,"ax",%progbits
 493              		.align	1
 494              		.global	twice_overlap_int
 495              		.syntax unified
 496              		.thumb
 497              		.thumb_func
 499              	twice_overlap_int:
 500              	.LVL42:
 501              	.LFB780:
  86:../Middlewares/stm32-vision-models-postprocessing/lib_vision_models_pp/Src/vision_models_pp.c **** 
  87:../Middlewares/stm32-vision-models-postprocessing/lib_vision_models_pp/Src/vision_models_pp.c **** int32_t twice_overlap_int(int32_t x1, int32_t w1, int32_t x2, int32_t w2)
  88:../Middlewares/stm32-vision-models-postprocessing/lib_vision_models_pp/Src/vision_models_pp.c **** {
 502              		.loc 1 88 1 is_stmt 1 view -0
 503              		.cfi_startproc
ARM GAS  /tmp/ccDu7Xap.s 			page 12


 504              		@ args = 0, pretend = 0, frame = 0
 505              		@ frame_needed = 0, uses_anonymous_args = 0
  89:../Middlewares/stm32-vision-models-postprocessing/lib_vision_models_pp/Src/vision_models_pp.c ****   int32_t l1 = x1 * 2 - w1 ;
 506              		.loc 1 89 3 view .LVU128
  90:../Middlewares/stm32-vision-models-postprocessing/lib_vision_models_pp/Src/vision_models_pp.c ****   int32_t l2 = x2 * 2 - w2;
 507              		.loc 1 90 3 view .LVU129
  91:../Middlewares/stm32-vision-models-postprocessing/lib_vision_models_pp/Src/vision_models_pp.c ****   int32_t left = l1 > l2 ? l1 : l2;
 508              		.loc 1 91 3 view .LVU130
  92:../Middlewares/stm32-vision-models-postprocessing/lib_vision_models_pp/Src/vision_models_pp.c ****   int32_t r1 = x1 * 2 + w1;
 509              		.loc 1 92 3 view .LVU131
  93:../Middlewares/stm32-vision-models-postprocessing/lib_vision_models_pp/Src/vision_models_pp.c ****   int32_t r2 = x2 * 2 + w2;
 510              		.loc 1 93 3 view .LVU132
  94:../Middlewares/stm32-vision-models-postprocessing/lib_vision_models_pp/Src/vision_models_pp.c ****   int32_t right = r1 < r2 ? r1 : r2;
 511              		.loc 1 94 3 view .LVU133
  95:../Middlewares/stm32-vision-models-postprocessing/lib_vision_models_pp/Src/vision_models_pp.c ****   return (right - left);
 512              		.loc 1 95 3 view .LVU134
  88:../Middlewares/stm32-vision-models-postprocessing/lib_vision_models_pp/Src/vision_models_pp.c ****   int32_t l1 = x1 * 2 - w1 ;
 513              		.loc 1 88 1 is_stmt 0 view .LVU135
 514 0000 30B5     		push	{r4, r5, lr}
 515              		.cfi_def_cfa_offset 12
 516              		.cfi_offset 4, -12
 517              		.cfi_offset 5, -8
 518              		.cfi_offset 14, -4
  92:../Middlewares/stm32-vision-models-postprocessing/lib_vision_models_pp/Src/vision_models_pp.c ****   int32_t r2 = x2 * 2 + w2;
 519              		.loc 1 92 11 view .LVU136
 520 0002 01EB4005 		add	r5, r1, r0, lsl #1
 521              	.LVL43:
  93:../Middlewares/stm32-vision-models-postprocessing/lib_vision_models_pp/Src/vision_models_pp.c ****   int32_t right = r1 < r2 ? r1 : r2;
 522              		.loc 1 93 11 view .LVU137
 523 0006 03EB4204 		add	r4, r3, r2, lsl #1
 524              	.LVL44:
  89:../Middlewares/stm32-vision-models-postprocessing/lib_vision_models_pp/Src/vision_models_pp.c ****   int32_t l2 = x2 * 2 - w2;
 525              		.loc 1 89 11 view .LVU138
 526 000a C1EB4000 		rsb	r0, r1, r0, lsl #1
 527              	.LVL45:
  90:../Middlewares/stm32-vision-models-postprocessing/lib_vision_models_pp/Src/vision_models_pp.c ****   int32_t left = l1 > l2 ? l1 : l2;
 528              		.loc 1 90 11 view .LVU139
 529 000e C3EB4203 		rsb	r3, r3, r2, lsl #1
 530              	.LVL46:
  91:../Middlewares/stm32-vision-models-postprocessing/lib_vision_models_pp/Src/vision_models_pp.c ****   int32_t r1 = x1 * 2 + w1;
 531              		.loc 1 91 11 view .LVU140
 532 0012 9842     		cmp	r0, r3
 533 0014 B8BF     		it	lt
 534 0016 1846     		movlt	r0, r3
 535              	.LVL47:
  96:../Middlewares/stm32-vision-models-postprocessing/lib_vision_models_pp/Src/vision_models_pp.c **** }
 536              		.loc 1 96 1 view .LVU141
 537 0018 A542     		cmp	r5, r4
 538 001a D4BF     		ite	le
 539 001c C0EB0500 		rsble	r0, r0, r5
 540 0020 C0EB0400 		rsbgt	r0, r0, r4
 541 0024 30BD     		pop	{r4, r5, pc}
 542              		.loc 1 96 1 view .LVU142
 543              		.cfi_endproc
 544              	.LFE780:
 546              		.section	.text.box_intersection_is8,"ax",%progbits
 547              		.align	1
ARM GAS  /tmp/ccDu7Xap.s 			page 13


 548              		.global	box_intersection_is8
 549              		.syntax unified
 550              		.thumb
 551              		.thumb_func
 553              	box_intersection_is8:
 554              	.LVL48:
 555              	.LFB781:
  97:../Middlewares/stm32-vision-models-postprocessing/lib_vision_models_pp/Src/vision_models_pp.c **** 
  98:../Middlewares/stm32-vision-models-postprocessing/lib_vision_models_pp/Src/vision_models_pp.c **** //inline
  99:../Middlewares/stm32-vision-models-postprocessing/lib_vision_models_pp/Src/vision_models_pp.c **** int32_t box_intersection_is8(int32_t *a, int32_t *b)
 100:../Middlewares/stm32-vision-models-postprocessing/lib_vision_models_pp/Src/vision_models_pp.c **** {
 556              		.loc 1 100 1 is_stmt 1 view -0
 557              		.cfi_startproc
 558              		@ args = 0, pretend = 0, frame = 0
 559              		@ frame_needed = 0, uses_anonymous_args = 0
 101:../Middlewares/stm32-vision-models-postprocessing/lib_vision_models_pp/Src/vision_models_pp.c ****   int32_t w = twice_overlap_int(a[0], a[2], b[0], b[2]);
 560              		.loc 1 101 3 view .LVU144
 100:../Middlewares/stm32-vision-models-postprocessing/lib_vision_models_pp/Src/vision_models_pp.c ****   int32_t w = twice_overlap_int(a[0], a[2], b[0], b[2]);
 561              		.loc 1 100 1 is_stmt 0 view .LVU145
 562 0000 70B5     		push	{r4, r5, r6, lr}
 563              		.cfi_def_cfa_offset 16
 564              		.cfi_offset 4, -16
 565              		.cfi_offset 5, -12
 566              		.cfi_offset 6, -8
 567              		.cfi_offset 14, -4
 568              		.loc 1 101 15 view .LVU146
 569 0002 8B68     		ldr	r3, [r1, #8]
 570 0004 0A68     		ldr	r2, [r1]
 100:../Middlewares/stm32-vision-models-postprocessing/lib_vision_models_pp/Src/vision_models_pp.c ****   int32_t w = twice_overlap_int(a[0], a[2], b[0], b[2]);
 571              		.loc 1 100 1 view .LVU147
 572 0006 0546     		mov	r5, r0
 573 0008 0E46     		mov	r6, r1
 574              		.loc 1 101 15 view .LVU148
 575 000a 8168     		ldr	r1, [r0, #8]
 576              	.LVL49:
 577              		.loc 1 101 15 view .LVU149
 578 000c 0068     		ldr	r0, [r0]
 579              	.LVL50:
 580              		.loc 1 101 15 view .LVU150
 581 000e FFF7FEFF 		bl	twice_overlap_int
 582              	.LVL51:
 102:../Middlewares/stm32-vision-models-postprocessing/lib_vision_models_pp/Src/vision_models_pp.c ****   int32_t h = twice_overlap_int(a[1], a[3], b[1], b[3]);
 583              		.loc 1 102 3 is_stmt 1 view .LVU151
 103:../Middlewares/stm32-vision-models-postprocessing/lib_vision_models_pp/Src/vision_models_pp.c ****   if (w < 0 || h < 0) return 0;
 584              		.loc 1 103 3 view .LVU152
 585              		.loc 1 103 6 is_stmt 0 view .LVU153
 586 0012 041E     		subs	r4, r0, #0
 587 0014 09DB     		blt	.L32
 102:../Middlewares/stm32-vision-models-postprocessing/lib_vision_models_pp/Src/vision_models_pp.c ****   int32_t h = twice_overlap_int(a[1], a[3], b[1], b[3]);
 588              		.loc 1 102 15 view .LVU154
 589 0016 F368     		ldr	r3, [r6, #12]
 590 0018 7268     		ldr	r2, [r6, #4]
 591 001a E968     		ldr	r1, [r5, #12]
 592 001c 6868     		ldr	r0, [r5, #4]
 593              	.LVL52:
 102:../Middlewares/stm32-vision-models-postprocessing/lib_vision_models_pp/Src/vision_models_pp.c ****   int32_t h = twice_overlap_int(a[1], a[3], b[1], b[3]);
 594              		.loc 1 102 15 view .LVU155
ARM GAS  /tmp/ccDu7Xap.s 			page 14


 595 001e FFF7FEFF 		bl	twice_overlap_int
 596              	.LVL53:
 597              		.loc 1 103 13 discriminator 2 view .LVU156
 598 0022 0028     		cmp	r0, #0
 599 0024 01DB     		blt	.L32
 104:../Middlewares/stm32-vision-models-postprocessing/lib_vision_models_pp/Src/vision_models_pp.c ****   int32_t area = w * h;
 600              		.loc 1 104 3 is_stmt 1 view .LVU157
 601              		.loc 1 104 11 is_stmt 0 view .LVU158
 602 0026 6043     		muls	r0, r4, r0
 603              	.LVL54:
 105:../Middlewares/stm32-vision-models-postprocessing/lib_vision_models_pp/Src/vision_models_pp.c ****   return (area);
 604              		.loc 1 105 3 is_stmt 1 view .LVU159
 605              	.L29:
 106:../Middlewares/stm32-vision-models-postprocessing/lib_vision_models_pp/Src/vision_models_pp.c **** }
 606              		.loc 1 106 1 is_stmt 0 view .LVU160
 607 0028 70BD     		pop	{r4, r5, r6, pc}
 608              	.LVL55:
 609              	.L32:
 103:../Middlewares/stm32-vision-models-postprocessing/lib_vision_models_pp/Src/vision_models_pp.c ****   int32_t area = w * h;
 610              		.loc 1 103 30 discriminator 3 view .LVU161
 611 002a 0020     		movs	r0, #0
 612 002c FCE7     		b	.L29
 613              		.cfi_endproc
 614              	.LFE781:
 616              		.section	.text.box_union_is8,"ax",%progbits
 617              		.align	1
 618              		.global	box_union_is8
 619              		.syntax unified
 620              		.thumb
 621              		.thumb_func
 623              	box_union_is8:
 624              	.LVL56:
 625              	.LFB782:
 107:../Middlewares/stm32-vision-models-postprocessing/lib_vision_models_pp/Src/vision_models_pp.c **** 
 108:../Middlewares/stm32-vision-models-postprocessing/lib_vision_models_pp/Src/vision_models_pp.c **** //inline
 109:../Middlewares/stm32-vision-models-postprocessing/lib_vision_models_pp/Src/vision_models_pp.c **** int32_t box_union_is8(int32_t *a, int32_t *b)
 110:../Middlewares/stm32-vision-models-postprocessing/lib_vision_models_pp/Src/vision_models_pp.c **** {
 626              		.loc 1 110 1 is_stmt 1 view -0
 627              		.cfi_startproc
 628              		@ args = 0, pretend = 0, frame = 0
 629              		@ frame_needed = 0, uses_anonymous_args = 0
 111:../Middlewares/stm32-vision-models-postprocessing/lib_vision_models_pp/Src/vision_models_pp.c ****   int32_t i = box_intersection_is8(a, b);
 630              		.loc 1 111 3 view .LVU163
 110:../Middlewares/stm32-vision-models-postprocessing/lib_vision_models_pp/Src/vision_models_pp.c ****   int32_t i = box_intersection_is8(a, b);
 631              		.loc 1 110 1 is_stmt 0 view .LVU164
 632 0000 38B5     		push	{r3, r4, r5, lr}
 633              		.cfi_def_cfa_offset 16
 634              		.cfi_offset 3, -16
 635              		.cfi_offset 4, -12
 636              		.cfi_offset 5, -8
 637              		.cfi_offset 14, -4
 110:../Middlewares/stm32-vision-models-postprocessing/lib_vision_models_pp/Src/vision_models_pp.c ****   int32_t i = box_intersection_is8(a, b);
 638              		.loc 1 110 1 view .LVU165
 639 0002 0C46     		mov	r4, r1
 640 0004 0546     		mov	r5, r0
 641              		.loc 1 111 15 view .LVU166
 642 0006 FFF7FEFF 		bl	box_intersection_is8
ARM GAS  /tmp/ccDu7Xap.s 			page 15


 643              	.LVL57:
 112:../Middlewares/stm32-vision-models-postprocessing/lib_vision_models_pp/Src/vision_models_pp.c ****   int32_t u = 4* (a[2] * a[3] + b[2] * b[3]) - i;
 644              		.loc 1 112 3 is_stmt 1 view .LVU167
 113:../Middlewares/stm32-vision-models-postprocessing/lib_vision_models_pp/Src/vision_models_pp.c ****   return (u);
 645              		.loc 1 113 3 view .LVU168
 112:../Middlewares/stm32-vision-models-postprocessing/lib_vision_models_pp/Src/vision_models_pp.c ****   int32_t u = 4* (a[2] * a[3] + b[2] * b[3]) - i;
 646              		.loc 1 112 38 is_stmt 0 view .LVU169
 647 000a D4E90234 		ldrd	r3, r4, [r4, #8]
 648              	.LVL58:
 112:../Middlewares/stm32-vision-models-postprocessing/lib_vision_models_pp/Src/vision_models_pp.c ****   int32_t u = 4* (a[2] * a[3] + b[2] * b[3]) - i;
 649              		.loc 1 112 24 view .LVU170
 650 000e D5E90221 		ldrd	r2, r1, [r5, #8]
 112:../Middlewares/stm32-vision-models-postprocessing/lib_vision_models_pp/Src/vision_models_pp.c ****   int32_t u = 4* (a[2] * a[3] + b[2] * b[3]) - i;
 651              		.loc 1 112 38 view .LVU171
 652 0012 6343     		muls	r3, r4, r3
 112:../Middlewares/stm32-vision-models-postprocessing/lib_vision_models_pp/Src/vision_models_pp.c ****   int32_t u = 4* (a[2] * a[3] + b[2] * b[3]) - i;
 653              		.loc 1 112 31 view .LVU172
 654 0014 01FB0233 		mla	r3, r1, r2, r3
 114:../Middlewares/stm32-vision-models-postprocessing/lib_vision_models_pp/Src/vision_models_pp.c **** }
 655              		.loc 1 114 1 view .LVU173
 656 0018 C0EB8300 		rsb	r0, r0, r3, lsl #2
 657              	.LVL59:
 658              		.loc 1 114 1 view .LVU174
 659 001c 38BD     		pop	{r3, r4, r5, pc}
 660              		.loc 1 114 1 view .LVU175
 661              		.cfi_endproc
 662              	.LFE782:
 664              		.section	.text.vision_models_box_iou_is8,"ax",%progbits
 665              		.align	1
 666              		.global	vision_models_box_iou_is8
 667              		.syntax unified
 668              		.thumb
 669              		.thumb_func
 671              	vision_models_box_iou_is8:
 672              	.LVL60:
 673              	.LFB783:
 115:../Middlewares/stm32-vision-models-postprocessing/lib_vision_models_pp/Src/vision_models_pp.c **** 
 116:../Middlewares/stm32-vision-models-postprocessing/lib_vision_models_pp/Src/vision_models_pp.c **** 
 117:../Middlewares/stm32-vision-models-postprocessing/lib_vision_models_pp/Src/vision_models_pp.c **** float32_t vision_models_box_iou_is8(int8_t *a, int8_t *b, int8_t zp)
 118:../Middlewares/stm32-vision-models-postprocessing/lib_vision_models_pp/Src/vision_models_pp.c **** {
 674              		.loc 1 118 1 is_stmt 1 view -0
 675              		.cfi_startproc
 676              		@ args = 0, pretend = 0, frame = 32
 677              		@ frame_needed = 0, uses_anonymous_args = 0
 119:../Middlewares/stm32-vision-models-postprocessing/lib_vision_models_pp/Src/vision_models_pp.c ****   int32_t a_z[4] = {a[0]-zp, a[1]-zp, a[2]-zp, a[3]-zp};
 678              		.loc 1 119 3 view .LVU177
 118:../Middlewares/stm32-vision-models-postprocessing/lib_vision_models_pp/Src/vision_models_pp.c ****   int32_t a_z[4] = {a[0]-zp, a[1]-zp, a[2]-zp, a[3]-zp};
 679              		.loc 1 118 1 is_stmt 0 view .LVU178
 680 0000 10B5     		push	{r4, lr}
 681              		.cfi_def_cfa_offset 8
 682              		.cfi_offset 4, -8
 683              		.cfi_offset 14, -4
 684              		.loc 1 119 22 view .LVU179
 685 0002 90F90030 		ldrsb	r3, [r0]
 118:../Middlewares/stm32-vision-models-postprocessing/lib_vision_models_pp/Src/vision_models_pp.c ****   int32_t a_z[4] = {a[0]-zp, a[1]-zp, a[2]-zp, a[3]-zp};
 686              		.loc 1 118 1 view .LVU180
 687 0006 88B0     		sub	sp, sp, #32
ARM GAS  /tmp/ccDu7Xap.s 			page 16


 688              		.cfi_def_cfa_offset 40
 689              		.loc 1 119 25 view .LVU181
 690 0008 9B1A     		subs	r3, r3, r2
 691              		.loc 1 119 11 view .LVU182
 692 000a 0093     		str	r3, [sp]
 693              		.loc 1 119 31 view .LVU183
 694 000c 90F90130 		ldrsb	r3, [r0, #1]
 695              		.loc 1 119 34 view .LVU184
 696 0010 9B1A     		subs	r3, r3, r2
 697              		.loc 1 119 11 view .LVU185
 698 0012 0193     		str	r3, [sp, #4]
 699              		.loc 1 119 40 view .LVU186
 700 0014 90F90230 		ldrsb	r3, [r0, #2]
 701              		.loc 1 119 43 view .LVU187
 702 0018 9B1A     		subs	r3, r3, r2
 703              		.loc 1 119 11 view .LVU188
 704 001a 0293     		str	r3, [sp, #8]
 705              		.loc 1 119 49 view .LVU189
 706 001c 90F90330 		ldrsb	r3, [r0, #3]
 120:../Middlewares/stm32-vision-models-postprocessing/lib_vision_models_pp/Src/vision_models_pp.c ****   int32_t b_z[4] = {b[0]-zp, b[1]-zp, b[2]-zp, b[3]-zp};
 121:../Middlewares/stm32-vision-models-postprocessing/lib_vision_models_pp/Src/vision_models_pp.c ****   int32_t I = box_intersection_is8(a_z, b_z);
 707              		.loc 1 121 15 view .LVU190
 708 0020 6846     		mov	r0, sp
 709              	.LVL61:
 119:../Middlewares/stm32-vision-models-postprocessing/lib_vision_models_pp/Src/vision_models_pp.c ****   int32_t b_z[4] = {b[0]-zp, b[1]-zp, b[2]-zp, b[3]-zp};
 710              		.loc 1 119 52 view .LVU191
 711 0022 9B1A     		subs	r3, r3, r2
 119:../Middlewares/stm32-vision-models-postprocessing/lib_vision_models_pp/Src/vision_models_pp.c ****   int32_t b_z[4] = {b[0]-zp, b[1]-zp, b[2]-zp, b[3]-zp};
 712              		.loc 1 119 11 view .LVU192
 713 0024 0393     		str	r3, [sp, #12]
 120:../Middlewares/stm32-vision-models-postprocessing/lib_vision_models_pp/Src/vision_models_pp.c ****   int32_t b_z[4] = {b[0]-zp, b[1]-zp, b[2]-zp, b[3]-zp};
 714              		.loc 1 120 3 is_stmt 1 view .LVU193
 120:../Middlewares/stm32-vision-models-postprocessing/lib_vision_models_pp/Src/vision_models_pp.c ****   int32_t b_z[4] = {b[0]-zp, b[1]-zp, b[2]-zp, b[3]-zp};
 715              		.loc 1 120 22 is_stmt 0 view .LVU194
 716 0026 91F90030 		ldrsb	r3, [r1]
 120:../Middlewares/stm32-vision-models-postprocessing/lib_vision_models_pp/Src/vision_models_pp.c ****   int32_t b_z[4] = {b[0]-zp, b[1]-zp, b[2]-zp, b[3]-zp};
 717              		.loc 1 120 25 view .LVU195
 718 002a 9B1A     		subs	r3, r3, r2
 120:../Middlewares/stm32-vision-models-postprocessing/lib_vision_models_pp/Src/vision_models_pp.c ****   int32_t b_z[4] = {b[0]-zp, b[1]-zp, b[2]-zp, b[3]-zp};
 719              		.loc 1 120 11 view .LVU196
 720 002c 0493     		str	r3, [sp, #16]
 120:../Middlewares/stm32-vision-models-postprocessing/lib_vision_models_pp/Src/vision_models_pp.c ****   int32_t b_z[4] = {b[0]-zp, b[1]-zp, b[2]-zp, b[3]-zp};
 721              		.loc 1 120 31 view .LVU197
 722 002e 91F90130 		ldrsb	r3, [r1, #1]
 120:../Middlewares/stm32-vision-models-postprocessing/lib_vision_models_pp/Src/vision_models_pp.c ****   int32_t b_z[4] = {b[0]-zp, b[1]-zp, b[2]-zp, b[3]-zp};
 723              		.loc 1 120 34 view .LVU198
 724 0032 9B1A     		subs	r3, r3, r2
 120:../Middlewares/stm32-vision-models-postprocessing/lib_vision_models_pp/Src/vision_models_pp.c ****   int32_t b_z[4] = {b[0]-zp, b[1]-zp, b[2]-zp, b[3]-zp};
 725              		.loc 1 120 11 view .LVU199
 726 0034 0593     		str	r3, [sp, #20]
 120:../Middlewares/stm32-vision-models-postprocessing/lib_vision_models_pp/Src/vision_models_pp.c ****   int32_t b_z[4] = {b[0]-zp, b[1]-zp, b[2]-zp, b[3]-zp};
 727              		.loc 1 120 40 view .LVU200
 728 0036 91F90230 		ldrsb	r3, [r1, #2]
 120:../Middlewares/stm32-vision-models-postprocessing/lib_vision_models_pp/Src/vision_models_pp.c ****   int32_t b_z[4] = {b[0]-zp, b[1]-zp, b[2]-zp, b[3]-zp};
 729              		.loc 1 120 43 view .LVU201
 730 003a 9B1A     		subs	r3, r3, r2
 120:../Middlewares/stm32-vision-models-postprocessing/lib_vision_models_pp/Src/vision_models_pp.c ****   int32_t b_z[4] = {b[0]-zp, b[1]-zp, b[2]-zp, b[3]-zp};
ARM GAS  /tmp/ccDu7Xap.s 			page 17


 731              		.loc 1 120 11 view .LVU202
 732 003c 0693     		str	r3, [sp, #24]
 120:../Middlewares/stm32-vision-models-postprocessing/lib_vision_models_pp/Src/vision_models_pp.c ****   int32_t b_z[4] = {b[0]-zp, b[1]-zp, b[2]-zp, b[3]-zp};
 733              		.loc 1 120 49 view .LVU203
 734 003e 91F90330 		ldrsb	r3, [r1, #3]
 735              		.loc 1 121 15 view .LVU204
 736 0042 04A9     		add	r1, sp, #16
 737              	.LVL62:
 120:../Middlewares/stm32-vision-models-postprocessing/lib_vision_models_pp/Src/vision_models_pp.c ****   int32_t b_z[4] = {b[0]-zp, b[1]-zp, b[2]-zp, b[3]-zp};
 738              		.loc 1 120 52 view .LVU205
 739 0044 9B1A     		subs	r3, r3, r2
 120:../Middlewares/stm32-vision-models-postprocessing/lib_vision_models_pp/Src/vision_models_pp.c ****   int32_t b_z[4] = {b[0]-zp, b[1]-zp, b[2]-zp, b[3]-zp};
 740              		.loc 1 120 11 view .LVU206
 741 0046 0793     		str	r3, [sp, #28]
 742              		.loc 1 121 3 is_stmt 1 view .LVU207
 743              		.loc 1 121 15 is_stmt 0 view .LVU208
 744 0048 FFF7FEFF 		bl	box_intersection_is8
 745              	.LVL63:
 122:../Middlewares/stm32-vision-models-postprocessing/lib_vision_models_pp/Src/vision_models_pp.c ****   int32_t U = box_union_is8(a_z, b_z);
 746              		.loc 1 122 3 is_stmt 1 view .LVU209
 123:../Middlewares/stm32-vision-models-postprocessing/lib_vision_models_pp/Src/vision_models_pp.c ****   if (I == 0 || U == 0)
 747              		.loc 1 123 3 view .LVU210
 748              		.loc 1 123 6 is_stmt 0 view .LVU211
 749 004c 0446     		mov	r4, r0
 750 004e 80B1     		cbz	r0, .L37
 122:../Middlewares/stm32-vision-models-postprocessing/lib_vision_models_pp/Src/vision_models_pp.c ****   int32_t U = box_union_is8(a_z, b_z);
 751              		.loc 1 122 15 view .LVU212
 752 0050 6846     		mov	r0, sp
 753              	.LVL64:
 122:../Middlewares/stm32-vision-models-postprocessing/lib_vision_models_pp/Src/vision_models_pp.c ****   int32_t U = box_union_is8(a_z, b_z);
 754              		.loc 1 122 15 view .LVU213
 755 0052 04A9     		add	r1, sp, #16
 756 0054 FFF7FEFF 		bl	box_union_is8
 757              	.LVL65:
 758              		.loc 1 123 14 discriminator 1 view .LVU214
 759 0058 58B1     		cbz	r0, .L37
 124:../Middlewares/stm32-vision-models-postprocessing/lib_vision_models_pp/Src/vision_models_pp.c ****   {
 125:../Middlewares/stm32-vision-models-postprocessing/lib_vision_models_pp/Src/vision_models_pp.c ****     return 0;
 126:../Middlewares/stm32-vision-models-postprocessing/lib_vision_models_pp/Src/vision_models_pp.c ****   }
 127:../Middlewares/stm32-vision-models-postprocessing/lib_vision_models_pp/Src/vision_models_pp.c ****   float32_t ret = ((float32_t)I / (float32_t)U);
 760              		.loc 1 127 3 is_stmt 1 view .LVU215
 761              		.loc 1 127 20 is_stmt 0 view .LVU216
 762 005a 07EE904A 		vmov	s15, r4	@ int
 763 005e B8EEE77A 		vcvt.f32.s32	s14, s15
 764              		.loc 1 127 35 view .LVU217
 765 0062 07EE900A 		vmov	s15, r0	@ int
 766 0066 F8EEE77A 		vcvt.f32.s32	s15, s15
 767              		.loc 1 127 13 view .LVU218
 768 006a 87EE270A 		vdiv.f32	s0, s14, s15
 769              	.LVL66:
 128:../Middlewares/stm32-vision-models-postprocessing/lib_vision_models_pp/Src/vision_models_pp.c ****   return ret;
 770              		.loc 1 128 3 is_stmt 1 view .LVU219
 771              	.L34:
 129:../Middlewares/stm32-vision-models-postprocessing/lib_vision_models_pp/Src/vision_models_pp.c **** }
 772              		.loc 1 129 1 is_stmt 0 view .LVU220
 773 006e 08B0     		add	sp, sp, #32
 774              		.cfi_remember_state
ARM GAS  /tmp/ccDu7Xap.s 			page 18


 775              		.cfi_def_cfa_offset 8
 776              		@ sp needed
 777 0070 10BD     		pop	{r4, pc}
 778              	.LVL67:
 779              	.L37:
 780              		.cfi_restore_state
 125:../Middlewares/stm32-vision-models-postprocessing/lib_vision_models_pp/Src/vision_models_pp.c ****   }
 781              		.loc 1 125 12 view .LVU221
 782 0072 9FED010A 		vldr.32	s0, .L38
 783 0076 FAE7     		b	.L34
 784              	.L39:
 785              		.align	2
 786              	.L38:
 787 0078 00000000 		.word	0
 788              		.cfi_endproc
 789              	.LFE783:
 791              		.section	.text.transpose_flattened_2D,"ax",%progbits
 792              		.align	1
 793              		.global	transpose_flattened_2D
 794              		.syntax unified
 795              		.thumb
 796              		.thumb_func
 798              	transpose_flattened_2D:
 799              	.LVL68:
 800              	.LFB784:
 130:../Middlewares/stm32-vision-models-postprocessing/lib_vision_models_pp/Src/vision_models_pp.c **** void transpose_flattened_2D(float32_t *arr, int32_t rows, int32_t cols, float32_t *tmp_x)
 131:../Middlewares/stm32-vision-models-postprocessing/lib_vision_models_pp/Src/vision_models_pp.c **** {
 801              		.loc 1 131 1 is_stmt 1 view -0
 802              		.cfi_startproc
 803              		@ args = 0, pretend = 0, frame = 0
 804              		@ frame_needed = 0, uses_anonymous_args = 0
 132:../Middlewares/stm32-vision-models-postprocessing/lib_vision_models_pp/Src/vision_models_pp.c ****   int32_t i, j, k;
 805              		.loc 1 132 3 view .LVU223
 133:../Middlewares/stm32-vision-models-postprocessing/lib_vision_models_pp/Src/vision_models_pp.c ****   int32_t len_r_c = rows * cols;
 806              		.loc 1 133 3 view .LVU224
 131:../Middlewares/stm32-vision-models-postprocessing/lib_vision_models_pp/Src/vision_models_pp.c ****   int32_t i, j, k;
 807              		.loc 1 131 1 is_stmt 0 view .LVU225
 808 0000 2DE9F041 		push	{r4, r5, r6, r7, r8, lr}
 809              		.cfi_def_cfa_offset 24
 810              		.cfi_offset 4, -24
 811              		.cfi_offset 5, -20
 812              		.cfi_offset 6, -16
 813              		.cfi_offset 7, -12
 814              		.cfi_offset 8, -8
 815              		.cfi_offset 14, -4
 816              		.loc 1 133 11 view .LVU226
 817 0004 02FB01F4 		mul	r4, r2, r1
 818              	.LVL69:
 134:../Middlewares/stm32-vision-models-postprocessing/lib_vision_models_pp/Src/vision_models_pp.c **** 
 135:../Middlewares/stm32-vision-models-postprocessing/lib_vision_models_pp/Src/vision_models_pp.c ****   for (i = 0; i < len_r_c; i++)
 819              		.loc 1 135 3 is_stmt 1 view .LVU227
 820              		.loc 1 135 3 is_stmt 0 view .LVU228
 821 0008 002C     		cmp	r4, #0
 822              		.loc 1 135 10 view .LVU229
 823 000a 04F1010E 		add	lr, r4, #1
 824 000e B8BF     		it	lt
 825 0010 4FF0010E 		movlt	lr, #1
ARM GAS  /tmp/ccDu7Xap.s 			page 19


 826              		.loc 1 135 3 view .LVU230
 827 0014 1E46     		mov	r6, r3
 828 0016 0546     		mov	r5, r0
 829 0018 4EF001E0 		dls	lr, lr
 830              	.LVL70:
 831              	.L41:
 832              		.loc 1 135 17 is_stmt 1 discriminator 1 view .LVU231
 833 001c BEF1010E 		subs	lr, #1;bne	.L42
 833      12D1
 834 0022 0024     		movs	r4, #0
 136:../Middlewares/stm32-vision-models-postprocessing/lib_vision_models_pp/Src/vision_models_pp.c ****   {
 137:../Middlewares/stm32-vision-models-postprocessing/lib_vision_models_pp/Src/vision_models_pp.c ****     tmp_x[i] = arr[i];
 138:../Middlewares/stm32-vision-models-postprocessing/lib_vision_models_pp/Src/vision_models_pp.c ****   }
 139:../Middlewares/stm32-vision-models-postprocessing/lib_vision_models_pp/Src/vision_models_pp.c **** 
 140:../Middlewares/stm32-vision-models-postprocessing/lib_vision_models_pp/Src/vision_models_pp.c ****   for (i = 0; i < cols; i++)
 835              		.loc 1 140 10 is_stmt 0 view .LVU232
 836 0024 2546     		mov	r5, r4
 837 0026 4FEA820C 		lsl	ip, r2, #2
 838              	.L43:
 839              	.LVL71:
 840              		.loc 1 140 17 is_stmt 1 discriminator 1 view .LVU233
 841 002a 9542     		cmp	r5, r2
 842 002c 1BDA     		bge	.L40
 843 002e 0029     		cmp	r1, #0
 141:../Middlewares/stm32-vision-models-postprocessing/lib_vision_models_pp/Src/vision_models_pp.c ****   {
 142:../Middlewares/stm32-vision-models-postprocessing/lib_vision_models_pp/Src/vision_models_pp.c ****     for (j = 0; j < rows; j++)
 844              		.loc 1 142 12 is_stmt 0 view .LVU234
 845 0030 01F1010E 		add	lr, r1, #1
 846 0034 B8BF     		it	lt
 847 0036 4FF0010E 		movlt	lr, #1
 848 003a 03EB8506 		add	r6, r3, r5, lsl #2
 849 003e 4EF001E0 		dls	lr, lr
 850 0042 00EB8407 		add	r7, r0, r4, lsl #2
 851 0046 09E0     		b	.L46
 852              	.LVL72:
 853              	.L42:
 137:../Middlewares/stm32-vision-models-postprocessing/lib_vision_models_pp/Src/vision_models_pp.c ****   }
 854              		.loc 1 137 5 is_stmt 1 view .LVU235
 137:../Middlewares/stm32-vision-models-postprocessing/lib_vision_models_pp/Src/vision_models_pp.c ****   }
 855              		.loc 1 137 19 is_stmt 0 view .LVU236
 856 0048 55F8044B 		ldr	r4, [r5], #4	@ float
 137:../Middlewares/stm32-vision-models-postprocessing/lib_vision_models_pp/Src/vision_models_pp.c ****   }
 857              		.loc 1 137 14 view .LVU237
 858 004c 46F8044B 		str	r4, [r6], #4	@ float
 135:../Middlewares/stm32-vision-models-postprocessing/lib_vision_models_pp/Src/vision_models_pp.c ****   {
 859              		.loc 1 135 29 is_stmt 1 discriminator 3 view .LVU238
 860 0050 E4E7     		b	.L41
 861              	.LVL73:
 862              	.L44:
 143:../Middlewares/stm32-vision-models-postprocessing/lib_vision_models_pp/Src/vision_models_pp.c ****     {
 144:../Middlewares/stm32-vision-models-postprocessing/lib_vision_models_pp/Src/vision_models_pp.c ****       k = i * rows + j;
 863              		.loc 1 144 7 view .LVU239
 145:../Middlewares/stm32-vision-models-postprocessing/lib_vision_models_pp/Src/vision_models_pp.c ****       arr[k] = tmp_x[j * cols + i];
 864              		.loc 1 145 7 view .LVU240
 865              		.loc 1 145 21 is_stmt 0 view .LVU241
 866 0052 D6F80080 		ldr	r8, [r6]	@ float
 867 0056 6644     		add	r6, r6, ip
ARM GAS  /tmp/ccDu7Xap.s 			page 20


 868              		.loc 1 145 14 view .LVU242
 869 0058 47F8048B 		str	r8, [r7], #4	@ float
 142:../Middlewares/stm32-vision-models-postprocessing/lib_vision_models_pp/Src/vision_models_pp.c ****     {
 870              		.loc 1 142 28 is_stmt 1 discriminator 3 view .LVU243
 871              	.L46:
 142:../Middlewares/stm32-vision-models-postprocessing/lib_vision_models_pp/Src/vision_models_pp.c ****     {
 872              		.loc 1 142 19 discriminator 1 view .LVU244
 873 005c 0FF007C8 		le	lr, .L44
 140:../Middlewares/stm32-vision-models-postprocessing/lib_vision_models_pp/Src/vision_models_pp.c ****   {
 874              		.loc 1 140 26 discriminator 2 view .LVU245
 875 0060 0135     		adds	r5, r5, #1
 876              	.LVL74:
 140:../Middlewares/stm32-vision-models-postprocessing/lib_vision_models_pp/Src/vision_models_pp.c ****   {
 877              		.loc 1 140 26 is_stmt 0 discriminator 2 view .LVU246
 878 0062 0C44     		add	r4, r4, r1
 879 0064 E1E7     		b	.L43
 880              	.L40:
 146:../Middlewares/stm32-vision-models-postprocessing/lib_vision_models_pp/Src/vision_models_pp.c ****     }
 147:../Middlewares/stm32-vision-models-postprocessing/lib_vision_models_pp/Src/vision_models_pp.c ****   }
 148:../Middlewares/stm32-vision-models-postprocessing/lib_vision_models_pp/Src/vision_models_pp.c **** }
 881              		.loc 1 148 1 view .LVU247
 882 0066 BDE8F081 		pop	{r4, r5, r6, r7, r8, pc}
 883              		.loc 1 148 1 view .LVU248
 884              		.cfi_endproc
 885              	.LFE784:
 887              		.section	.text.dequantize,"ax",%progbits
 888              		.align	1
 889              		.global	dequantize
 890              		.syntax unified
 891              		.thumb
 892              		.thumb_func
 894              	dequantize:
 895              	.LVL75:
 896              	.LFB785:
 149:../Middlewares/stm32-vision-models-postprocessing/lib_vision_models_pp/Src/vision_models_pp.c **** 
 150:../Middlewares/stm32-vision-models-postprocessing/lib_vision_models_pp/Src/vision_models_pp.c **** 
 151:../Middlewares/stm32-vision-models-postprocessing/lib_vision_models_pp/Src/vision_models_pp.c **** void dequantize(int32_t* arr, float32_t* tmp, int32_t n, int32_t zero_point, float32_t scale)
 152:../Middlewares/stm32-vision-models-postprocessing/lib_vision_models_pp/Src/vision_models_pp.c **** {
 897              		.loc 1 152 1 is_stmt 1 view -0
 898              		.cfi_startproc
 899              		@ args = 0, pretend = 0, frame = 0
 900              		@ frame_needed = 0, uses_anonymous_args = 0
 153:../Middlewares/stm32-vision-models-postprocessing/lib_vision_models_pp/Src/vision_models_pp.c ****   for (int32_t i = 0; i < n; i++)
 901              		.loc 1 153 3 view .LVU250
 902              	.LBB11:
 903              		.loc 1 153 8 view .LVU251
 904              		.loc 1 153 8 is_stmt 0 view .LVU252
 905              	.LBE11:
 152:../Middlewares/stm32-vision-models-postprocessing/lib_vision_models_pp/Src/vision_models_pp.c ****   for (int32_t i = 0; i < n; i++)
 906              		.loc 1 152 1 view .LVU253
 907 0000 10B5     		push	{r4, lr}
 908              		.cfi_def_cfa_offset 8
 909              		.cfi_offset 4, -8
 910              		.cfi_offset 14, -4
 911              	.LBB12:
 912              		.loc 1 153 16 view .LVU254
 913 0002 0024     		movs	r4, #0
ARM GAS  /tmp/ccDu7Xap.s 			page 21


 914 0004 A242     		cmp	r2, r4
 915 0006 02F1010E 		add	lr, r2, #1
 916 000a B8BF     		it	lt
 917 000c 4FF0010E 		movlt	lr, #1
 918 0010 4EF001E0 		dls	lr, lr
 919              	.LVL76:
 920              	.L50:
 921              		.loc 1 153 25 is_stmt 1 discriminator 1 view .LVU255
 922 0014 BEF1010E 		subs	lr, #1;bne	.L51
 922      00D1
 923              	.LBE12:
 154:../Middlewares/stm32-vision-models-postprocessing/lib_vision_models_pp/Src/vision_models_pp.c ****   {
 155:../Middlewares/stm32-vision-models-postprocessing/lib_vision_models_pp/Src/vision_models_pp.c ****     tmp[i] = (float32_t)(arr[i] - zero_point) * scale;
 156:../Middlewares/stm32-vision-models-postprocessing/lib_vision_models_pp/Src/vision_models_pp.c ****   }
 157:../Middlewares/stm32-vision-models-postprocessing/lib_vision_models_pp/Src/vision_models_pp.c **** }
 924              		.loc 1 157 1 is_stmt 0 view .LVU256
 925 001a 10BD     		pop	{r4, pc}
 926              	.LVL77:
 927              	.L51:
 928              	.LBB13:
 155:../Middlewares/stm32-vision-models-postprocessing/lib_vision_models_pp/Src/vision_models_pp.c ****   }
 929              		.loc 1 155 5 is_stmt 1 view .LVU257
 155:../Middlewares/stm32-vision-models-postprocessing/lib_vision_models_pp/Src/vision_models_pp.c ****   }
 930              		.loc 1 155 33 is_stmt 0 view .LVU258
 931 001c 50F82420 		ldr	r2, [r0, r4, lsl #2]
 153:../Middlewares/stm32-vision-models-postprocessing/lib_vision_models_pp/Src/vision_models_pp.c ****   {
 932              		.loc 1 153 31 discriminator 3 view .LVU259
 933 0020 0134     		adds	r4, r4, #1
 934              	.LVL78:
 155:../Middlewares/stm32-vision-models-postprocessing/lib_vision_models_pp/Src/vision_models_pp.c ****   }
 935              		.loc 1 155 33 view .LVU260
 936 0022 D21A     		subs	r2, r2, r3
 937 0024 07EE902A 		vmov	s15, r2	@ int
 155:../Middlewares/stm32-vision-models-postprocessing/lib_vision_models_pp/Src/vision_models_pp.c ****   }
 938              		.loc 1 155 14 view .LVU261
 939 0028 F8EEE77A 		vcvt.f32.s32	s15, s15
 155:../Middlewares/stm32-vision-models-postprocessing/lib_vision_models_pp/Src/vision_models_pp.c ****   }
 940              		.loc 1 155 47 view .LVU262
 941 002c 67EE807A 		vmul.f32	s15, s15, s0
 155:../Middlewares/stm32-vision-models-postprocessing/lib_vision_models_pp/Src/vision_models_pp.c ****   }
 942              		.loc 1 155 12 view .LVU263
 943 0030 E1EC017A 		vstmia.32	r1!, {s15}
 153:../Middlewares/stm32-vision-models-postprocessing/lib_vision_models_pp/Src/vision_models_pp.c ****   {
 944              		.loc 1 153 31 is_stmt 1 discriminator 3 view .LVU264
 945 0034 EEE7     		b	.L50
 946              	.LBE13:
 947              		.cfi_endproc
 948              	.LFE785:
 950              		.text
 951              	.Letext0:
 952              		.file 2 "/opt/st/stm32cubeclt_1.21.0/GNU-tools-for-STM32/arm-none-eabi/include/machine/_default_ty
 953              		.file 3 "/opt/st/stm32cubeclt_1.21.0/GNU-tools-for-STM32/arm-none-eabi/include/sys/_stdint.h"
 954              		.file 4 "/opt/st/stm32cubeclt_1.21.0/GNU-tools-for-STM32/lib/gcc/arm-none-eabi/14.3.1/include/arm_
 955              		.file 5 "/opt/st/stm32cubeclt_1.21.0/GNU-tools-for-STM32/arm-none-eabi/include/string.h"
 956              		.file 6 "/opt/st/stm32cubeclt_1.21.0/GNU-tools-for-STM32/arm-none-eabi/include/math.h"
 957              		.file 7 "<built-in>"
ARM GAS  /tmp/ccDu7Xap.s 			page 22


DEFINED SYMBOLS
                            *ABS*:00000000 vision_models_pp.c
     /tmp/ccDu7Xap.s:26     .text.vision_models_sigmoid_f:00000000 $t
     /tmp/ccDu7Xap.s:32     .text.vision_models_sigmoid_f:00000000 vision_models_sigmoid_f
     /tmp/ccDu7Xap.s:61     .text.vision_models_softmax_f:00000000 $t
     /tmp/ccDu7Xap.s:67     .text.vision_models_softmax_f:00000000 vision_models_softmax_f
     /tmp/ccDu7Xap.s:257    .text.vision_models_softmax_f:000000b4 $d
     /tmp/ccDu7Xap.s:262    .text.overlap:00000000 $t
     /tmp/ccDu7Xap.s:268    .text.overlap:00000000 overlap
     /tmp/ccDu7Xap.s:319    .text.box_intersection:00000000 $t
     /tmp/ccDu7Xap.s:325    .text.box_intersection:00000000 box_intersection
     /tmp/ccDu7Xap.s:384    .text.box_intersection:00000050 $d
     /tmp/ccDu7Xap.s:389    .text.box_union:00000000 $t
     /tmp/ccDu7Xap.s:395    .text.box_union:00000000 box_union
     /tmp/ccDu7Xap.s:433    .text.vision_models_box_iou:00000000 $t
     /tmp/ccDu7Xap.s:439    .text.vision_models_box_iou:00000000 vision_models_box_iou
     /tmp/ccDu7Xap.s:488    .text.vision_models_box_iou:00000034 $d
     /tmp/ccDu7Xap.s:493    .text.twice_overlap_int:00000000 $t
     /tmp/ccDu7Xap.s:499    .text.twice_overlap_int:00000000 twice_overlap_int
     /tmp/ccDu7Xap.s:547    .text.box_intersection_is8:00000000 $t
     /tmp/ccDu7Xap.s:553    .text.box_intersection_is8:00000000 box_intersection_is8
     /tmp/ccDu7Xap.s:617    .text.box_union_is8:00000000 $t
     /tmp/ccDu7Xap.s:623    .text.box_union_is8:00000000 box_union_is8
     /tmp/ccDu7Xap.s:665    .text.vision_models_box_iou_is8:00000000 $t
     /tmp/ccDu7Xap.s:671    .text.vision_models_box_iou_is8:00000000 vision_models_box_iou_is8
     /tmp/ccDu7Xap.s:787    .text.vision_models_box_iou_is8:00000078 $d
     /tmp/ccDu7Xap.s:792    .text.transpose_flattened_2D:00000000 $t
     /tmp/ccDu7Xap.s:798    .text.transpose_flattened_2D:00000000 transpose_flattened_2D
     /tmp/ccDu7Xap.s:888    .text.dequantize:00000000 $t
     /tmp/ccDu7Xap.s:894    .text.dequantize:00000000 dequantize
                           .group:00000000 wm4.0.43608cab4da50df6ba2dfee95636a2b5
                           .group:00000000 wm4.vision_models_pp.h.11.7ec557b595f01374518e44eaad6f267b
                           .group:00000000 wm4.arm_math_types.h.28.9e71aea5cdf6aebdd83091bf39b4832a
                           .group:00000000 wm4._newlib_version.h.4.0eb654b64686e2bd29646258853f6c22
                           .group:00000000 wm4.features.h.33.d554620bb17bd3b714c3fb5c268772bc
                           .group:00000000 wm4._default_types.h.15.247e5cd201eca3442cbf5404108c4935
                           .group:00000000 wm4._intsup.h.10.48bafbb683905c4daa4565a85aeeb264
                           .group:00000000 wm4._stdint.h.10.c24fa3af3bc1706662bb5593a907e841
                           .group:00000000 wm4.stdint.h.23.d53047a68f4a85177f80b422d52785ed
                           .group:00000000 wm4.arm_acle.h.28.a0697f530ff2dbf8c463bef049b82760
                           .group:00000000 wm4.cmsis_gcc.h.39.eba7438bc45fd1a6e6376b63ffe44436
                           .group:00000000 wm4.cmsis_gcc_m.h.24.e590ec51aeda3a1242400351d73f5dce
                           .group:00000000 wm4.newlib.h.7.decd5b9657e2c5df625d9eac6e10520c
                           .group:00000000 wm4.ieeefp.h.77.99029d7b8220a2cd73dd257e2bbe825d
                           .group:00000000 wm4.config.h.224.10ee1ad185d877c6e334e6581faab44d
                           .group:00000000 wm4._ansi.h.31.de524f58584151836e90d8620a16f8e8
                           .group:00000000 wm4.stddef.h.39.811583f327f35b0df7808fda70b062a0
                           .group:00000000 wm4.cdefs.h.49.56fd742369e655e7e8a7e365e706e208
                           .group:00000000 wm4._types.h.20.dd0d04dca3800a0d2a6129b87f3adbb2
                           .group:00000000 wm4.stddef.h.173.4903093a50a8482cb062b176ea61fac3
                           .group:00000000 wm4._types.h.127.3bdfe3ff8ea2d0985b03d9cbe93480e3
                           .group:00000000 wm4.reent.h.18.25503cdc8b7e55dd0d6ea7b3e5af7a03
                           .group:00000000 wm4.lock.h.2.1461d1fff82dffe8bfddc23307f6484f
                           .group:00000000 wm4.reent.h.78.6d702f69a6d6435d2dbe915b10150b1a
                           .group:00000000 wm4.string.h.15.dab3980bf35408a4c507182805e2de3a
                           .group:00000000 wm4.stddef.h.173.1cea4f16a943c8e875db6791959c3141
                           .group:00000000 wm4.string.h.177.59a005921fa78485abc80a0267de5752
ARM GAS  /tmp/ccDu7Xap.s 			page 23


                           .group:00000000 wm4.math.h.13.47cfc34cae8a1153323939c4d32cf7c2
                           .group:00000000 wm4.float.h.29.0e9d9baf95ec39f9555dc80c6e28186b
                           .group:00000000 wm4.syslimits.h.34.de5cbd310098bc5895998b6bde577ed2
                           .group:00000000 wm4.limits.h.9.70fb0ada6f71b16202a66baaa6d8ea70
                           .group:00000000 wm4.limits.h.60.56a1ae353e2028a24298ec6463b8b593
                           .group:00000000 wm4.arm_math_types.h.116.3e44bd031718f65bdb345972ddc8cf86
                           .group:00000000 wm4.stdbool.h.29.c08aa3eec75cf5b9b5003883f43253f0
                           .group:00000000 wm4.arm_mve.h.48.53b982d307987e8d8669fd51fdc5e583
                           .group:00000000 wm4.arm_math_types.h.605.32c5d7843b3dcaa8f5174feea7de7445
                           .group:00000000 wm4.arm_math_memory.h.28.3ee75b06517df8378241b72d6c61e5b0
                           .group:00000000 wm4.none.h.185.db055cca83e83f96d8d0bb450fbdf4bb
                           .group:00000000 wm4.utils.h.41.820d6032ed1c0d7dd5bd2ed80938ee65
                           .group:00000000 wm4.fast_math_functions.h.28.aa389abd5521cfceab0e76a6af3dd2e2
                           .group:00000000 wm4.matrix_functions.h.28.8fc8488c73b2d6f328b0946db3460102
                           .group:00000000 wm4.controller_functions.h.28.388735b97ccd96442b0ac9e554629f36
                           .group:00000000 wm4.filtering_functions.h.46.6cf1424fb1f86d5f9958d208b83340a1
                           .group:00000000 wm4.vision_models_pp.h.29.7b520ff14a5da3cbb98afc162750f46c

UNDEFINED SYMBOLS
expf
memcpy
